Log file open, 02/15/21 20:16:01
LogInit: Display: Running engine for game: pleasework
LogPlatformFile: Not using cached read wrapper
LogTaskGraph: Started task graph with 5 named threads and 14 total threads with 3 sets of task threads.
LogStats: Stats thread started at 0.166379
LogD3D11RHI: Loaded GFSDK_Aftermath_Lib.x64.dll
LogICUInternationalization: ICU TimeZone Detection - Raw Offset: -5:00, Platform Override: ''
LogPluginManager: Mounting plugin Paper2D
LogPluginManager: Mounting plugin AISupport
LogPluginManager: Mounting plugin LightPropagationVolume
LogPluginManager: Mounting plugin CameraShakePreviewer
LogPluginManager: Mounting plugin ActorLayerUtilities
LogPluginManager: Mounting plugin AnimationSharing
LogPluginManager: Mounting plugin CLionSourceCodeAccess
LogPluginManager: Mounting plugin CodeLiteSourceCodeAccess
LogPluginManager: Mounting plugin GitSourceControl
LogPluginManager: Mounting plugin KDevelopSourceCodeAccess
LogPluginManager: Mounting plugin NullSourceCodeAccess
LogPluginManager: Mounting plugin PerforceSourceControl
LogPluginManager: Mounting plugin PlasticSourceControl
LogPluginManager: Mounting plugin RiderSourceCodeAccess
LogPluginManager: Mounting plugin SubversionSourceControl
LogPluginManager: Mounting plugin UObjectPlugin
LogPluginManager: Mounting plugin VisualStudioCodeSourceCodeAccess
LogPluginManager: Mounting plugin VisualStudioSourceCodeAccess
LogPluginManager: Mounting plugin XCodeSourceCodeAccess
LogPluginManager: Mounting plugin AssetManagerEditor
LogPluginManager: Mounting plugin CryptoKeys
LogPluginManager: Mounting plugin CurveEditorTools
LogPluginManager: Mounting plugin DataValidation
LogPluginManager: Mounting plugin EditorScriptingUtilities
LogPluginManager: Mounting plugin FacialAnimation
LogPluginManager: Mounting plugin GameplayTagsEditor
LogPluginManager: Mounting plugin GeometryMode
LogPluginManager: Mounting plugin MacGraphicsSwitching
LogPluginManager: Mounting plugin MaterialAnalyzer
LogPluginManager: Mounting plugin MobileLauncherProfileWizard
LogPluginManager: Mounting plugin PluginBrowser
LogPluginManager: Mounting plugin SpeedTreeImporter
LogPluginManager: Mounting plugin DatasmithContent
LogPluginManager: Mounting plugin VariantManagerContent
LogPluginManager: Mounting plugin AlembicImporter
LogPluginManager: Mounting plugin AutomationUtils
LogPluginManager: Mounting plugin BackChannel
LogPluginManager: Mounting plugin ChaosCloth
LogPluginManager: Mounting plugin ChaosClothEditor
LogPluginManager: Mounting plugin ChaosEditor
LogPluginManager: Mounting plugin ChaosNiagara
LogPluginManager: Mounting plugin ChaosSolverPlugin
LogPluginManager: Mounting plugin CharacterAI
LogPluginManager: Mounting plugin GeometryCache
LogPluginManager: Mounting plugin GeometryCollectionPlugin
LogPluginManager: Mounting plugin GeometryProcessing
LogPluginManager: Mounting plugin PlanarCut
LogPluginManager: Mounting plugin PlatformCrypto
LogPluginManager: Mounting plugin ProxyLODPlugin
LogPluginManager: Mounting plugin SkeletalReduction
LogPluginManager: Mounting plugin Niagara
LogPluginManager: Mounting plugin MagicLeap
LogPluginManager: Mounting plugin MagicLeapLightEstimation
LogPluginManager: Mounting plugin MagicLeapMedia
LogPluginManager: Mounting plugin MagicLeapPassableWorld
LogPluginManager: Mounting plugin MLSDK
LogPluginManager: Mounting plugin AndroidMedia
LogPluginManager: Mounting plugin AvfMedia
LogPluginManager: Mounting plugin ImgMedia
LogPluginManager: Mounting plugin MediaCompositing
LogPluginManager: Mounting plugin MediaPlayerEditor
LogPluginManager: Mounting plugin WebMMedia
LogPluginManager: Mounting plugin WmfMedia
LogPluginManager: Mounting plugin MeshPainting
LogPluginManager: Mounting plugin TcpMessaging
LogPluginManager: Mounting plugin UdpMessaging
LogPluginManager: Mounting plugin ActorSequence
LogPluginManager: Mounting plugin LevelSequenceEditor
LogPluginManager: Mounting plugin MatineeToLevelSequence
LogPluginManager: Mounting plugin MovieRenderPipeline
LogPluginManager: Mounting plugin TemplateSequence
LogPluginManager: Mounting plugin NetcodeUnitTest
LogPluginManager: Mounting plugin NUTUnrealEngine4
LogPluginManager: Mounting plugin OnlineSubsystemGooglePlay
LogPluginManager: Mounting plugin OnlineSubsystemIOS
LogPluginManager: Mounting plugin OnlineSubsystem
LogPluginManager: Mounting plugin OnlineSubsystemNull
LogPluginManager: Mounting plugin OnlineSubsystemUtils
LogPluginManager: Mounting plugin LauncherChunkInstaller
LogPluginManager: Mounting plugin AndroidDeviceProfileSelector
LogPluginManager: Mounting plugin AndroidMoviePlayer
LogPluginManager: Mounting plugin AndroidPermission
LogPluginManager: Mounting plugin AppleImageUtils
LogPluginManager: Mounting plugin AppleMoviePlayer
LogPluginManager: Mounting plugin ArchVisCharacter
LogPluginManager: Mounting plugin AssetTags
LogPluginManager: Mounting plugin AudioCapture
LogPluginManager: Mounting plugin CableComponent
LogPluginManager: Mounting plugin CustomMeshComponent
LogPluginManager: Mounting plugin EditableMesh
LogPluginManager: Mounting plugin ExampleDeviceProfileSelector
LogPluginManager: Mounting plugin GoogleCloudMessaging
LogPluginManager: Mounting plugin GooglePAD
LogPluginManager: Mounting plugin IOSDeviceProfileSelector
LogPluginManager: Mounting plugin LinuxDeviceProfileSelector
LogPluginManager: Mounting plugin LocationServicesBPLibrary
LogPluginManager: Mounting plugin MobilePatchingUtils
LogPluginManager: Mounting plugin OculusVR
LogPluginManager: Mounting plugin PhysXVehicles
LogPluginManager: Mounting plugin PostSplashScreen
LogPluginManager: Mounting plugin ProceduralMeshComponent
LogPluginManager: Mounting plugin RuntimePhysXCooking
LogPluginManager: Mounting plugin SignificanceManager
LogPluginManager: Mounting plugin SoundFields
LogPluginManager: Mounting plugin SteamVR
LogPluginManager: Mounting plugin Synthesis
LogPluginManager: Mounting plugin WebMMoviePlayer
LogPluginManager: Mounting plugin WindowsMoviePlayer
LogPluginManager: Mounting plugin ScreenshotTools
LogInit: Using libcurl 7.55.1-DEV
LogInit:  - built for x86_64-pc-win32
LogInit:  - supports SSL with OpenSSL/1.1.1
LogInit:  - supports HTTP deflate (compression) using libz 1.2.8
LogInit:  - other features:
LogInit:      CURL_VERSION_SSL
LogInit:      CURL_VERSION_LIBZ
LogInit:      CURL_VERSION_IPV6
LogInit:      CURL_VERSION_ASYNCHDNS
LogInit:      CURL_VERSION_LARGEFILE
LogInit:      CURL_VERSION_IDN
LogInit:  CurlRequestOptions (configurable via config and command line):
LogInit:  - bVerifyPeer = true  - Libcurl will verify peer certificate
LogInit:  - bUseHttpProxy = false  - Libcurl will NOT use HTTP proxy
LogInit:  - bDontReuseConnections = false  - Libcurl will reuse connections
LogInit:  - MaxHostConnections = 16  - Libcurl will limit the number of connections to a host
LogInit:  - LocalHostAddr = Default
LogInit:  - BufferSize = 65536
LogOnline: OSS: Creating online subsystem instance for: NULL
LogInit: WinSock: version 1.1 (2.2), MaxSocks=32767, MaxUdp=65467
LogOnline: OSS: TryLoadSubsystemAndSetDefault: Loaded subsystem for module [NULL]
LogInit: Build: ++UE4+Release-4.25-CL-14469661
LogInit: Engine Version: 4.25.4-14469661+++UE4+Release-4.25
LogInit: Compatible Engine Version: 4.25.0-13144385+++UE4+Release-4.25
LogInit: Net CL: 13144385
LogInit: OS: Windows 10 (Release 1909) (), CPU: Intel(R) Core(TM) i5-7400 CPU @ 3.00GHz, GPU: NVIDIA GeForce GTX 1060 3GB
LogInit: Compiled (64-bit): Oct 11 2020 08:10:49
LogInit: Compiled with Visual C++: 19.24.28315.00
LogInit: Build Configuration: Development
LogInit: Branch Name: ++UE4+Release-4.25
LogInit: Command Line: 
LogInit: Base Directory: C:/Program Files/Epic Games/UE_4.25/Engine/Binaries/Win64/
LogInit: Allocator: TBB
LogInit: Installed Engine Build: 1
LogDevObjectVersion: Number of dev versions registered: 26
LogDevObjectVersion:   Dev-Blueprints (B0D832E4-1F89-4F0D-ACCF-7EB736FD4AA2): 10
LogDevObjectVersion:   Dev-Build (E1C64328-A22C-4D53-A36C-8E866417BD8C): 0
LogDevObjectVersion:   Dev-Core (375EC13C-06E4-48FB-B500-84F0262A717E): 4
LogDevObjectVersion:   Dev-Editor (E4B068ED-F494-42E9-A231-DA0B2E46BB41): 38
LogDevObjectVersion:   Dev-Framework (CFFC743F-43B0-4480-9391-14DF171D2073): 37
LogDevObjectVersion:   Dev-Mobile (B02B49B5-BB20-44E9-A304-32B752E40360): 2
LogDevObjectVersion:   Dev-Networking (A4E4105C-59A1-49B5-A7C5-40C4547EDFEE): 0
LogDevObjectVersion:   Dev-Online (39C831C9-5AE6-47DC-9A44-9C173E1C8E7C): 0
LogDevObjectVersion:   Dev-Physics (78F01B33-EBEA-4F98-B9B4-84EACCB95AA2): 4
LogDevObjectVersion:   Dev-Platform (6631380F-2D4D-43E0-8009-CF276956A95A): 0
LogDevObjectVersion:   Dev-Rendering (12F88B9F-8875-4AFC-A67C-D90C383ABD29): 43
LogDevObjectVersion:   Dev-Sequencer (7B5AE74C-D270-4C10-A958-57980B212A5A): 12
LogDevObjectVersion:   Dev-VR (D7296918-1DD6-4BDD-9DE2-64A83CC13884): 3
LogDevObjectVersion:   Dev-LoadTimes (C2A15278-BFE7-4AFE-6C17-90FF531DF755): 1
LogDevObjectVersion:   Private-Geometry (6EACA3D4-40EC-4CC1-B786-8BED09428FC5): 3
LogDevObjectVersion:   Dev-AnimPhys (29E575DD-E0A3-4627-9D10-D276232CDCEA): 17
LogDevObjectVersion:   Dev-Anim (AF43A65D-7FD3-4947-9873-3E8ED9C1BB05): 7
LogDevObjectVersion:   Dev-ReflectionCapture (6B266CEC-1EC7-4B8F-A30B-E4D90942FC07): 1
LogDevObjectVersion:   Dev-Automation (0DF73D61-A23F-47EA-B727-89E90C41499A): 1
LogDevObjectVersion:   FortniteMain (601D1886-AC64-4F84-AA16-D3DE0DEAC7D6): 31
LogDevObjectVersion:   Dev-Enterprise (9DFFBCD6-494F-0158-E221-12823C92A888): 10
LogDevObjectVersion:   Dev-Niagara (F2AED0AC-9AFE-416F-8664-AA7FFA26D6FC): 1
LogDevObjectVersion:   Dev-Destruction (174F1F0B-B4C6-45A5-B13F-2EE8D0FB917D): 10
LogDevObjectVersion:   Dev-Physics-Ext (35F94A83-E258-406C-A318-09F59610247C): 37
LogDevObjectVersion:   Dev-PhysicsMaterial-Chaos (B68FC16E-8B1B-42E2-B453-215C058844FE): 1
LogDevObjectVersion:   Dev-CineCamera (B2E18506-4273-CFC2-A54E-F4BB758BBA07): 1
LogInit: Presizing for max 25165824 objects, including 0 objects not considered by GC, pre-allocating 0 bytes for permanent pool.
LogConfig: Applying CVar settings from Section [/Script/Engine.StreamingSettings] File [C:/Users/cbrad/OneDrive/Documents/GitHub/pleasework/pleasework/Saved/Config/Windows/Engine.ini]
LogConfig: Setting CVar [[s.MinBulkDataSizeForAsyncLoading:131072]]
LogConfig: Setting CVar [[s.AsyncLoadingThreadEnabled:0]]
LogConfig: Setting CVar [[s.EventDrivenLoaderEnabled:1]]
LogConfig: Setting CVar [[s.WarnIfTimeLimitExceeded:0]]
LogConfig: Setting CVar [[s.TimeLimitExceededMultiplier:1.5]]
LogConfig: Setting CVar [[s.TimeLimitExceededMinTime:0.005]]
LogConfig: Setting CVar [[s.UseBackgroundLevelStreaming:1]]
LogConfig: Setting CVar [[s.PriorityAsyncLoadingExtraTime:15.0]]
LogConfig: Setting CVar [[s.LevelStreamingActorsUpdateTimeLimit:5.0]]
LogConfig: Setting CVar [[s.PriorityLevelStreamingActorsUpdateExtraTime:5.0]]
LogConfig: Setting CVar [[s.LevelStreamingComponentsRegistrationGranularity:10]]
LogConfig: Setting CVar [[s.UnregisterComponentsTimeLimit:1.0]]
LogConfig: Setting CVar [[s.LevelStreamingComponentsUnregistrationGranularity:5]]
LogConfig: Setting CVar [[s.FlushStreamingOnExit:1]]
LogInit: Object subsystem initialized
LogConfig: Setting CVar [[con.DebugEarlyDefault:1]]
LogConfig: Setting CVar [[r.setres:1280x720]]
[2021.02.16-01.16.01:532][  0]LogConfig: Setting CVar [[r.VSync:0]]
[2021.02.16-01.16.01:532][  0]LogConfig: Setting CVar [[r.RHICmdBypass:0]]
[2021.02.16-01.16.01:532][  0]LogConfig: Applying CVar settings from Section [/Script/Engine.RendererSettings] File [C:/Users/cbrad/OneDrive/Documents/GitHub/pleasework/pleasework/Saved/Config/Windows/Engine.ini]
[2021.02.16-01.16.01:532][  0]LogConfig: Setting CVar [[r.GPUCrashDebugging:0]]
[2021.02.16-01.16.01:532][  0]LogConfig: Applying CVar settings from Section [/Script/Engine.RendererOverrideSettings] File [C:/Users/cbrad/OneDrive/Documents/GitHub/pleasework/pleasework/Saved/Config/Windows/Engine.ini]
[2021.02.16-01.16.01:532][  0]LogConfig: Applying CVar settings from Section [/Script/Engine.StreamingSettings] File [C:/Users/cbrad/OneDrive/Documents/GitHub/pleasework/pleasework/Saved/Config/Windows/Engine.ini]
[2021.02.16-01.16.01:532][  0]LogConfig: Setting CVar [[s.MinBulkDataSizeForAsyncLoading:131072]]
[2021.02.16-01.16.01:532][  0]LogConfig: Setting CVar [[s.AsyncLoadingThreadEnabled:0]]
[2021.02.16-01.16.01:532][  0]LogConfig: Setting CVar [[s.EventDrivenLoaderEnabled:1]]
[2021.02.16-01.16.01:532][  0]LogConfig: Setting CVar [[s.WarnIfTimeLimitExceeded:0]]
[2021.02.16-01.16.01:532][  0]LogConfig: Setting CVar [[s.TimeLimitExceededMultiplier:1.5]]
[2021.02.16-01.16.01:532][  0]LogConfig: Setting CVar [[s.TimeLimitExceededMinTime:0.005]]
[2021.02.16-01.16.01:532][  0]LogConfig: Setting CVar [[s.UseBackgroundLevelStreaming:1]]
[2021.02.16-01.16.01:532][  0]LogConfig: Setting CVar [[s.PriorityAsyncLoadingExtraTime:15.0]]
[2021.02.16-01.16.01:532][  0]LogConfig: Setting CVar [[s.LevelStreamingActorsUpdateTimeLimit:5.0]]
[2021.02.16-01.16.01:532][  0]LogConfig: Setting CVar [[s.PriorityLevelStreamingActorsUpdateExtraTime:5.0]]
[2021.02.16-01.16.01:532][  0]LogConfig: Setting CVar [[s.LevelStreamingComponentsRegistrationGranularity:10]]
[2021.02.16-01.16.01:533][  0]LogConfig: Setting CVar [[s.UnregisterComponentsTimeLimit:1.0]]
[2021.02.16-01.16.01:533][  0]LogConfig: Setting CVar [[s.LevelStreamingComponentsUnregistrationGranularity:5]]
[2021.02.16-01.16.01:533][  0]LogConfig: Setting CVar [[s.FlushStreamingOnExit:1]]
[2021.02.16-01.16.01:533][  0]LogConfig: Applying CVar settings from Section [/Script/Engine.GarbageCollectionSettings] File [C:/Users/cbrad/OneDrive/Documents/GitHub/pleasework/pleasework/Saved/Config/Windows/Engine.ini]
[2021.02.16-01.16.01:533][  0]LogConfig: Setting CVar [[gc.MaxObjectsNotConsideredByGC:1]]
[2021.02.16-01.16.01:533][  0]LogConfig: Setting CVar [[gc.SizeOfPermanentObjectPool:0]]
[2021.02.16-01.16.01:533][  0]LogConfig: Setting CVar [[gc.FlushStreamingOnGC:0]]
[2021.02.16-01.16.01:533][  0]LogConfig: Setting CVar [[gc.NumRetriesBeforeForcingGC:10]]
[2021.02.16-01.16.01:533][  0]LogConfig: Setting CVar [[gc.AllowParallelGC:1]]
[2021.02.16-01.16.01:533][  0]LogConfig: Setting CVar [[gc.TimeBetweenPurgingPendingKillObjects:61.1]]
[2021.02.16-01.16.01:533][  0]LogConfig: Setting CVar [[gc.MaxObjectsInEditor:25165824]]
[2021.02.16-01.16.01:533][  0]LogConfig: Setting CVar [[gc.IncrementalBeginDestroyEnabled:1]]
[2021.02.16-01.16.01:533][  0]LogConfig: Setting CVar [[gc.CreateGCClusters:1]]
[2021.02.16-01.16.01:533][  0]LogConfig: Setting CVar [[gc.MinGCClusterSize:5]]
[2021.02.16-01.16.01:533][  0]LogConfig: Setting CVar [[gc.ActorClusteringEnabled:0]]
[2021.02.16-01.16.01:533][  0]LogConfig: Setting CVar [[gc.BlueprintClusteringEnabled:0]]
[2021.02.16-01.16.01:533][  0]LogConfig: Setting CVar [[gc.UseDisregardForGCOnDedicatedServers:0]]
[2021.02.16-01.16.01:533][  0]LogConfig: Applying CVar settings from Section [/Script/Engine.NetworkSettings] File [C:/Users/cbrad/OneDrive/Documents/GitHub/pleasework/pleasework/Saved/Config/Windows/Engine.ini]
[2021.02.16-01.16.01:533][  0]LogConfig: Applying CVar settings from Section [/Script/UnrealEd.CookerSettings] File [C:/Users/cbrad/OneDrive/Documents/GitHub/pleasework/pleasework/Saved/Config/Windows/Engine.ini]
[2021.02.16-01.16.01:535][  0]LogConfig: Applying CVar settings from Section [ViewDistanceQuality@3] File [C:/Users/cbrad/OneDrive/Documents/GitHub/pleasework/pleasework/Saved/Config/Windows/Scalability.ini]
[2021.02.16-01.16.01:535][  0]LogConfig: Setting CVar [[r.SkeletalMeshLODBias:0]]
[2021.02.16-01.16.01:535][  0]LogConfig: Setting CVar [[r.ViewDistanceScale:1.0]]
[2021.02.16-01.16.01:535][  0]LogConfig: Applying CVar settings from Section [AntiAliasingQuality@3] File [C:/Users/cbrad/OneDrive/Documents/GitHub/pleasework/pleasework/Saved/Config/Windows/Scalability.ini]
[2021.02.16-01.16.01:535][  0]LogConfig: Setting CVar [[r.PostProcessAAQuality:4]]
[2021.02.16-01.16.01:535][  0]LogConfig: Applying CVar settings from Section [ShadowQuality@3] File [C:/Users/cbrad/OneDrive/Documents/GitHub/pleasework/pleasework/Saved/Config/Windows/Scalability.ini]
[2021.02.16-01.16.01:535][  0]LogConfig: Setting CVar [[r.LightFunctionQuality:1]]
[2021.02.16-01.16.01:535][  0]LogConfig: Setting CVar [[r.ShadowQuality:5]]
[2021.02.16-01.16.01:535][  0]LogConfig: Setting CVar [[r.Shadow.CSM.MaxCascades:10]]
[2021.02.16-01.16.01:535][  0]LogConfig: Setting CVar [[r.Shadow.MaxResolution:2048]]
[2021.02.16-01.16.01:535][  0]LogConfig: Setting CVar [[r.Shadow.MaxCSMResolution:2048]]
[2021.02.16-01.16.01:535][  0]LogConfig: Setting CVar [[r.Shadow.RadiusThreshold:0.01]]
[2021.02.16-01.16.01:535][  0]LogConfig: Setting CVar [[r.Shadow.DistanceScale:1.0]]
[2021.02.16-01.16.01:535][  0]LogConfig: Setting CVar [[r.Shadow.CSM.TransitionScale:1.0]]
[2021.02.16-01.16.01:535][  0]LogConfig: Setting CVar [[r.Shadow.PreShadowResolutionFactor:1.0]]
[2021.02.16-01.16.01:535][  0]LogConfig: Setting CVar [[r.DistanceFieldShadowing:1]]
[2021.02.16-01.16.01:535][  0]LogConfig: Setting CVar [[r.DistanceFieldAO:1]]
[2021.02.16-01.16.01:535][  0]LogConfig: Setting CVar [[r.AOQuality:2]]
[2021.02.16-01.16.01:535][  0]LogConfig: Setting CVar [[r.VolumetricFog:1]]
[2021.02.16-01.16.01:535][  0]LogConfig: Setting CVar [[r.VolumetricFog.GridPixelSize:8]]
[2021.02.16-01.16.01:535][  0]LogConfig: Setting CVar [[r.VolumetricFog.GridSizeZ:128]]
[2021.02.16-01.16.01:535][  0]LogConfig: Setting CVar [[r.VolumetricFog.HistoryMissSupersampleCount:4]]
[2021.02.16-01.16.01:535][  0]LogConfig: Setting CVar [[r.LightMaxDrawDistanceScale:1]]
[2021.02.16-01.16.01:535][  0]LogConfig: Setting CVar [[r.CapsuleShadows:1]]
[2021.02.16-01.16.01:535][  0]LogConfig: Applying CVar settings from Section [PostProcessQuality@3] File [C:/Users/cbrad/OneDrive/Documents/GitHub/pleasework/pleasework/Saved/Config/Windows/Scalability.ini]
[2021.02.16-01.16.01:535][  0]LogConfig: Setting CVar [[r.MotionBlurQuality:4]]
[2021.02.16-01.16.01:535][  0]LogConfig: Setting CVar [[r.AmbientOcclusionMipLevelFactor:0.4]]
[2021.02.16-01.16.01:535][  0]LogConfig: Setting CVar [[r.AmbientOcclusionMaxQuality:100]]
[2021.02.16-01.16.01:535][  0]LogConfig: Setting CVar [[r.AmbientOcclusionLevels:-1]]
[2021.02.16-01.16.01:535][  0]LogConfig: Setting CVar [[r.AmbientOcclusionRadiusScale:1.0]]
[2021.02.16-01.16.01:535][  0]LogConfig: Setting CVar [[r.DepthOfFieldQuality:2]]
[2021.02.16-01.16.01:535][  0]LogConfig: Setting CVar [[r.RenderTargetPoolMin:400]]
[2021.02.16-01.16.01:535][  0]LogConfig: Setting CVar [[r.LensFlareQuality:2]]
[2021.02.16-01.16.01:535][  0]LogConfig: Setting CVar [[r.SceneColorFringeQuality:1]]
[2021.02.16-01.16.01:535][  0]LogConfig: Setting CVar [[r.EyeAdaptationQuality:2]]
[2021.02.16-01.16.01:535][  0]LogConfig: Setting CVar [[r.BloomQuality:5]]
[2021.02.16-01.16.01:535][  0]LogConfig: Setting CVar [[r.FastBlurThreshold:100]]
[2021.02.16-01.16.01:535][  0]LogConfig: Setting CVar [[r.Upscale.Quality:3]]
[2021.02.16-01.16.01:535][  0]LogConfig: Setting CVar [[r.Tonemapper.GrainQuantization:1]]
[2021.02.16-01.16.01:535][  0]LogConfig: Setting CVar [[r.LightShaftQuality:1]]
[2021.02.16-01.16.01:535][  0]LogConfig: Setting CVar [[r.Filter.SizeScale:1]]
[2021.02.16-01.16.01:535][  0]LogConfig: Setting CVar [[r.Tonemapper.Quality:5]]
[2021.02.16-01.16.01:535][  0]LogConfig: Setting CVar [[r.DOF.Gather.AccumulatorQuality:1        ; higher gathering accumulator quality]]
[2021.02.16-01.16.01:535][  0]LogConfig: Setting CVar [[r.DOF.Gather.PostfilterMethod:1          ; Median3x3 postfilering method]]
[2021.02.16-01.16.01:535][  0]LogConfig: Setting CVar [[r.DOF.Gather.EnableBokehSettings:0       ; no bokeh simulation when gathering]]
[2021.02.16-01.16.01:535][  0]LogConfig: Setting CVar [[r.DOF.Gather.RingCount:4                 ; medium number of samples when gathering]]
[2021.02.16-01.16.01:535][  0]LogConfig: Setting CVar [[r.DOF.Scatter.ForegroundCompositing:1    ; additive foreground scattering]]
[2021.02.16-01.16.01:535][  0]LogConfig: Setting CVar [[r.DOF.Scatter.BackgroundCompositing:2    ; additive background scattering]]
[2021.02.16-01.16.01:535][  0]LogConfig: Setting CVar [[r.DOF.Scatter.EnableBokehSettings:1      ; bokeh simulation when scattering]]
[2021.02.16-01.16.01:535][  0]LogConfig: Setting CVar [[r.DOF.Scatter.MaxSpriteRatio:0.1         ; only a maximum of 10% of scattered bokeh]]
[2021.02.16-01.16.01:535][  0]LogConfig: Setting CVar [[r.DOF.Recombine.Quality:1                ; cheap slight out of focus]]
[2021.02.16-01.16.01:535][  0]LogConfig: Setting CVar [[r.DOF.Recombine.EnableBokehSettings:0    ; no bokeh simulation on slight out of focus]]
[2021.02.16-01.16.01:535][  0]LogConfig: Setting CVar [[r.DOF.TemporalAAQuality:1                ; more stable temporal accumulation]]
[2021.02.16-01.16.01:535][  0]LogConfig: Setting CVar [[r.DOF.Kernel.MaxForegroundRadius:0.025]]
[2021.02.16-01.16.01:535][  0]LogConfig: Setting CVar [[r.DOF.Kernel.MaxBackgroundRadius:0.025]]
[2021.02.16-01.16.01:536][  0]LogConfig: Applying CVar settings from Section [TextureQuality@3] File [C:/Users/cbrad/OneDrive/Documents/GitHub/pleasework/pleasework/Saved/Config/Windows/Scalability.ini]
[2021.02.16-01.16.01:536][  0]LogConfig: Setting CVar [[r.Streaming.MipBias:0]]
[2021.02.16-01.16.01:536][  0]LogConfig: Setting CVar [[r.Streaming.AmortizeCPUToGPUCopy:0]]
[2021.02.16-01.16.01:536][  0]LogConfig: Setting CVar [[r.Streaming.MaxNumTexturesToStreamPerFrame:0]]
[2021.02.16-01.16.01:536][  0]LogConfig: Setting CVar [[r.Streaming.Boost:1]]
[2021.02.16-01.16.01:536][  0]LogConfig: Setting CVar [[r.MaxAnisotropy:8]]
[2021.02.16-01.16.01:536][  0]LogConfig: Setting CVar [[r.VT.MaxAnisotropy:8]]
[2021.02.16-01.16.01:536][  0]LogConfig: Setting CVar [[r.Streaming.LimitPoolSizeToVRAM:0]]
[2021.02.16-01.16.01:536][  0]LogConfig: Setting CVar [[r.Streaming.PoolSize:1000]]
[2021.02.16-01.16.01:536][  0]LogConfig: Setting CVar [[r.Streaming.MaxEffectiveScreenSize:0]]
[2021.02.16-01.16.01:536][  0]LogConfig: Applying CVar settings from Section [EffectsQuality@3] File [C:/Users/cbrad/OneDrive/Documents/GitHub/pleasework/pleasework/Saved/Config/Windows/Scalability.ini]
[2021.02.16-01.16.01:536][  0]LogConfig: Setting CVar [[r.TranslucencyLightingVolumeDim:64]]
[2021.02.16-01.16.01:536][  0]LogConfig: Setting CVar [[r.RefractionQuality:2]]
[2021.02.16-01.16.01:536][  0]LogConfig: Setting CVar [[r.SSR.Quality:3]]
[2021.02.16-01.16.01:536][  0]LogConfig: Setting CVar [[r.SSR.HalfResSceneColor:0]]
[2021.02.16-01.16.01:536][  0]LogConfig: Setting CVar [[r.SceneColorFormat:4]]
[2021.02.16-01.16.01:536][  0]LogConfig: Setting CVar [[r.DetailMode:2]]
[2021.02.16-01.16.01:536][  0]LogConfig: Setting CVar [[r.TranslucencyVolumeBlur:1]]
[2021.02.16-01.16.01:536][  0]LogConfig: Setting CVar [[r.MaterialQualityLevel:1 ; High quality]]
[2021.02.16-01.16.01:536][  0]LogConfig: Setting CVar [[r.SSS.Scale:1]]
[2021.02.16-01.16.01:536][  0]LogConfig: Setting CVar [[r.SSS.SampleSet:2]]
[2021.02.16-01.16.01:536][  0]LogConfig: Setting CVar [[r.SSS.Quality:1]]
[2021.02.16-01.16.01:536][  0]LogConfig: Setting CVar [[r.SSS.HalfRes:0]]
[2021.02.16-01.16.01:536][  0]LogConfig: Setting CVar [[r.SSGI.Quality:3]]
[2021.02.16-01.16.01:536][  0]LogConfig: Setting CVar [[r.EmitterSpawnRateScale:1.0]]
[2021.02.16-01.16.01:536][  0]LogConfig: Setting CVar [[r.ParticleLightQuality:2]]
[2021.02.16-01.16.01:536][  0]LogConfig: Setting CVar [[r.SkyAtmosphere.AerialPerspectiveLUT.FastApplyOnOpaque:1 ; Always have FastSkyLUT 1 in this case to avoid wrong sky]]
[2021.02.16-01.16.01:536][  0]LogConfig: Setting CVar [[r.SkyAtmosphere.AerialPerspectiveLUT.SampleCountPerSlice:1]]
[2021.02.16-01.16.01:536][  0]LogConfig: Setting CVar [[r.SkyAtmosphere.AerialPerspectiveLUT.DepthResolution:16.0]]
[2021.02.16-01.16.01:536][  0]LogConfig: Setting CVar [[r.SkyAtmosphere.FastSkyLUT:1]]
[2021.02.16-01.16.01:536][  0]LogConfig: Setting CVar [[r.SkyAtmosphere.FastSkyLUT.SampleCountMin:4.0]]
[2021.02.16-01.16.01:536][  0]LogConfig: Setting CVar [[r.SkyAtmosphere.FastSkyLUT.SampleCountMax:32.0]]
[2021.02.16-01.16.01:536][  0]LogConfig: Setting CVar [[r.SkyAtmosphere.SampleCountMin:4.0]]
[2021.02.16-01.16.01:536][  0]LogConfig: Setting CVar [[r.SkyAtmosphere.SampleCountMax:32.0]]
[2021.02.16-01.16.01:536][  0]LogConfig: Setting CVar [[r.SkyAtmosphere.TransmittanceLUT.UseSmallFormat:0]]
[2021.02.16-01.16.01:536][  0]LogConfig: Setting CVar [[r.SkyAtmosphere.TransmittanceLUT.SampleCount:10.0]]
[2021.02.16-01.16.01:536][  0]LogConfig: Setting CVar [[r.SkyAtmosphere.MultiScatteringLUT.SampleCount:15.0]]
[2021.02.16-01.16.01:536][  0]LogConfig: Applying CVar settings from Section [FoliageQuality@3] File [C:/Users/cbrad/OneDrive/Documents/GitHub/pleasework/pleasework/Saved/Config/Windows/Scalability.ini]
[2021.02.16-01.16.01:536][  0]LogConfig: Setting CVar [[foliage.DensityScale:1.0]]
[2021.02.16-01.16.01:536][  0]LogConfig: Setting CVar [[grass.DensityScale:1.0]]
[2021.02.16-01.16.01:536][  0]LogConfig: Applying CVar settings from Section [ShadingQuality@3] File [C:/Users/cbrad/OneDrive/Documents/GitHub/pleasework/pleasework/Saved/Config/Windows/Scalability.ini]
[2021.02.16-01.16.01:536][  0]LogConfig: Setting CVar [[r.HairStrands.SkyLighting.SampleCount:16]]
[2021.02.16-01.16.01:536][  0]LogConfig: Setting CVar [[r.HairStrands.SkyLighting.JitterIntegration:0]]
[2021.02.16-01.16.01:536][  0]LogConfig: Setting CVar [[r.HairStrands.SkyAO.SampleCount:16]]
[2021.02.16-01.16.01:536][  0]LogConfig: Setting CVar [[r.HairStrands.DeepShadow.SuperSampling:0]]
[2021.02.16-01.16.01:536][  0]LogConfig: Setting CVar [[r.HairStrands.VisibilityPPLL:0]]
[2021.02.16-01.16.01:536][  0]LogConfig: Setting CVar [[r.HairStrands.RasterizationScale:0.5]]
[2021.02.16-01.16.01:536][  0]LogConfig: Setting CVar [[r.HairStrands.VelocityRasterizationScale:1]]
[2021.02.16-01.16.01:536][  0]LogInit: Selected Device Profile: [Windows]
[2021.02.16-01.16.01:536][  0]LogInit: Applying CVar settings loaded from the selected device profile: [Windows]
[2021.02.16-01.16.01:536][  0]LogHAL: Display: Platform has ~ 8 GB [8529567744 / 8589934592 / 8], which maps to Default [LargestMinGB=32, LargerMinGB=12, DefaultMinGB=8, SmallerMinGB=6, SmallestMinGB=0)
[2021.02.16-01.16.01:536][  0]LogInit: Going up to parent DeviceProfile []
[2021.02.16-01.16.01:536][  0]LogConfig: Applying CVar settings from Section [ViewDistanceQuality@3] File [C:/Users/cbrad/OneDrive/Documents/GitHub/pleasework/pleasework/Saved/Config/Windows/Scalability.ini]
[2021.02.16-01.16.01:536][  0]LogConfig: Setting CVar [[r.SkeletalMeshLODBias:0]]
[2021.02.16-01.16.01:536][  0]LogConfig: Setting CVar [[r.ViewDistanceScale:1.0]]
[2021.02.16-01.16.01:536][  0]LogConfig: Applying CVar settings from Section [AntiAliasingQuality@3] File [C:/Users/cbrad/OneDrive/Documents/GitHub/pleasework/pleasework/Saved/Config/Windows/Scalability.ini]
[2021.02.16-01.16.01:536][  0]LogConfig: Setting CVar [[r.PostProcessAAQuality:4]]
[2021.02.16-01.16.01:536][  0]LogConfig: Applying CVar settings from Section [ShadowQuality@3] File [C:/Users/cbrad/OneDrive/Documents/GitHub/pleasework/pleasework/Saved/Config/Windows/Scalability.ini]
[2021.02.16-01.16.01:536][  0]LogConfig: Setting CVar [[r.LightFunctionQuality:1]]
[2021.02.16-01.16.01:536][  0]LogConfig: Setting CVar [[r.ShadowQuality:5]]
[2021.02.16-01.16.01:536][  0]LogConfig: Setting CVar [[r.Shadow.CSM.MaxCascades:10]]
[2021.02.16-01.16.01:536][  0]LogConfig: Setting CVar [[r.Shadow.MaxResolution:2048]]
[2021.02.16-01.16.01:536][  0]LogConfig: Setting CVar [[r.Shadow.MaxCSMResolution:2048]]
[2021.02.16-01.16.01:536][  0]LogConfig: Setting CVar [[r.Shadow.RadiusThreshold:0.01]]
[2021.02.16-01.16.01:536][  0]LogConfig: Setting CVar [[r.Shadow.DistanceScale:1.0]]
[2021.02.16-01.16.01:536][  0]LogConfig: Setting CVar [[r.Shadow.CSM.TransitionScale:1.0]]
[2021.02.16-01.16.01:536][  0]LogConfig: Setting CVar [[r.Shadow.PreShadowResolutionFactor:1.0]]
[2021.02.16-01.16.01:536][  0]LogConfig: Setting CVar [[r.DistanceFieldShadowing:1]]
[2021.02.16-01.16.01:536][  0]LogConfig: Setting CVar [[r.DistanceFieldAO:1]]
[2021.02.16-01.16.01:536][  0]LogConfig: Setting CVar [[r.AOQuality:2]]
[2021.02.16-01.16.01:536][  0]LogConfig: Setting CVar [[r.VolumetricFog:1]]
[2021.02.16-01.16.01:537][  0]LogConfig: Setting CVar [[r.VolumetricFog.GridPixelSize:8]]
[2021.02.16-01.16.01:537][  0]LogConfig: Setting CVar [[r.VolumetricFog.GridSizeZ:128]]
[2021.02.16-01.16.01:537][  0]LogConfig: Setting CVar [[r.VolumetricFog.HistoryMissSupersampleCount:4]]
[2021.02.16-01.16.01:537][  0]LogConfig: Setting CVar [[r.LightMaxDrawDistanceScale:1]]
[2021.02.16-01.16.01:537][  0]LogConfig: Setting CVar [[r.CapsuleShadows:1]]
[2021.02.16-01.16.01:537][  0]LogConfig: Applying CVar settings from Section [PostProcessQuality@3] File [C:/Users/cbrad/OneDrive/Documents/GitHub/pleasework/pleasework/Saved/Config/Windows/Scalability.ini]
[2021.02.16-01.16.01:537][  0]LogConfig: Setting CVar [[r.MotionBlurQuality:4]]
[2021.02.16-01.16.01:537][  0]LogConfig: Setting CVar [[r.AmbientOcclusionMipLevelFactor:0.4]]
[2021.02.16-01.16.01:537][  0]LogConfig: Setting CVar [[r.AmbientOcclusionMaxQuality:100]]
[2021.02.16-01.16.01:537][  0]LogConfig: Setting CVar [[r.AmbientOcclusionLevels:-1]]
[2021.02.16-01.16.01:537][  0]LogConfig: Setting CVar [[r.AmbientOcclusionRadiusScale:1.0]]
[2021.02.16-01.16.01:537][  0]LogConfig: Setting CVar [[r.DepthOfFieldQuality:2]]
[2021.02.16-01.16.01:537][  0]LogConfig: Setting CVar [[r.RenderTargetPoolMin:400]]
[2021.02.16-01.16.01:537][  0]LogConfig: Setting CVar [[r.LensFlareQuality:2]]
[2021.02.16-01.16.01:537][  0]LogConfig: Setting CVar [[r.SceneColorFringeQuality:1]]
[2021.02.16-01.16.01:537][  0]LogConfig: Setting CVar [[r.EyeAdaptationQuality:2]]
[2021.02.16-01.16.01:537][  0]LogConfig: Setting CVar [[r.BloomQuality:5]]
[2021.02.16-01.16.01:537][  0]LogConfig: Setting CVar [[r.FastBlurThreshold:100]]
[2021.02.16-01.16.01:537][  0]LogConfig: Setting CVar [[r.Upscale.Quality:3]]
[2021.02.16-01.16.01:537][  0]LogConfig: Setting CVar [[r.Tonemapper.GrainQuantization:1]]
[2021.02.16-01.16.01:537][  0]LogConfig: Setting CVar [[r.LightShaftQuality:1]]
[2021.02.16-01.16.01:537][  0]LogConfig: Setting CVar [[r.Filter.SizeScale:1]]
[2021.02.16-01.16.01:537][  0]LogConfig: Setting CVar [[r.Tonemapper.Quality:5]]
[2021.02.16-01.16.01:537][  0]LogConfig: Setting CVar [[r.DOF.Gather.AccumulatorQuality:1        ; higher gathering accumulator quality]]
[2021.02.16-01.16.01:537][  0]LogConfig: Setting CVar [[r.DOF.Gather.PostfilterMethod:1          ; Median3x3 postfilering method]]
[2021.02.16-01.16.01:537][  0]LogConfig: Setting CVar [[r.DOF.Gather.EnableBokehSettings:0       ; no bokeh simulation when gathering]]
[2021.02.16-01.16.01:537][  0]LogConfig: Setting CVar [[r.DOF.Gather.RingCount:4                 ; medium number of samples when gathering]]
[2021.02.16-01.16.01:537][  0]LogConfig: Setting CVar [[r.DOF.Scatter.ForegroundCompositing:1    ; additive foreground scattering]]
[2021.02.16-01.16.01:537][  0]LogConfig: Setting CVar [[r.DOF.Scatter.BackgroundCompositing:2    ; additive background scattering]]
[2021.02.16-01.16.01:537][  0]LogConfig: Setting CVar [[r.DOF.Scatter.EnableBokehSettings:1      ; bokeh simulation when scattering]]
[2021.02.16-01.16.01:537][  0]LogConfig: Setting CVar [[r.DOF.Scatter.MaxSpriteRatio:0.1         ; only a maximum of 10% of scattered bokeh]]
[2021.02.16-01.16.01:537][  0]LogConfig: Setting CVar [[r.DOF.Recombine.Quality:1                ; cheap slight out of focus]]
[2021.02.16-01.16.01:537][  0]LogConfig: Setting CVar [[r.DOF.Recombine.EnableBokehSettings:0    ; no bokeh simulation on slight out of focus]]
[2021.02.16-01.16.01:537][  0]LogConfig: Setting CVar [[r.DOF.TemporalAAQuality:1                ; more stable temporal accumulation]]
[2021.02.16-01.16.01:537][  0]LogConfig: Setting CVar [[r.DOF.Kernel.MaxForegroundRadius:0.025]]
[2021.02.16-01.16.01:537][  0]LogConfig: Setting CVar [[r.DOF.Kernel.MaxBackgroundRadius:0.025]]
[2021.02.16-01.16.01:537][  0]LogConfig: Applying CVar settings from Section [TextureQuality@3] File [C:/Users/cbrad/OneDrive/Documents/GitHub/pleasework/pleasework/Saved/Config/Windows/Scalability.ini]
[2021.02.16-01.16.01:537][  0]LogConfig: Setting CVar [[r.Streaming.MipBias:0]]
[2021.02.16-01.16.01:537][  0]LogConfig: Setting CVar [[r.Streaming.AmortizeCPUToGPUCopy:0]]
[2021.02.16-01.16.01:537][  0]LogConfig: Setting CVar [[r.Streaming.MaxNumTexturesToStreamPerFrame:0]]
[2021.02.16-01.16.01:537][  0]LogConfig: Setting CVar [[r.Streaming.Boost:1]]
[2021.02.16-01.16.01:537][  0]LogConfig: Setting CVar [[r.MaxAnisotropy:8]]
[2021.02.16-01.16.01:537][  0]LogConfig: Setting CVar [[r.VT.MaxAnisotropy:8]]
[2021.02.16-01.16.01:537][  0]LogConfig: Setting CVar [[r.Streaming.LimitPoolSizeToVRAM:0]]
[2021.02.16-01.16.01:537][  0]LogConfig: Setting CVar [[r.Streaming.PoolSize:1000]]
[2021.02.16-01.16.01:537][  0]LogConfig: Setting CVar [[r.Streaming.MaxEffectiveScreenSize:0]]
[2021.02.16-01.16.01:537][  0]LogConfig: Applying CVar settings from Section [EffectsQuality@3] File [C:/Users/cbrad/OneDrive/Documents/GitHub/pleasework/pleasework/Saved/Config/Windows/Scalability.ini]
[2021.02.16-01.16.01:537][  0]LogConfig: Setting CVar [[r.TranslucencyLightingVolumeDim:64]]
[2021.02.16-01.16.01:537][  0]LogConfig: Setting CVar [[r.RefractionQuality:2]]
[2021.02.16-01.16.01:537][  0]LogConfig: Setting CVar [[r.SSR.Quality:3]]
[2021.02.16-01.16.01:537][  0]LogConfig: Setting CVar [[r.SSR.HalfResSceneColor:0]]
[2021.02.16-01.16.01:537][  0]LogConfig: Setting CVar [[r.SceneColorFormat:4]]
[2021.02.16-01.16.01:537][  0]LogConfig: Setting CVar [[r.DetailMode:2]]
[2021.02.16-01.16.01:537][  0]LogConfig: Setting CVar [[r.TranslucencyVolumeBlur:1]]
[2021.02.16-01.16.01:537][  0]LogConfig: Setting CVar [[r.MaterialQualityLevel:1 ; High quality]]
[2021.02.16-01.16.01:537][  0]LogConfig: Setting CVar [[r.SSS.Scale:1]]
[2021.02.16-01.16.01:537][  0]LogConfig: Setting CVar [[r.SSS.SampleSet:2]]
[2021.02.16-01.16.01:537][  0]LogConfig: Setting CVar [[r.SSS.Quality:1]]
[2021.02.16-01.16.01:537][  0]LogConfig: Setting CVar [[r.SSS.HalfRes:0]]
[2021.02.16-01.16.01:537][  0]LogConfig: Setting CVar [[r.SSGI.Quality:3]]
[2021.02.16-01.16.01:537][  0]LogConfig: Setting CVar [[r.EmitterSpawnRateScale:1.0]]
[2021.02.16-01.16.01:537][  0]LogConfig: Setting CVar [[r.ParticleLightQuality:2]]
[2021.02.16-01.16.01:537][  0]LogConfig: Setting CVar [[r.SkyAtmosphere.AerialPerspectiveLUT.FastApplyOnOpaque:1 ; Always have FastSkyLUT 1 in this case to avoid wrong sky]]
[2021.02.16-01.16.01:537][  0]LogConfig: Setting CVar [[r.SkyAtmosphere.AerialPerspectiveLUT.SampleCountPerSlice:1]]
[2021.02.16-01.16.01:537][  0]LogConfig: Setting CVar [[r.SkyAtmosphere.AerialPerspectiveLUT.DepthResolution:16.0]]
[2021.02.16-01.16.01:537][  0]LogConfig: Setting CVar [[r.SkyAtmosphere.FastSkyLUT:1]]
[2021.02.16-01.16.01:537][  0]LogConfig: Setting CVar [[r.SkyAtmosphere.FastSkyLUT.SampleCountMin:4.0]]
[2021.02.16-01.16.01:537][  0]LogConfig: Setting CVar [[r.SkyAtmosphere.FastSkyLUT.SampleCountMax:32.0]]
[2021.02.16-01.16.01:537][  0]LogConfig: Setting CVar [[r.SkyAtmosphere.SampleCountMin:4.0]]
[2021.02.16-01.16.01:537][  0]LogConfig: Setting CVar [[r.SkyAtmosphere.SampleCountMax:32.0]]
[2021.02.16-01.16.01:537][  0]LogConfig: Setting CVar [[r.SkyAtmosphere.TransmittanceLUT.UseSmallFormat:0]]
[2021.02.16-01.16.01:537][  0]LogConfig: Setting CVar [[r.SkyAtmosphere.TransmittanceLUT.SampleCount:10.0]]
[2021.02.16-01.16.01:537][  0]LogConfig: Setting CVar [[r.SkyAtmosphere.MultiScatteringLUT.SampleCount:15.0]]
[2021.02.16-01.16.01:537][  0]LogConfig: Applying CVar settings from Section [FoliageQuality@3] File [C:/Users/cbrad/OneDrive/Documents/GitHub/pleasework/pleasework/Saved/Config/Windows/Scalability.ini]
[2021.02.16-01.16.01:537][  0]LogConfig: Setting CVar [[foliage.DensityScale:1.0]]
[2021.02.16-01.16.01:537][  0]LogConfig: Setting CVar [[grass.DensityScale:1.0]]
[2021.02.16-01.16.01:537][  0]LogConfig: Applying CVar settings from Section [ShadingQuality@3] File [C:/Users/cbrad/OneDrive/Documents/GitHub/pleasework/pleasework/Saved/Config/Windows/Scalability.ini]
[2021.02.16-01.16.01:537][  0]LogConfig: Setting CVar [[r.HairStrands.SkyLighting.SampleCount:16]]
[2021.02.16-01.16.01:537][  0]LogConfig: Setting CVar [[r.HairStrands.SkyLighting.JitterIntegration:0]]
[2021.02.16-01.16.01:537][  0]LogConfig: Setting CVar [[r.HairStrands.SkyAO.SampleCount:16]]
[2021.02.16-01.16.01:538][  0]LogConfig: Setting CVar [[r.HairStrands.DeepShadow.SuperSampling:0]]
[2021.02.16-01.16.01:538][  0]LogConfig: Setting CVar [[r.HairStrands.VisibilityPPLL:0]]
[2021.02.16-01.16.01:538][  0]LogConfig: Setting CVar [[r.HairStrands.RasterizationScale:0.5]]
[2021.02.16-01.16.01:538][  0]LogConfig: Setting CVar [[r.HairStrands.VelocityRasterizationScale:1]]
[2021.02.16-01.16.01:538][  0]LogConfig: Applying CVar settings from Section [Startup] File [../../../Engine/Config/ConsoleVariables.ini]
[2021.02.16-01.16.01:538][  0]LogConfig: Setting CVar [[net.UseAdaptiveNetUpdateFrequency:0]]
[2021.02.16-01.16.01:538][  0]LogConfig: Setting CVar [[p.chaos.AllowCreatePhysxBodies:1]]
[2021.02.16-01.16.01:538][  0]LogConfig: Setting CVar [[fx.SkipVectorVMBackendOptimizations:1]]
[2021.02.16-01.16.01:538][  0]LogConfig: Applying CVar settings from Section [ConsoleVariables] File [C:/Users/cbrad/OneDrive/Documents/GitHub/pleasework/pleasework/Saved/Config/Windows/Engine.ini]
[2021.02.16-01.16.01:538][  0]LogInit: Computer: DESKTOP-303N8E4
[2021.02.16-01.16.01:538][  0]LogInit: User: cbrad
[2021.02.16-01.16.01:538][  0]LogInit: CPU Page size=4096, Cores=4
[2021.02.16-01.16.01:538][  0]LogInit: High frequency timer resolution =10.000000 MHz
[2021.02.16-01.16.01:538][  0]LogMemory: Memory total: Physical=7.9GB (8GB approx)
[2021.02.16-01.16.01:538][  0]LogMemory: Platform Memory Stats for Windows
[2021.02.16-01.16.01:538][  0]LogMemory: Process Physical Memory: 112.99 MB used, 113.00 MB peak
[2021.02.16-01.16.01:538][  0]LogMemory: Process Virtual Memory: 95.21 MB used, 95.21 MB peak
[2021.02.16-01.16.01:538][  0]LogMemory: Physical Memory: 3665.82 MB used,  4468.61 MB free, 8134.43 MB total
[2021.02.16-01.16.01:538][  0]LogMemory: Virtual Memory: 5126.74 MB used,  134212600.00 MB free, 134217728.00 MB total
[2021.02.16-01.16.01:542][  0]LogWindows: WindowsPlatformFeatures enabled
[2021.02.16-01.16.01:588][  0]LogInit: Physics initialised using underlying interface: PhysX
[2021.02.16-01.16.01:589][  0]LogInit: Using OS detected language (en-US).
[2021.02.16-01.16.01:589][  0]LogInit: Using OS detected locale (en-US).
[2021.02.16-01.16.01:592][  0]LogTextLocalizationManager: No specific localization for 'en-US' exists, so the 'en' localization will be used.
[2021.02.16-01.16.01:762][  0]LogInit: Setting process to per monitor DPI aware
[2021.02.16-01.16.01:795][  0]LogSlate: New Slate User Created.  User Index 0, Is Virtual User: 0
[2021.02.16-01.16.01:795][  0]LogSlate: Slate User Registered.  User Index 0, Is Virtual User: 0
[2021.02.16-01.16.01:920][  0]LogHMD: Failed to initialize OpenVR with code 110
[2021.02.16-01.16.01:920][  0]LogD3D11RHI: D3D11 min allowed feature level: 11_0
[2021.02.16-01.16.01:920][  0]LogD3D11RHI: D3D11 max allowed feature level: 11_0
[2021.02.16-01.16.01:920][  0]LogD3D11RHI: D3D11 adapters:
[2021.02.16-01.16.02:005][  0]LogD3D11RHI:    0. 'NVIDIA GeForce GTX 1060 3GB' (Feature Level 11_0)
[2021.02.16-01.16.02:005][  0]LogD3D11RHI:       2988/0/4067 MB DedicatedVideo/DedicatedSystem/SharedSystem, Outputs:1, VendorId:0x10de
[2021.02.16-01.16.02:007][  0]LogD3D11RHI:    1. 'Microsoft Basic Render Driver' (Feature Level 11_0)
[2021.02.16-01.16.02:007][  0]LogD3D11RHI:       0/0/4067 MB DedicatedVideo/DedicatedSystem/SharedSystem, Outputs:0, VendorId:0x1414
[2021.02.16-01.16.02:007][  0]LogD3D11RHI: Chosen D3D11 Adapter: 0
[2021.02.16-01.16.02:011][  0]LogD3D11RHI: Creating new Direct3DDevice
[2021.02.16-01.16.02:011][  0]LogD3D11RHI:     GPU DeviceId: 0x1c02 (for the marketing name, search the web for "GPU Device Id")
[2021.02.16-01.16.02:011][  0]LogWindows: EnumDisplayDevices:
[2021.02.16-01.16.02:011][  0]LogWindows:    0. 'NVIDIA GeForce GTX 1060 3GB' (P:1 D:1)
[2021.02.16-01.16.02:012][  0]LogWindows:    1. 'NVIDIA GeForce GTX 1060 3GB' (P:0 D:0)
[2021.02.16-01.16.02:012][  0]LogWindows:    2. 'NVIDIA GeForce GTX 1060 3GB' (P:0 D:0)
[2021.02.16-01.16.02:012][  0]LogWindows:    3. 'NVIDIA GeForce GTX 1060 3GB' (P:0 D:0)
[2021.02.16-01.16.02:012][  0]LogWindows: DebugString: FoundDriverCount:4 
[2021.02.16-01.16.02:012][  0]LogD3D11RHI:     Adapter Name: NVIDIA GeForce GTX 1060 3GB
[2021.02.16-01.16.02:012][  0]LogD3D11RHI:   Driver Version: 461.40 (internal:27.21.14.6140, unified:461.40)
[2021.02.16-01.16.02:012][  0]LogD3D11RHI:      Driver Date: 1-22-2021
[2021.02.16-01.16.02:012][  0]LogRHI: Texture pool is 2091 MB (70% of 2988 MB)
[2021.02.16-01.16.02:067][  0]LogD3D11RHI: RHI has support for 64 bit atomics
[2021.02.16-01.16.02:068][  0]LogD3D11RHI: Async texture creation enabled
[2021.02.16-01.16.02:068][  0]LogD3D11RHI: Array index from any shader is supported
[2021.02.16-01.16.02:088][  0]LogD3D11RHI: GPU Timing Frequency: 1000.000000 (Debug: 2 1)
[2021.02.16-01.16.02:362][  0]LogTargetPlatformManager: Display: Loaded TargetPlatform 'AllDesktop'
[2021.02.16-01.16.02:384][  0]LogTargetPlatformManager: Display: Loaded TargetPlatform 'Android'
[2021.02.16-01.16.02:384][  0]LogTargetPlatformManager: Display: Loaded TargetPlatform 'Android_ASTC'
[2021.02.16-01.16.02:384][  0]LogTargetPlatformManager: Display: Loaded TargetPlatform 'Android_DXT'
[2021.02.16-01.16.02:384][  0]LogTargetPlatformManager: Display: Loaded TargetPlatform 'Android_ETC2'
[2021.02.16-01.16.02:384][  0]LogTargetPlatformManager: Display: Loaded TargetPlatform 'AndroidClient'
[2021.02.16-01.16.02:384][  0]LogTargetPlatformManager: Display: Loaded TargetPlatform 'Android_ASTCClient'
[2021.02.16-01.16.02:384][  0]LogTargetPlatformManager: Display: Loaded TargetPlatform 'Android_DXTClient'
[2021.02.16-01.16.02:384][  0]LogTargetPlatformManager: Display: Loaded TargetPlatform 'Android_ETC2Client'
[2021.02.16-01.16.02:384][  0]LogTargetPlatformManager: Display: Loaded TargetPlatform 'Android_Multi'
[2021.02.16-01.16.02:384][  0]LogTargetPlatformManager: Display: Loaded TargetPlatform 'Android_MultiClient'
[2021.02.16-01.16.02:407][  0]LogTargetPlatformManager: Display: Loaded TargetPlatform 'IOSClient'
[2021.02.16-01.16.02:407][  0]LogTargetPlatformManager: Display: Loaded TargetPlatform 'IOS'
[2021.02.16-01.16.02:417][  0]LogTargetPlatformManager: Display: Loaded TargetPlatform 'Linux'
[2021.02.16-01.16.02:426][  0]LogTargetPlatformManager: Display: Loaded TargetPlatform 'LinuxNoEditor'
[2021.02.16-01.16.02:436][  0]LogTargetPlatformManager: Display: Loaded TargetPlatform 'LinuxClient'
[2021.02.16-01.16.02:445][  0]LogTargetPlatformManager: Display: Loaded TargetPlatform 'LinuxServer'
[2021.02.16-01.16.02:454][  0]LogTargetPlatformManager: Display: Loaded TargetPlatform 'LinuxAArch64NoEditor'
[2021.02.16-01.16.02:464][  0]LogTargetPlatformManager: Display: Loaded TargetPlatform 'LinuxAArch64Client'
[2021.02.16-01.16.02:473][  0]LogTargetPlatformManager: Display: Loaded TargetPlatform 'LinuxAArch64Server'
[2021.02.16-01.16.02:503][  0]LogTargetPlatformManager: Display: Loaded TargetPlatform 'Lumin'
[2021.02.16-01.16.02:503][  0]LogTargetPlatformManager: Display: Loaded TargetPlatform 'LuminClient'
[2021.02.16-01.16.02:520][  0]LogTargetPlatformManager: Display: Loaded TargetPlatform 'TVOSClient'
[2021.02.16-01.16.02:520][  0]LogTargetPlatformManager: Display: Loaded TargetPlatform 'TVOS'
[2021.02.16-01.16.02:530][  0]LogTargetPlatformManager: Display: Loaded TargetPlatform 'WindowsNoEditor'
[2021.02.16-01.16.02:540][  0]LogTargetPlatformManager: Display: Loaded TargetPlatform 'Windows'
[2021.02.16-01.16.02:550][  0]LogTargetPlatformManager: Display: Loaded TargetPlatform 'WindowsClient'
[2021.02.16-01.16.02:559][  0]LogTargetPlatformManager: Display: Loaded TargetPlatform 'WindowsServer'
[2021.02.16-01.16.02:559][  0]LogTargetPlatformManager: Display: Building Assets For Windows
[2021.02.16-01.16.02:566][  0]LogAudioDebug: Display: Lib vorbis DLL was dynamically loaded.
[2021.02.16-01.16.02:623][  0]LogShaderCompilers: Guid format shader working directory is -31 characters bigger than the processId version (../../../../../../Users/cbrad/OneDrive/Documents/GitHub/pleasework/pleasework/Intermediate/Shaders/WorkingDirectory/1896/).
[2021.02.16-01.16.02:623][  0]LogShaderCompilers: Cleaned the shader compiler working directory 'C:/Users/cbrad/AppData/Local/Temp/UnrealShaderWorkingDir/D15F0F2E43566D33888B328D31636728/'.
[2021.02.16-01.16.02:624][  0]LogXGEController: Cannot use XGE Controller as Incredibuild is not installed on this machine.
[2021.02.16-01.16.02:624][  0]LogShaderCompilers: Cannot use XGE Shader Compiler as Incredibuild is not installed on this machine.
[2021.02.16-01.16.02:624][  0]LogShaderCompilers: Display: Using Local Shader Compiler.
[2021.02.16-01.16.03:392][  0]LogDerivedDataCache: Display: Max Cache Size: 512 MB
[2021.02.16-01.16.03:455][  0]LogDerivedDataCache: Loaded boot cache 0.06s 75MB C:/Users/cbrad/AppData/Local/UnrealEngine/4.25/DerivedDataCache/Boot.ddc.
[2021.02.16-01.16.03:462][  0]LogDerivedDataCache: Display: Loaded Boot cache: C:/Users/cbrad/AppData/Local/UnrealEngine/4.25/DerivedDataCache/Boot.ddc
[2021.02.16-01.16.03:462][  0]LogDerivedDataCache: FDerivedDataBackendGraph:  Pak pak cache file ../../../../../../Users/cbrad/OneDrive/Documents/GitHub/pleasework/pleasework/DerivedDataCache/DDC.ddp not found, will not use a pak cache.
[2021.02.16-01.16.03:462][  0]LogDerivedDataCache: Unable to find inner node Pak for hierarchical cache Hierarchy.
[2021.02.16-01.16.03:462][  0]LogDerivedDataCache: FDerivedDataBackendGraph:  CompressedPak pak cache file ../../../../../../Users/cbrad/OneDrive/Documents/GitHub/pleasework/pleasework/DerivedDataCache/Compressed.ddp not found, will not use a pak cache.
[2021.02.16-01.16.03:462][  0]LogDerivedDataCache: Unable to find inner node CompressedPak for hierarchical cache Hierarchy.
[2021.02.16-01.16.03:473][  0]LogDerivedDataCache: Display: Pak cache opened for reading ../../../Engine/DerivedDataCache/Compressed.ddp.
[2021.02.16-01.16.03:473][  0]LogDerivedDataCache: FDerivedDataBackendGraph:  EnterprisePak pak cache file ../../../Enterprise/DerivedDataCache/Compressed.ddp not found, will not use a pak cache.
[2021.02.16-01.16.03:473][  0]LogDerivedDataCache: Unable to find inner node EnterprisePak for hierarchical cache Hierarchy.
[2021.02.16-01.16.03:475][  0]LogDerivedDataCache: Using Local data cache path C:/Users/cbrad/AppData/Local/UnrealEngine/Common/DerivedDataCache: Writable
[2021.02.16-01.16.03:475][  0]LogDerivedDataCache: Shared data cache path not found in *engine.ini, will not use an Shared cache.
[2021.02.16-01.16.03:475][  0]LogDerivedDataCache: Unable to find inner node Shared for hierarchical cache Hierarchy.
[2021.02.16-01.16.03:528][  0]LogSlate: Using FreeType 2.10.0
[2021.02.16-01.16.03:528][  0]LogSlate: SlateFontServices - WITH_FREETYPE: 1, WITH_HARFBUZZ: 1
[2021.02.16-01.16.03:556][  0]LogAssetRegistry: FAssetRegistry took 0.0025 seconds to start up
[2021.02.16-01.16.03:780][  0]LogInit: Selected Device Profile: [Windows]
[2021.02.16-01.16.03:891][  0]LogMeshReduction: Using QuadricMeshReduction for automatic static mesh reduction
[2021.02.16-01.16.03:891][  0]LogMeshReduction: Using SimplygonMeshReduction for automatic skeletal mesh reduction
[2021.02.16-01.16.03:891][  0]LogMeshReduction: Using ProxyLODMeshReduction for automatic mesh merging
[2021.02.16-01.16.03:891][  0]LogMeshReduction: No distributed automatic mesh merging module available
[2021.02.16-01.16.03:891][  0]LogMeshMerging: No distributed automatic mesh merging module available
[2021.02.16-01.16.03:906][  0]LogNetVersion: pleasework 1.0.0, NetCL: 13144385, EngineNetVer: 14, GameNetVer: 0 (Checksum: 1371586590)
[2021.02.16-01.16.04:354][  0]LogAISub: UAISubsystem::UAISubsystem AISubsystem (000002001EC65BC0), frame # 0
[2021.02.16-01.16.04:354][  0]LogAISub: UAISubsystem::UAISubsystem AIPerceptionSystem (000002001EBB51C0), frame # 0
[2021.02.16-01.16.04:355][  0]LogAISub: UAISubsystem::UAISubsystem EnvQueryManager (000002001EC05E00), frame # 0
[2021.02.16-01.16.04:411][  0]LogPackageLocalizationCache: Processed 19 localized package path(s) for 1 prioritized culture(s) in 0.050136 seconds
[2021.02.16-01.16.04:416][  0]LogUObjectArray: 15917 objects as part of root set at end of initial load.
[2021.02.16-01.16.04:416][  0]LogUObjectAllocator: 3965568 out of 0 bytes used by permanent object pool.
[2021.02.16-01.16.04:416][  0]LogUObjectArray: CloseDisregardForGC: 0/0 objects in disregard for GC pool
[2021.02.16-01.16.04:723][  0]LogTcpMessaging: Initializing TcpMessaging bridge
[2021.02.16-01.16.04:727][  0]LogUdpMessaging: Initializing bridge on interface 0.0.0.0:0 to multicast group 230.0.0.1:6666.
[2021.02.16-01.16.04:797][  0]SourceControl: Source control is disabled
[2021.02.16-01.16.04:797][  0]SourceControl: Source control is disabled
[2021.02.16-01.16.04:800][  0]SourceControl: Source control is disabled
[2021.02.16-01.16.04:802][  0]SourceControl: Source control is disabled
[2021.02.16-01.16.04:808][  0]SourceControl: Source control is disabled
[2021.02.16-01.16.04:820][  0]LogVSAccessor: Display: Unable to create Visual Studio setup instance: 80040154
[2021.02.16-01.16.04:821][  0]LogVSAccessor: Display: Unable to create Visual Studio setup instance: 80040154
[2021.02.16-01.16.05:033][  0]LogAndroidPermission: UAndroidPermissionCallbackProxy::GetInstance
[2021.02.16-01.16.05:050][  0]LogAudioCaptureCore: Display: No Audio Capture implementations found. Audio input will be silent.
[2021.02.16-01.16.05:050][  0]LogAudioCaptureCore: Display: No Audio Capture implementations found. Audio input will be silent.
[2021.02.16-01.16.05:096][  0]LogOcInput: OculusInput pre-init called
[2021.02.16-01.16.05:106][  0]LogWindows: Failed to load 'OVRPlugin.dll' (GetLastError=126)
[2021.02.16-01.16.05:106][  0]LogWindows: File 'OVRPlugin.dll' does not exist
[2021.02.16-01.16.05:164][  0]LogEngine: Initializing Engine...
[2021.02.16-01.16.05:165][  0]LogHMD: Failed to initialize OpenVR with code 110
[2021.02.16-01.16.05:165][  0]LogMagicLeap: Warning: VR disabled because ZI is not enabled.  To enable, in the editor, Edit -> Project Settings -> Plugins -> Magic Leap Plugin -> Enable Zero Iteration
[2021.02.16-01.16.05:165][  0]LogStats: UGameplayTagsManager::InitializeManager -  0.000 s
[2021.02.16-01.16.05:318][  0]LogInit: Initializing FReadOnlyCVARCache
[2021.02.16-01.16.05:325][  0]LogAIModule: Creating AISystem for world Untitled
[2021.02.16-01.16.05:326][  0]LogAISub: UAISubsystem::UAISubsystem EnvQueryManager (00000200233C4600), frame # 0
[2021.02.16-01.16.05:326][  0]LogAISub: UAISubsystem::UAISubsystem AIPerceptionSystem (00000200233E1940), frame # 0
[2021.02.16-01.16.05:329][  0]LogAudioMixer: Display: Audio Mixer Platform Settings:
[2021.02.16-01.16.05:329][  0]LogAudioMixer: Display: 	Sample Rate:						  48000
[2021.02.16-01.16.05:329][  0]LogAudioMixer: Display: 	Callback Buffer Frame Size Requested: 1024
[2021.02.16-01.16.05:329][  0]LogAudioMixer: Display: 	Callback Buffer Frame Size To Use:	  1024
[2021.02.16-01.16.05:329][  0]LogAudioMixer: Display: 	Number of buffers to queue:			  2
[2021.02.16-01.16.05:329][  0]LogAudioMixer: Display: 	Max Channels (voices):				  32
[2021.02.16-01.16.05:329][  0]LogAudioMixer: Display: 	Number of Async Source Workers:		  0
[2021.02.16-01.16.05:329][  0]LogAudio: Display: AudioDevice MaxSources: 32
[2021.02.16-01.16.05:330][  0]LogAudio: Display: Using built-in audio occlusion.
[2021.02.16-01.16.05:330][  0]LogAudioMixer: Display: Initializing audio mixer.
[2021.02.16-01.16.05:343][  0]LogAudioMixer: Display: 0: FrontLeft
[2021.02.16-01.16.05:343][  0]LogAudioMixer: Display: 1: FrontRight
[2021.02.16-01.16.05:391][  0]LogAudioMixer: Display: Using Audio Device ASUS VP247 (2- NVIDIA High Definition Audio)
[2021.02.16-01.16.05:391][  0]LogAudioMixer: Display: Initializing Sound Submixes...
[2021.02.16-01.16.05:393][  0]LogAudioMixer: Display: Creating Master Submix 'MasterSubmixDefault'
[2021.02.16-01.16.05:393][  0]LogAudioMixer: Display: Creating Master Submix 'MasterReverbSubmixDefault'
[2021.02.16-01.16.05:394][  0]LogAudioMixer: Display: Creating Master Submix 'MasterEQSubmixDefault'
[2021.02.16-01.16.05:395][  0]LogInit: FAudioDevice initialized.
[2021.02.16-01.16.05:395][  0]LogNetVersion: Set ProjectVersion to 1.0.0.0. Version Checksum will be recalculated on next use.
[2021.02.16-01.16.05:481][  0]LogDerivedDataCache: Saved boot cache 0.09s 75MB C:/Users/cbrad/AppData/Local/UnrealEngine/4.25/DerivedDataCache/Boot.ddc.
[2021.02.16-01.16.05:488][  0]LogInit: Texture streaming: Enabled
[2021.02.16-01.16.05:502][  0]LogEngineSessionManager: EngineSessionManager initialized
[2021.02.16-01.16.05:502][  0]LogEditorSessionSummary: Verbose: Initializing EditorSessionSummaryWriter for editor session tracking
[2021.02.16-01.16.05:504][  0]LogEditorSessionSummary: EditorSessionSummaryWriter initialized
[2021.02.16-01.16.05:547][  0]LogInit: Transaction tracking system initialized
[2021.02.16-01.16.05:566][  0]BlueprintLog: New page: Editor Load
[2021.02.16-01.16.05:625][  0]LocalizationService: Localization service is disabled
[2021.02.16-01.16.05:695][  0]LogVSAccessor: Display: Unable to create Visual Studio setup instance: 80040154
[2021.02.16-01.16.05:696][  0]LogVSAccessor: Display: Unable to create Visual Studio setup instance: 80040154
[2021.02.16-01.16.05:762][  0]LogCook: Display: Max memory allowance for cook 16384mb min free memory 0mb
[2021.02.16-01.16.05:762][  0]LogCook: Display: Mobile HDR setting 1
[2021.02.16-01.16.05:885][  0]LogFileCache: Scanning file cache for directory 'C:/Users/cbrad/OneDrive/Documents/GitHub/pleasework/pleasework/Content/' took 0.00s
[2021.02.16-01.16.06:103][  0]SourceControl: Source control is disabled
[2021.02.16-01.16.06:103][  0]LogUnrealEdMisc: Loading editor; pre map load, took 6.086
[2021.02.16-01.16.06:103][  0]Cmd: MAP LOAD FILE="../../../../../../Users/cbrad/OneDrive/Documents/GitHub/pleasework/pleasework/Content/ThirdPersonBP/Maps/ThirdPersonExampleMap.umap" TEMPLATE=0 SHOWPROGRESS=1 FEATURELEVEL=3
[2021.02.16-01.16.06:104][  0]LightingResults: New page: Lighting Build
[2021.02.16-01.16.06:104][  0]LogWorld: UWorld::CleanupWorld for Untitled, bSessionEnded=true, bCleanupResources=true
[2021.02.16-01.16.06:104][  0]LogSlate: InvalidateAllWidgets triggered.  All widgets were invalidated
[2021.02.16-01.16.06:104][  0]MapCheck: New page: Map Check
[2021.02.16-01.16.06:104][  0]LightingResults: New page: Lighting Build
[2021.02.16-01.16.06:113][  0]LogAISub: UAISubsystem::~UAISubsystem EnvQueryManager (00000200233C4600), frame # 0
[2021.02.16-01.16.06:113][  0]LogAISub: UAISubsystem::~UAISubsystem AIPerceptionSystem (00000200233E1940), frame # 0
[2021.02.16-01.16.06:114][  0]LogUObjectHash: Compacting FUObjectHashTables data took   0.66ms
[2021.02.16-01.16.06:335][  0]LogAIModule: Creating AISystem for world ThirdPersonExampleMap
[2021.02.16-01.16.06:335][  0]LogAISub: UAISubsystem::UAISubsystem EnvQueryManager (00000200120E3E00), frame # 0
[2021.02.16-01.16.06:335][  0]LogAISub: UAISubsystem::UAISubsystem AIPerceptionSystem (00000200120EBB00), frame # 0
[2021.02.16-01.16.06:342][  0]LogEditorServer: Finished looking for orphan Actors (0.000 secs)
[2021.02.16-01.16.06:356][  0]LogUObjectHash: Compacting FUObjectHashTables data took   0.82ms
[2021.02.16-01.16.06:356][  0]Cmd: MAP CHECKDEP NOCLEARLOG
[2021.02.16-01.16.06:356][  0]MapCheck: Map check complete: 0 Error(s), 0 Warning(s), took 0.165ms to complete.
[2021.02.16-01.16.06:356][  0]LogFileHelpers: Loading map 'ThirdPersonExampleMap' took 0.253
[2021.02.16-01.16.06:358][  0]LogUnrealEdMisc: Total Editor Startup Time, took 6.341
[2021.02.16-01.16.06:490][  0]LogSlate: Updating window title bar state: overlay mode, drag disabled, window buttons hidden, title bar hidden
[2021.02.16-01.16.06:497][  0]LogSlate: Updating window title bar state: overlay mode, drag disabled, window buttons hidden, title bar hidden
[2021.02.16-01.16.06:504][  0]LogSlate: Updating window title bar state: overlay mode, drag disabled, window buttons hidden, title bar hidden
[2021.02.16-01.16.06:511][  0]LogSlate: Updating window title bar state: overlay mode, drag disabled, window buttons hidden, title bar hidden
[2021.02.16-01.16.06:518][  0]LogCollectionManager: Loaded 0 collections in 0.001877 seconds
[2021.02.16-01.16.06:532][  0]LogFileCache: Scanning file cache for directory 'C:/Users/cbrad/OneDrive/Documents/GitHub/pleasework/pleasework/Saved/Collections/' took 0.00s
[2021.02.16-01.16.06:532][  0]LogFileCache: Scanning file cache for directory 'C:/Users/cbrad/OneDrive/Documents/GitHub/pleasework/pleasework/Content/Developers/cbrad/Collections/' took 0.00s
[2021.02.16-01.16.06:532][  0]LogFileCache: Scanning file cache for directory 'C:/Users/cbrad/OneDrive/Documents/GitHub/pleasework/pleasework/Content/Collections/' took 0.00s
[2021.02.16-01.16.06:532][  0]LogContentBrowser: Native class hierarchy populated in 0.0089 seconds. Added 3427 classes and 821 folders.
[2021.02.16-01.16.06:534][  0]LogContentBrowser: Native class hierarchy updated for 'WidgetCarousel' in 0.0002 seconds. Added 0 classes and 0 folders.
[2021.02.16-01.16.06:581][  0]LogContentBrowser: Native class hierarchy updated for 'AddContentDialog' in 0.0002 seconds. Added 0 classes and 0 folders.
[2021.02.16-01.16.06:582][  0]LogContentBrowser: Native class hierarchy updated for 'SceneOutliner' in 0.0002 seconds. Added 2 classes and 0 folders.
[2021.02.16-01.16.06:618][  0]LogSlate: Took 0.000254 seconds to synchronously load lazily loaded font '../../../Engine/Content/Slate/Fonts/Roboto-Regular.ttf' (155K)
[2021.02.16-01.16.06:620][  0]LogSlate: Took 0.000173 seconds to synchronously load lazily loaded font '../../../Engine/Content/Slate/Fonts/Roboto-Bold.ttf' (160K)
[2021.02.16-01.16.06:623][  0]LogSlate: Took 0.000111 seconds to synchronously load lazily loaded font '../../../Engine/Content/Editor/Slate/Fonts/FontAwesome.ttf' (139K)
[2021.02.16-01.16.06:687][  0]LogRenderer: Reallocating scene render targets to support 1208x572 Format 10 NumSamples 1 (Frame:1).
[2021.02.16-01.16.06:835][  0]LogSlate: Window 'Tutorials' being destroyed
[2021.02.16-01.16.06:846][  0]LogContentBrowser: Native class hierarchy updated for 'HierarchicalLODOutliner' in 0.0003 seconds. Added 0 classes and 0 folders.
[2021.02.16-01.16.06:846][  0]LogLoad: (Engine Initialization) Total time: 6.83 seconds
[2021.02.16-01.16.06:846][  0]LogLoad: (Engine Initialization) Total Blueprint compile time: 0.00 seconds
[2021.02.16-01.16.06:885][  0]LogAssetRegistry: Asset discovery search completed in 3.3291 seconds
[2021.02.16-01.16.06:889][  0]LogCollectionManager: Fixed up redirectors for 0 collections in 0.000003 seconds (updated 0 objects)
[2021.02.16-01.16.06:891][  0]LogContentStreaming: Texture pool size now 1000 MB
[2021.02.16-01.16.06:905][  0]LogSlate: Took 0.000171 seconds to synchronously load lazily loaded font '../../../Engine/Content/Slate/Fonts/Roboto-Light.ttf' (167K)
[2021.02.16-01.16.09:099][258]LogEditorViewport: Clicking on Actor (LMB): StaticMeshActor (Floor)
[2021.02.16-01.16.10:089][369]LogEditorViewport: Clicking on Actor (LMB): ThirdPersonCharacter_C (ThirdPersonCharacter)
[2021.02.16-01.16.11:336][499]LogEditorViewport: Clicking on Actor (LMB): ThirdPersonCharacter_C (ThirdPersonCharacter)
[2021.02.16-01.16.11:946][566]LogEditorViewport: Clicking on Actor (LMB): ThirdPersonCharacter_C (ThirdPersonCharacter)
[2021.02.16-01.16.12:003][570]LogEditorViewport: Clicking on Component (LMB): SkeletalMeshComponent (CharacterMesh0)
[2021.02.16-01.16.20:724][479]LogSlate: Took 0.000175 seconds to synchronously load lazily loaded font '../../../Engine/Content/Slate/Fonts/Roboto-Light.ttf' (167K)
[2021.02.16-01.16.20:735][479]LogAssetEditorSubsystem: Opening Asset editor for Blueprint /Game/ThirdPersonBP/Blueprints/ThirdPersonCharacter.ThirdPersonCharacter
[2021.02.16-01.16.21:009][479]LogContentBrowser: Native class hierarchy updated for 'BlueprintGraph' in 0.0012 seconds. Added 125 classes and 0 folders.
[2021.02.16-01.16.22:071][479]LogSlate: Took 0.000166 seconds to synchronously load lazily loaded font '../../../Engine/Content/Slate/Fonts/Roboto-BoldCondensed.ttf' (158K)
[2021.02.16-01.16.22:212][480]LogSlate: Took 0.019459 seconds to synchronously load lazily loaded font '../../../Engine/Content/Slate/Fonts/Roboto-Italic.ttf' (157K)
[2021.02.16-01.16.25:622][695]LogRenderer: Reallocating scene render targets to support 1208x900 Format 10 NumSamples 1 (Frame:1).
[2021.02.16-01.16.47:579][208]BlueprintLog: New page: Compile ThirdPersonCharacter
[2021.02.16-01.16.47:669][208]LogUObjectHash: Compacting FUObjectHashTables data took   2.19ms
[2021.02.16-01.16.50:893][470]LogTemp: Repeating last play command: Selected Viewport
[2021.02.16-01.16.50:912][470]LogPlayLevel: PlayLevel: No blueprints needed recompiling
[2021.02.16-01.16.50:912][470]PIE: New page: PIE session: ThirdPersonExampleMap (Feb 15, 2021, 3:16:50 PM)
[2021.02.16-01.16.50:913][470]LogOnline: OSS: Creating online subsystem instance for: NULL
[2021.02.16-01.16.50:914][470]LogOnline: OSS: TryLoadSubsystemAndSetDefault: Loaded subsystem for module [NULL]
[2021.02.16-01.16.50:914][470]LogPlayLevel: Creating play world package: /Game/ThirdPersonBP/Maps/UEDPIE_0_ThirdPersonExampleMap
[2021.02.16-01.16.50:930][470]LogPlayLevel: PIE: StaticDuplicateObject took: (0.015961s)
[2021.02.16-01.16.50:932][470]LogAIModule: Creating AISystem for world ThirdPersonExampleMap
[2021.02.16-01.16.50:932][470]LogAISub: UAISubsystem::UAISubsystem EnvQueryManager (000002002CD16000), frame # 3470
[2021.02.16-01.16.50:932][470]LogAISub: UAISubsystem::UAISubsystem AIPerceptionSystem (00000200127BF100), frame # 3470
[2021.02.16-01.16.50:933][470]LogPlayLevel: PIE: World Init took: (0.001992s)
[2021.02.16-01.16.50:933][470]LogPlayLevel: PIE: Created PIE world by copying editor world from /Game/ThirdPersonBP/Maps/ThirdPersonExampleMap.ThirdPersonExampleMap to /Game/ThirdPersonBP/Maps/UEDPIE_0_ThirdPersonExampleMap.ThirdPersonExampleMap (0.018226s)
[2021.02.16-01.16.50:956][470]LogUObjectHash: Compacting FUObjectHashTables data took   1.80ms
[2021.02.16-01.16.50:959][470]LogAudioMixer: Display: Audio Mixer Platform Settings:
[2021.02.16-01.16.50:959][470]LogAudioMixer: Display: 	Sample Rate:						  48000
[2021.02.16-01.16.50:959][470]LogAudioMixer: Display: 	Callback Buffer Frame Size Requested: 1024
[2021.02.16-01.16.50:959][470]LogAudioMixer: Display: 	Callback Buffer Frame Size To Use:	  1024
[2021.02.16-01.16.50:959][470]LogAudioMixer: Display: 	Number of buffers to queue:			  2
[2021.02.16-01.16.50:959][470]LogAudioMixer: Display: 	Max Channels (voices):				  32
[2021.02.16-01.16.50:959][470]LogAudioMixer: Display: 	Number of Async Source Workers:		  0
[2021.02.16-01.16.50:959][470]LogAudio: Display: AudioDevice MaxSources: 32
[2021.02.16-01.16.50:959][470]LogAudio: Display: Using built-in audio occlusion.
[2021.02.16-01.16.50:959][470]LogAudioMixer: Display: Initializing audio mixer.
[2021.02.16-01.16.50:964][470]LogAudioMixer: Display: 0: FrontLeft
[2021.02.16-01.16.50:964][470]LogAudioMixer: Display: 1: FrontRight
[2021.02.16-01.16.50:981][470]LogAudioMixer: Display: Using Audio Device ASUS VP247 (2- NVIDIA High Definition Audio)
[2021.02.16-01.16.50:982][470]LogAudioMixer: Display: Initializing Sound Submixes...
[2021.02.16-01.16.50:982][470]LogAudioMixer: Display: Creating Master Submix 'MasterSubmixDefault'
[2021.02.16-01.16.50:982][470]LogAudioMixer: Display: Creating Master Submix 'MasterReverbSubmixDefault'
[2021.02.16-01.16.50:982][470]LogAudioMixer: Display: Creating Master Submix 'MasterEQSubmixDefault'
[2021.02.16-01.16.50:996][470]LogInit: FAudioDevice initialized.
[2021.02.16-01.16.51:008][470]LogLoad: Game class is 'ThirdPersonGameMode_C'
[2021.02.16-01.16.51:010][470]LogWorld: Bringing World /Game/ThirdPersonBP/Maps/UEDPIE_0_ThirdPersonExampleMap.ThirdPersonExampleMap up for play (max tick rate 0) at 2021.02.15-20.16.51
[2021.02.16-01.16.51:010][470]LogWorld: Bringing up level for play took: 0.001317
[2021.02.16-01.16.51:010][470]LogOnline: OSS: Creating online subsystem instance for: :Context_6
[2021.02.16-01.16.51:013][470]LogContentBrowser: Native class hierarchy updated for 'MovieSceneCapture' in 0.0003 seconds. Added 20 classes and 0 folders.
[2021.02.16-01.16.51:014][470]PIE: Server logged in
[2021.02.16-01.16.51:014][470]PIE: Play in editor total start time 0.103 seconds.
[2021.02.16-01.16.58:610][277]LogSlate: Updating window title bar state: overlay mode, drag disabled, window buttons hidden, title bar hidden
[2021.02.16-01.16.58:611][277]LogWorld: BeginTearingDown for /Game/ThirdPersonBP/Maps/UEDPIE_0_ThirdPersonExampleMap
[2021.02.16-01.16.58:611][277]LogWorld: UWorld::CleanupWorld for ThirdPersonExampleMap, bSessionEnded=true, bCleanupResources=true
[2021.02.16-01.16.58:611][277]LogSlate: InvalidateAllWidgets triggered.  All widgets were invalidated
[2021.02.16-01.16.58:626][277]LogPlayLevel: Display: Shutting down PIE online subsystems
[2021.02.16-01.16.58:632][277]LogSlate: InvalidateAllWidgets triggered.  All widgets were invalidated
[2021.02.16-01.16.58:682][277]LogSlate: Updating window title bar state: overlay mode, drag disabled, window buttons hidden, title bar hidden
[2021.02.16-01.16.58:689][277]LogAISub: UAISubsystem::~UAISubsystem AIPerceptionSystem (00000200127BF100), frame # 4277
[2021.02.16-01.16.58:689][277]LogAISub: UAISubsystem::~UAISubsystem EnvQueryManager (000002002CD16000), frame # 4277
[2021.02.16-01.16.58:704][277]LogUObjectHash: Compacting FUObjectHashTables data took   3.25ms
[2021.02.16-01.16.58:737][278]LogPlayLevel: Display: Destroying online subsystem :Context_6
[2021.02.16-01.17.30:417][207]BlueprintLog: New page: Compile ThirdPersonCharacter
[2021.02.16-01.17.30:483][207]LogUObjectHash: Compacting FUObjectHashTables data took   2.92ms
[2021.02.16-01.17.32:339][393]LogTemp: Repeating last play command: Selected Viewport
[2021.02.16-01.17.32:353][393]LogPlayLevel: PlayLevel: No blueprints needed recompiling
[2021.02.16-01.17.32:353][393]PIE: New page: PIE session: ThirdPersonExampleMap (Feb 15, 2021, 3:17:32 PM)
[2021.02.16-01.17.32:354][393]LogPlayLevel: Creating play world package: /Game/ThirdPersonBP/Maps/UEDPIE_0_ThirdPersonExampleMap
[2021.02.16-01.17.32:364][393]LogPlayLevel: PIE: StaticDuplicateObject took: (0.011692s)
[2021.02.16-01.17.32:366][393]LogAIModule: Creating AISystem for world ThirdPersonExampleMap
[2021.02.16-01.17.32:366][393]LogAISub: UAISubsystem::UAISubsystem EnvQueryManager (000002009E287600), frame # 7393
[2021.02.16-01.17.32:366][393]LogAISub: UAISubsystem::UAISubsystem AIPerceptionSystem (00000200A0778B80), frame # 7393
[2021.02.16-01.17.32:367][393]LogPlayLevel: PIE: World Init took: (0.002220s)
[2021.02.16-01.17.32:367][393]LogPlayLevel: PIE: Created PIE world by copying editor world from /Game/ThirdPersonBP/Maps/ThirdPersonExampleMap.ThirdPersonExampleMap to /Game/ThirdPersonBP/Maps/UEDPIE_0_ThirdPersonExampleMap.ThirdPersonExampleMap (0.014055s)
[2021.02.16-01.17.32:398][393]LogUObjectHash: Compacting FUObjectHashTables data took   2.86ms
[2021.02.16-01.17.32:400][393]LogAudioMixer: Display: Audio Mixer Platform Settings:
[2021.02.16-01.17.32:400][393]LogAudioMixer: Display: 	Sample Rate:						  48000
[2021.02.16-01.17.32:400][393]LogAudioMixer: Display: 	Callback Buffer Frame Size Requested: 1024
[2021.02.16-01.17.32:400][393]LogAudioMixer: Display: 	Callback Buffer Frame Size To Use:	  1024
[2021.02.16-01.17.32:400][393]LogAudioMixer: Display: 	Number of buffers to queue:			  2
[2021.02.16-01.17.32:400][393]LogAudioMixer: Display: 	Max Channels (voices):				  32
[2021.02.16-01.17.32:400][393]LogAudioMixer: Display: 	Number of Async Source Workers:		  0
[2021.02.16-01.17.32:400][393]LogAudio: Display: AudioDevice MaxSources: 32
[2021.02.16-01.17.32:401][393]LogAudio: Display: Using built-in audio occlusion.
[2021.02.16-01.17.32:401][393]LogAudioMixer: Display: Initializing audio mixer.
[2021.02.16-01.17.32:406][393]LogAudioMixer: Display: 0: FrontLeft
[2021.02.16-01.17.32:406][393]LogAudioMixer: Display: 1: FrontRight
[2021.02.16-01.17.32:422][393]LogAudioMixer: Display: Using Audio Device ASUS VP247 (2- NVIDIA High Definition Audio)
[2021.02.16-01.17.32:422][393]LogAudioMixer: Display: Initializing Sound Submixes...
[2021.02.16-01.17.32:422][393]LogAudioMixer: Display: Creating Master Submix 'MasterSubmixDefault'
[2021.02.16-01.17.32:422][393]LogAudioMixer: Display: Creating Master Submix 'MasterReverbSubmixDefault'
[2021.02.16-01.17.32:423][393]LogAudioMixer: Display: Creating Master Submix 'MasterEQSubmixDefault'
[2021.02.16-01.17.32:436][393]LogInit: FAudioDevice initialized.
[2021.02.16-01.17.32:449][393]LogLoad: Game class is 'ThirdPersonGameMode_C'
[2021.02.16-01.17.32:451][393]LogWorld: Bringing World /Game/ThirdPersonBP/Maps/UEDPIE_0_ThirdPersonExampleMap.ThirdPersonExampleMap up for play (max tick rate 0) at 2021.02.15-20.17.32
[2021.02.16-01.17.32:451][393]LogWorld: Bringing up level for play took: 0.001447
[2021.02.16-01.17.32:451][393]LogOnline: OSS: Creating online subsystem instance for: :Context_7
[2021.02.16-01.17.32:453][393]PIE: Server logged in
[2021.02.16-01.17.32:454][393]PIE: Play in editor total start time 0.102 seconds.
[2021.02.16-01.17.51:309][649]LogSlate: Updating window title bar state: overlay mode, drag disabled, window buttons hidden, title bar hidden
[2021.02.16-01.17.51:309][649]LogWorld: BeginTearingDown for /Game/ThirdPersonBP/Maps/UEDPIE_0_ThirdPersonExampleMap
[2021.02.16-01.17.51:309][649]LogWorld: UWorld::CleanupWorld for ThirdPersonExampleMap, bSessionEnded=true, bCleanupResources=true
[2021.02.16-01.17.51:310][649]LogSlate: InvalidateAllWidgets triggered.  All widgets were invalidated
[2021.02.16-01.17.51:327][649]LogPlayLevel: Display: Shutting down PIE online subsystems
[2021.02.16-01.17.51:336][649]LogSlate: InvalidateAllWidgets triggered.  All widgets were invalidated
[2021.02.16-01.17.51:390][649]LogSlate: Updating window title bar state: overlay mode, drag disabled, window buttons hidden, title bar hidden
[2021.02.16-01.17.51:391][649]LogAISub: UAISubsystem::~UAISubsystem AIPerceptionSystem (00000200A0778B80), frame # 9649
[2021.02.16-01.17.51:391][649]LogAISub: UAISubsystem::~UAISubsystem EnvQueryManager (000002009E287600), frame # 9649
[2021.02.16-01.17.51:394][649]LogUObjectHash: Compacting FUObjectHashTables data took   2.49ms
[2021.02.16-01.17.51:426][650]LogPlayLevel: Display: Destroying online subsystem :Context_7
[2021.02.16-01.18.16:472][ 12]BlueprintLog: New page: Compile ThirdPersonCharacter
[2021.02.16-01.18.16:535][ 12]LogUObjectHash: Compacting FUObjectHashTables data took   2.86ms
[2021.02.16-01.18.18:852][255]LogTemp: Repeating last play command: Selected Viewport
[2021.02.16-01.18.18:865][255]LogPlayLevel: PlayLevel: No blueprints needed recompiling
[2021.02.16-01.18.18:865][255]PIE: New page: PIE session: ThirdPersonExampleMap (Feb 15, 2021, 3:18:18 PM)
[2021.02.16-01.18.18:896][255]LogPlayLevel: Creating play world package: /Game/ThirdPersonBP/Maps/UEDPIE_0_ThirdPersonExampleMap
[2021.02.16-01.18.18:920][255]LogPlayLevel: PIE: StaticDuplicateObject took: (0.023102s)
[2021.02.16-01.18.18:921][255]LogAIModule: Creating AISystem for world ThirdPersonExampleMap
[2021.02.16-01.18.18:922][255]LogAISub: UAISubsystem::UAISubsystem EnvQueryManager (00000200392C4600), frame # 12255
[2021.02.16-01.18.18:922][255]LogAISub: UAISubsystem::UAISubsystem AIPerceptionSystem (000002008DF32C00), frame # 12255
[2021.02.16-01.18.18:922][255]LogPlayLevel: PIE: World Init took: (0.002307s)
[2021.02.16-01.18.18:922][255]LogPlayLevel: PIE: Created PIE world by copying editor world from /Game/ThirdPersonBP/Maps/ThirdPersonExampleMap.ThirdPersonExampleMap to /Game/ThirdPersonBP/Maps/UEDPIE_0_ThirdPersonExampleMap.ThirdPersonExampleMap (0.025713s)
[2021.02.16-01.18.18:954][255]LogUObjectHash: Compacting FUObjectHashTables data took   2.63ms
[2021.02.16-01.18.18:956][255]LogAudioMixer: Display: Audio Mixer Platform Settings:
[2021.02.16-01.18.18:956][255]LogAudioMixer: Display: 	Sample Rate:						  48000
[2021.02.16-01.18.18:956][255]LogAudioMixer: Display: 	Callback Buffer Frame Size Requested: 1024
[2021.02.16-01.18.18:956][255]LogAudioMixer: Display: 	Callback Buffer Frame Size To Use:	  1024
[2021.02.16-01.18.18:956][255]LogAudioMixer: Display: 	Number of buffers to queue:			  2
[2021.02.16-01.18.18:956][255]LogAudioMixer: Display: 	Max Channels (voices):				  32
[2021.02.16-01.18.18:956][255]LogAudioMixer: Display: 	Number of Async Source Workers:		  0
[2021.02.16-01.18.18:956][255]LogAudio: Display: AudioDevice MaxSources: 32
[2021.02.16-01.18.18:956][255]LogAudio: Display: Using built-in audio occlusion.
[2021.02.16-01.18.18:956][255]LogAudioMixer: Display: Initializing audio mixer.
[2021.02.16-01.18.18:961][255]LogAudioMixer: Display: 0: FrontLeft
[2021.02.16-01.18.18:961][255]LogAudioMixer: Display: 1: FrontRight
[2021.02.16-01.18.18:983][255]LogAudioMixer: Display: Using Audio Device ASUS VP247 (2- NVIDIA High Definition Audio)
[2021.02.16-01.18.18:983][255]LogAudioMixer: Display: Initializing Sound Submixes...
[2021.02.16-01.18.18:983][255]LogAudioMixer: Display: Creating Master Submix 'MasterSubmixDefault'
[2021.02.16-01.18.18:983][255]LogAudioMixer: Display: Creating Master Submix 'MasterReverbSubmixDefault'
[2021.02.16-01.18.18:984][255]LogAudioMixer: Display: Creating Master Submix 'MasterEQSubmixDefault'
[2021.02.16-01.18.19:003][255]LogInit: FAudioDevice initialized.
[2021.02.16-01.18.19:009][255]LogLoad: Game class is 'ThirdPersonGameMode_C'
[2021.02.16-01.18.19:011][255]LogWorld: Bringing World /Game/ThirdPersonBP/Maps/UEDPIE_0_ThirdPersonExampleMap.ThirdPersonExampleMap up for play (max tick rate 0) at 2021.02.15-20.18.19
[2021.02.16-01.18.19:012][255]LogWorld: Bringing up level for play took: 0.001594
[2021.02.16-01.18.19:012][255]LogOnline: OSS: Creating online subsystem instance for: :Context_8
[2021.02.16-01.18.19:014][255]PIE: Server logged in
[2021.02.16-01.18.19:015][255]PIE: Play in editor total start time 0.15 seconds.
[2021.02.16-01.18.39:378][691]LogSlate: Updating window title bar state: overlay mode, drag disabled, window buttons hidden, title bar hidden
[2021.02.16-01.18.39:378][691]LogWorld: BeginTearingDown for /Game/ThirdPersonBP/Maps/UEDPIE_0_ThirdPersonExampleMap
[2021.02.16-01.18.39:379][691]LogWorld: UWorld::CleanupWorld for ThirdPersonExampleMap, bSessionEnded=true, bCleanupResources=true
[2021.02.16-01.18.39:379][691]LogSlate: InvalidateAllWidgets triggered.  All widgets were invalidated
[2021.02.16-01.18.39:399][691]LogPlayLevel: Display: Shutting down PIE online subsystems
[2021.02.16-01.18.39:405][691]LogSlate: InvalidateAllWidgets triggered.  All widgets were invalidated
[2021.02.16-01.18.39:450][691]LogSlate: Updating window title bar state: overlay mode, drag disabled, window buttons hidden, title bar hidden
[2021.02.16-01.18.39:450][691]LogAISub: UAISubsystem::~UAISubsystem AIPerceptionSystem (000002008DF32C00), frame # 14691
[2021.02.16-01.18.39:450][691]LogAISub: UAISubsystem::~UAISubsystem EnvQueryManager (00000200392C4600), frame # 14691
[2021.02.16-01.18.39:453][691]LogUObjectHash: Compacting FUObjectHashTables data took   2.40ms
[2021.02.16-01.18.39:483][692]LogPlayLevel: Display: Destroying online subsystem :Context_8
[2021.02.16-01.19.08:438][474]BlueprintLog: New page: Compile ThirdPersonCharacter
[2021.02.16-01.19.08:498][474]LogUObjectHash: Compacting FUObjectHashTables data took   2.52ms
[2021.02.16-01.19.10:066][636]LogTemp: Repeating last play command: Selected Viewport
[2021.02.16-01.19.10:081][636]LogPlayLevel: PlayLevel: No blueprints needed recompiling
[2021.02.16-01.19.10:081][636]PIE: New page: PIE session: ThirdPersonExampleMap (Feb 15, 2021, 3:19:10 PM)
[2021.02.16-01.19.10:081][636]LogPlayLevel: Creating play world package: /Game/ThirdPersonBP/Maps/UEDPIE_0_ThirdPersonExampleMap
[2021.02.16-01.19.10:092][636]LogPlayLevel: PIE: StaticDuplicateObject took: (0.011379s)
[2021.02.16-01.19.10:094][636]LogAIModule: Creating AISystem for world ThirdPersonExampleMap
[2021.02.16-01.19.10:094][636]LogAISub: UAISubsystem::UAISubsystem EnvQueryManager (000002009E58BE00), frame # 17636
[2021.02.16-01.19.10:094][636]LogAISub: UAISubsystem::UAISubsystem AIPerceptionSystem (000002008DF22E80), frame # 17636
[2021.02.16-01.19.10:094][636]LogPlayLevel: PIE: World Init took: (0.001543s)
[2021.02.16-01.19.10:094][636]LogPlayLevel: PIE: Created PIE world by copying editor world from /Game/ThirdPersonBP/Maps/ThirdPersonExampleMap.ThirdPersonExampleMap to /Game/ThirdPersonBP/Maps/UEDPIE_0_ThirdPersonExampleMap.ThirdPersonExampleMap (0.013086s)
[2021.02.16-01.19.10:126][636]LogUObjectHash: Compacting FUObjectHashTables data took   2.99ms
[2021.02.16-01.19.10:128][636]LogAudioMixer: Display: Audio Mixer Platform Settings:
[2021.02.16-01.19.10:128][636]LogAudioMixer: Display: 	Sample Rate:						  48000
[2021.02.16-01.19.10:128][636]LogAudioMixer: Display: 	Callback Buffer Frame Size Requested: 1024
[2021.02.16-01.19.10:128][636]LogAudioMixer: Display: 	Callback Buffer Frame Size To Use:	  1024
[2021.02.16-01.19.10:128][636]LogAudioMixer: Display: 	Number of buffers to queue:			  2
[2021.02.16-01.19.10:128][636]LogAudioMixer: Display: 	Max Channels (voices):				  32
[2021.02.16-01.19.10:128][636]LogAudioMixer: Display: 	Number of Async Source Workers:		  0
[2021.02.16-01.19.10:128][636]LogAudio: Display: AudioDevice MaxSources: 32
[2021.02.16-01.19.10:129][636]LogAudio: Display: Using built-in audio occlusion.
[2021.02.16-01.19.10:129][636]LogAudioMixer: Display: Initializing audio mixer.
[2021.02.16-01.19.10:134][636]LogAudioMixer: Display: 0: FrontLeft
[2021.02.16-01.19.10:134][636]LogAudioMixer: Display: 1: FrontRight
[2021.02.16-01.19.10:152][636]LogAudioMixer: Display: Using Audio Device ASUS VP247 (2- NVIDIA High Definition Audio)
[2021.02.16-01.19.10:152][636]LogAudioMixer: Display: Initializing Sound Submixes...
[2021.02.16-01.19.10:152][636]LogAudioMixer: Display: Creating Master Submix 'MasterSubmixDefault'
[2021.02.16-01.19.10:152][636]LogAudioMixer: Display: Creating Master Submix 'MasterReverbSubmixDefault'
[2021.02.16-01.19.10:153][636]LogAudioMixer: Display: Creating Master Submix 'MasterEQSubmixDefault'
[2021.02.16-01.19.10:170][636]LogInit: FAudioDevice initialized.
[2021.02.16-01.19.10:181][636]LogLoad: Game class is 'ThirdPersonGameMode_C'
[2021.02.16-01.19.10:184][636]LogWorld: Bringing World /Game/ThirdPersonBP/Maps/UEDPIE_0_ThirdPersonExampleMap.ThirdPersonExampleMap up for play (max tick rate 0) at 2021.02.15-20.19.10
[2021.02.16-01.19.10:184][636]LogWorld: Bringing up level for play took: 0.001959
[2021.02.16-01.19.10:185][636]LogOnline: OSS: Creating online subsystem instance for: :Context_9
[2021.02.16-01.19.10:187][636]PIE: Server logged in
[2021.02.16-01.19.10:188][636]PIE: Play in editor total start time 0.109 seconds.
[2021.02.16-01.19.43:646][642]LogSlate: Updating window title bar state: overlay mode, drag disabled, window buttons hidden, title bar hidden
[2021.02.16-01.19.43:646][642]LogWorld: BeginTearingDown for /Game/ThirdPersonBP/Maps/UEDPIE_0_ThirdPersonExampleMap
[2021.02.16-01.19.43:647][642]LogWorld: UWorld::CleanupWorld for ThirdPersonExampleMap, bSessionEnded=true, bCleanupResources=true
[2021.02.16-01.19.43:647][642]LogSlate: InvalidateAllWidgets triggered.  All widgets were invalidated
[2021.02.16-01.19.43:665][642]LogPlayLevel: Display: Shutting down PIE online subsystems
[2021.02.16-01.19.43:673][642]LogSlate: InvalidateAllWidgets triggered.  All widgets were invalidated
[2021.02.16-01.19.43:728][642]LogSlate: Updating window title bar state: overlay mode, drag disabled, window buttons hidden, title bar hidden
[2021.02.16-01.19.43:729][642]LogAISub: UAISubsystem::~UAISubsystem AIPerceptionSystem (000002008DF22E80), frame # 21642
[2021.02.16-01.19.43:729][642]LogAISub: UAISubsystem::~UAISubsystem EnvQueryManager (000002009E58BE00), frame # 21642
[2021.02.16-01.19.43:731][642]LogUObjectHash: Compacting FUObjectHashTables data took   2.32ms
[2021.02.16-01.19.43:762][643]LogPlayLevel: Display: Destroying online subsystem :Context_9
[2021.02.16-01.20.01:458][334]BlueprintLog: New page: Compile ThirdPersonCharacter
[2021.02.16-01.20.01:520][334]LogUObjectHash: Compacting FUObjectHashTables data took   2.55ms
[2021.02.16-01.20.03:260][522]LogTemp: Repeating last play command: Selected Viewport
[2021.02.16-01.20.03:276][522]LogPlayLevel: PlayLevel: No blueprints needed recompiling
[2021.02.16-01.20.03:276][522]PIE: New page: PIE session: ThirdPersonExampleMap (Feb 15, 2021, 3:20:03 PM)
[2021.02.16-01.20.03:324][522]LogPlayLevel: Creating play world package: /Game/ThirdPersonBP/Maps/UEDPIE_0_ThirdPersonExampleMap
[2021.02.16-01.20.03:346][522]LogPlayLevel: PIE: StaticDuplicateObject took: (0.021838s)
[2021.02.16-01.20.03:348][522]LogAIModule: Creating AISystem for world ThirdPersonExampleMap
[2021.02.16-01.20.03:348][522]LogAISub: UAISubsystem::UAISubsystem EnvQueryManager (000002003C2BC800), frame # 23522
[2021.02.16-01.20.03:348][522]LogAISub: UAISubsystem::UAISubsystem AIPerceptionSystem (000002008E8F5800), frame # 23522
[2021.02.16-01.20.03:348][522]LogPlayLevel: PIE: World Init took: (0.002201s)
[2021.02.16-01.20.03:349][522]LogPlayLevel: PIE: Created PIE world by copying editor world from /Game/ThirdPersonBP/Maps/ThirdPersonExampleMap.ThirdPersonExampleMap to /Game/ThirdPersonBP/Maps/UEDPIE_0_ThirdPersonExampleMap.ThirdPersonExampleMap (0.024348s)
[2021.02.16-01.20.03:382][522]LogUObjectHash: Compacting FUObjectHashTables data took   2.77ms
[2021.02.16-01.20.03:383][522]LogAudioMixer: Display: Audio Mixer Platform Settings:
[2021.02.16-01.20.03:383][522]LogAudioMixer: Display: 	Sample Rate:						  48000
[2021.02.16-01.20.03:383][522]LogAudioMixer: Display: 	Callback Buffer Frame Size Requested: 1024
[2021.02.16-01.20.03:383][522]LogAudioMixer: Display: 	Callback Buffer Frame Size To Use:	  1024
[2021.02.16-01.20.03:383][522]LogAudioMixer: Display: 	Number of buffers to queue:			  2
[2021.02.16-01.20.03:383][522]LogAudioMixer: Display: 	Max Channels (voices):				  32
[2021.02.16-01.20.03:383][522]LogAudioMixer: Display: 	Number of Async Source Workers:		  0
[2021.02.16-01.20.03:383][522]LogAudio: Display: AudioDevice MaxSources: 32
[2021.02.16-01.20.03:384][522]LogAudio: Display: Using built-in audio occlusion.
[2021.02.16-01.20.03:384][522]LogAudioMixer: Display: Initializing audio mixer.
[2021.02.16-01.20.03:389][522]LogAudioMixer: Display: 0: FrontLeft
[2021.02.16-01.20.03:389][522]LogAudioMixer: Display: 1: FrontRight
[2021.02.16-01.20.03:404][522]LogAudioMixer: Display: Using Audio Device ASUS VP247 (2- NVIDIA High Definition Audio)
[2021.02.16-01.20.03:404][522]LogAudioMixer: Display: Initializing Sound Submixes...
[2021.02.16-01.20.03:405][522]LogAudioMixer: Display: Creating Master Submix 'MasterSubmixDefault'
[2021.02.16-01.20.03:405][522]LogAudioMixer: Display: Creating Master Submix 'MasterReverbSubmixDefault'
[2021.02.16-01.20.03:405][522]LogAudioMixer: Display: Creating Master Submix 'MasterEQSubmixDefault'
[2021.02.16-01.20.03:418][522]LogInit: FAudioDevice initialized.
[2021.02.16-01.20.03:430][522]LogLoad: Game class is 'ThirdPersonGameMode_C'
[2021.02.16-01.20.03:435][522]LogWorld: Bringing World /Game/ThirdPersonBP/Maps/UEDPIE_0_ThirdPersonExampleMap.ThirdPersonExampleMap up for play (max tick rate 0) at 2021.02.15-20.20.03
[2021.02.16-01.20.03:435][522]LogWorld: Bringing up level for play took: 0.003205
[2021.02.16-01.20.03:435][522]LogOnline: OSS: Creating online subsystem instance for: :Context_10
[2021.02.16-01.20.03:439][522]PIE: Server logged in
[2021.02.16-01.20.03:440][522]PIE: Play in editor total start time 0.166 seconds.
[2021.02.16-01.20.10:976][420]LogSlate: Updating window title bar state: overlay mode, drag disabled, window buttons hidden, title bar hidden
[2021.02.16-01.20.10:976][420]LogWorld: BeginTearingDown for /Game/ThirdPersonBP/Maps/UEDPIE_0_ThirdPersonExampleMap
[2021.02.16-01.20.10:976][420]LogWorld: UWorld::CleanupWorld for ThirdPersonExampleMap, bSessionEnded=true, bCleanupResources=true
[2021.02.16-01.20.10:977][420]LogSlate: InvalidateAllWidgets triggered.  All widgets were invalidated
[2021.02.16-01.20.10:996][420]LogPlayLevel: Display: Shutting down PIE online subsystems
[2021.02.16-01.20.11:003][420]LogSlate: InvalidateAllWidgets triggered.  All widgets were invalidated
[2021.02.16-01.20.11:052][420]LogSlate: Updating window title bar state: overlay mode, drag disabled, window buttons hidden, title bar hidden
[2021.02.16-01.20.11:053][420]LogAISub: UAISubsystem::~UAISubsystem AIPerceptionSystem (000002008E8F5800), frame # 24420
[2021.02.16-01.20.11:053][420]LogAISub: UAISubsystem::~UAISubsystem EnvQueryManager (000002003C2BC800), frame # 24420
[2021.02.16-01.20.11:055][420]LogUObjectHash: Compacting FUObjectHashTables data took   2.42ms
[2021.02.16-01.20.11:085][421]LogPlayLevel: Display: Destroying online subsystem :Context_10
[2021.02.16-01.20.45:993][467]BlueprintLog: New page: Compile ThirdPersonCharacter
[2021.02.16-01.20.46:063][467]LogUObjectHash: Compacting FUObjectHashTables data took   2.64ms
[2021.02.16-01.20.47:788][617]LogTemp: Repeating last play command: Selected Viewport
[2021.02.16-01.20.47:801][617]LogPlayLevel: PlayLevel: No blueprints needed recompiling
[2021.02.16-01.20.47:801][617]PIE: New page: PIE session: ThirdPersonExampleMap (Feb 15, 2021, 3:20:47 PM)
[2021.02.16-01.20.47:823][617]LogPlayLevel: Creating play world package: /Game/ThirdPersonBP/Maps/UEDPIE_0_ThirdPersonExampleMap
[2021.02.16-01.20.47:845][617]LogPlayLevel: PIE: StaticDuplicateObject took: (0.022089s)
[2021.02.16-01.20.47:847][617]LogAIModule: Creating AISystem for world ThirdPersonExampleMap
[2021.02.16-01.20.47:847][617]LogAISub: UAISubsystem::UAISubsystem EnvQueryManager (000002002CCF9000), frame # 27617
[2021.02.16-01.20.47:847][617]LogAISub: UAISubsystem::UAISubsystem AIPerceptionSystem (00000200A08691C0), frame # 27617
[2021.02.16-01.20.47:848][617]LogPlayLevel: PIE: World Init took: (0.002595s)
[2021.02.16-01.20.47:848][617]LogPlayLevel: PIE: Created PIE world by copying editor world from /Game/ThirdPersonBP/Maps/ThirdPersonExampleMap.ThirdPersonExampleMap to /Game/ThirdPersonBP/Maps/UEDPIE_0_ThirdPersonExampleMap.ThirdPersonExampleMap (0.024987s)
[2021.02.16-01.20.47:880][617]LogUObjectHash: Compacting FUObjectHashTables data took   2.74ms
[2021.02.16-01.20.47:882][617]LogAudioMixer: Display: Audio Mixer Platform Settings:
[2021.02.16-01.20.47:882][617]LogAudioMixer: Display: 	Sample Rate:						  48000
[2021.02.16-01.20.47:882][617]LogAudioMixer: Display: 	Callback Buffer Frame Size Requested: 1024
[2021.02.16-01.20.47:882][617]LogAudioMixer: Display: 	Callback Buffer Frame Size To Use:	  1024
[2021.02.16-01.20.47:882][617]LogAudioMixer: Display: 	Number of buffers to queue:			  2
[2021.02.16-01.20.47:882][617]LogAudioMixer: Display: 	Max Channels (voices):				  32
[2021.02.16-01.20.47:882][617]LogAudioMixer: Display: 	Number of Async Source Workers:		  0
[2021.02.16-01.20.47:882][617]LogAudio: Display: AudioDevice MaxSources: 32
[2021.02.16-01.20.47:883][617]LogAudio: Display: Using built-in audio occlusion.
[2021.02.16-01.20.47:883][617]LogAudioMixer: Display: Initializing audio mixer.
[2021.02.16-01.20.47:888][617]LogAudioMixer: Display: 0: FrontLeft
[2021.02.16-01.20.47:888][617]LogAudioMixer: Display: 1: FrontRight
[2021.02.16-01.20.47:904][617]LogAudioMixer: Display: Using Audio Device ASUS VP247 (2- NVIDIA High Definition Audio)
[2021.02.16-01.20.47:904][617]LogAudioMixer: Display: Initializing Sound Submixes...
[2021.02.16-01.20.47:904][617]LogAudioMixer: Display: Creating Master Submix 'MasterSubmixDefault'
[2021.02.16-01.20.47:904][617]LogAudioMixer: Display: Creating Master Submix 'MasterReverbSubmixDefault'
[2021.02.16-01.20.47:905][617]LogAudioMixer: Display: Creating Master Submix 'MasterEQSubmixDefault'
[2021.02.16-01.20.47:918][617]LogInit: FAudioDevice initialized.
[2021.02.16-01.20.47:923][617]LogLoad: Game class is 'ThirdPersonGameMode_C'
[2021.02.16-01.20.47:925][617]LogWorld: Bringing World /Game/ThirdPersonBP/Maps/UEDPIE_0_ThirdPersonExampleMap.ThirdPersonExampleMap up for play (max tick rate 0) at 2021.02.15-20.20.47
[2021.02.16-01.20.47:925][617]LogWorld: Bringing up level for play took: 0.001324
[2021.02.16-01.20.47:926][617]LogOnline: OSS: Creating online subsystem instance for: :Context_11
[2021.02.16-01.20.47:927][617]PIE: Server logged in
[2021.02.16-01.20.47:928][617]PIE: Play in editor total start time 0.128 seconds.
[2021.02.16-01.21.07:674][979]LogSlate: Updating window title bar state: overlay mode, drag disabled, window buttons hidden, title bar hidden
[2021.02.16-01.21.07:674][979]LogWorld: BeginTearingDown for /Game/ThirdPersonBP/Maps/UEDPIE_0_ThirdPersonExampleMap
[2021.02.16-01.21.07:674][979]LogWorld: UWorld::CleanupWorld for ThirdPersonExampleMap, bSessionEnded=true, bCleanupResources=true
[2021.02.16-01.21.07:675][979]LogSlate: InvalidateAllWidgets triggered.  All widgets were invalidated
[2021.02.16-01.21.07:692][979]LogPlayLevel: Display: Shutting down PIE online subsystems
[2021.02.16-01.21.07:700][979]LogSlate: InvalidateAllWidgets triggered.  All widgets were invalidated
[2021.02.16-01.21.07:751][979]LogSlate: Updating window title bar state: overlay mode, drag disabled, window buttons hidden, title bar hidden
[2021.02.16-01.21.07:752][979]LogAISub: UAISubsystem::~UAISubsystem AIPerceptionSystem (00000200A08691C0), frame # 29979
[2021.02.16-01.21.07:752][979]LogAISub: UAISubsystem::~UAISubsystem EnvQueryManager (000002002CCF9000), frame # 29979
[2021.02.16-01.21.07:755][979]LogUObjectHash: Compacting FUObjectHashTables data took   2.28ms
[2021.02.16-01.21.07:785][980]LogPlayLevel: Display: Destroying online subsystem :Context_11
[2021.02.16-01.21.29:592][431]LogEditorViewport: Clicking on Actor (LMB): StaticMeshActor (Floor)
[2021.02.16-01.21.30:269][506]LogEditorViewport: Clicking on Actor (LMB): StaticMeshActor (Floor)
[2021.02.16-01.21.30:788][566]LogEditorViewport: Clicking on Actor (LMB): TextRenderActor (TextRenderActor)
[2021.02.16-01.21.32:836][803]Cmd: DELETE
[2021.02.16-01.21.32:836][803]Cmd: ACTOR DELETE
[2021.02.16-01.21.32:840][803]LogEditorActor: Deleted Actor: TextRenderActor
[2021.02.16-01.21.32:865][803]LogUObjectHash: Compacting FUObjectHashTables data took   2.40ms
[2021.02.16-01.21.32:867][803]LogEditorActor: Deleted 1 Actors (0.032 secs)
[2021.02.16-01.21.34:541][  3]LogEditorViewport: Clicking on Actor (LMB): DocumentationActor (DocumentationActor1)
[2021.02.16-01.21.35:492][113]Cmd: DELETE
[2021.02.16-01.21.35:492][113]Cmd: ACTOR DELETE
[2021.02.16-01.21.35:493][113]LogEditorActor: Deleted Actor: DocumentationActor
[2021.02.16-01.21.35:516][113]LogUObjectHash: Compacting FUObjectHashTables data took   0.51ms
[2021.02.16-01.21.35:518][113]LogEditorActor: Deleted 1 Actors (0.026 secs)
[2021.02.16-01.21.38:727][476]LogTemp: Repeating last play command: Selected Viewport
[2021.02.16-01.21.38:743][476]LogPlayLevel: PlayLevel: No blueprints needed recompiling
[2021.02.16-01.21.38:743][476]PIE: New page: PIE session: ThirdPersonExampleMap (Feb 15, 2021, 3:21:38 PM)
[2021.02.16-01.21.38:781][476]LogPlayLevel: Creating play world package: /Game/ThirdPersonBP/Maps/UEDPIE_0_ThirdPersonExampleMap
[2021.02.16-01.21.38:794][476]LogPlayLevel: PIE: StaticDuplicateObject took: (0.012435s)
[2021.02.16-01.21.38:795][476]LogAIModule: Creating AISystem for world ThirdPersonExampleMap
[2021.02.16-01.21.38:795][476]LogAISub: UAISubsystem::UAISubsystem EnvQueryManager (00000200A067D800), frame # 33476
[2021.02.16-01.21.38:795][476]LogAISub: UAISubsystem::UAISubsystem AIPerceptionSystem (000002008D0F3B00), frame # 33476
[2021.02.16-01.21.38:796][476]LogPlayLevel: PIE: World Init took: (0.001532s)
[2021.02.16-01.21.38:796][476]LogPlayLevel: PIE: Created PIE world by copying editor world from /Game/ThirdPersonBP/Maps/ThirdPersonExampleMap.ThirdPersonExampleMap to /Game/ThirdPersonBP/Maps/UEDPIE_0_ThirdPersonExampleMap.ThirdPersonExampleMap (0.014175s)
[2021.02.16-01.21.38:826][476]LogUObjectHash: Compacting FUObjectHashTables data took   2.09ms
[2021.02.16-01.21.38:827][476]LogAudioMixer: Display: Audio Mixer Platform Settings:
[2021.02.16-01.21.38:827][476]LogAudioMixer: Display: 	Sample Rate:						  48000
[2021.02.16-01.21.38:827][476]LogAudioMixer: Display: 	Callback Buffer Frame Size Requested: 1024
[2021.02.16-01.21.38:827][476]LogAudioMixer: Display: 	Callback Buffer Frame Size To Use:	  1024
[2021.02.16-01.21.38:827][476]LogAudioMixer: Display: 	Number of buffers to queue:			  2
[2021.02.16-01.21.38:827][476]LogAudioMixer: Display: 	Max Channels (voices):				  32
[2021.02.16-01.21.38:827][476]LogAudioMixer: Display: 	Number of Async Source Workers:		  0
[2021.02.16-01.21.38:827][476]LogAudio: Display: AudioDevice MaxSources: 32
[2021.02.16-01.21.38:828][476]LogAudio: Display: Using built-in audio occlusion.
[2021.02.16-01.21.38:828][476]LogAudioMixer: Display: Initializing audio mixer.
[2021.02.16-01.21.38:833][476]LogAudioMixer: Display: 0: FrontLeft
[2021.02.16-01.21.38:833][476]LogAudioMixer: Display: 1: FrontRight
[2021.02.16-01.21.38:850][476]LogAudioMixer: Display: Using Audio Device ASUS VP247 (2- NVIDIA High Definition Audio)
[2021.02.16-01.21.38:850][476]LogAudioMixer: Display: Initializing Sound Submixes...
[2021.02.16-01.21.38:850][476]LogAudioMixer: Display: Creating Master Submix 'MasterSubmixDefault'
[2021.02.16-01.21.38:850][476]LogAudioMixer: Display: Creating Master Submix 'MasterReverbSubmixDefault'
[2021.02.16-01.21.38:851][476]LogAudioMixer: Display: Creating Master Submix 'MasterEQSubmixDefault'
[2021.02.16-01.21.38:864][476]LogInit: FAudioDevice initialized.
[2021.02.16-01.21.38:880][476]LogLoad: Game class is 'ThirdPersonGameMode_C'
[2021.02.16-01.21.38:884][476]LogWorld: Bringing World /Game/ThirdPersonBP/Maps/UEDPIE_0_ThirdPersonExampleMap.ThirdPersonExampleMap up for play (max tick rate 0) at 2021.02.15-20.21.38
[2021.02.16-01.21.38:885][476]LogWorld: Bringing up level for play took: 0.003185
[2021.02.16-01.21.38:885][476]LogOnline: OSS: Creating online subsystem instance for: :Context_12
[2021.02.16-01.21.38:889][476]PIE: Server logged in
[2021.02.16-01.21.38:890][476]PIE: Play in editor total start time 0.148 seconds.
[2021.02.16-01.21.41:134][732]LogSlate: Updating window title bar state: overlay mode, drag disabled, window buttons hidden, title bar hidden
[2021.02.16-01.21.41:134][732]LogWorld: BeginTearingDown for /Game/ThirdPersonBP/Maps/UEDPIE_0_ThirdPersonExampleMap
[2021.02.16-01.21.41:134][732]LogWorld: UWorld::CleanupWorld for ThirdPersonExampleMap, bSessionEnded=true, bCleanupResources=true
[2021.02.16-01.21.41:135][732]LogSlate: InvalidateAllWidgets triggered.  All widgets were invalidated
[2021.02.16-01.21.41:149][732]LogPlayLevel: Display: Shutting down PIE online subsystems
[2021.02.16-01.21.41:156][732]LogSlate: InvalidateAllWidgets triggered.  All widgets were invalidated
[2021.02.16-01.21.41:190][732]LogSlate: Updating window title bar state: overlay mode, drag disabled, window buttons hidden, title bar hidden
[2021.02.16-01.21.41:211][732]LogAISub: UAISubsystem::~UAISubsystem AIPerceptionSystem (000002008D0F3B00), frame # 33732
[2021.02.16-01.21.41:211][732]LogAISub: UAISubsystem::~UAISubsystem EnvQueryManager (00000200A067D800), frame # 33732
[2021.02.16-01.21.41:213][732]LogUObjectHash: Compacting FUObjectHashTables data took   2.27ms
[2021.02.16-01.21.41:243][733]LogPlayLevel: Display: Destroying online subsystem :Context_12
[2021.02.16-01.23.33:173][554]LogUObjectHash: Compacting FUObjectHashTables data took   3.05ms
[2021.02.16-01.23.33:228][554]LogSavePackage: Moving '../../../../../../Users/cbrad/OneDrive/Documents/GitHub/pleasework/pleasework/Saved/ThirdPersonExampleMap86A0F3F8463DF704A0AFAABFB85E7673.tmp' to '../../../../../../Users/cbrad/OneDrive/Documents/GitHub/pleasework/pleasework/Content/ThirdPersonBP/Maps/ThirdPersonExampleMap.umap'
[2021.02.16-01.23.33:440][554]LogSavePackage: Moving '../../../../../../Users/cbrad/OneDrive/Documents/GitHub/pleasework/pleasework/Saved/ThirdPersonExampleMap_BuiltDataFD83B4B54BAA3A05AE27809A08A2F770.tmp' to '../../../../../../Users/cbrad/OneDrive/Documents/GitHub/pleasework/pleasework/Content/ThirdPersonBP/Maps/ThirdPersonExampleMap_BuiltData.uasset'
[2021.02.16-01.23.33:457][554]AssetCheck: New page: Asset Save: multiple assets
[2021.02.16-01.23.33:457][554]LogContentValidation: Display: Validating World /Game/ThirdPersonBP/Maps/ThirdPersonExampleMap.ThirdPersonExampleMap
[2021.02.16-01.23.33:458][554]LogContentValidation: Display: Validating MapBuildDataRegistry /Game/ThirdPersonBP/Maps/ThirdPersonExampleMap_BuiltData.ThirdPersonExampleMap_BuiltData
