Log file open, 03/05/21 16:31:59
LogInit: Display: Running engine for game: ThirdPersonHorror
LogPlatformFile: Not using cached read wrapper
LogTaskGraph: Started task graph with 5 named threads and 14 total threads with 3 sets of task threads.
LogStats: Stats thread started at 0.192144
LogD3D11RHI: Loaded GFSDK_Aftermath_Lib.x64.dll
LogICUInternationalization: ICU TimeZone Detection - Raw Offset: -5:00, Platform Override: ''
LogPluginManager: Mounting plugin Paper2D
LogPluginManager: Mounting plugin AISupport
LogPluginManager: Mounting plugin LightPropagationVolume
LogPluginManager: Mounting plugin CameraShakePreviewer
LogPluginManager: Mounting plugin ActorLayerUtilities
LogPluginManager: Mounting plugin AnimationSharing
LogPluginManager: Mounting plugin CLionSourceCodeAccess
LogPluginManager: Mounting plugin CodeLiteSourceCodeAccess
LogPluginManager: Mounting plugin GitSourceControl
LogPluginManager: Mounting plugin KDevelopSourceCodeAccess
LogPluginManager: Mounting plugin NullSourceCodeAccess
LogPluginManager: Mounting plugin PerforceSourceControl
LogPluginManager: Mounting plugin PlasticSourceControl
LogPluginManager: Mounting plugin RiderSourceCodeAccess
LogPluginManager: Mounting plugin SubversionSourceControl
LogPluginManager: Mounting plugin UObjectPlugin
LogPluginManager: Mounting plugin VisualStudioCodeSourceCodeAccess
LogPluginManager: Mounting plugin VisualStudioSourceCodeAccess
LogPluginManager: Mounting plugin XCodeSourceCodeAccess
LogPluginManager: Mounting plugin AssetManagerEditor
LogPluginManager: Mounting plugin CryptoKeys
LogPluginManager: Mounting plugin CurveEditorTools
LogPluginManager: Mounting plugin DataValidation
LogPluginManager: Mounting plugin EditorScriptingUtilities
LogPluginManager: Mounting plugin FacialAnimation
LogPluginManager: Mounting plugin GameplayTagsEditor
LogPluginManager: Mounting plugin GeometryMode
LogPluginManager: Mounting plugin MacGraphicsSwitching
LogPluginManager: Mounting plugin MaterialAnalyzer
LogPluginManager: Mounting plugin MobileLauncherProfileWizard
LogPluginManager: Mounting plugin PluginBrowser
LogPluginManager: Mounting plugin SpeedTreeImporter
LogPluginManager: Mounting plugin DatasmithContent
LogPluginManager: Mounting plugin VariantManagerContent
LogPluginManager: Mounting plugin AlembicImporter
LogPluginManager: Mounting plugin AutomationUtils
LogPluginManager: Mounting plugin BackChannel
LogPluginManager: Mounting plugin ChaosCloth
LogPluginManager: Mounting plugin ChaosClothEditor
LogPluginManager: Mounting plugin ChaosEditor
LogPluginManager: Mounting plugin ChaosNiagara
LogPluginManager: Mounting plugin ChaosSolverPlugin
LogPluginManager: Mounting plugin CharacterAI
LogPluginManager: Mounting plugin GeometryCache
LogPluginManager: Mounting plugin GeometryCollectionPlugin
LogPluginManager: Mounting plugin GeometryProcessing
LogPluginManager: Mounting plugin PlanarCut
LogPluginManager: Mounting plugin PlatformCrypto
LogPluginManager: Mounting plugin ProxyLODPlugin
LogPluginManager: Mounting plugin PythonScriptPlugin
LogPluginManager: Mounting plugin SkeletalReduction
LogPluginManager: Mounting plugin Niagara
LogPluginManager: Mounting plugin MagicLeap
LogPluginManager: Mounting plugin MagicLeapLightEstimation
LogPluginManager: Mounting plugin MagicLeapMedia
LogPluginManager: Mounting plugin MagicLeapPassableWorld
LogPluginManager: Mounting plugin MLSDK
LogPluginManager: Mounting plugin AndroidMedia
LogPluginManager: Mounting plugin AvfMedia
LogPluginManager: Mounting plugin ImgMedia
LogPluginManager: Mounting plugin MediaCompositing
LogPluginManager: Mounting plugin MediaPlayerEditor
LogPluginManager: Mounting plugin WebMMedia
LogPluginManager: Mounting plugin WmfMedia
LogPluginManager: Mounting plugin MegascansPlugin
LogPluginManager: Mounting plugin MeshPainting
LogPluginManager: Mounting plugin TcpMessaging
LogPluginManager: Mounting plugin UdpMessaging
LogPluginManager: Mounting plugin ActorSequence
LogPluginManager: Mounting plugin LevelSequenceEditor
LogPluginManager: Mounting plugin MatineeToLevelSequence
LogPluginManager: Mounting plugin MovieRenderPipeline
LogPluginManager: Mounting plugin TemplateSequence
LogPluginManager: Mounting plugin NetcodeUnitTest
LogPluginManager: Mounting plugin NUTUnrealEngine4
LogPluginManager: Mounting plugin OnlineSubsystemGooglePlay
LogPluginManager: Mounting plugin OnlineSubsystemIOS
LogPluginManager: Mounting plugin OnlineSubsystem
LogPluginManager: Mounting plugin OnlineSubsystemNull
LogPluginManager: Mounting plugin OnlineSubsystemUtils
LogPluginManager: Mounting plugin LauncherChunkInstaller
LogPluginManager: Mounting plugin AndroidDeviceProfileSelector
LogPluginManager: Mounting plugin AndroidMoviePlayer
LogPluginManager: Mounting plugin AndroidPermission
LogPluginManager: Mounting plugin AppleImageUtils
LogPluginManager: Mounting plugin AppleMoviePlayer
LogPluginManager: Mounting plugin ArchVisCharacter
LogPluginManager: Mounting plugin AssetTags
LogPluginManager: Mounting plugin AudioCapture
LogPluginManager: Mounting plugin CableComponent
LogPluginManager: Mounting plugin CustomMeshComponent
LogPluginManager: Mounting plugin DatabaseSupport
LogPluginManager: Mounting plugin SQLiteCore
LogPluginManager: Mounting plugin SQLiteSupport
LogPluginManager: Mounting plugin EditableMesh
LogPluginManager: Mounting plugin ExampleDeviceProfileSelector
LogPluginManager: Mounting plugin GoogleCloudMessaging
LogPluginManager: Mounting plugin GooglePAD
LogPluginManager: Mounting plugin IOSDeviceProfileSelector
LogPluginManager: Mounting plugin LinuxDeviceProfileSelector
LogPluginManager: Mounting plugin LocationServicesBPLibrary
LogPluginManager: Mounting plugin MobilePatchingUtils
LogPluginManager: Mounting plugin OculusVR
LogPluginManager: Mounting plugin PhysXVehicles
LogPluginManager: Mounting plugin PostSplashScreen
LogPluginManager: Mounting plugin ProceduralMeshComponent
LogPluginManager: Mounting plugin RuntimePhysXCooking
LogPluginManager: Mounting plugin SignificanceManager
LogPluginManager: Mounting plugin SoundFields
LogPluginManager: Mounting plugin SteamVR
LogPluginManager: Mounting plugin Synthesis
LogPluginManager: Mounting plugin WebMMoviePlayer
LogPluginManager: Mounting plugin WindowsMoviePlayer
LogPluginManager: Mounting plugin ScreenshotTools
LogInit: Using libcurl 7.55.1-DEV
LogInit:  - built for x86_64-pc-win32
LogInit:  - supports SSL with OpenSSL/1.1.1
LogInit:  - supports HTTP deflate (compression) using libz 1.2.8
LogInit:  - other features:
LogInit:      CURL_VERSION_SSL
LogInit:      CURL_VERSION_LIBZ
LogInit:      CURL_VERSION_IPV6
LogInit:      CURL_VERSION_ASYNCHDNS
LogInit:      CURL_VERSION_LARGEFILE
LogInit:      CURL_VERSION_IDN
LogInit:  CurlRequestOptions (configurable via config and command line):
LogInit:  - bVerifyPeer = true  - Libcurl will verify peer certificate
LogInit:  - bUseHttpProxy = false  - Libcurl will NOT use HTTP proxy
LogInit:  - bDontReuseConnections = false  - Libcurl will reuse connections
LogInit:  - MaxHostConnections = 16  - Libcurl will limit the number of connections to a host
LogInit:  - LocalHostAddr = Default
LogInit:  - BufferSize = 65536
LogOnline: OSS: Creating online subsystem instance for: NULL
LogInit: WinSock: version 1.1 (2.2), MaxSocks=32767, MaxUdp=65467
LogOnline: OSS: TryLoadSubsystemAndSetDefault: Loaded subsystem for module [NULL]
LogInit: Build: ++UE4+Release-4.25-CL-14469661
LogInit: Engine Version: 4.25.4-14469661+++UE4+Release-4.25
LogInit: Compatible Engine Version: 4.25.0-13144385+++UE4+Release-4.25
LogInit: Net CL: 13144385
LogInit: OS: Windows 10 (Release 1909) (), CPU: Intel(R) Core(TM) i5-7400 CPU @ 3.00GHz, GPU: NVIDIA GeForce GTX 1060 3GB
LogInit: Compiled (64-bit): Oct 11 2020 08:10:49
LogInit: Compiled with Visual C++: 19.24.28315.00
LogInit: Build Configuration: Development
LogInit: Branch Name: ++UE4+Release-4.25
LogInit: Command Line: 
LogInit: Base Directory: C:/Program Files/Epic Games/UE_4.25/Engine/Binaries/Win64/
LogInit: Allocator: TBB
LogInit: Installed Engine Build: 1
LogDevObjectVersion: Number of dev versions registered: 26
LogDevObjectVersion:   Dev-Blueprints (B0D832E4-1F89-4F0D-ACCF-7EB736FD4AA2): 10
LogDevObjectVersion:   Dev-Build (E1C64328-A22C-4D53-A36C-8E866417BD8C): 0
LogDevObjectVersion:   Dev-Core (375EC13C-06E4-48FB-B500-84F0262A717E): 4
LogDevObjectVersion:   Dev-Editor (E4B068ED-F494-42E9-A231-DA0B2E46BB41): 38
LogDevObjectVersion:   Dev-Framework (CFFC743F-43B0-4480-9391-14DF171D2073): 37
LogDevObjectVersion:   Dev-Mobile (B02B49B5-BB20-44E9-A304-32B752E40360): 2
LogDevObjectVersion:   Dev-Networking (A4E4105C-59A1-49B5-A7C5-40C4547EDFEE): 0
LogDevObjectVersion:   Dev-Online (39C831C9-5AE6-47DC-9A44-9C173E1C8E7C): 0
LogDevObjectVersion:   Dev-Physics (78F01B33-EBEA-4F98-B9B4-84EACCB95AA2): 4
LogDevObjectVersion:   Dev-Platform (6631380F-2D4D-43E0-8009-CF276956A95A): 0
LogDevObjectVersion:   Dev-Rendering (12F88B9F-8875-4AFC-A67C-D90C383ABD29): 43
LogDevObjectVersion:   Dev-Sequencer (7B5AE74C-D270-4C10-A958-57980B212A5A): 12
LogDevObjectVersion:   Dev-VR (D7296918-1DD6-4BDD-9DE2-64A83CC13884): 3
LogDevObjectVersion:   Dev-LoadTimes (C2A15278-BFE7-4AFE-6C17-90FF531DF755): 1
LogDevObjectVersion:   Private-Geometry (6EACA3D4-40EC-4CC1-B786-8BED09428FC5): 3
LogDevObjectVersion:   Dev-AnimPhys (29E575DD-E0A3-4627-9D10-D276232CDCEA): 17
LogDevObjectVersion:   Dev-Anim (AF43A65D-7FD3-4947-9873-3E8ED9C1BB05): 7
LogDevObjectVersion:   Dev-ReflectionCapture (6B266CEC-1EC7-4B8F-A30B-E4D90942FC07): 1
LogDevObjectVersion:   Dev-Automation (0DF73D61-A23F-47EA-B727-89E90C41499A): 1
LogDevObjectVersion:   FortniteMain (601D1886-AC64-4F84-AA16-D3DE0DEAC7D6): 31
LogDevObjectVersion:   Dev-Enterprise (9DFFBCD6-494F-0158-E221-12823C92A888): 10
LogDevObjectVersion:   Dev-Niagara (F2AED0AC-9AFE-416F-8664-AA7FFA26D6FC): 1
LogDevObjectVersion:   Dev-Destruction (174F1F0B-B4C6-45A5-B13F-2EE8D0FB917D): 10
LogDevObjectVersion:   Dev-Physics-Ext (35F94A83-E258-406C-A318-09F59610247C): 37
LogDevObjectVersion:   Dev-PhysicsMaterial-Chaos (B68FC16E-8B1B-42E2-B453-215C058844FE): 1
LogDevObjectVersion:   Dev-CineCamera (B2E18506-4273-CFC2-A54E-F4BB758BBA07): 1
LogInit: Presizing for max 25165824 objects, including 0 objects not considered by GC, pre-allocating 0 bytes for permanent pool.
LogConfig: Applying CVar settings from Section [/Script/Engine.StreamingSettings] File [C:/Users/cbrad/OneDrive/Documents/GitHub/ThirdPersonHorror/ThirdPersonHorror/Saved/Config/Windows/Engine.ini]
LogConfig: Setting CVar [[s.MinBulkDataSizeForAsyncLoading:131072]]
LogConfig: Setting CVar [[s.AsyncLoadingThreadEnabled:0]]
LogConfig: Setting CVar [[s.EventDrivenLoaderEnabled:1]]
LogConfig: Setting CVar [[s.WarnIfTimeLimitExceeded:0]]
LogConfig: Setting CVar [[s.TimeLimitExceededMultiplier:1.5]]
LogConfig: Setting CVar [[s.TimeLimitExceededMinTime:0.005]]
LogConfig: Setting CVar [[s.UseBackgroundLevelStreaming:1]]
LogConfig: Setting CVar [[s.PriorityAsyncLoadingExtraTime:15.0]]
LogConfig: Setting CVar [[s.LevelStreamingActorsUpdateTimeLimit:5.0]]
LogConfig: Setting CVar [[s.PriorityLevelStreamingActorsUpdateExtraTime:5.0]]
LogConfig: Setting CVar [[s.LevelStreamingComponentsRegistrationGranularity:10]]
LogConfig: Setting CVar [[s.UnregisterComponentsTimeLimit:1.0]]
LogConfig: Setting CVar [[s.LevelStreamingComponentsUnregistrationGranularity:5]]
LogConfig: Setting CVar [[s.FlushStreamingOnExit:1]]
LogInit: Object subsystem initialized
LogConfig: Setting CVar [[con.DebugEarlyDefault:1]]
LogConfig: Setting CVar [[r.setres:1280x720]]
[2021.03.05-21.31.59:412][  0]LogConfig: Setting CVar [[r.VSync:0]]
[2021.03.05-21.31.59:412][  0]LogConfig: Setting CVar [[r.RHICmdBypass:0]]
[2021.03.05-21.31.59:412][  0]LogConfig: Applying CVar settings from Section [/Script/Engine.RendererSettings] File [C:/Users/cbrad/OneDrive/Documents/GitHub/ThirdPersonHorror/ThirdPersonHorror/Saved/Config/Windows/Engine.ini]
[2021.03.05-21.31.59:412][  0]LogConfig: Setting CVar [[r.GPUCrashDebugging:0]]
[2021.03.05-21.31.59:412][  0]LogConfig: Applying CVar settings from Section [/Script/Engine.RendererOverrideSettings] File [C:/Users/cbrad/OneDrive/Documents/GitHub/ThirdPersonHorror/ThirdPersonHorror/Saved/Config/Windows/Engine.ini]
[2021.03.05-21.31.59:412][  0]LogConfig: Applying CVar settings from Section [/Script/Engine.StreamingSettings] File [C:/Users/cbrad/OneDrive/Documents/GitHub/ThirdPersonHorror/ThirdPersonHorror/Saved/Config/Windows/Engine.ini]
[2021.03.05-21.31.59:412][  0]LogConfig: Setting CVar [[s.MinBulkDataSizeForAsyncLoading:131072]]
[2021.03.05-21.31.59:412][  0]LogConfig: Setting CVar [[s.AsyncLoadingThreadEnabled:0]]
[2021.03.05-21.31.59:412][  0]LogConfig: Setting CVar [[s.EventDrivenLoaderEnabled:1]]
[2021.03.05-21.31.59:412][  0]LogConfig: Setting CVar [[s.WarnIfTimeLimitExceeded:0]]
[2021.03.05-21.31.59:412][  0]LogConfig: Setting CVar [[s.TimeLimitExceededMultiplier:1.5]]
[2021.03.05-21.31.59:412][  0]LogConfig: Setting CVar [[s.TimeLimitExceededMinTime:0.005]]
[2021.03.05-21.31.59:412][  0]LogConfig: Setting CVar [[s.UseBackgroundLevelStreaming:1]]
[2021.03.05-21.31.59:412][  0]LogConfig: Setting CVar [[s.PriorityAsyncLoadingExtraTime:15.0]]
[2021.03.05-21.31.59:412][  0]LogConfig: Setting CVar [[s.LevelStreamingActorsUpdateTimeLimit:5.0]]
[2021.03.05-21.31.59:413][  0]LogConfig: Setting CVar [[s.PriorityLevelStreamingActorsUpdateExtraTime:5.0]]
[2021.03.05-21.31.59:413][  0]LogConfig: Setting CVar [[s.LevelStreamingComponentsRegistrationGranularity:10]]
[2021.03.05-21.31.59:413][  0]LogConfig: Setting CVar [[s.UnregisterComponentsTimeLimit:1.0]]
[2021.03.05-21.31.59:413][  0]LogConfig: Setting CVar [[s.LevelStreamingComponentsUnregistrationGranularity:5]]
[2021.03.05-21.31.59:413][  0]LogConfig: Setting CVar [[s.FlushStreamingOnExit:1]]
[2021.03.05-21.31.59:413][  0]LogConfig: Applying CVar settings from Section [/Script/Engine.GarbageCollectionSettings] File [C:/Users/cbrad/OneDrive/Documents/GitHub/ThirdPersonHorror/ThirdPersonHorror/Saved/Config/Windows/Engine.ini]
[2021.03.05-21.31.59:413][  0]LogConfig: Setting CVar [[gc.MaxObjectsNotConsideredByGC:1]]
[2021.03.05-21.31.59:413][  0]LogConfig: Setting CVar [[gc.SizeOfPermanentObjectPool:0]]
[2021.03.05-21.31.59:413][  0]LogConfig: Setting CVar [[gc.FlushStreamingOnGC:0]]
[2021.03.05-21.31.59:413][  0]LogConfig: Setting CVar [[gc.NumRetriesBeforeForcingGC:10]]
[2021.03.05-21.31.59:413][  0]LogConfig: Setting CVar [[gc.AllowParallelGC:1]]
[2021.03.05-21.31.59:413][  0]LogConfig: Setting CVar [[gc.TimeBetweenPurgingPendingKillObjects:61.1]]
[2021.03.05-21.31.59:413][  0]LogConfig: Setting CVar [[gc.MaxObjectsInEditor:25165824]]
[2021.03.05-21.31.59:413][  0]LogConfig: Setting CVar [[gc.IncrementalBeginDestroyEnabled:1]]
[2021.03.05-21.31.59:413][  0]LogConfig: Setting CVar [[gc.CreateGCClusters:1]]
[2021.03.05-21.31.59:413][  0]LogConfig: Setting CVar [[gc.MinGCClusterSize:5]]
[2021.03.05-21.31.59:413][  0]LogConfig: Setting CVar [[gc.ActorClusteringEnabled:0]]
[2021.03.05-21.31.59:413][  0]LogConfig: Setting CVar [[gc.BlueprintClusteringEnabled:0]]
[2021.03.05-21.31.59:413][  0]LogConfig: Setting CVar [[gc.UseDisregardForGCOnDedicatedServers:0]]
[2021.03.05-21.31.59:413][  0]LogConfig: Applying CVar settings from Section [/Script/Engine.NetworkSettings] File [C:/Users/cbrad/OneDrive/Documents/GitHub/ThirdPersonHorror/ThirdPersonHorror/Saved/Config/Windows/Engine.ini]
[2021.03.05-21.31.59:413][  0]LogConfig: Applying CVar settings from Section [/Script/UnrealEd.CookerSettings] File [C:/Users/cbrad/OneDrive/Documents/GitHub/ThirdPersonHorror/ThirdPersonHorror/Saved/Config/Windows/Engine.ini]
[2021.03.05-21.31.59:416][  0]LogConfig: Applying CVar settings from Section [ViewDistanceQuality@3] File [C:/Users/cbrad/OneDrive/Documents/GitHub/ThirdPersonHorror/ThirdPersonHorror/Saved/Config/Windows/Scalability.ini]
[2021.03.05-21.31.59:417][  0]LogConfig: Setting CVar [[r.SkeletalMeshLODBias:0]]
[2021.03.05-21.31.59:417][  0]LogConfig: Setting CVar [[r.ViewDistanceScale:1.0]]
[2021.03.05-21.31.59:417][  0]LogConfig: Applying CVar settings from Section [AntiAliasingQuality@3] File [C:/Users/cbrad/OneDrive/Documents/GitHub/ThirdPersonHorror/ThirdPersonHorror/Saved/Config/Windows/Scalability.ini]
[2021.03.05-21.31.59:417][  0]LogConfig: Setting CVar [[r.PostProcessAAQuality:4]]
[2021.03.05-21.31.59:417][  0]LogConfig: Applying CVar settings from Section [ShadowQuality@3] File [C:/Users/cbrad/OneDrive/Documents/GitHub/ThirdPersonHorror/ThirdPersonHorror/Saved/Config/Windows/Scalability.ini]
[2021.03.05-21.31.59:417][  0]LogConfig: Setting CVar [[r.LightFunctionQuality:1]]
[2021.03.05-21.31.59:417][  0]LogConfig: Setting CVar [[r.ShadowQuality:5]]
[2021.03.05-21.31.59:417][  0]LogConfig: Setting CVar [[r.Shadow.CSM.MaxCascades:10]]
[2021.03.05-21.31.59:417][  0]LogConfig: Setting CVar [[r.Shadow.MaxResolution:2048]]
[2021.03.05-21.31.59:417][  0]LogConfig: Setting CVar [[r.Shadow.MaxCSMResolution:2048]]
[2021.03.05-21.31.59:417][  0]LogConfig: Setting CVar [[r.Shadow.RadiusThreshold:0.01]]
[2021.03.05-21.31.59:417][  0]LogConfig: Setting CVar [[r.Shadow.DistanceScale:1.0]]
[2021.03.05-21.31.59:417][  0]LogConfig: Setting CVar [[r.Shadow.CSM.TransitionScale:1.0]]
[2021.03.05-21.31.59:417][  0]LogConfig: Setting CVar [[r.Shadow.PreShadowResolutionFactor:1.0]]
[2021.03.05-21.31.59:417][  0]LogConfig: Setting CVar [[r.DistanceFieldShadowing:1]]
[2021.03.05-21.31.59:417][  0]LogConfig: Setting CVar [[r.DistanceFieldAO:1]]
[2021.03.05-21.31.59:417][  0]LogConfig: Setting CVar [[r.AOQuality:2]]
[2021.03.05-21.31.59:417][  0]LogConfig: Setting CVar [[r.VolumetricFog:1]]
[2021.03.05-21.31.59:417][  0]LogConfig: Setting CVar [[r.VolumetricFog.GridPixelSize:8]]
[2021.03.05-21.31.59:417][  0]LogConfig: Setting CVar [[r.VolumetricFog.GridSizeZ:128]]
[2021.03.05-21.31.59:417][  0]LogConfig: Setting CVar [[r.VolumetricFog.HistoryMissSupersampleCount:4]]
[2021.03.05-21.31.59:417][  0]LogConfig: Setting CVar [[r.LightMaxDrawDistanceScale:1]]
[2021.03.05-21.31.59:417][  0]LogConfig: Setting CVar [[r.CapsuleShadows:1]]
[2021.03.05-21.31.59:417][  0]LogConfig: Applying CVar settings from Section [PostProcessQuality@3] File [C:/Users/cbrad/OneDrive/Documents/GitHub/ThirdPersonHorror/ThirdPersonHorror/Saved/Config/Windows/Scalability.ini]
[2021.03.05-21.31.59:417][  0]LogConfig: Setting CVar [[r.MotionBlurQuality:4]]
[2021.03.05-21.31.59:417][  0]LogConfig: Setting CVar [[r.AmbientOcclusionMipLevelFactor:0.4]]
[2021.03.05-21.31.59:417][  0]LogConfig: Setting CVar [[r.AmbientOcclusionMaxQuality:100]]
[2021.03.05-21.31.59:417][  0]LogConfig: Setting CVar [[r.AmbientOcclusionLevels:-1]]
[2021.03.05-21.31.59:417][  0]LogConfig: Setting CVar [[r.AmbientOcclusionRadiusScale:1.0]]
[2021.03.05-21.31.59:417][  0]LogConfig: Setting CVar [[r.DepthOfFieldQuality:2]]
[2021.03.05-21.31.59:417][  0]LogConfig: Setting CVar [[r.RenderTargetPoolMin:400]]
[2021.03.05-21.31.59:417][  0]LogConfig: Setting CVar [[r.LensFlareQuality:2]]
[2021.03.05-21.31.59:417][  0]LogConfig: Setting CVar [[r.SceneColorFringeQuality:1]]
[2021.03.05-21.31.59:417][  0]LogConfig: Setting CVar [[r.EyeAdaptationQuality:2]]
[2021.03.05-21.31.59:417][  0]LogConfig: Setting CVar [[r.BloomQuality:5]]
[2021.03.05-21.31.59:417][  0]LogConfig: Setting CVar [[r.FastBlurThreshold:100]]
[2021.03.05-21.31.59:417][  0]LogConfig: Setting CVar [[r.Upscale.Quality:3]]
[2021.03.05-21.31.59:417][  0]LogConfig: Setting CVar [[r.Tonemapper.GrainQuantization:1]]
[2021.03.05-21.31.59:417][  0]LogConfig: Setting CVar [[r.LightShaftQuality:1]]
[2021.03.05-21.31.59:417][  0]LogConfig: Setting CVar [[r.Filter.SizeScale:1]]
[2021.03.05-21.31.59:417][  0]LogConfig: Setting CVar [[r.Tonemapper.Quality:5]]
[2021.03.05-21.31.59:417][  0]LogConfig: Setting CVar [[r.DOF.Gather.AccumulatorQuality:1        ; higher gathering accumulator quality]]
[2021.03.05-21.31.59:417][  0]LogConfig: Setting CVar [[r.DOF.Gather.PostfilterMethod:1          ; Median3x3 postfilering method]]
[2021.03.05-21.31.59:417][  0]LogConfig: Setting CVar [[r.DOF.Gather.EnableBokehSettings:0       ; no bokeh simulation when gathering]]
[2021.03.05-21.31.59:417][  0]LogConfig: Setting CVar [[r.DOF.Gather.RingCount:4                 ; medium number of samples when gathering]]
[2021.03.05-21.31.59:417][  0]LogConfig: Setting CVar [[r.DOF.Scatter.ForegroundCompositing:1    ; additive foreground scattering]]
[2021.03.05-21.31.59:417][  0]LogConfig: Setting CVar [[r.DOF.Scatter.BackgroundCompositing:2    ; additive background scattering]]
[2021.03.05-21.31.59:417][  0]LogConfig: Setting CVar [[r.DOF.Scatter.EnableBokehSettings:1      ; bokeh simulation when scattering]]
[2021.03.05-21.31.59:417][  0]LogConfig: Setting CVar [[r.DOF.Scatter.MaxSpriteRatio:0.1         ; only a maximum of 10% of scattered bokeh]]
[2021.03.05-21.31.59:417][  0]LogConfig: Setting CVar [[r.DOF.Recombine.Quality:1                ; cheap slight out of focus]]
[2021.03.05-21.31.59:417][  0]LogConfig: Setting CVar [[r.DOF.Recombine.EnableBokehSettings:0    ; no bokeh simulation on slight out of focus]]
[2021.03.05-21.31.59:417][  0]LogConfig: Setting CVar [[r.DOF.TemporalAAQuality:1                ; more stable temporal accumulation]]
[2021.03.05-21.31.59:417][  0]LogConfig: Setting CVar [[r.DOF.Kernel.MaxForegroundRadius:0.025]]
[2021.03.05-21.31.59:417][  0]LogConfig: Setting CVar [[r.DOF.Kernel.MaxBackgroundRadius:0.025]]
[2021.03.05-21.31.59:417][  0]LogConfig: Applying CVar settings from Section [TextureQuality@3] File [C:/Users/cbrad/OneDrive/Documents/GitHub/ThirdPersonHorror/ThirdPersonHorror/Saved/Config/Windows/Scalability.ini]
[2021.03.05-21.31.59:417][  0]LogConfig: Setting CVar [[r.Streaming.MipBias:0]]
[2021.03.05-21.31.59:417][  0]LogConfig: Setting CVar [[r.Streaming.AmortizeCPUToGPUCopy:0]]
[2021.03.05-21.31.59:417][  0]LogConfig: Setting CVar [[r.Streaming.MaxNumTexturesToStreamPerFrame:0]]
[2021.03.05-21.31.59:417][  0]LogConfig: Setting CVar [[r.Streaming.Boost:1]]
[2021.03.05-21.31.59:417][  0]LogConfig: Setting CVar [[r.MaxAnisotropy:8]]
[2021.03.05-21.31.59:417][  0]LogConfig: Setting CVar [[r.VT.MaxAnisotropy:8]]
[2021.03.05-21.31.59:417][  0]LogConfig: Setting CVar [[r.Streaming.LimitPoolSizeToVRAM:0]]
[2021.03.05-21.31.59:417][  0]LogConfig: Setting CVar [[r.Streaming.PoolSize:1000]]
[2021.03.05-21.31.59:417][  0]LogConfig: Setting CVar [[r.Streaming.MaxEffectiveScreenSize:0]]
[2021.03.05-21.31.59:417][  0]LogConfig: Applying CVar settings from Section [EffectsQuality@3] File [C:/Users/cbrad/OneDrive/Documents/GitHub/ThirdPersonHorror/ThirdPersonHorror/Saved/Config/Windows/Scalability.ini]
[2021.03.05-21.31.59:418][  0]LogConfig: Setting CVar [[r.TranslucencyLightingVolumeDim:64]]
[2021.03.05-21.31.59:418][  0]LogConfig: Setting CVar [[r.RefractionQuality:2]]
[2021.03.05-21.31.59:418][  0]LogConfig: Setting CVar [[r.SSR.Quality:3]]
[2021.03.05-21.31.59:418][  0]LogConfig: Setting CVar [[r.SSR.HalfResSceneColor:0]]
[2021.03.05-21.31.59:418][  0]LogConfig: Setting CVar [[r.SceneColorFormat:4]]
[2021.03.05-21.31.59:418][  0]LogConfig: Setting CVar [[r.DetailMode:2]]
[2021.03.05-21.31.59:418][  0]LogConfig: Setting CVar [[r.TranslucencyVolumeBlur:1]]
[2021.03.05-21.31.59:418][  0]LogConfig: Setting CVar [[r.MaterialQualityLevel:1 ; High quality]]
[2021.03.05-21.31.59:418][  0]LogConfig: Setting CVar [[r.SSS.Scale:1]]
[2021.03.05-21.31.59:418][  0]LogConfig: Setting CVar [[r.SSS.SampleSet:2]]
[2021.03.05-21.31.59:418][  0]LogConfig: Setting CVar [[r.SSS.Quality:1]]
[2021.03.05-21.31.59:418][  0]LogConfig: Setting CVar [[r.SSS.HalfRes:0]]
[2021.03.05-21.31.59:418][  0]LogConfig: Setting CVar [[r.SSGI.Quality:3]]
[2021.03.05-21.31.59:418][  0]LogConfig: Setting CVar [[r.EmitterSpawnRateScale:1.0]]
[2021.03.05-21.31.59:418][  0]LogConfig: Setting CVar [[r.ParticleLightQuality:2]]
[2021.03.05-21.31.59:418][  0]LogConfig: Setting CVar [[r.SkyAtmosphere.AerialPerspectiveLUT.FastApplyOnOpaque:1 ; Always have FastSkyLUT 1 in this case to avoid wrong sky]]
[2021.03.05-21.31.59:418][  0]LogConfig: Setting CVar [[r.SkyAtmosphere.AerialPerspectiveLUT.SampleCountPerSlice:1]]
[2021.03.05-21.31.59:418][  0]LogConfig: Setting CVar [[r.SkyAtmosphere.AerialPerspectiveLUT.DepthResolution:16.0]]
[2021.03.05-21.31.59:418][  0]LogConfig: Setting CVar [[r.SkyAtmosphere.FastSkyLUT:1]]
[2021.03.05-21.31.59:418][  0]LogConfig: Setting CVar [[r.SkyAtmosphere.FastSkyLUT.SampleCountMin:4.0]]
[2021.03.05-21.31.59:418][  0]LogConfig: Setting CVar [[r.SkyAtmosphere.FastSkyLUT.SampleCountMax:32.0]]
[2021.03.05-21.31.59:418][  0]LogConfig: Setting CVar [[r.SkyAtmosphere.SampleCountMin:4.0]]
[2021.03.05-21.31.59:418][  0]LogConfig: Setting CVar [[r.SkyAtmosphere.SampleCountMax:32.0]]
[2021.03.05-21.31.59:418][  0]LogConfig: Setting CVar [[r.SkyAtmosphere.TransmittanceLUT.UseSmallFormat:0]]
[2021.03.05-21.31.59:418][  0]LogConfig: Setting CVar [[r.SkyAtmosphere.TransmittanceLUT.SampleCount:10.0]]
[2021.03.05-21.31.59:418][  0]LogConfig: Setting CVar [[r.SkyAtmosphere.MultiScatteringLUT.SampleCount:15.0]]
[2021.03.05-21.31.59:418][  0]LogConfig: Applying CVar settings from Section [FoliageQuality@3] File [C:/Users/cbrad/OneDrive/Documents/GitHub/ThirdPersonHorror/ThirdPersonHorror/Saved/Config/Windows/Scalability.ini]
[2021.03.05-21.31.59:418][  0]LogConfig: Setting CVar [[foliage.DensityScale:1.0]]
[2021.03.05-21.31.59:418][  0]LogConfig: Setting CVar [[grass.DensityScale:1.0]]
[2021.03.05-21.31.59:418][  0]LogConfig: Applying CVar settings from Section [ShadingQuality@3] File [C:/Users/cbrad/OneDrive/Documents/GitHub/ThirdPersonHorror/ThirdPersonHorror/Saved/Config/Windows/Scalability.ini]
[2021.03.05-21.31.59:418][  0]LogConfig: Setting CVar [[r.HairStrands.SkyLighting.SampleCount:16]]
[2021.03.05-21.31.59:418][  0]LogConfig: Setting CVar [[r.HairStrands.SkyLighting.JitterIntegration:0]]
[2021.03.05-21.31.59:418][  0]LogConfig: Setting CVar [[r.HairStrands.SkyAO.SampleCount:16]]
[2021.03.05-21.31.59:418][  0]LogConfig: Setting CVar [[r.HairStrands.DeepShadow.SuperSampling:0]]
[2021.03.05-21.31.59:418][  0]LogConfig: Setting CVar [[r.HairStrands.VisibilityPPLL:0]]
[2021.03.05-21.31.59:418][  0]LogConfig: Setting CVar [[r.HairStrands.RasterizationScale:0.5]]
[2021.03.05-21.31.59:418][  0]LogConfig: Setting CVar [[r.HairStrands.VelocityRasterizationScale:1]]
[2021.03.05-21.31.59:418][  0]LogInit: Selected Device Profile: [Windows]
[2021.03.05-21.31.59:418][  0]LogInit: Applying CVar settings loaded from the selected device profile: [Windows]
[2021.03.05-21.31.59:418][  0]LogHAL: Display: Platform has ~ 8 GB [8529567744 / 8589934592 / 8], which maps to Default [LargestMinGB=32, LargerMinGB=12, DefaultMinGB=8, SmallerMinGB=6, SmallestMinGB=0)
[2021.03.05-21.31.59:418][  0]LogInit: Going up to parent DeviceProfile []
[2021.03.05-21.31.59:418][  0]LogConfig: Applying CVar settings from Section [ViewDistanceQuality@3] File [C:/Users/cbrad/OneDrive/Documents/GitHub/ThirdPersonHorror/ThirdPersonHorror/Saved/Config/Windows/Scalability.ini]
[2021.03.05-21.31.59:418][  0]LogConfig: Setting CVar [[r.SkeletalMeshLODBias:0]]
[2021.03.05-21.31.59:418][  0]LogConfig: Setting CVar [[r.ViewDistanceScale:1.0]]
[2021.03.05-21.31.59:418][  0]LogConfig: Applying CVar settings from Section [AntiAliasingQuality@3] File [C:/Users/cbrad/OneDrive/Documents/GitHub/ThirdPersonHorror/ThirdPersonHorror/Saved/Config/Windows/Scalability.ini]
[2021.03.05-21.31.59:418][  0]LogConfig: Setting CVar [[r.PostProcessAAQuality:4]]
[2021.03.05-21.31.59:418][  0]LogConfig: Applying CVar settings from Section [ShadowQuality@3] File [C:/Users/cbrad/OneDrive/Documents/GitHub/ThirdPersonHorror/ThirdPersonHorror/Saved/Config/Windows/Scalability.ini]
[2021.03.05-21.31.59:418][  0]LogConfig: Setting CVar [[r.LightFunctionQuality:1]]
[2021.03.05-21.31.59:418][  0]LogConfig: Setting CVar [[r.ShadowQuality:5]]
[2021.03.05-21.31.59:418][  0]LogConfig: Setting CVar [[r.Shadow.CSM.MaxCascades:10]]
[2021.03.05-21.31.59:418][  0]LogConfig: Setting CVar [[r.Shadow.MaxResolution:2048]]
[2021.03.05-21.31.59:418][  0]LogConfig: Setting CVar [[r.Shadow.MaxCSMResolution:2048]]
[2021.03.05-21.31.59:418][  0]LogConfig: Setting CVar [[r.Shadow.RadiusThreshold:0.01]]
[2021.03.05-21.31.59:418][  0]LogConfig: Setting CVar [[r.Shadow.DistanceScale:1.0]]
[2021.03.05-21.31.59:418][  0]LogConfig: Setting CVar [[r.Shadow.CSM.TransitionScale:1.0]]
[2021.03.05-21.31.59:418][  0]LogConfig: Setting CVar [[r.Shadow.PreShadowResolutionFactor:1.0]]
[2021.03.05-21.31.59:418][  0]LogConfig: Setting CVar [[r.DistanceFieldShadowing:1]]
[2021.03.05-21.31.59:418][  0]LogConfig: Setting CVar [[r.DistanceFieldAO:1]]
[2021.03.05-21.31.59:418][  0]LogConfig: Setting CVar [[r.AOQuality:2]]
[2021.03.05-21.31.59:418][  0]LogConfig: Setting CVar [[r.VolumetricFog:1]]
[2021.03.05-21.31.59:418][  0]LogConfig: Setting CVar [[r.VolumetricFog.GridPixelSize:8]]
[2021.03.05-21.31.59:418][  0]LogConfig: Setting CVar [[r.VolumetricFog.GridSizeZ:128]]
[2021.03.05-21.31.59:418][  0]LogConfig: Setting CVar [[r.VolumetricFog.HistoryMissSupersampleCount:4]]
[2021.03.05-21.31.59:419][  0]LogConfig: Setting CVar [[r.LightMaxDrawDistanceScale:1]]
[2021.03.05-21.31.59:419][  0]LogConfig: Setting CVar [[r.CapsuleShadows:1]]
[2021.03.05-21.31.59:419][  0]LogConfig: Applying CVar settings from Section [PostProcessQuality@3] File [C:/Users/cbrad/OneDrive/Documents/GitHub/ThirdPersonHorror/ThirdPersonHorror/Saved/Config/Windows/Scalability.ini]
[2021.03.05-21.31.59:419][  0]LogConfig: Setting CVar [[r.MotionBlurQuality:4]]
[2021.03.05-21.31.59:419][  0]LogConfig: Setting CVar [[r.AmbientOcclusionMipLevelFactor:0.4]]
[2021.03.05-21.31.59:419][  0]LogConfig: Setting CVar [[r.AmbientOcclusionMaxQuality:100]]
[2021.03.05-21.31.59:419][  0]LogConfig: Setting CVar [[r.AmbientOcclusionLevels:-1]]
[2021.03.05-21.31.59:419][  0]LogConfig: Setting CVar [[r.AmbientOcclusionRadiusScale:1.0]]
[2021.03.05-21.31.59:419][  0]LogConfig: Setting CVar [[r.DepthOfFieldQuality:2]]
[2021.03.05-21.31.59:419][  0]LogConfig: Setting CVar [[r.RenderTargetPoolMin:400]]
[2021.03.05-21.31.59:419][  0]LogConfig: Setting CVar [[r.LensFlareQuality:2]]
[2021.03.05-21.31.59:419][  0]LogConfig: Setting CVar [[r.SceneColorFringeQuality:1]]
[2021.03.05-21.31.59:419][  0]LogConfig: Setting CVar [[r.EyeAdaptationQuality:2]]
[2021.03.05-21.31.59:419][  0]LogConfig: Setting CVar [[r.BloomQuality:5]]
[2021.03.05-21.31.59:419][  0]LogConfig: Setting CVar [[r.FastBlurThreshold:100]]
[2021.03.05-21.31.59:419][  0]LogConfig: Setting CVar [[r.Upscale.Quality:3]]
[2021.03.05-21.31.59:419][  0]LogConfig: Setting CVar [[r.Tonemapper.GrainQuantization:1]]
[2021.03.05-21.31.59:419][  0]LogConfig: Setting CVar [[r.LightShaftQuality:1]]
[2021.03.05-21.31.59:419][  0]LogConfig: Setting CVar [[r.Filter.SizeScale:1]]
[2021.03.05-21.31.59:419][  0]LogConfig: Setting CVar [[r.Tonemapper.Quality:5]]
[2021.03.05-21.31.59:419][  0]LogConfig: Setting CVar [[r.DOF.Gather.AccumulatorQuality:1        ; higher gathering accumulator quality]]
[2021.03.05-21.31.59:419][  0]LogConfig: Setting CVar [[r.DOF.Gather.PostfilterMethod:1          ; Median3x3 postfilering method]]
[2021.03.05-21.31.59:419][  0]LogConfig: Setting CVar [[r.DOF.Gather.EnableBokehSettings:0       ; no bokeh simulation when gathering]]
[2021.03.05-21.31.59:419][  0]LogConfig: Setting CVar [[r.DOF.Gather.RingCount:4                 ; medium number of samples when gathering]]
[2021.03.05-21.31.59:419][  0]LogConfig: Setting CVar [[r.DOF.Scatter.ForegroundCompositing:1    ; additive foreground scattering]]
[2021.03.05-21.31.59:419][  0]LogConfig: Setting CVar [[r.DOF.Scatter.BackgroundCompositing:2    ; additive background scattering]]
[2021.03.05-21.31.59:419][  0]LogConfig: Setting CVar [[r.DOF.Scatter.EnableBokehSettings:1      ; bokeh simulation when scattering]]
[2021.03.05-21.31.59:419][  0]LogConfig: Setting CVar [[r.DOF.Scatter.MaxSpriteRatio:0.1         ; only a maximum of 10% of scattered bokeh]]
[2021.03.05-21.31.59:419][  0]LogConfig: Setting CVar [[r.DOF.Recombine.Quality:1                ; cheap slight out of focus]]
[2021.03.05-21.31.59:419][  0]LogConfig: Setting CVar [[r.DOF.Recombine.EnableBokehSettings:0    ; no bokeh simulation on slight out of focus]]
[2021.03.05-21.31.59:419][  0]LogConfig: Setting CVar [[r.DOF.TemporalAAQuality:1                ; more stable temporal accumulation]]
[2021.03.05-21.31.59:419][  0]LogConfig: Setting CVar [[r.DOF.Kernel.MaxForegroundRadius:0.025]]
[2021.03.05-21.31.59:419][  0]LogConfig: Setting CVar [[r.DOF.Kernel.MaxBackgroundRadius:0.025]]
[2021.03.05-21.31.59:419][  0]LogConfig: Applying CVar settings from Section [TextureQuality@3] File [C:/Users/cbrad/OneDrive/Documents/GitHub/ThirdPersonHorror/ThirdPersonHorror/Saved/Config/Windows/Scalability.ini]
[2021.03.05-21.31.59:419][  0]LogConfig: Setting CVar [[r.Streaming.MipBias:0]]
[2021.03.05-21.31.59:419][  0]LogConfig: Setting CVar [[r.Streaming.AmortizeCPUToGPUCopy:0]]
[2021.03.05-21.31.59:419][  0]LogConfig: Setting CVar [[r.Streaming.MaxNumTexturesToStreamPerFrame:0]]
[2021.03.05-21.31.59:419][  0]LogConfig: Setting CVar [[r.Streaming.Boost:1]]
[2021.03.05-21.31.59:419][  0]LogConfig: Setting CVar [[r.MaxAnisotropy:8]]
[2021.03.05-21.31.59:419][  0]LogConfig: Setting CVar [[r.VT.MaxAnisotropy:8]]
[2021.03.05-21.31.59:419][  0]LogConfig: Setting CVar [[r.Streaming.LimitPoolSizeToVRAM:0]]
[2021.03.05-21.31.59:419][  0]LogConfig: Setting CVar [[r.Streaming.PoolSize:1000]]
[2021.03.05-21.31.59:419][  0]LogConfig: Setting CVar [[r.Streaming.MaxEffectiveScreenSize:0]]
[2021.03.05-21.31.59:419][  0]LogConfig: Applying CVar settings from Section [EffectsQuality@3] File [C:/Users/cbrad/OneDrive/Documents/GitHub/ThirdPersonHorror/ThirdPersonHorror/Saved/Config/Windows/Scalability.ini]
[2021.03.05-21.31.59:419][  0]LogConfig: Setting CVar [[r.TranslucencyLightingVolumeDim:64]]
[2021.03.05-21.31.59:419][  0]LogConfig: Setting CVar [[r.RefractionQuality:2]]
[2021.03.05-21.31.59:419][  0]LogConfig: Setting CVar [[r.SSR.Quality:3]]
[2021.03.05-21.31.59:419][  0]LogConfig: Setting CVar [[r.SSR.HalfResSceneColor:0]]
[2021.03.05-21.31.59:419][  0]LogConfig: Setting CVar [[r.SceneColorFormat:4]]
[2021.03.05-21.31.59:419][  0]LogConfig: Setting CVar [[r.DetailMode:2]]
[2021.03.05-21.31.59:419][  0]LogConfig: Setting CVar [[r.TranslucencyVolumeBlur:1]]
[2021.03.05-21.31.59:419][  0]LogConfig: Setting CVar [[r.MaterialQualityLevel:1 ; High quality]]
[2021.03.05-21.31.59:419][  0]LogConfig: Setting CVar [[r.SSS.Scale:1]]
[2021.03.05-21.31.59:419][  0]LogConfig: Setting CVar [[r.SSS.SampleSet:2]]
[2021.03.05-21.31.59:419][  0]LogConfig: Setting CVar [[r.SSS.Quality:1]]
[2021.03.05-21.31.59:419][  0]LogConfig: Setting CVar [[r.SSS.HalfRes:0]]
[2021.03.05-21.31.59:419][  0]LogConfig: Setting CVar [[r.SSGI.Quality:3]]
[2021.03.05-21.31.59:419][  0]LogConfig: Setting CVar [[r.EmitterSpawnRateScale:1.0]]
[2021.03.05-21.31.59:419][  0]LogConfig: Setting CVar [[r.ParticleLightQuality:2]]
[2021.03.05-21.31.59:419][  0]LogConfig: Setting CVar [[r.SkyAtmosphere.AerialPerspectiveLUT.FastApplyOnOpaque:1 ; Always have FastSkyLUT 1 in this case to avoid wrong sky]]
[2021.03.05-21.31.59:419][  0]LogConfig: Setting CVar [[r.SkyAtmosphere.AerialPerspectiveLUT.SampleCountPerSlice:1]]
[2021.03.05-21.31.59:419][  0]LogConfig: Setting CVar [[r.SkyAtmosphere.AerialPerspectiveLUT.DepthResolution:16.0]]
[2021.03.05-21.31.59:419][  0]LogConfig: Setting CVar [[r.SkyAtmosphere.FastSkyLUT:1]]
[2021.03.05-21.31.59:419][  0]LogConfig: Setting CVar [[r.SkyAtmosphere.FastSkyLUT.SampleCountMin:4.0]]
[2021.03.05-21.31.59:419][  0]LogConfig: Setting CVar [[r.SkyAtmosphere.FastSkyLUT.SampleCountMax:32.0]]
[2021.03.05-21.31.59:419][  0]LogConfig: Setting CVar [[r.SkyAtmosphere.SampleCountMin:4.0]]
[2021.03.05-21.31.59:419][  0]LogConfig: Setting CVar [[r.SkyAtmosphere.SampleCountMax:32.0]]
[2021.03.05-21.31.59:420][  0]LogConfig: Setting CVar [[r.SkyAtmosphere.TransmittanceLUT.UseSmallFormat:0]]
[2021.03.05-21.31.59:420][  0]LogConfig: Setting CVar [[r.SkyAtmosphere.TransmittanceLUT.SampleCount:10.0]]
[2021.03.05-21.31.59:420][  0]LogConfig: Setting CVar [[r.SkyAtmosphere.MultiScatteringLUT.SampleCount:15.0]]
[2021.03.05-21.31.59:420][  0]LogConfig: Applying CVar settings from Section [FoliageQuality@3] File [C:/Users/cbrad/OneDrive/Documents/GitHub/ThirdPersonHorror/ThirdPersonHorror/Saved/Config/Windows/Scalability.ini]
[2021.03.05-21.31.59:420][  0]LogConfig: Setting CVar [[foliage.DensityScale:1.0]]
[2021.03.05-21.31.59:420][  0]LogConfig: Setting CVar [[grass.DensityScale:1.0]]
[2021.03.05-21.31.59:420][  0]LogConfig: Applying CVar settings from Section [ShadingQuality@3] File [C:/Users/cbrad/OneDrive/Documents/GitHub/ThirdPersonHorror/ThirdPersonHorror/Saved/Config/Windows/Scalability.ini]
[2021.03.05-21.31.59:420][  0]LogConfig: Setting CVar [[r.HairStrands.SkyLighting.SampleCount:16]]
[2021.03.05-21.31.59:420][  0]LogConfig: Setting CVar [[r.HairStrands.SkyLighting.JitterIntegration:0]]
[2021.03.05-21.31.59:420][  0]LogConfig: Setting CVar [[r.HairStrands.SkyAO.SampleCount:16]]
[2021.03.05-21.31.59:420][  0]LogConfig: Setting CVar [[r.HairStrands.DeepShadow.SuperSampling:0]]
[2021.03.05-21.31.59:420][  0]LogConfig: Setting CVar [[r.HairStrands.VisibilityPPLL:0]]
[2021.03.05-21.31.59:420][  0]LogConfig: Setting CVar [[r.HairStrands.RasterizationScale:0.5]]
[2021.03.05-21.31.59:420][  0]LogConfig: Setting CVar [[r.HairStrands.VelocityRasterizationScale:1]]
[2021.03.05-21.31.59:420][  0]LogConfig: Applying CVar settings from Section [Startup] File [../../../Engine/Config/ConsoleVariables.ini]
[2021.03.05-21.31.59:420][  0]LogConfig: Setting CVar [[net.UseAdaptiveNetUpdateFrequency:0]]
[2021.03.05-21.31.59:420][  0]LogConfig: Setting CVar [[p.chaos.AllowCreatePhysxBodies:1]]
[2021.03.05-21.31.59:420][  0]LogConfig: Setting CVar [[fx.SkipVectorVMBackendOptimizations:1]]
[2021.03.05-21.31.59:420][  0]LogConfig: Applying CVar settings from Section [ConsoleVariables] File [C:/Users/cbrad/OneDrive/Documents/GitHub/ThirdPersonHorror/ThirdPersonHorror/Saved/Config/Windows/Engine.ini]
[2021.03.05-21.31.59:420][  0]LogInit: Computer: DESKTOP-303N8E4
[2021.03.05-21.31.59:420][  0]LogInit: User: cbrad
[2021.03.05-21.31.59:420][  0]LogInit: CPU Page size=4096, Cores=4
[2021.03.05-21.31.59:420][  0]LogInit: High frequency timer resolution =10.000000 MHz
[2021.03.05-21.31.59:421][  0]LogMemory: Memory total: Physical=7.9GB (8GB approx)
[2021.03.05-21.31.59:421][  0]LogMemory: Platform Memory Stats for Windows
[2021.03.05-21.31.59:421][  0]LogMemory: Process Physical Memory: 113.94 MB used, 113.94 MB peak
[2021.03.05-21.31.59:421][  0]LogMemory: Process Virtual Memory: 95.94 MB used, 95.94 MB peak
[2021.03.05-21.31.59:421][  0]LogMemory: Physical Memory: 6329.09 MB used,  1805.34 MB free, 8134.43 MB total
[2021.03.05-21.31.59:421][  0]LogMemory: Virtual Memory: 5131.08 MB used,  134212600.00 MB free, 134217728.00 MB total
[2021.03.05-21.31.59:426][  0]LogWindows: WindowsPlatformFeatures enabled
[2021.03.05-21.31.59:476][  0]LogInit: Physics initialised using underlying interface: PhysX
[2021.03.05-21.31.59:477][  0]LogInit: Using OS detected language (en-US).
[2021.03.05-21.31.59:477][  0]LogInit: Using OS detected locale (en-US).
[2021.03.05-21.31.59:480][  0]LogTextLocalizationManager: No specific localization for 'en-US' exists, so the 'en' localization will be used.
[2021.03.05-21.31.59:706][  0]LogInit: Setting process to per monitor DPI aware
[2021.03.05-21.31.59:731][  0]LogSlate: New Slate User Created.  User Index 0, Is Virtual User: 0
[2021.03.05-21.31.59:731][  0]LogSlate: Slate User Registered.  User Index 0, Is Virtual User: 0
[2021.03.05-21.31.59:906][  0]LogHMD: Failed to initialize OpenVR with code 126
[2021.03.05-21.31.59:906][  0]LogD3D11RHI: D3D11 min allowed feature level: 11_0
[2021.03.05-21.31.59:906][  0]LogD3D11RHI: D3D11 max allowed feature level: 11_0
[2021.03.05-21.31.59:906][  0]LogD3D11RHI: D3D11 adapters:
[2021.03.05-21.31.59:992][  0]LogD3D11RHI:    0. 'NVIDIA GeForce GTX 1060 3GB' (Feature Level 11_0)
[2021.03.05-21.31.59:992][  0]LogD3D11RHI:       2988/0/4067 MB DedicatedVideo/DedicatedSystem/SharedSystem, Outputs:1, VendorId:0x10de
[2021.03.05-21.31.59:995][  0]LogD3D11RHI:    1. 'Microsoft Basic Render Driver' (Feature Level 11_0)
[2021.03.05-21.31.59:995][  0]LogD3D11RHI:       0/0/4067 MB DedicatedVideo/DedicatedSystem/SharedSystem, Outputs:0, VendorId:0x1414
[2021.03.05-21.31.59:995][  0]LogD3D11RHI: Chosen D3D11 Adapter: 0
[2021.03.05-21.32.00:003][  0]LogD3D11RHI: Creating new Direct3DDevice
[2021.03.05-21.32.00:003][  0]LogD3D11RHI:     GPU DeviceId: 0x1c02 (for the marketing name, search the web for "GPU Device Id")
[2021.03.05-21.32.00:003][  0]LogWindows: EnumDisplayDevices:
[2021.03.05-21.32.00:003][  0]LogWindows:    0. 'NVIDIA GeForce GTX 1060 3GB' (P:1 D:1)
[2021.03.05-21.32.00:004][  0]LogWindows:    1. 'NVIDIA GeForce GTX 1060 3GB' (P:0 D:0)
[2021.03.05-21.32.00:004][  0]LogWindows:    2. 'NVIDIA GeForce GTX 1060 3GB' (P:0 D:0)
[2021.03.05-21.32.00:004][  0]LogWindows:    3. 'NVIDIA GeForce GTX 1060 3GB' (P:0 D:0)
[2021.03.05-21.32.00:005][  0]LogWindows: DebugString: FoundDriverCount:4 
[2021.03.05-21.32.00:005][  0]LogD3D11RHI:     Adapter Name: NVIDIA GeForce GTX 1060 3GB
[2021.03.05-21.32.00:005][  0]LogD3D11RHI:   Driver Version: 461.72 (internal:27.21.14.6172, unified:461.72)
[2021.03.05-21.32.00:005][  0]LogD3D11RHI:      Driver Date: 2-23-2021
[2021.03.05-21.32.00:005][  0]LogRHI: Texture pool is 2091 MB (70% of 2988 MB)
[2021.03.05-21.32.00:063][  0]LogD3D11RHI: RHI has support for 64 bit atomics
[2021.03.05-21.32.00:063][  0]LogD3D11RHI: Async texture creation enabled
[2021.03.05-21.32.00:063][  0]LogD3D11RHI: Array index from any shader is supported
[2021.03.05-21.32.00:081][  0]LogD3D11RHI: GPU Timing Frequency: 1000.000000 (Debug: 2 1)
[2021.03.05-21.32.00:741][  0]LogTargetPlatformManager: Display: Loaded TargetPlatform 'AllDesktop'
[2021.03.05-21.32.00:767][  0]LogTargetPlatformManager: Display: Loaded TargetPlatform 'Android'
[2021.03.05-21.32.00:767][  0]LogTargetPlatformManager: Display: Loaded TargetPlatform 'Android_ASTC'
[2021.03.05-21.32.00:767][  0]LogTargetPlatformManager: Display: Loaded TargetPlatform 'Android_DXT'
[2021.03.05-21.32.00:767][  0]LogTargetPlatformManager: Display: Loaded TargetPlatform 'Android_ETC2'
[2021.03.05-21.32.00:767][  0]LogTargetPlatformManager: Display: Loaded TargetPlatform 'AndroidClient'
[2021.03.05-21.32.00:767][  0]LogTargetPlatformManager: Display: Loaded TargetPlatform 'Android_ASTCClient'
[2021.03.05-21.32.00:767][  0]LogTargetPlatformManager: Display: Loaded TargetPlatform 'Android_DXTClient'
[2021.03.05-21.32.00:767][  0]LogTargetPlatformManager: Display: Loaded TargetPlatform 'Android_ETC2Client'
[2021.03.05-21.32.00:767][  0]LogTargetPlatformManager: Display: Loaded TargetPlatform 'Android_Multi'
[2021.03.05-21.32.00:767][  0]LogTargetPlatformManager: Display: Loaded TargetPlatform 'Android_MultiClient'
[2021.03.05-21.32.00:793][  0]LogTargetPlatformManager: Display: Loaded TargetPlatform 'IOSClient'
[2021.03.05-21.32.00:793][  0]LogTargetPlatformManager: Display: Loaded TargetPlatform 'IOS'
[2021.03.05-21.32.00:805][  0]LogTargetPlatformManager: Display: Loaded TargetPlatform 'Linux'
[2021.03.05-21.32.00:815][  0]LogTargetPlatformManager: Display: Loaded TargetPlatform 'LinuxNoEditor'
[2021.03.05-21.32.00:826][  0]LogTargetPlatformManager: Display: Loaded TargetPlatform 'LinuxClient'
[2021.03.05-21.32.00:836][  0]LogTargetPlatformManager: Display: Loaded TargetPlatform 'LinuxServer'
[2021.03.05-21.32.00:846][  0]LogTargetPlatformManager: Display: Loaded TargetPlatform 'LinuxAArch64NoEditor'
[2021.03.05-21.32.00:857][  0]LogTargetPlatformManager: Display: Loaded TargetPlatform 'LinuxAArch64Client'
[2021.03.05-21.32.00:867][  0]LogTargetPlatformManager: Display: Loaded TargetPlatform 'LinuxAArch64Server'
[2021.03.05-21.32.00:896][  0]LogTargetPlatformManager: Display: Loaded TargetPlatform 'Lumin'
[2021.03.05-21.32.00:896][  0]LogTargetPlatformManager: Display: Loaded TargetPlatform 'LuminClient'
[2021.03.05-21.32.00:913][  0]LogTargetPlatformManager: Display: Loaded TargetPlatform 'TVOSClient'
[2021.03.05-21.32.00:913][  0]LogTargetPlatformManager: Display: Loaded TargetPlatform 'TVOS'
[2021.03.05-21.32.00:924][  0]LogTargetPlatformManager: Display: Loaded TargetPlatform 'WindowsNoEditor'
[2021.03.05-21.32.00:934][  0]LogTargetPlatformManager: Display: Loaded TargetPlatform 'Windows'
[2021.03.05-21.32.00:944][  0]LogTargetPlatformManager: Display: Loaded TargetPlatform 'WindowsClient'
[2021.03.05-21.32.00:954][  0]LogTargetPlatformManager: Display: Loaded TargetPlatform 'WindowsServer'
[2021.03.05-21.32.00:954][  0]LogTargetPlatformManager: Display: Building Assets For Windows
[2021.03.05-21.32.00:961][  0]LogAudioDebug: Display: Lib vorbis DLL was dynamically loaded.
[2021.03.05-21.32.01:023][  0]LogShaderCompilers: Guid format shader working directory is -46 characters bigger than the processId version (../../../../../../Users/cbrad/OneDrive/Documents/GitHub/ThirdPersonHorror/ThirdPersonHorror/Intermediate/Shaders/WorkingDirectory/10964/).
[2021.03.05-21.32.01:023][  0]LogShaderCompilers: Cleaned the shader compiler working directory 'C:/Users/cbrad/AppData/Local/Temp/UnrealShaderWorkingDir/1D2D3A8242B658897251FDA27A8C74D7/'.
[2021.03.05-21.32.01:024][  0]LogXGEController: Cannot use XGE Controller as Incredibuild is not installed on this machine.
[2021.03.05-21.32.01:024][  0]LogShaderCompilers: Cannot use XGE Shader Compiler as Incredibuild is not installed on this machine.
[2021.03.05-21.32.01:024][  0]LogShaderCompilers: Display: Using Local Shader Compiler.
[2021.03.05-21.32.01:979][  0]LogDerivedDataCache: Display: Max Cache Size: 512 MB
[2021.03.05-21.32.02:066][  0]LogDerivedDataCache: Loaded boot cache 0.09s 75MB C:/Users/cbrad/AppData/Local/UnrealEngine/4.25/DerivedDataCache/Boot.ddc.
[2021.03.05-21.32.02:066][  0]LogDerivedDataCache: Display: Loaded Boot cache: C:/Users/cbrad/AppData/Local/UnrealEngine/4.25/DerivedDataCache/Boot.ddc
[2021.03.05-21.32.02:067][  0]LogDerivedDataCache: FDerivedDataBackendGraph:  Pak pak cache file ../../../../../../Users/cbrad/OneDrive/Documents/GitHub/ThirdPersonHorror/ThirdPersonHorror/DerivedDataCache/DDC.ddp not found, will not use a pak cache.
[2021.03.05-21.32.02:067][  0]LogDerivedDataCache: Unable to find inner node Pak for hierarchical cache Hierarchy.
[2021.03.05-21.32.02:067][  0]LogDerivedDataCache: FDerivedDataBackendGraph:  CompressedPak pak cache file ../../../../../../Users/cbrad/OneDrive/Documents/GitHub/ThirdPersonHorror/ThirdPersonHorror/DerivedDataCache/Compressed.ddp not found, will not use a pak cache.
[2021.03.05-21.32.02:067][  0]LogDerivedDataCache: Unable to find inner node CompressedPak for hierarchical cache Hierarchy.
[2021.03.05-21.32.02:079][  0]LogDerivedDataCache: Display: Pak cache opened for reading ../../../Engine/DerivedDataCache/Compressed.ddp.
[2021.03.05-21.32.02:079][  0]LogDerivedDataCache: FDerivedDataBackendGraph:  EnterprisePak pak cache file ../../../Enterprise/DerivedDataCache/Compressed.ddp not found, will not use a pak cache.
[2021.03.05-21.32.02:079][  0]LogDerivedDataCache: Unable to find inner node EnterprisePak for hierarchical cache Hierarchy.
[2021.03.05-21.32.02:081][  0]LogDerivedDataCache: Using Local data cache path C:/Users/cbrad/AppData/Local/UnrealEngine/Common/DerivedDataCache: Writable
[2021.03.05-21.32.02:081][  0]LogDerivedDataCache: Shared data cache path not found in *engine.ini, will not use an Shared cache.
[2021.03.05-21.32.02:081][  0]LogDerivedDataCache: Unable to find inner node Shared for hierarchical cache Hierarchy.
[2021.03.05-21.32.02:139][  0]LogSlate: Using FreeType 2.10.0
[2021.03.05-21.32.02:140][  0]LogSlate: SlateFontServices - WITH_FREETYPE: 1, WITH_HARFBUZZ: 1
[2021.03.05-21.32.02:169][  0]LogAssetRegistry: FAssetRegistry took 0.0027 seconds to start up
[2021.03.05-21.32.02:459][  0]LogInit: Selected Device Profile: [Windows]
[2021.03.05-21.32.02:585][  0]LogMeshReduction: Using QuadricMeshReduction for automatic static mesh reduction
[2021.03.05-21.32.02:585][  0]LogMeshReduction: Using SimplygonMeshReduction for automatic skeletal mesh reduction
[2021.03.05-21.32.02:585][  0]LogMeshReduction: Using ProxyLODMeshReduction for automatic mesh merging
[2021.03.05-21.32.02:585][  0]LogMeshReduction: No distributed automatic mesh merging module available
[2021.03.05-21.32.02:585][  0]LogMeshMerging: No distributed automatic mesh merging module available
[2021.03.05-21.32.02:601][  0]LogNetVersion: ThirdPersonHorror 1.0.0, NetCL: 13144385, EngineNetVer: 14, GameNetVer: 0 (Checksum: 3669474764)
[2021.03.05-21.32.03:176][  0]LogAISub: UAISubsystem::UAISubsystem AISubsystem (000002BCD4A65380), frame # 0
[2021.03.05-21.32.03:176][  0]LogAISub: UAISubsystem::UAISubsystem AIPerceptionSystem (000002BCD49AF740), frame # 0
[2021.03.05-21.32.03:178][  0]LogAISub: UAISubsystem::UAISubsystem EnvQueryManager (000002BCD49FDE00), frame # 0
[2021.03.05-21.32.03:257][  0]LogPackageLocalizationCache: Processed 21 localized package path(s) for 1 prioritized culture(s) in 0.073112 seconds
[2021.03.05-21.32.03:266][  0]LogUObjectArray: 15917 objects as part of root set at end of initial load.
[2021.03.05-21.32.03:267][  0]LogUObjectAllocator: 3965568 out of 0 bytes used by permanent object pool.
[2021.03.05-21.32.03:267][  0]LogUObjectArray: CloseDisregardForGC: 0/0 objects in disregard for GC pool
[2021.03.05-21.32.03:588][  0]LogPython: Using Python 2.7.14
[2021.03.05-21.32.04:784][  0]LogTcpMessaging: Initializing TcpMessaging bridge
[2021.03.05-21.32.04:792][  0]LogUdpMessaging: Initializing bridge on interface 0.0.0.0:0 to multicast group 230.0.0.1:6666.
[2021.03.05-21.32.04:926][  0]SourceControl: Source control is disabled
[2021.03.05-21.32.04:926][  0]SourceControl: Source control is disabled
[2021.03.05-21.32.04:929][  0]SourceControl: Source control is disabled
[2021.03.05-21.32.04:933][  0]SourceControl: Source control is disabled
[2021.03.05-21.32.04:942][  0]SourceControl: Source control is disabled
[2021.03.05-21.32.04:960][  0]LogVSAccessor: Display: Unable to create Visual Studio setup instance: 80040154
[2021.03.05-21.32.04:961][  0]LogVSAccessor: Display: Unable to create Visual Studio setup instance: 80040154
[2021.03.05-21.32.05:328][  0]LogAndroidPermission: UAndroidPermissionCallbackProxy::GetInstance
[2021.03.05-21.32.05:369][  0]LogAudioCaptureCore: Display: No Audio Capture implementations found. Audio input will be silent.
[2021.03.05-21.32.05:369][  0]LogAudioCaptureCore: Display: No Audio Capture implementations found. Audio input will be silent.
[2021.03.05-21.32.05:467][  0]LogOcInput: OculusInput pre-init called
[2021.03.05-21.32.05:481][  0]LogWindows: Failed to load 'OVRPlugin.dll' (GetLastError=126)
[2021.03.05-21.32.05:481][  0]LogWindows: File 'OVRPlugin.dll' does not exist
[2021.03.05-21.32.06:169][  0]LogEngine: Initializing Engine...
[2021.03.05-21.32.06:226][  0]LogHMD: Failed to initialize OpenVR with code 119
[2021.03.05-21.32.06:226][  0]LogMagicLeap: Warning: VR disabled because ZI is not enabled.  To enable, in the editor, Edit -> Project Settings -> Plugins -> Magic Leap Plugin -> Enable Zero Iteration
[2021.03.05-21.32.06:227][  0]LogStats: UGameplayTagsManager::InitializeManager -  0.000 s
[2021.03.05-21.32.06:414][  0]LogInit: Initializing FReadOnlyCVARCache
[2021.03.05-21.32.06:427][  0]LogAIModule: Creating AISystem for world Untitled
[2021.03.05-21.32.06:427][  0]LogAISub: UAISubsystem::UAISubsystem EnvQueryManager (000002BCE3D03C00), frame # 0
[2021.03.05-21.32.06:427][  0]LogAISub: UAISubsystem::UAISubsystem AIPerceptionSystem (000002BCE3D0B600), frame # 0
[2021.03.05-21.32.06:464][  0]LogAudioMixer: Display: Audio Mixer Platform Settings:
[2021.03.05-21.32.06:464][  0]LogAudioMixer: Display: 	Sample Rate:						  48000
[2021.03.05-21.32.06:464][  0]LogAudioMixer: Display: 	Callback Buffer Frame Size Requested: 1024
[2021.03.05-21.32.06:464][  0]LogAudioMixer: Display: 	Callback Buffer Frame Size To Use:	  1024
[2021.03.05-21.32.06:464][  0]LogAudioMixer: Display: 	Number of buffers to queue:			  2
[2021.03.05-21.32.06:464][  0]LogAudioMixer: Display: 	Max Channels (voices):				  32
[2021.03.05-21.32.06:464][  0]LogAudioMixer: Display: 	Number of Async Source Workers:		  0
[2021.03.05-21.32.06:464][  0]LogAudio: Display: AudioDevice MaxSources: 32
[2021.03.05-21.32.06:465][  0]LogAudio: Display: Using built-in audio occlusion.
[2021.03.05-21.32.06:465][  0]LogAudioMixer: Display: Initializing audio mixer.
[2021.03.05-21.32.06:486][  0]LogAudioMixer: Display: 0: FrontLeft
[2021.03.05-21.32.06:486][  0]LogAudioMixer: Display: 1: FrontRight
[2021.03.05-21.32.06:525][  0]LogAudioMixer: Display: Using Audio Device Speakers (USB Advanced Audio Device)
[2021.03.05-21.32.06:533][  0]LogAudioMixer: Display: Initializing Sound Submixes...
[2021.03.05-21.32.06:535][  0]LogAudioMixer: Display: Creating Master Submix 'MasterSubmixDefault'
[2021.03.05-21.32.06:535][  0]LogAudioMixer: Display: Creating Master Submix 'MasterReverbSubmixDefault'
[2021.03.05-21.32.06:536][  0]LogAudioMixer: Display: Creating Master Submix 'MasterEQSubmixDefault'
[2021.03.05-21.32.06:538][  0]LogInit: FAudioDevice initialized.
[2021.03.05-21.32.06:538][  0]LogNetVersion: Set ProjectVersion to 1.0.0.0. Version Checksum will be recalculated on next use.
[2021.03.05-21.32.06:642][  0]LogDerivedDataCache: Saved boot cache 0.10s 75MB C:/Users/cbrad/AppData/Local/UnrealEngine/4.25/DerivedDataCache/Boot.ddc.
[2021.03.05-21.32.06:650][  0]LogInit: Texture streaming: Enabled
[2021.03.05-21.32.06:665][  0]LogEngineSessionManager: EngineSessionManager initialized
[2021.03.05-21.32.06:665][  0]LogEditorSessionSummary: Verbose: Initializing EditorSessionSummaryWriter for editor session tracking
[2021.03.05-21.32.06:667][  0]LogEditorSessionSummary: EditorSessionSummaryWriter initialized
[2021.03.05-21.32.06:753][  0]LogInit: Transaction tracking system initialized
[2021.03.05-21.32.06:775][  0]BlueprintLog: New page: Editor Load
[2021.03.05-21.32.06:871][  0]LocalizationService: Localization service is disabled
[2021.03.05-21.32.06:977][  0]LogVSAccessor: Display: Unable to create Visual Studio setup instance: 80040154
[2021.03.05-21.32.06:980][  0]LogVSAccessor: Display: Unable to create Visual Studio setup instance: 80040154
[2021.03.05-21.32.07:123][  0]LogCook: Display: Max memory allowance for cook 16384mb min free memory 0mb
[2021.03.05-21.32.07:123][  0]LogCook: Display: Mobile HDR setting 1
[2021.03.05-21.32.07:172][  0]LogFileCache: Scanning file cache for directory 'C:/Users/cbrad/OneDrive/Documents/GitHub/ThirdPersonHorror/ThirdPersonHorror/Content/' took 0.01s
[2021.03.05-21.32.07:615][  0]SourceControl: Source control is disabled
[2021.03.05-21.32.07:756][  0]LogSlate: Took 0.000293 seconds to synchronously load lazily loaded font '../../../Engine/Content/Slate/Fonts/Roboto-Regular.ttf' (155K)
[2021.03.05-21.32.18:682][  0]LogSlate: Window 'Restore Packages' being destroyed
[2021.03.05-21.32.18:683][  0]LogWindowsTextInputMethodSystem: Display: IME system now deactivated.
[2021.03.05-21.32.18:770][  0]LogWindowsTextInputMethodSystem: Display: IME system now deactivated.
[2021.03.05-21.32.20:030][  0]LogSlate: Window 'Unable to Check Out From Source Control!' being destroyed
[2021.03.05-21.32.20:031][  0]LogWindowsTextInputMethodSystem: Display: IME system now deactivated.
[2021.03.05-21.32.20:034][  0]Message dialog closed, result: Ok, title: Unable to Check Out From Source Control!, text: The following assets could not be successfully checked out from source control:
/Game/ThirdPersonBP/Blueprints/Enemytest
/Game/Maps/Midterm
[2021.03.05-21.32.20:068][  0]LogWindowsTextInputMethodSystem: Display: IME system now deactivated.
[2021.03.05-21.32.20:068][  0]LogUnrealEdMisc: Loading editor; pre map load, took 22.424
[2021.03.05-21.32.20:069][  0]LightingResults: New page: Lighting Build
[2021.03.05-21.32.20:071][  0]LogWorld: UWorld::CleanupWorld for Untitled, bSessionEnded=true, bCleanupResources=true
[2021.03.05-21.32.20:071][  0]LogSlate: InvalidateAllWidgets triggered.  All widgets were invalidated
[2021.03.05-21.32.20:071][  0]MapCheck: New page: Map Check
[2021.03.05-21.32.20:071][  0]LightingResults: New page: Lighting Build
[2021.03.05-21.32.20:084][  0]LogAISub: UAISubsystem::~UAISubsystem EnvQueryManager (000002BCE3D03C00), frame # 0
[2021.03.05-21.32.20:084][  0]LogAISub: UAISubsystem::~UAISubsystem AIPerceptionSystem (000002BCE3D0B600), frame # 0
[2021.03.05-21.32.20:085][  0]LogUObjectHash: Compacting FUObjectHashTables data took   0.77ms
[2021.03.05-21.32.20:157][  0]LogLinker: Warning: Asset '../../../../../../Users/cbrad/OneDrive/Documents/GitHub/ThirdPersonHorror/ThirdPersonHorror/Content/MSPresets/MSTextures/Albedo.uasset' has been saved with empty engine version. The asset will be loaded but may be incompatible.
[2021.03.05-21.32.20:722][  0]LogAIModule: Creating AISystem for world ThirdPersonExampleMap
[2021.03.05-21.32.20:722][  0]LogAISub: UAISubsystem::UAISubsystem EnvQueryManager (000002BCEDDDBE00), frame # 0
[2021.03.05-21.32.20:722][  0]LogAISub: UAISubsystem::UAISubsystem AIPerceptionSystem (000002BCEE09A0C0), frame # 0
[2021.03.05-21.32.20:744][  0]LogEditorServer: Finished looking for orphan Actors (0.000 secs)
[2021.03.05-21.32.20:786][  0]LogUObjectHash: Compacting FUObjectHashTables data took   2.16ms
[2021.03.05-21.32.20:790][  0]Cmd: MAP CHECKDEP NOCLEARLOG
[2021.03.05-21.32.20:791][  0]MapCheck: Map check complete: 0 Error(s), 0 Warning(s), took 0.548ms to complete.
[2021.03.05-21.32.20:791][  0]LogFileHelpers: Loading map 'ThirdPersonExampleMap' took 0.722
[2021.03.05-21.32.20:794][  0]LogUnrealEdMisc: Total Editor Startup Time, took 23.149
[2021.03.05-21.32.20:879][  0]LogSlate: Updating window title bar state: overlay mode, drag disabled, window buttons hidden, title bar hidden
[2021.03.05-21.32.20:890][  0]LogSlate: Updating window title bar state: overlay mode, drag disabled, window buttons hidden, title bar hidden
[2021.03.05-21.32.20:898][  0]LogSlate: Updating window title bar state: overlay mode, drag disabled, window buttons hidden, title bar hidden
[2021.03.05-21.32.20:909][  0]LogSlate: Updating window title bar state: overlay mode, drag disabled, window buttons hidden, title bar hidden
[2021.03.05-21.32.20:918][  0]LogCollectionManager: Loaded 0 collections in 0.002147 seconds
[2021.03.05-21.32.20:933][  0]LogFileCache: Scanning file cache for directory 'C:/Users/cbrad/OneDrive/Documents/GitHub/ThirdPersonHorror/ThirdPersonHorror/Saved/Collections/' took 0.00s
[2021.03.05-21.32.20:933][  0]LogFileCache: Scanning file cache for directory 'C:/Users/cbrad/OneDrive/Documents/GitHub/ThirdPersonHorror/ThirdPersonHorror/Content/Developers/cbrad/Collections/' took 0.00s
[2021.03.05-21.32.20:933][  0]LogFileCache: Scanning file cache for directory 'C:/Users/cbrad/OneDrive/Documents/GitHub/ThirdPersonHorror/ThirdPersonHorror/Content/Collections/' took 0.00s
[2021.03.05-21.32.20:933][  0]LogContentBrowser: Native class hierarchy populated in 0.0103 seconds. Added 3446 classes and 828 folders.
[2021.03.05-21.32.20:937][  0]LogContentBrowser: Native class hierarchy updated for 'WidgetCarousel' in 0.0004 seconds. Added 0 classes and 0 folders.
[2021.03.05-21.32.20:999][  0]LogContentBrowser: Native class hierarchy updated for 'AddContentDialog' in 0.0003 seconds. Added 0 classes and 0 folders.
[2021.03.05-21.32.21:000][  0]LogContentBrowser: Native class hierarchy updated for 'SceneOutliner' in 0.0003 seconds. Added 2 classes and 0 folders.
[2021.03.05-21.32.21:128][  0]LogSlate: Took 0.000314 seconds to synchronously load lazily loaded font '../../../Engine/Content/Slate/Fonts/Roboto-Bold.ttf' (160K)
[2021.03.05-21.32.21:132][  0]LogSlate: Took 0.000200 seconds to synchronously load lazily loaded font '../../../Engine/Content/Editor/Slate/Fonts/FontAwesome.ttf' (139K)
[2021.03.05-21.32.21:169][  0]LogRenderer: Reallocating scene render targets to support 1344x624 Format 10 NumSamples 1 (Frame:1).
[2021.03.05-21.32.21:296][  0]LogContentBrowser: Native class hierarchy updated for 'HierarchicalLODOutliner' in 0.0005 seconds. Added 0 classes and 0 folders.
[2021.03.05-21.32.21:296][  0]LogLoad: (Engine Initialization) Total time: 23.65 seconds
[2021.03.05-21.32.21:296][  0]LogLoad: (Engine Initialization) Total Blueprint compile time: 0.00 seconds
[2021.03.05-21.32.21:351][  0]LogAssetRegistry: Asset discovery search completed in 19.1821 seconds
[2021.03.05-21.32.21:357][  0]LogCollectionManager: Fixed up redirectors for 0 collections in 0.000003 seconds (updated 0 objects)
[2021.03.05-21.32.21:366][  0]LogContentStreaming: Texture pool size now 1000 MB
[2021.03.05-21.32.21:399][  0]LogSlate: Took 0.000153 seconds to synchronously load lazily loaded font '../../../Engine/Content/Slate/Fonts/Roboto-Light.ttf' (167K)
[2021.03.05-21.42.58:767][185]LogSlate: Took 0.000269 seconds to synchronously load lazily loaded font '../../../Engine/Content/Slate/Fonts/Roboto-Light.ttf' (167K)
[2021.03.05-21.42.58:792][185]LogAssetEditorSubsystem: Opening Asset editor for Blueprint /Game/Blueprints/BP_Door.BP_Door
[2021.03.05-21.42.59:059][185]LogContentBrowser: Native class hierarchy updated for 'BlueprintGraph' in 0.0006 seconds. Added 125 classes and 0 folders.
[2021.03.05-21.43.00:180][185]LogSlate: Took 0.000330 seconds to synchronously load lazily loaded font '../../../Engine/Content/Slate/Fonts/Roboto-BoldCondensed.ttf' (158K)
[2021.03.05-21.43.00:256][186]LogSlate: Took 0.012584 seconds to synchronously load lazily loaded font '../../../Engine/Content/Slate/Fonts/Roboto-Italic.ttf' (157K)
[2021.03.05-21.44.11:774][345]LogUObjectHash: Compacting FUObjectHashTables data took   2.44ms
[2021.03.05-21.44.11:776][345]LogFileHelpers: Editor autosave (incl. sublevels) for '/Game/ThirdPersonBP/Maps/ThirdPersonExampleMap' took 0.033
[2021.03.05-21.44.11:776][345]OBJ SavePackage: Generating thumbnails for [1] asset(s) in package [/Game/Blueprints/BP_Door] ([1] browsable assets)...
[2021.03.05-21.44.11:792][345]OBJ SavePackage:     Rendered thumbnail for [Blueprint /Game/Blueprints/BP_Door.BP_Door]
[2021.03.05-21.44.11:792][345]OBJ SavePackage: Finished generating thumbnails for package [/Game/Blueprints/BP_Door]
[2021.03.05-21.44.11:942][345]LogSavePackage: Moving '../../../../../../Users/cbrad/OneDrive/Documents/GitHub/ThirdPersonHorror/ThirdPersonHorror/Saved/BP_Door_Auto1BE17D0224B89806E002968A8C9859E0F.tmp' to '../../../../../../Users/cbrad/OneDrive/Documents/GitHub/ThirdPersonHorror/ThirdPersonHorror/Saved/Autosaves/Game/Blueprints/BP_Door_Auto1.uasset'
[2021.03.05-21.44.11:944][345]LogFileHelpers: Auto-saving content packages took 0.167
[2021.03.05-21.44.52:749][677]BlueprintLog: New page: Compile BP_Door
[2021.03.05-21.44.52:795][677]LogUObjectHash: Compacting FUObjectHashTables data took   2.28ms
[2021.03.05-21.44.55:382][875]LogSlate: Window 'BP_Door' being destroyed
[2021.03.05-21.44.55:389][875]LogSlate: Window 'BP_Door' being destroyed
[2021.03.05-21.44.55:389][875]LogWorld: UWorld::CleanupWorld for World_1, bSessionEnded=true, bCleanupResources=true
[2021.03.05-21.44.55:389][875]LogSlate: InvalidateAllWidgets triggered.  All widgets were invalidated
[2021.03.05-21.45.02:078][502]LogAssetEditorSubsystem: Opening Asset editor for Blueprint /Game/ThirdPersonBP/Blueprints/Enemytest.Enemytest
[2021.03.05-21.49.02:409][580]BlueprintLog: New page: Compile Enemytest
[2021.03.05-21.49.02:472][580]LogUObjectHash: Compacting FUObjectHashTables data took   3.13ms
[2021.03.05-21.49.04:796][711]LogSavePackage: Moving '../../../../../../Users/cbrad/OneDrive/Documents/GitHub/ThirdPersonHorror/ThirdPersonHorror/Saved/EnemytestF75BB81C4AAE50F44A6DB6BBE52C3DC6.tmp' to '../../../../../../Users/cbrad/OneDrive/Documents/GitHub/ThirdPersonHorror/ThirdPersonHorror/Content/ThirdPersonBP/Blueprints/Enemytest.uasset'
[2021.03.05-21.49.04:814][711]AssetCheck: New page: Asset Save: Enemytest
[2021.03.05-21.49.04:814][711]LogContentValidation: Display: Validating Blueprint /Game/ThirdPersonBP/Blueprints/Enemytest.Enemytest
[2021.03.05-21.49.05:640][763]LogSlate: Window 'Enemytest' being destroyed
[2021.03.05-21.49.05:644][763]LogSlate: Window 'Enemytest' being destroyed
[2021.03.05-21.49.05:645][763]LogWorld: UWorld::CleanupWorld for World_5, bSessionEnded=true, bCleanupResources=true
[2021.03.05-21.49.05:645][763]LogSlate: InvalidateAllWidgets triggered.  All widgets were invalidated
[2021.03.05-21.54.12:383][785]LogUObjectHash: Compacting FUObjectHashTables data took   2.90ms
[2021.03.05-21.54.12:388][785]LogFileHelpers: Editor autosave (incl. sublevels) for '/Game/ThirdPersonBP/Maps/ThirdPersonExampleMap' took 0.031
[2021.03.05-21.54.12:389][785]OBJ SavePackage: Generating thumbnails for [1] asset(s) in package [/Game/Blueprints/BP_Door] ([1] browsable assets)...
[2021.03.05-21.54.12:409][785]OBJ SavePackage:     Rendered thumbnail for [Blueprint /Game/Blueprints/BP_Door.BP_Door]
[2021.03.05-21.54.12:409][785]OBJ SavePackage: Finished generating thumbnails for package [/Game/Blueprints/BP_Door]
[2021.03.05-21.54.12:448][785]LogSavePackage: Moving '../../../../../../Users/cbrad/OneDrive/Documents/GitHub/ThirdPersonHorror/ThirdPersonHorror/Saved/BP_Door_Auto22E02C9E347CB6D45DF200BBBDB7BD9FF.tmp' to '../../../../../../Users/cbrad/OneDrive/Documents/GitHub/ThirdPersonHorror/ThirdPersonHorror/Saved/Autosaves/Game/Blueprints/BP_Door_Auto2.uasset'
[2021.03.05-21.54.12:449][785]LogFileHelpers: Auto-saving content packages took 0.061
