Log file open, 03/05/21 13:51:42
LogInit: Display: Running engine for game: ThirdPersonHorror
LogPlatformFile: Not using cached read wrapper
LogTaskGraph: Started task graph with 5 named threads and 14 total threads with 3 sets of task threads.
LogStats: Stats thread started at 0.172187
LogD3D11RHI: Loaded GFSDK_Aftermath_Lib.x64.dll
LogICUInternationalization: ICU TimeZone Detection - Raw Offset: -5:00, Platform Override: ''
LogPluginManager: Mounting plugin Paper2D
LogPluginManager: Mounting plugin AISupport
LogPluginManager: Mounting plugin LightPropagationVolume
LogPluginManager: Mounting plugin CameraShakePreviewer
LogPluginManager: Mounting plugin ActorLayerUtilities
LogPluginManager: Mounting plugin AnimationSharing
LogPluginManager: Mounting plugin CLionSourceCodeAccess
LogPluginManager: Mounting plugin CodeLiteSourceCodeAccess
LogPluginManager: Mounting plugin GitSourceControl
LogPluginManager: Mounting plugin KDevelopSourceCodeAccess
LogPluginManager: Mounting plugin NullSourceCodeAccess
LogPluginManager: Mounting plugin PerforceSourceControl
LogPluginManager: Mounting plugin PlasticSourceControl
LogPluginManager: Mounting plugin RiderSourceCodeAccess
LogPluginManager: Mounting plugin SubversionSourceControl
LogPluginManager: Mounting plugin UObjectPlugin
LogPluginManager: Mounting plugin VisualStudioCodeSourceCodeAccess
LogPluginManager: Mounting plugin VisualStudioSourceCodeAccess
LogPluginManager: Mounting plugin XCodeSourceCodeAccess
LogPluginManager: Mounting plugin AssetManagerEditor
LogPluginManager: Mounting plugin CryptoKeys
LogPluginManager: Mounting plugin CurveEditorTools
LogPluginManager: Mounting plugin DataValidation
LogPluginManager: Mounting plugin EditorScriptingUtilities
LogPluginManager: Mounting plugin FacialAnimation
LogPluginManager: Mounting plugin GameplayTagsEditor
LogPluginManager: Mounting plugin GeometryMode
LogPluginManager: Mounting plugin MacGraphicsSwitching
LogPluginManager: Mounting plugin MaterialAnalyzer
LogPluginManager: Mounting plugin MobileLauncherProfileWizard
LogPluginManager: Mounting plugin PluginBrowser
LogPluginManager: Mounting plugin SpeedTreeImporter
LogPluginManager: Mounting plugin DatasmithContent
LogPluginManager: Mounting plugin VariantManagerContent
LogPluginManager: Mounting plugin AlembicImporter
LogPluginManager: Mounting plugin AutomationUtils
LogPluginManager: Mounting plugin BackChannel
LogPluginManager: Mounting plugin ChaosCloth
LogPluginManager: Mounting plugin ChaosClothEditor
LogPluginManager: Mounting plugin ChaosEditor
LogPluginManager: Mounting plugin ChaosNiagara
LogPluginManager: Mounting plugin ChaosSolverPlugin
LogPluginManager: Mounting plugin CharacterAI
LogPluginManager: Mounting plugin GeometryCache
LogPluginManager: Mounting plugin GeometryCollectionPlugin
LogPluginManager: Mounting plugin GeometryProcessing
LogPluginManager: Mounting plugin PlanarCut
LogPluginManager: Mounting plugin PlatformCrypto
LogPluginManager: Mounting plugin ProxyLODPlugin
LogPluginManager: Mounting plugin PythonScriptPlugin
LogPluginManager: Mounting plugin SkeletalReduction
LogPluginManager: Mounting plugin Niagara
LogPluginManager: Mounting plugin MagicLeap
LogPluginManager: Mounting plugin MagicLeapLightEstimation
LogPluginManager: Mounting plugin MagicLeapMedia
LogPluginManager: Mounting plugin MagicLeapPassableWorld
LogPluginManager: Mounting plugin MLSDK
LogPluginManager: Mounting plugin AndroidMedia
LogPluginManager: Mounting plugin AvfMedia
LogPluginManager: Mounting plugin ImgMedia
LogPluginManager: Mounting plugin MediaCompositing
LogPluginManager: Mounting plugin MediaPlayerEditor
LogPluginManager: Mounting plugin WebMMedia
LogPluginManager: Mounting plugin WmfMedia
LogPluginManager: Mounting plugin MegascansPlugin
LogPluginManager: Mounting plugin MeshPainting
LogPluginManager: Mounting plugin TcpMessaging
LogPluginManager: Mounting plugin UdpMessaging
LogPluginManager: Mounting plugin ActorSequence
LogPluginManager: Mounting plugin LevelSequenceEditor
LogPluginManager: Mounting plugin MatineeToLevelSequence
LogPluginManager: Mounting plugin MovieRenderPipeline
LogPluginManager: Mounting plugin TemplateSequence
LogPluginManager: Mounting plugin NetcodeUnitTest
LogPluginManager: Mounting plugin NUTUnrealEngine4
LogPluginManager: Mounting plugin OnlineSubsystemGooglePlay
LogPluginManager: Mounting plugin OnlineSubsystemIOS
LogPluginManager: Mounting plugin OnlineSubsystem
LogPluginManager: Mounting plugin OnlineSubsystemNull
LogPluginManager: Mounting plugin OnlineSubsystemUtils
LogPluginManager: Mounting plugin LauncherChunkInstaller
LogPluginManager: Mounting plugin AndroidDeviceProfileSelector
LogPluginManager: Mounting plugin AndroidMoviePlayer
LogPluginManager: Mounting plugin AndroidPermission
LogPluginManager: Mounting plugin AppleImageUtils
LogPluginManager: Mounting plugin AppleMoviePlayer
LogPluginManager: Mounting plugin ArchVisCharacter
LogPluginManager: Mounting plugin AssetTags
LogPluginManager: Mounting plugin AudioCapture
LogPluginManager: Mounting plugin CableComponent
LogPluginManager: Mounting plugin CustomMeshComponent
LogPluginManager: Mounting plugin DatabaseSupport
LogPluginManager: Mounting plugin SQLiteCore
LogPluginManager: Mounting plugin SQLiteSupport
LogPluginManager: Mounting plugin EditableMesh
LogPluginManager: Mounting plugin ExampleDeviceProfileSelector
LogPluginManager: Mounting plugin GoogleCloudMessaging
LogPluginManager: Mounting plugin GooglePAD
LogPluginManager: Mounting plugin IOSDeviceProfileSelector
LogPluginManager: Mounting plugin LinuxDeviceProfileSelector
LogPluginManager: Mounting plugin LocationServicesBPLibrary
LogPluginManager: Mounting plugin MobilePatchingUtils
LogPluginManager: Mounting plugin OculusVR
LogPluginManager: Mounting plugin PhysXVehicles
LogPluginManager: Mounting plugin PostSplashScreen
LogPluginManager: Mounting plugin ProceduralMeshComponent
LogPluginManager: Mounting plugin RuntimePhysXCooking
LogPluginManager: Mounting plugin SignificanceManager
LogPluginManager: Mounting plugin SoundFields
LogPluginManager: Mounting plugin SteamVR
LogPluginManager: Mounting plugin Synthesis
LogPluginManager: Mounting plugin WebMMoviePlayer
LogPluginManager: Mounting plugin WindowsMoviePlayer
LogPluginManager: Mounting plugin ScreenshotTools
LogInit: Using libcurl 7.55.1-DEV
LogInit:  - built for x86_64-pc-win32
LogInit:  - supports SSL with OpenSSL/1.1.1
LogInit:  - supports HTTP deflate (compression) using libz 1.2.8
LogInit:  - other features:
LogInit:      CURL_VERSION_SSL
LogInit:      CURL_VERSION_LIBZ
LogInit:      CURL_VERSION_IPV6
LogInit:      CURL_VERSION_ASYNCHDNS
LogInit:      CURL_VERSION_LARGEFILE
LogInit:      CURL_VERSION_IDN
LogInit:  CurlRequestOptions (configurable via config and command line):
LogInit:  - bVerifyPeer = true  - Libcurl will verify peer certificate
LogInit:  - bUseHttpProxy = false  - Libcurl will NOT use HTTP proxy
LogInit:  - bDontReuseConnections = false  - Libcurl will reuse connections
LogInit:  - MaxHostConnections = 16  - Libcurl will limit the number of connections to a host
LogInit:  - LocalHostAddr = Default
LogInit:  - BufferSize = 65536
LogOnline: OSS: Creating online subsystem instance for: NULL
LogInit: WinSock: version 1.1 (2.2), MaxSocks=32767, MaxUdp=65467
LogOnline: OSS: TryLoadSubsystemAndSetDefault: Loaded subsystem for module [NULL]
LogInit: Build: ++UE4+Release-4.25-CL-14469661
LogInit: Engine Version: 4.25.4-14469661+++UE4+Release-4.25
LogInit: Compatible Engine Version: 4.25.0-13144385+++UE4+Release-4.25
LogInit: Net CL: 13144385
LogInit: OS: Windows 10 (Release 1909) (), CPU: Intel(R) Core(TM) i5-7400 CPU @ 3.00GHz, GPU: NVIDIA GeForce GTX 1060 3GB
LogInit: Compiled (64-bit): Oct 11 2020 08:10:49
LogInit: Compiled with Visual C++: 19.24.28315.00
LogInit: Build Configuration: Development
LogInit: Branch Name: ++UE4+Release-4.25
LogInit: Command Line: 
LogInit: Base Directory: C:/Program Files/Epic Games/UE_4.25/Engine/Binaries/Win64/
LogInit: Allocator: TBB
LogInit: Installed Engine Build: 1
LogDevObjectVersion: Number of dev versions registered: 26
LogDevObjectVersion:   Dev-Blueprints (B0D832E4-1F89-4F0D-ACCF-7EB736FD4AA2): 10
LogDevObjectVersion:   Dev-Build (E1C64328-A22C-4D53-A36C-8E866417BD8C): 0
LogDevObjectVersion:   Dev-Core (375EC13C-06E4-48FB-B500-84F0262A717E): 4
LogDevObjectVersion:   Dev-Editor (E4B068ED-F494-42E9-A231-DA0B2E46BB41): 38
LogDevObjectVersion:   Dev-Framework (CFFC743F-43B0-4480-9391-14DF171D2073): 37
LogDevObjectVersion:   Dev-Mobile (B02B49B5-BB20-44E9-A304-32B752E40360): 2
LogDevObjectVersion:   Dev-Networking (A4E4105C-59A1-49B5-A7C5-40C4547EDFEE): 0
LogDevObjectVersion:   Dev-Online (39C831C9-5AE6-47DC-9A44-9C173E1C8E7C): 0
LogDevObjectVersion:   Dev-Physics (78F01B33-EBEA-4F98-B9B4-84EACCB95AA2): 4
LogDevObjectVersion:   Dev-Platform (6631380F-2D4D-43E0-8009-CF276956A95A): 0
LogDevObjectVersion:   Dev-Rendering (12F88B9F-8875-4AFC-A67C-D90C383ABD29): 43
LogDevObjectVersion:   Dev-Sequencer (7B5AE74C-D270-4C10-A958-57980B212A5A): 12
LogDevObjectVersion:   Dev-VR (D7296918-1DD6-4BDD-9DE2-64A83CC13884): 3
LogDevObjectVersion:   Dev-LoadTimes (C2A15278-BFE7-4AFE-6C17-90FF531DF755): 1
LogDevObjectVersion:   Private-Geometry (6EACA3D4-40EC-4CC1-B786-8BED09428FC5): 3
LogDevObjectVersion:   Dev-AnimPhys (29E575DD-E0A3-4627-9D10-D276232CDCEA): 17
LogDevObjectVersion:   Dev-Anim (AF43A65D-7FD3-4947-9873-3E8ED9C1BB05): 7
LogDevObjectVersion:   Dev-ReflectionCapture (6B266CEC-1EC7-4B8F-A30B-E4D90942FC07): 1
LogDevObjectVersion:   Dev-Automation (0DF73D61-A23F-47EA-B727-89E90C41499A): 1
LogDevObjectVersion:   FortniteMain (601D1886-AC64-4F84-AA16-D3DE0DEAC7D6): 31
LogDevObjectVersion:   Dev-Enterprise (9DFFBCD6-494F-0158-E221-12823C92A888): 10
LogDevObjectVersion:   Dev-Niagara (F2AED0AC-9AFE-416F-8664-AA7FFA26D6FC): 1
LogDevObjectVersion:   Dev-Destruction (174F1F0B-B4C6-45A5-B13F-2EE8D0FB917D): 10
LogDevObjectVersion:   Dev-Physics-Ext (35F94A83-E258-406C-A318-09F59610247C): 37
LogDevObjectVersion:   Dev-PhysicsMaterial-Chaos (B68FC16E-8B1B-42E2-B453-215C058844FE): 1
LogDevObjectVersion:   Dev-CineCamera (B2E18506-4273-CFC2-A54E-F4BB758BBA07): 1
LogInit: Presizing for max 25165824 objects, including 0 objects not considered by GC, pre-allocating 0 bytes for permanent pool.
LogConfig: Applying CVar settings from Section [/Script/Engine.StreamingSettings] File [C:/Users/cbrad/OneDrive/Documents/GitHub/ThirdPersonHorror/ThirdPersonHorror/Saved/Config/Windows/Engine.ini]
LogConfig: Setting CVar [[s.MinBulkDataSizeForAsyncLoading:131072]]
LogConfig: Setting CVar [[s.AsyncLoadingThreadEnabled:0]]
LogConfig: Setting CVar [[s.EventDrivenLoaderEnabled:1]]
LogConfig: Setting CVar [[s.WarnIfTimeLimitExceeded:0]]
LogConfig: Setting CVar [[s.TimeLimitExceededMultiplier:1.5]]
LogConfig: Setting CVar [[s.TimeLimitExceededMinTime:0.005]]
LogConfig: Setting CVar [[s.UseBackgroundLevelStreaming:1]]
LogConfig: Setting CVar [[s.PriorityAsyncLoadingExtraTime:15.0]]
LogConfig: Setting CVar [[s.LevelStreamingActorsUpdateTimeLimit:5.0]]
LogConfig: Setting CVar [[s.PriorityLevelStreamingActorsUpdateExtraTime:5.0]]
LogConfig: Setting CVar [[s.LevelStreamingComponentsRegistrationGranularity:10]]
LogConfig: Setting CVar [[s.UnregisterComponentsTimeLimit:1.0]]
LogConfig: Setting CVar [[s.LevelStreamingComponentsUnregistrationGranularity:5]]
LogConfig: Setting CVar [[s.FlushStreamingOnExit:1]]
LogInit: Object subsystem initialized
LogConfig: Setting CVar [[con.DebugEarlyDefault:1]]
LogConfig: Setting CVar [[r.setres:1280x720]]
[2021.03.05-18.51.42:638][  0]LogConfig: Setting CVar [[r.VSync:0]]
[2021.03.05-18.51.42:638][  0]LogConfig: Setting CVar [[r.RHICmdBypass:0]]
[2021.03.05-18.51.42:638][  0]LogConfig: Applying CVar settings from Section [/Script/Engine.RendererSettings] File [C:/Users/cbrad/OneDrive/Documents/GitHub/ThirdPersonHorror/ThirdPersonHorror/Saved/Config/Windows/Engine.ini]
[2021.03.05-18.51.42:638][  0]LogConfig: Setting CVar [[r.GPUCrashDebugging:0]]
[2021.03.05-18.51.42:638][  0]LogConfig: Applying CVar settings from Section [/Script/Engine.RendererOverrideSettings] File [C:/Users/cbrad/OneDrive/Documents/GitHub/ThirdPersonHorror/ThirdPersonHorror/Saved/Config/Windows/Engine.ini]
[2021.03.05-18.51.42:638][  0]LogConfig: Applying CVar settings from Section [/Script/Engine.StreamingSettings] File [C:/Users/cbrad/OneDrive/Documents/GitHub/ThirdPersonHorror/ThirdPersonHorror/Saved/Config/Windows/Engine.ini]
[2021.03.05-18.51.42:638][  0]LogConfig: Setting CVar [[s.MinBulkDataSizeForAsyncLoading:131072]]
[2021.03.05-18.51.42:638][  0]LogConfig: Setting CVar [[s.AsyncLoadingThreadEnabled:0]]
[2021.03.05-18.51.42:638][  0]LogConfig: Setting CVar [[s.EventDrivenLoaderEnabled:1]]
[2021.03.05-18.51.42:638][  0]LogConfig: Setting CVar [[s.WarnIfTimeLimitExceeded:0]]
[2021.03.05-18.51.42:638][  0]LogConfig: Setting CVar [[s.TimeLimitExceededMultiplier:1.5]]
[2021.03.05-18.51.42:638][  0]LogConfig: Setting CVar [[s.TimeLimitExceededMinTime:0.005]]
[2021.03.05-18.51.42:638][  0]LogConfig: Setting CVar [[s.UseBackgroundLevelStreaming:1]]
[2021.03.05-18.51.42:638][  0]LogConfig: Setting CVar [[s.PriorityAsyncLoadingExtraTime:15.0]]
[2021.03.05-18.51.42:638][  0]LogConfig: Setting CVar [[s.LevelStreamingActorsUpdateTimeLimit:5.0]]
[2021.03.05-18.51.42:638][  0]LogConfig: Setting CVar [[s.PriorityLevelStreamingActorsUpdateExtraTime:5.0]]
[2021.03.05-18.51.42:638][  0]LogConfig: Setting CVar [[s.LevelStreamingComponentsRegistrationGranularity:10]]
[2021.03.05-18.51.42:638][  0]LogConfig: Setting CVar [[s.UnregisterComponentsTimeLimit:1.0]]
[2021.03.05-18.51.42:638][  0]LogConfig: Setting CVar [[s.LevelStreamingComponentsUnregistrationGranularity:5]]
[2021.03.05-18.51.42:638][  0]LogConfig: Setting CVar [[s.FlushStreamingOnExit:1]]
[2021.03.05-18.51.42:638][  0]LogConfig: Applying CVar settings from Section [/Script/Engine.GarbageCollectionSettings] File [C:/Users/cbrad/OneDrive/Documents/GitHub/ThirdPersonHorror/ThirdPersonHorror/Saved/Config/Windows/Engine.ini]
[2021.03.05-18.51.42:638][  0]LogConfig: Setting CVar [[gc.MaxObjectsNotConsideredByGC:1]]
[2021.03.05-18.51.42:638][  0]LogConfig: Setting CVar [[gc.SizeOfPermanentObjectPool:0]]
[2021.03.05-18.51.42:638][  0]LogConfig: Setting CVar [[gc.FlushStreamingOnGC:0]]
[2021.03.05-18.51.42:638][  0]LogConfig: Setting CVar [[gc.NumRetriesBeforeForcingGC:10]]
[2021.03.05-18.51.42:638][  0]LogConfig: Setting CVar [[gc.AllowParallelGC:1]]
[2021.03.05-18.51.42:638][  0]LogConfig: Setting CVar [[gc.TimeBetweenPurgingPendingKillObjects:61.1]]
[2021.03.05-18.51.42:638][  0]LogConfig: Setting CVar [[gc.MaxObjectsInEditor:25165824]]
[2021.03.05-18.51.42:638][  0]LogConfig: Setting CVar [[gc.IncrementalBeginDestroyEnabled:1]]
[2021.03.05-18.51.42:638][  0]LogConfig: Setting CVar [[gc.CreateGCClusters:1]]
[2021.03.05-18.51.42:638][  0]LogConfig: Setting CVar [[gc.MinGCClusterSize:5]]
[2021.03.05-18.51.42:638][  0]LogConfig: Setting CVar [[gc.ActorClusteringEnabled:0]]
[2021.03.05-18.51.42:638][  0]LogConfig: Setting CVar [[gc.BlueprintClusteringEnabled:0]]
[2021.03.05-18.51.42:638][  0]LogConfig: Setting CVar [[gc.UseDisregardForGCOnDedicatedServers:0]]
[2021.03.05-18.51.42:638][  0]LogConfig: Applying CVar settings from Section [/Script/Engine.NetworkSettings] File [C:/Users/cbrad/OneDrive/Documents/GitHub/ThirdPersonHorror/ThirdPersonHorror/Saved/Config/Windows/Engine.ini]
[2021.03.05-18.51.42:638][  0]LogConfig: Applying CVar settings from Section [/Script/UnrealEd.CookerSettings] File [C:/Users/cbrad/OneDrive/Documents/GitHub/ThirdPersonHorror/ThirdPersonHorror/Saved/Config/Windows/Engine.ini]
[2021.03.05-18.51.42:641][  0]LogConfig: Applying CVar settings from Section [ViewDistanceQuality@3] File [C:/Users/cbrad/OneDrive/Documents/GitHub/ThirdPersonHorror/ThirdPersonHorror/Saved/Config/Windows/Scalability.ini]
[2021.03.05-18.51.42:641][  0]LogConfig: Setting CVar [[r.SkeletalMeshLODBias:0]]
[2021.03.05-18.51.42:641][  0]LogConfig: Setting CVar [[r.ViewDistanceScale:1.0]]
[2021.03.05-18.51.42:641][  0]LogConfig: Applying CVar settings from Section [AntiAliasingQuality@3] File [C:/Users/cbrad/OneDrive/Documents/GitHub/ThirdPersonHorror/ThirdPersonHorror/Saved/Config/Windows/Scalability.ini]
[2021.03.05-18.51.42:641][  0]LogConfig: Setting CVar [[r.PostProcessAAQuality:4]]
[2021.03.05-18.51.42:641][  0]LogConfig: Applying CVar settings from Section [ShadowQuality@3] File [C:/Users/cbrad/OneDrive/Documents/GitHub/ThirdPersonHorror/ThirdPersonHorror/Saved/Config/Windows/Scalability.ini]
[2021.03.05-18.51.42:641][  0]LogConfig: Setting CVar [[r.LightFunctionQuality:1]]
[2021.03.05-18.51.42:641][  0]LogConfig: Setting CVar [[r.ShadowQuality:5]]
[2021.03.05-18.51.42:641][  0]LogConfig: Setting CVar [[r.Shadow.CSM.MaxCascades:10]]
[2021.03.05-18.51.42:641][  0]LogConfig: Setting CVar [[r.Shadow.MaxResolution:2048]]
[2021.03.05-18.51.42:641][  0]LogConfig: Setting CVar [[r.Shadow.MaxCSMResolution:2048]]
[2021.03.05-18.51.42:641][  0]LogConfig: Setting CVar [[r.Shadow.RadiusThreshold:0.01]]
[2021.03.05-18.51.42:641][  0]LogConfig: Setting CVar [[r.Shadow.DistanceScale:1.0]]
[2021.03.05-18.51.42:641][  0]LogConfig: Setting CVar [[r.Shadow.CSM.TransitionScale:1.0]]
[2021.03.05-18.51.42:641][  0]LogConfig: Setting CVar [[r.Shadow.PreShadowResolutionFactor:1.0]]
[2021.03.05-18.51.42:641][  0]LogConfig: Setting CVar [[r.DistanceFieldShadowing:1]]
[2021.03.05-18.51.42:641][  0]LogConfig: Setting CVar [[r.DistanceFieldAO:1]]
[2021.03.05-18.51.42:641][  0]LogConfig: Setting CVar [[r.AOQuality:2]]
[2021.03.05-18.51.42:641][  0]LogConfig: Setting CVar [[r.VolumetricFog:1]]
[2021.03.05-18.51.42:641][  0]LogConfig: Setting CVar [[r.VolumetricFog.GridPixelSize:8]]
[2021.03.05-18.51.42:641][  0]LogConfig: Setting CVar [[r.VolumetricFog.GridSizeZ:128]]
[2021.03.05-18.51.42:641][  0]LogConfig: Setting CVar [[r.VolumetricFog.HistoryMissSupersampleCount:4]]
[2021.03.05-18.51.42:641][  0]LogConfig: Setting CVar [[r.LightMaxDrawDistanceScale:1]]
[2021.03.05-18.51.42:641][  0]LogConfig: Setting CVar [[r.CapsuleShadows:1]]
[2021.03.05-18.51.42:641][  0]LogConfig: Applying CVar settings from Section [PostProcessQuality@3] File [C:/Users/cbrad/OneDrive/Documents/GitHub/ThirdPersonHorror/ThirdPersonHorror/Saved/Config/Windows/Scalability.ini]
[2021.03.05-18.51.42:641][  0]LogConfig: Setting CVar [[r.MotionBlurQuality:4]]
[2021.03.05-18.51.42:641][  0]LogConfig: Setting CVar [[r.AmbientOcclusionMipLevelFactor:0.4]]
[2021.03.05-18.51.42:641][  0]LogConfig: Setting CVar [[r.AmbientOcclusionMaxQuality:100]]
[2021.03.05-18.51.42:641][  0]LogConfig: Setting CVar [[r.AmbientOcclusionLevels:-1]]
[2021.03.05-18.51.42:641][  0]LogConfig: Setting CVar [[r.AmbientOcclusionRadiusScale:1.0]]
[2021.03.05-18.51.42:641][  0]LogConfig: Setting CVar [[r.DepthOfFieldQuality:2]]
[2021.03.05-18.51.42:641][  0]LogConfig: Setting CVar [[r.RenderTargetPoolMin:400]]
[2021.03.05-18.51.42:641][  0]LogConfig: Setting CVar [[r.LensFlareQuality:2]]
[2021.03.05-18.51.42:641][  0]LogConfig: Setting CVar [[r.SceneColorFringeQuality:1]]
[2021.03.05-18.51.42:641][  0]LogConfig: Setting CVar [[r.EyeAdaptationQuality:2]]
[2021.03.05-18.51.42:641][  0]LogConfig: Setting CVar [[r.BloomQuality:5]]
[2021.03.05-18.51.42:641][  0]LogConfig: Setting CVar [[r.FastBlurThreshold:100]]
[2021.03.05-18.51.42:641][  0]LogConfig: Setting CVar [[r.Upscale.Quality:3]]
[2021.03.05-18.51.42:641][  0]LogConfig: Setting CVar [[r.Tonemapper.GrainQuantization:1]]
[2021.03.05-18.51.42:641][  0]LogConfig: Setting CVar [[r.LightShaftQuality:1]]
[2021.03.05-18.51.42:641][  0]LogConfig: Setting CVar [[r.Filter.SizeScale:1]]
[2021.03.05-18.51.42:641][  0]LogConfig: Setting CVar [[r.Tonemapper.Quality:5]]
[2021.03.05-18.51.42:641][  0]LogConfig: Setting CVar [[r.DOF.Gather.AccumulatorQuality:1        ; higher gathering accumulator quality]]
[2021.03.05-18.51.42:641][  0]LogConfig: Setting CVar [[r.DOF.Gather.PostfilterMethod:1          ; Median3x3 postfilering method]]
[2021.03.05-18.51.42:641][  0]LogConfig: Setting CVar [[r.DOF.Gather.EnableBokehSettings:0       ; no bokeh simulation when gathering]]
[2021.03.05-18.51.42:641][  0]LogConfig: Setting CVar [[r.DOF.Gather.RingCount:4                 ; medium number of samples when gathering]]
[2021.03.05-18.51.42:641][  0]LogConfig: Setting CVar [[r.DOF.Scatter.ForegroundCompositing:1    ; additive foreground scattering]]
[2021.03.05-18.51.42:641][  0]LogConfig: Setting CVar [[r.DOF.Scatter.BackgroundCompositing:2    ; additive background scattering]]
[2021.03.05-18.51.42:641][  0]LogConfig: Setting CVar [[r.DOF.Scatter.EnableBokehSettings:1      ; bokeh simulation when scattering]]
[2021.03.05-18.51.42:641][  0]LogConfig: Setting CVar [[r.DOF.Scatter.MaxSpriteRatio:0.1         ; only a maximum of 10% of scattered bokeh]]
[2021.03.05-18.51.42:641][  0]LogConfig: Setting CVar [[r.DOF.Recombine.Quality:1                ; cheap slight out of focus]]
[2021.03.05-18.51.42:642][  0]LogConfig: Setting CVar [[r.DOF.Recombine.EnableBokehSettings:0    ; no bokeh simulation on slight out of focus]]
[2021.03.05-18.51.42:642][  0]LogConfig: Setting CVar [[r.DOF.TemporalAAQuality:1                ; more stable temporal accumulation]]
[2021.03.05-18.51.42:642][  0]LogConfig: Setting CVar [[r.DOF.Kernel.MaxForegroundRadius:0.025]]
[2021.03.05-18.51.42:642][  0]LogConfig: Setting CVar [[r.DOF.Kernel.MaxBackgroundRadius:0.025]]
[2021.03.05-18.51.42:642][  0]LogConfig: Applying CVar settings from Section [TextureQuality@3] File [C:/Users/cbrad/OneDrive/Documents/GitHub/ThirdPersonHorror/ThirdPersonHorror/Saved/Config/Windows/Scalability.ini]
[2021.03.05-18.51.42:642][  0]LogConfig: Setting CVar [[r.Streaming.MipBias:0]]
[2021.03.05-18.51.42:642][  0]LogConfig: Setting CVar [[r.Streaming.AmortizeCPUToGPUCopy:0]]
[2021.03.05-18.51.42:642][  0]LogConfig: Setting CVar [[r.Streaming.MaxNumTexturesToStreamPerFrame:0]]
[2021.03.05-18.51.42:642][  0]LogConfig: Setting CVar [[r.Streaming.Boost:1]]
[2021.03.05-18.51.42:642][  0]LogConfig: Setting CVar [[r.MaxAnisotropy:8]]
[2021.03.05-18.51.42:642][  0]LogConfig: Setting CVar [[r.VT.MaxAnisotropy:8]]
[2021.03.05-18.51.42:642][  0]LogConfig: Setting CVar [[r.Streaming.LimitPoolSizeToVRAM:0]]
[2021.03.05-18.51.42:642][  0]LogConfig: Setting CVar [[r.Streaming.PoolSize:1000]]
[2021.03.05-18.51.42:642][  0]LogConfig: Setting CVar [[r.Streaming.MaxEffectiveScreenSize:0]]
[2021.03.05-18.51.42:642][  0]LogConfig: Applying CVar settings from Section [EffectsQuality@3] File [C:/Users/cbrad/OneDrive/Documents/GitHub/ThirdPersonHorror/ThirdPersonHorror/Saved/Config/Windows/Scalability.ini]
[2021.03.05-18.51.42:642][  0]LogConfig: Setting CVar [[r.TranslucencyLightingVolumeDim:64]]
[2021.03.05-18.51.42:642][  0]LogConfig: Setting CVar [[r.RefractionQuality:2]]
[2021.03.05-18.51.42:642][  0]LogConfig: Setting CVar [[r.SSR.Quality:3]]
[2021.03.05-18.51.42:642][  0]LogConfig: Setting CVar [[r.SSR.HalfResSceneColor:0]]
[2021.03.05-18.51.42:642][  0]LogConfig: Setting CVar [[r.SceneColorFormat:4]]
[2021.03.05-18.51.42:642][  0]LogConfig: Setting CVar [[r.DetailMode:2]]
[2021.03.05-18.51.42:642][  0]LogConfig: Setting CVar [[r.TranslucencyVolumeBlur:1]]
[2021.03.05-18.51.42:642][  0]LogConfig: Setting CVar [[r.MaterialQualityLevel:1 ; High quality]]
[2021.03.05-18.51.42:642][  0]LogConfig: Setting CVar [[r.SSS.Scale:1]]
[2021.03.05-18.51.42:642][  0]LogConfig: Setting CVar [[r.SSS.SampleSet:2]]
[2021.03.05-18.51.42:642][  0]LogConfig: Setting CVar [[r.SSS.Quality:1]]
[2021.03.05-18.51.42:642][  0]LogConfig: Setting CVar [[r.SSS.HalfRes:0]]
[2021.03.05-18.51.42:642][  0]LogConfig: Setting CVar [[r.SSGI.Quality:3]]
[2021.03.05-18.51.42:642][  0]LogConfig: Setting CVar [[r.EmitterSpawnRateScale:1.0]]
[2021.03.05-18.51.42:642][  0]LogConfig: Setting CVar [[r.ParticleLightQuality:2]]
[2021.03.05-18.51.42:642][  0]LogConfig: Setting CVar [[r.SkyAtmosphere.AerialPerspectiveLUT.FastApplyOnOpaque:1 ; Always have FastSkyLUT 1 in this case to avoid wrong sky]]
[2021.03.05-18.51.42:642][  0]LogConfig: Setting CVar [[r.SkyAtmosphere.AerialPerspectiveLUT.SampleCountPerSlice:1]]
[2021.03.05-18.51.42:642][  0]LogConfig: Setting CVar [[r.SkyAtmosphere.AerialPerspectiveLUT.DepthResolution:16.0]]
[2021.03.05-18.51.42:642][  0]LogConfig: Setting CVar [[r.SkyAtmosphere.FastSkyLUT:1]]
[2021.03.05-18.51.42:642][  0]LogConfig: Setting CVar [[r.SkyAtmosphere.FastSkyLUT.SampleCountMin:4.0]]
[2021.03.05-18.51.42:642][  0]LogConfig: Setting CVar [[r.SkyAtmosphere.FastSkyLUT.SampleCountMax:32.0]]
[2021.03.05-18.51.42:642][  0]LogConfig: Setting CVar [[r.SkyAtmosphere.SampleCountMin:4.0]]
[2021.03.05-18.51.42:642][  0]LogConfig: Setting CVar [[r.SkyAtmosphere.SampleCountMax:32.0]]
[2021.03.05-18.51.42:642][  0]LogConfig: Setting CVar [[r.SkyAtmosphere.TransmittanceLUT.UseSmallFormat:0]]
[2021.03.05-18.51.42:642][  0]LogConfig: Setting CVar [[r.SkyAtmosphere.TransmittanceLUT.SampleCount:10.0]]
[2021.03.05-18.51.42:642][  0]LogConfig: Setting CVar [[r.SkyAtmosphere.MultiScatteringLUT.SampleCount:15.0]]
[2021.03.05-18.51.42:642][  0]LogConfig: Applying CVar settings from Section [FoliageQuality@3] File [C:/Users/cbrad/OneDrive/Documents/GitHub/ThirdPersonHorror/ThirdPersonHorror/Saved/Config/Windows/Scalability.ini]
[2021.03.05-18.51.42:642][  0]LogConfig: Setting CVar [[foliage.DensityScale:1.0]]
[2021.03.05-18.51.42:642][  0]LogConfig: Setting CVar [[grass.DensityScale:1.0]]
[2021.03.05-18.51.42:642][  0]LogConfig: Applying CVar settings from Section [ShadingQuality@3] File [C:/Users/cbrad/OneDrive/Documents/GitHub/ThirdPersonHorror/ThirdPersonHorror/Saved/Config/Windows/Scalability.ini]
[2021.03.05-18.51.42:642][  0]LogConfig: Setting CVar [[r.HairStrands.SkyLighting.SampleCount:16]]
[2021.03.05-18.51.42:642][  0]LogConfig: Setting CVar [[r.HairStrands.SkyLighting.JitterIntegration:0]]
[2021.03.05-18.51.42:642][  0]LogConfig: Setting CVar [[r.HairStrands.SkyAO.SampleCount:16]]
[2021.03.05-18.51.42:642][  0]LogConfig: Setting CVar [[r.HairStrands.DeepShadow.SuperSampling:0]]
[2021.03.05-18.51.42:642][  0]LogConfig: Setting CVar [[r.HairStrands.VisibilityPPLL:0]]
[2021.03.05-18.51.42:642][  0]LogConfig: Setting CVar [[r.HairStrands.RasterizationScale:0.5]]
[2021.03.05-18.51.42:642][  0]LogConfig: Setting CVar [[r.HairStrands.VelocityRasterizationScale:1]]
[2021.03.05-18.51.42:642][  0]LogInit: Selected Device Profile: [Windows]
[2021.03.05-18.51.42:642][  0]LogInit: Applying CVar settings loaded from the selected device profile: [Windows]
[2021.03.05-18.51.42:642][  0]LogHAL: Display: Platform has ~ 8 GB [8529567744 / 8589934592 / 8], which maps to Default [LargestMinGB=32, LargerMinGB=12, DefaultMinGB=8, SmallerMinGB=6, SmallestMinGB=0)
[2021.03.05-18.51.42:642][  0]LogInit: Going up to parent DeviceProfile []
[2021.03.05-18.51.42:642][  0]LogConfig: Applying CVar settings from Section [ViewDistanceQuality@3] File [C:/Users/cbrad/OneDrive/Documents/GitHub/ThirdPersonHorror/ThirdPersonHorror/Saved/Config/Windows/Scalability.ini]
[2021.03.05-18.51.42:642][  0]LogConfig: Setting CVar [[r.SkeletalMeshLODBias:0]]
[2021.03.05-18.51.42:642][  0]LogConfig: Setting CVar [[r.ViewDistanceScale:1.0]]
[2021.03.05-18.51.42:642][  0]LogConfig: Applying CVar settings from Section [AntiAliasingQuality@3] File [C:/Users/cbrad/OneDrive/Documents/GitHub/ThirdPersonHorror/ThirdPersonHorror/Saved/Config/Windows/Scalability.ini]
[2021.03.05-18.51.42:642][  0]LogConfig: Setting CVar [[r.PostProcessAAQuality:4]]
[2021.03.05-18.51.42:642][  0]LogConfig: Applying CVar settings from Section [ShadowQuality@3] File [C:/Users/cbrad/OneDrive/Documents/GitHub/ThirdPersonHorror/ThirdPersonHorror/Saved/Config/Windows/Scalability.ini]
[2021.03.05-18.51.42:642][  0]LogConfig: Setting CVar [[r.LightFunctionQuality:1]]
[2021.03.05-18.51.42:642][  0]LogConfig: Setting CVar [[r.ShadowQuality:5]]
[2021.03.05-18.51.42:642][  0]LogConfig: Setting CVar [[r.Shadow.CSM.MaxCascades:10]]
[2021.03.05-18.51.42:642][  0]LogConfig: Setting CVar [[r.Shadow.MaxResolution:2048]]
[2021.03.05-18.51.42:642][  0]LogConfig: Setting CVar [[r.Shadow.MaxCSMResolution:2048]]
[2021.03.05-18.51.42:642][  0]LogConfig: Setting CVar [[r.Shadow.RadiusThreshold:0.01]]
[2021.03.05-18.51.42:642][  0]LogConfig: Setting CVar [[r.Shadow.DistanceScale:1.0]]
[2021.03.05-18.51.42:643][  0]LogConfig: Setting CVar [[r.Shadow.CSM.TransitionScale:1.0]]
[2021.03.05-18.51.42:643][  0]LogConfig: Setting CVar [[r.Shadow.PreShadowResolutionFactor:1.0]]
[2021.03.05-18.51.42:643][  0]LogConfig: Setting CVar [[r.DistanceFieldShadowing:1]]
[2021.03.05-18.51.42:643][  0]LogConfig: Setting CVar [[r.DistanceFieldAO:1]]
[2021.03.05-18.51.42:643][  0]LogConfig: Setting CVar [[r.AOQuality:2]]
[2021.03.05-18.51.42:643][  0]LogConfig: Setting CVar [[r.VolumetricFog:1]]
[2021.03.05-18.51.42:643][  0]LogConfig: Setting CVar [[r.VolumetricFog.GridPixelSize:8]]
[2021.03.05-18.51.42:643][  0]LogConfig: Setting CVar [[r.VolumetricFog.GridSizeZ:128]]
[2021.03.05-18.51.42:643][  0]LogConfig: Setting CVar [[r.VolumetricFog.HistoryMissSupersampleCount:4]]
[2021.03.05-18.51.42:643][  0]LogConfig: Setting CVar [[r.LightMaxDrawDistanceScale:1]]
[2021.03.05-18.51.42:643][  0]LogConfig: Setting CVar [[r.CapsuleShadows:1]]
[2021.03.05-18.51.42:643][  0]LogConfig: Applying CVar settings from Section [PostProcessQuality@3] File [C:/Users/cbrad/OneDrive/Documents/GitHub/ThirdPersonHorror/ThirdPersonHorror/Saved/Config/Windows/Scalability.ini]
[2021.03.05-18.51.42:643][  0]LogConfig: Setting CVar [[r.MotionBlurQuality:4]]
[2021.03.05-18.51.42:643][  0]LogConfig: Setting CVar [[r.AmbientOcclusionMipLevelFactor:0.4]]
[2021.03.05-18.51.42:643][  0]LogConfig: Setting CVar [[r.AmbientOcclusionMaxQuality:100]]
[2021.03.05-18.51.42:643][  0]LogConfig: Setting CVar [[r.AmbientOcclusionLevels:-1]]
[2021.03.05-18.51.42:643][  0]LogConfig: Setting CVar [[r.AmbientOcclusionRadiusScale:1.0]]
[2021.03.05-18.51.42:643][  0]LogConfig: Setting CVar [[r.DepthOfFieldQuality:2]]
[2021.03.05-18.51.42:643][  0]LogConfig: Setting CVar [[r.RenderTargetPoolMin:400]]
[2021.03.05-18.51.42:643][  0]LogConfig: Setting CVar [[r.LensFlareQuality:2]]
[2021.03.05-18.51.42:643][  0]LogConfig: Setting CVar [[r.SceneColorFringeQuality:1]]
[2021.03.05-18.51.42:643][  0]LogConfig: Setting CVar [[r.EyeAdaptationQuality:2]]
[2021.03.05-18.51.42:643][  0]LogConfig: Setting CVar [[r.BloomQuality:5]]
[2021.03.05-18.51.42:643][  0]LogConfig: Setting CVar [[r.FastBlurThreshold:100]]
[2021.03.05-18.51.42:643][  0]LogConfig: Setting CVar [[r.Upscale.Quality:3]]
[2021.03.05-18.51.42:643][  0]LogConfig: Setting CVar [[r.Tonemapper.GrainQuantization:1]]
[2021.03.05-18.51.42:643][  0]LogConfig: Setting CVar [[r.LightShaftQuality:1]]
[2021.03.05-18.51.42:643][  0]LogConfig: Setting CVar [[r.Filter.SizeScale:1]]
[2021.03.05-18.51.42:643][  0]LogConfig: Setting CVar [[r.Tonemapper.Quality:5]]
[2021.03.05-18.51.42:643][  0]LogConfig: Setting CVar [[r.DOF.Gather.AccumulatorQuality:1        ; higher gathering accumulator quality]]
[2021.03.05-18.51.42:643][  0]LogConfig: Setting CVar [[r.DOF.Gather.PostfilterMethod:1          ; Median3x3 postfilering method]]
[2021.03.05-18.51.42:643][  0]LogConfig: Setting CVar [[r.DOF.Gather.EnableBokehSettings:0       ; no bokeh simulation when gathering]]
[2021.03.05-18.51.42:643][  0]LogConfig: Setting CVar [[r.DOF.Gather.RingCount:4                 ; medium number of samples when gathering]]
[2021.03.05-18.51.42:643][  0]LogConfig: Setting CVar [[r.DOF.Scatter.ForegroundCompositing:1    ; additive foreground scattering]]
[2021.03.05-18.51.42:643][  0]LogConfig: Setting CVar [[r.DOF.Scatter.BackgroundCompositing:2    ; additive background scattering]]
[2021.03.05-18.51.42:643][  0]LogConfig: Setting CVar [[r.DOF.Scatter.EnableBokehSettings:1      ; bokeh simulation when scattering]]
[2021.03.05-18.51.42:643][  0]LogConfig: Setting CVar [[r.DOF.Scatter.MaxSpriteRatio:0.1         ; only a maximum of 10% of scattered bokeh]]
[2021.03.05-18.51.42:643][  0]LogConfig: Setting CVar [[r.DOF.Recombine.Quality:1                ; cheap slight out of focus]]
[2021.03.05-18.51.42:643][  0]LogConfig: Setting CVar [[r.DOF.Recombine.EnableBokehSettings:0    ; no bokeh simulation on slight out of focus]]
[2021.03.05-18.51.42:643][  0]LogConfig: Setting CVar [[r.DOF.TemporalAAQuality:1                ; more stable temporal accumulation]]
[2021.03.05-18.51.42:643][  0]LogConfig: Setting CVar [[r.DOF.Kernel.MaxForegroundRadius:0.025]]
[2021.03.05-18.51.42:643][  0]LogConfig: Setting CVar [[r.DOF.Kernel.MaxBackgroundRadius:0.025]]
[2021.03.05-18.51.42:643][  0]LogConfig: Applying CVar settings from Section [TextureQuality@3] File [C:/Users/cbrad/OneDrive/Documents/GitHub/ThirdPersonHorror/ThirdPersonHorror/Saved/Config/Windows/Scalability.ini]
[2021.03.05-18.51.42:643][  0]LogConfig: Setting CVar [[r.Streaming.MipBias:0]]
[2021.03.05-18.51.42:643][  0]LogConfig: Setting CVar [[r.Streaming.AmortizeCPUToGPUCopy:0]]
[2021.03.05-18.51.42:643][  0]LogConfig: Setting CVar [[r.Streaming.MaxNumTexturesToStreamPerFrame:0]]
[2021.03.05-18.51.42:643][  0]LogConfig: Setting CVar [[r.Streaming.Boost:1]]
[2021.03.05-18.51.42:643][  0]LogConfig: Setting CVar [[r.MaxAnisotropy:8]]
[2021.03.05-18.51.42:643][  0]LogConfig: Setting CVar [[r.VT.MaxAnisotropy:8]]
[2021.03.05-18.51.42:643][  0]LogConfig: Setting CVar [[r.Streaming.LimitPoolSizeToVRAM:0]]
[2021.03.05-18.51.42:643][  0]LogConfig: Setting CVar [[r.Streaming.PoolSize:1000]]
[2021.03.05-18.51.42:643][  0]LogConfig: Setting CVar [[r.Streaming.MaxEffectiveScreenSize:0]]
[2021.03.05-18.51.42:643][  0]LogConfig: Applying CVar settings from Section [EffectsQuality@3] File [C:/Users/cbrad/OneDrive/Documents/GitHub/ThirdPersonHorror/ThirdPersonHorror/Saved/Config/Windows/Scalability.ini]
[2021.03.05-18.51.42:643][  0]LogConfig: Setting CVar [[r.TranslucencyLightingVolumeDim:64]]
[2021.03.05-18.51.42:643][  0]LogConfig: Setting CVar [[r.RefractionQuality:2]]
[2021.03.05-18.51.42:643][  0]LogConfig: Setting CVar [[r.SSR.Quality:3]]
[2021.03.05-18.51.42:643][  0]LogConfig: Setting CVar [[r.SSR.HalfResSceneColor:0]]
[2021.03.05-18.51.42:643][  0]LogConfig: Setting CVar [[r.SceneColorFormat:4]]
[2021.03.05-18.51.42:643][  0]LogConfig: Setting CVar [[r.DetailMode:2]]
[2021.03.05-18.51.42:643][  0]LogConfig: Setting CVar [[r.TranslucencyVolumeBlur:1]]
[2021.03.05-18.51.42:643][  0]LogConfig: Setting CVar [[r.MaterialQualityLevel:1 ; High quality]]
[2021.03.05-18.51.42:643][  0]LogConfig: Setting CVar [[r.SSS.Scale:1]]
[2021.03.05-18.51.42:643][  0]LogConfig: Setting CVar [[r.SSS.SampleSet:2]]
[2021.03.05-18.51.42:643][  0]LogConfig: Setting CVar [[r.SSS.Quality:1]]
[2021.03.05-18.51.42:643][  0]LogConfig: Setting CVar [[r.SSS.HalfRes:0]]
[2021.03.05-18.51.42:643][  0]LogConfig: Setting CVar [[r.SSGI.Quality:3]]
[2021.03.05-18.51.42:643][  0]LogConfig: Setting CVar [[r.EmitterSpawnRateScale:1.0]]
[2021.03.05-18.51.42:643][  0]LogConfig: Setting CVar [[r.ParticleLightQuality:2]]
[2021.03.05-18.51.42:643][  0]LogConfig: Setting CVar [[r.SkyAtmosphere.AerialPerspectiveLUT.FastApplyOnOpaque:1 ; Always have FastSkyLUT 1 in this case to avoid wrong sky]]
[2021.03.05-18.51.42:643][  0]LogConfig: Setting CVar [[r.SkyAtmosphere.AerialPerspectiveLUT.SampleCountPerSlice:1]]
[2021.03.05-18.51.42:643][  0]LogConfig: Setting CVar [[r.SkyAtmosphere.AerialPerspectiveLUT.DepthResolution:16.0]]
[2021.03.05-18.51.42:643][  0]LogConfig: Setting CVar [[r.SkyAtmosphere.FastSkyLUT:1]]
[2021.03.05-18.51.42:643][  0]LogConfig: Setting CVar [[r.SkyAtmosphere.FastSkyLUT.SampleCountMin:4.0]]
[2021.03.05-18.51.42:643][  0]LogConfig: Setting CVar [[r.SkyAtmosphere.FastSkyLUT.SampleCountMax:32.0]]
[2021.03.05-18.51.42:643][  0]LogConfig: Setting CVar [[r.SkyAtmosphere.SampleCountMin:4.0]]
[2021.03.05-18.51.42:643][  0]LogConfig: Setting CVar [[r.SkyAtmosphere.SampleCountMax:32.0]]
[2021.03.05-18.51.42:643][  0]LogConfig: Setting CVar [[r.SkyAtmosphere.TransmittanceLUT.UseSmallFormat:0]]
[2021.03.05-18.51.42:644][  0]LogConfig: Setting CVar [[r.SkyAtmosphere.TransmittanceLUT.SampleCount:10.0]]
[2021.03.05-18.51.42:644][  0]LogConfig: Setting CVar [[r.SkyAtmosphere.MultiScatteringLUT.SampleCount:15.0]]
[2021.03.05-18.51.42:644][  0]LogConfig: Applying CVar settings from Section [FoliageQuality@3] File [C:/Users/cbrad/OneDrive/Documents/GitHub/ThirdPersonHorror/ThirdPersonHorror/Saved/Config/Windows/Scalability.ini]
[2021.03.05-18.51.42:644][  0]LogConfig: Setting CVar [[foliage.DensityScale:1.0]]
[2021.03.05-18.51.42:644][  0]LogConfig: Setting CVar [[grass.DensityScale:1.0]]
[2021.03.05-18.51.42:644][  0]LogConfig: Applying CVar settings from Section [ShadingQuality@3] File [C:/Users/cbrad/OneDrive/Documents/GitHub/ThirdPersonHorror/ThirdPersonHorror/Saved/Config/Windows/Scalability.ini]
[2021.03.05-18.51.42:644][  0]LogConfig: Setting CVar [[r.HairStrands.SkyLighting.SampleCount:16]]
[2021.03.05-18.51.42:644][  0]LogConfig: Setting CVar [[r.HairStrands.SkyLighting.JitterIntegration:0]]
[2021.03.05-18.51.42:644][  0]LogConfig: Setting CVar [[r.HairStrands.SkyAO.SampleCount:16]]
[2021.03.05-18.51.42:644][  0]LogConfig: Setting CVar [[r.HairStrands.DeepShadow.SuperSampling:0]]
[2021.03.05-18.51.42:644][  0]LogConfig: Setting CVar [[r.HairStrands.VisibilityPPLL:0]]
[2021.03.05-18.51.42:644][  0]LogConfig: Setting CVar [[r.HairStrands.RasterizationScale:0.5]]
[2021.03.05-18.51.42:644][  0]LogConfig: Setting CVar [[r.HairStrands.VelocityRasterizationScale:1]]
[2021.03.05-18.51.42:644][  0]LogConfig: Applying CVar settings from Section [Startup] File [../../../Engine/Config/ConsoleVariables.ini]
[2021.03.05-18.51.42:644][  0]LogConfig: Setting CVar [[net.UseAdaptiveNetUpdateFrequency:0]]
[2021.03.05-18.51.42:644][  0]LogConfig: Setting CVar [[p.chaos.AllowCreatePhysxBodies:1]]
[2021.03.05-18.51.42:644][  0]LogConfig: Setting CVar [[fx.SkipVectorVMBackendOptimizations:1]]
[2021.03.05-18.51.42:644][  0]LogConfig: Applying CVar settings from Section [ConsoleVariables] File [C:/Users/cbrad/OneDrive/Documents/GitHub/ThirdPersonHorror/ThirdPersonHorror/Saved/Config/Windows/Engine.ini]
[2021.03.05-18.51.42:644][  0]LogInit: Computer: DESKTOP-303N8E4
[2021.03.05-18.51.42:644][  0]LogInit: User: cbrad
[2021.03.05-18.51.42:644][  0]LogInit: CPU Page size=4096, Cores=4
[2021.03.05-18.51.42:644][  0]LogInit: High frequency timer resolution =10.000000 MHz
[2021.03.05-18.51.42:644][  0]LogMemory: Memory total: Physical=7.9GB (8GB approx)
[2021.03.05-18.51.42:644][  0]LogMemory: Platform Memory Stats for Windows
[2021.03.05-18.51.42:644][  0]LogMemory: Process Physical Memory: 114.32 MB used, 114.32 MB peak
[2021.03.05-18.51.42:644][  0]LogMemory: Process Virtual Memory: 104.40 MB used, 104.40 MB peak
[2021.03.05-18.51.42:644][  0]LogMemory: Physical Memory: 3827.90 MB used,  4306.53 MB free, 8134.43 MB total
[2021.03.05-18.51.42:644][  0]LogMemory: Virtual Memory: 5139.33 MB used,  134212592.00 MB free, 134217728.00 MB total
[2021.03.05-18.51.42:649][  0]LogWindows: WindowsPlatformFeatures enabled
[2021.03.05-18.51.42:696][  0]LogInit: Physics initialised using underlying interface: PhysX
[2021.03.05-18.51.42:697][  0]LogInit: Using OS detected language (en-US).
[2021.03.05-18.51.42:697][  0]LogInit: Using OS detected locale (en-US).
[2021.03.05-18.51.42:700][  0]LogTextLocalizationManager: No specific localization for 'en-US' exists, so the 'en' localization will be used.
[2021.03.05-18.51.42:877][  0]LogInit: Setting process to per monitor DPI aware
[2021.03.05-18.51.42:905][  0]LogSlate: New Slate User Created.  User Index 0, Is Virtual User: 0
[2021.03.05-18.51.42:905][  0]LogSlate: Slate User Registered.  User Index 0, Is Virtual User: 0
[2021.03.05-18.51.43:063][  0]LogHMD: Failed to initialize OpenVR with code 126
[2021.03.05-18.51.43:063][  0]LogD3D11RHI: D3D11 min allowed feature level: 11_0
[2021.03.05-18.51.43:063][  0]LogD3D11RHI: D3D11 max allowed feature level: 11_0
[2021.03.05-18.51.43:063][  0]LogD3D11RHI: D3D11 adapters:
[2021.03.05-18.51.43:138][  0]LogD3D11RHI:    0. 'NVIDIA GeForce GTX 1060 3GB' (Feature Level 11_0)
[2021.03.05-18.51.43:138][  0]LogD3D11RHI:       2988/0/4067 MB DedicatedVideo/DedicatedSystem/SharedSystem, Outputs:1, VendorId:0x10de
[2021.03.05-18.51.43:140][  0]LogD3D11RHI:    1. 'Microsoft Basic Render Driver' (Feature Level 11_0)
[2021.03.05-18.51.43:140][  0]LogD3D11RHI:       0/0/4067 MB DedicatedVideo/DedicatedSystem/SharedSystem, Outputs:0, VendorId:0x1414
[2021.03.05-18.51.43:140][  0]LogD3D11RHI: Chosen D3D11 Adapter: 0
[2021.03.05-18.51.43:147][  0]LogD3D11RHI: Creating new Direct3DDevice
[2021.03.05-18.51.43:147][  0]LogD3D11RHI:     GPU DeviceId: 0x1c02 (for the marketing name, search the web for "GPU Device Id")
[2021.03.05-18.51.43:147][  0]LogWindows: EnumDisplayDevices:
[2021.03.05-18.51.43:147][  0]LogWindows:    0. 'NVIDIA GeForce GTX 1060 3GB' (P:1 D:1)
[2021.03.05-18.51.43:147][  0]LogWindows:    1. 'NVIDIA GeForce GTX 1060 3GB' (P:0 D:0)
[2021.03.05-18.51.43:147][  0]LogWindows:    2. 'NVIDIA GeForce GTX 1060 3GB' (P:0 D:0)
[2021.03.05-18.51.43:148][  0]LogWindows:    3. 'NVIDIA GeForce GTX 1060 3GB' (P:0 D:0)
[2021.03.05-18.51.43:148][  0]LogWindows: DebugString: FoundDriverCount:4 
[2021.03.05-18.51.43:148][  0]LogD3D11RHI:     Adapter Name: NVIDIA GeForce GTX 1060 3GB
[2021.03.05-18.51.43:148][  0]LogD3D11RHI:   Driver Version: 461.72 (internal:27.21.14.6172, unified:461.72)
[2021.03.05-18.51.43:148][  0]LogD3D11RHI:      Driver Date: 2-23-2021
[2021.03.05-18.51.43:148][  0]LogRHI: Texture pool is 2091 MB (70% of 2988 MB)
[2021.03.05-18.51.43:202][  0]LogD3D11RHI: RHI has support for 64 bit atomics
[2021.03.05-18.51.43:202][  0]LogD3D11RHI: Async texture creation enabled
[2021.03.05-18.51.43:202][  0]LogD3D11RHI: Array index from any shader is supported
[2021.03.05-18.51.43:220][  0]LogD3D11RHI: GPU Timing Frequency: 1000.000000 (Debug: 2 1)
[2021.03.05-18.51.43:529][  0]LogTargetPlatformManager: Display: Loaded TargetPlatform 'AllDesktop'
[2021.03.05-18.51.43:552][  0]LogTargetPlatformManager: Display: Loaded TargetPlatform 'Android'
[2021.03.05-18.51.43:552][  0]LogTargetPlatformManager: Display: Loaded TargetPlatform 'Android_ASTC'
[2021.03.05-18.51.43:552][  0]LogTargetPlatformManager: Display: Loaded TargetPlatform 'Android_DXT'
[2021.03.05-18.51.43:552][  0]LogTargetPlatformManager: Display: Loaded TargetPlatform 'Android_ETC2'
[2021.03.05-18.51.43:552][  0]LogTargetPlatformManager: Display: Loaded TargetPlatform 'AndroidClient'
[2021.03.05-18.51.43:552][  0]LogTargetPlatformManager: Display: Loaded TargetPlatform 'Android_ASTCClient'
[2021.03.05-18.51.43:552][  0]LogTargetPlatformManager: Display: Loaded TargetPlatform 'Android_DXTClient'
[2021.03.05-18.51.43:552][  0]LogTargetPlatformManager: Display: Loaded TargetPlatform 'Android_ETC2Client'
[2021.03.05-18.51.43:552][  0]LogTargetPlatformManager: Display: Loaded TargetPlatform 'Android_Multi'
[2021.03.05-18.51.43:552][  0]LogTargetPlatformManager: Display: Loaded TargetPlatform 'Android_MultiClient'
[2021.03.05-18.51.43:575][  0]LogTargetPlatformManager: Display: Loaded TargetPlatform 'IOSClient'
[2021.03.05-18.51.43:575][  0]LogTargetPlatformManager: Display: Loaded TargetPlatform 'IOS'
[2021.03.05-18.51.43:586][  0]LogTargetPlatformManager: Display: Loaded TargetPlatform 'Linux'
[2021.03.05-18.51.43:596][  0]LogTargetPlatformManager: Display: Loaded TargetPlatform 'LinuxNoEditor'
[2021.03.05-18.51.43:605][  0]LogTargetPlatformManager: Display: Loaded TargetPlatform 'LinuxClient'
[2021.03.05-18.51.43:615][  0]LogTargetPlatformManager: Display: Loaded TargetPlatform 'LinuxServer'
[2021.03.05-18.51.43:625][  0]LogTargetPlatformManager: Display: Loaded TargetPlatform 'LinuxAArch64NoEditor'
[2021.03.05-18.51.43:635][  0]LogTargetPlatformManager: Display: Loaded TargetPlatform 'LinuxAArch64Client'
[2021.03.05-18.51.43:645][  0]LogTargetPlatformManager: Display: Loaded TargetPlatform 'LinuxAArch64Server'
[2021.03.05-18.51.43:677][  0]LogTargetPlatformManager: Display: Loaded TargetPlatform 'Lumin'
[2021.03.05-18.51.43:677][  0]LogTargetPlatformManager: Display: Loaded TargetPlatform 'LuminClient'
[2021.03.05-18.51.43:695][  0]LogTargetPlatformManager: Display: Loaded TargetPlatform 'TVOSClient'
[2021.03.05-18.51.43:695][  0]LogTargetPlatformManager: Display: Loaded TargetPlatform 'TVOS'
[2021.03.05-18.51.43:705][  0]LogTargetPlatformManager: Display: Loaded TargetPlatform 'WindowsNoEditor'
[2021.03.05-18.51.43:716][  0]LogTargetPlatformManager: Display: Loaded TargetPlatform 'Windows'
[2021.03.05-18.51.43:726][  0]LogTargetPlatformManager: Display: Loaded TargetPlatform 'WindowsClient'
[2021.03.05-18.51.43:736][  0]LogTargetPlatformManager: Display: Loaded TargetPlatform 'WindowsServer'
[2021.03.05-18.51.43:736][  0]LogTargetPlatformManager: Display: Building Assets For Windows
[2021.03.05-18.51.43:744][  0]LogAudioDebug: Display: Lib vorbis DLL was dynamically loaded.
[2021.03.05-18.51.43:816][  0]LogShaderCompilers: Guid format shader working directory is -46 characters bigger than the processId version (../../../../../../Users/cbrad/OneDrive/Documents/GitHub/ThirdPersonHorror/ThirdPersonHorror/Intermediate/Shaders/WorkingDirectory/16760/).
[2021.03.05-18.51.43:816][  0]LogShaderCompilers: Cleaned the shader compiler working directory 'C:/Users/cbrad/AppData/Local/Temp/UnrealShaderWorkingDir/37AB1F304A7BD5ADA4EFF99D32FF2B72/'.
[2021.03.05-18.51.43:816][  0]LogXGEController: Cleaning working directory: C:/Users/cbrad/AppData/Local/Temp/UnrealXGEWorkingDir/
[2021.03.05-18.51.43:817][  0]LogXGEController: Cannot use XGE Controller as Incredibuild is not installed on this machine.
[2021.03.05-18.51.43:817][  0]LogShaderCompilers: Cannot use XGE Shader Compiler as Incredibuild is not installed on this machine.
[2021.03.05-18.51.43:817][  0]LogShaderCompilers: Display: Using Local Shader Compiler.
[2021.03.05-18.51.44:679][  0]LogDerivedDataCache: Display: Max Cache Size: 512 MB
[2021.03.05-18.51.44:750][  0]LogDerivedDataCache: Loaded boot cache 0.07s 75MB C:/Users/cbrad/AppData/Local/UnrealEngine/4.25/DerivedDataCache/Boot.ddc.
[2021.03.05-18.51.44:750][  0]LogDerivedDataCache: Display: Loaded Boot cache: C:/Users/cbrad/AppData/Local/UnrealEngine/4.25/DerivedDataCache/Boot.ddc
[2021.03.05-18.51.44:750][  0]LogDerivedDataCache: FDerivedDataBackendGraph:  Pak pak cache file ../../../../../../Users/cbrad/OneDrive/Documents/GitHub/ThirdPersonHorror/ThirdPersonHorror/DerivedDataCache/DDC.ddp not found, will not use a pak cache.
[2021.03.05-18.51.44:750][  0]LogDerivedDataCache: Unable to find inner node Pak for hierarchical cache Hierarchy.
[2021.03.05-18.51.44:750][  0]LogDerivedDataCache: FDerivedDataBackendGraph:  CompressedPak pak cache file ../../../../../../Users/cbrad/OneDrive/Documents/GitHub/ThirdPersonHorror/ThirdPersonHorror/DerivedDataCache/Compressed.ddp not found, will not use a pak cache.
[2021.03.05-18.51.44:750][  0]LogDerivedDataCache: Unable to find inner node CompressedPak for hierarchical cache Hierarchy.
[2021.03.05-18.51.44:761][  0]LogDerivedDataCache: Display: Pak cache opened for reading ../../../Engine/DerivedDataCache/Compressed.ddp.
[2021.03.05-18.51.44:761][  0]LogDerivedDataCache: FDerivedDataBackendGraph:  EnterprisePak pak cache file ../../../Enterprise/DerivedDataCache/Compressed.ddp not found, will not use a pak cache.
[2021.03.05-18.51.44:761][  0]LogDerivedDataCache: Unable to find inner node EnterprisePak for hierarchical cache Hierarchy.
[2021.03.05-18.51.44:762][  0]LogDerivedDataCache: Using Local data cache path C:/Users/cbrad/AppData/Local/UnrealEngine/Common/DerivedDataCache: Writable
[2021.03.05-18.51.44:762][  0]LogDerivedDataCache: Shared data cache path not found in *engine.ini, will not use an Shared cache.
[2021.03.05-18.51.44:762][  0]LogDerivedDataCache: Unable to find inner node Shared for hierarchical cache Hierarchy.
[2021.03.05-18.51.44:817][  0]LogSlate: Using FreeType 2.10.0
[2021.03.05-18.51.44:817][  0]LogSlate: SlateFontServices - WITH_FREETYPE: 1, WITH_HARFBUZZ: 1
[2021.03.05-18.51.44:845][  0]LogAssetRegistry: FAssetRegistry took 0.0030 seconds to start up
[2021.03.05-18.51.45:082][  0]LogInit: Selected Device Profile: [Windows]
[2021.03.05-18.51.45:203][  0]LogMeshReduction: Using QuadricMeshReduction for automatic static mesh reduction
[2021.03.05-18.51.45:203][  0]LogMeshReduction: Using SimplygonMeshReduction for automatic skeletal mesh reduction
[2021.03.05-18.51.45:203][  0]LogMeshReduction: Using ProxyLODMeshReduction for automatic mesh merging
[2021.03.05-18.51.45:203][  0]LogMeshReduction: No distributed automatic mesh merging module available
[2021.03.05-18.51.45:203][  0]LogMeshMerging: No distributed automatic mesh merging module available
[2021.03.05-18.51.45:221][  0]LogNetVersion: ThirdPersonHorror 1.0.0, NetCL: 13144385, EngineNetVer: 14, GameNetVer: 0 (Checksum: 3669474764)
[2021.03.05-18.51.45:745][  0]LogAISub: UAISubsystem::UAISubsystem AISubsystem (0000024677EB9380), frame # 0
[2021.03.05-18.51.45:745][  0]LogAISub: UAISubsystem::UAISubsystem AIPerceptionSystem (0000024677DFF740), frame # 0
[2021.03.05-18.51.45:746][  0]LogAISub: UAISubsystem::UAISubsystem EnvQueryManager (0000024677E59E00), frame # 0
[2021.03.05-18.51.45:832][  0]LogPackageLocalizationCache: Processed 21 localized package path(s) for 1 prioritized culture(s) in 0.074652 seconds
[2021.03.05-18.51.45:839][  0]LogUObjectArray: 15917 objects as part of root set at end of initial load.
[2021.03.05-18.51.45:839][  0]LogUObjectAllocator: 3965568 out of 0 bytes used by permanent object pool.
[2021.03.05-18.51.45:839][  0]LogUObjectArray: CloseDisregardForGC: 0/0 objects in disregard for GC pool
[2021.03.05-18.51.46:118][  0]LogPython: Using Python 2.7.14
[2021.03.05-18.51.47:065][  0]LogTcpMessaging: Initializing TcpMessaging bridge
[2021.03.05-18.51.47:069][  0]LogUdpMessaging: Initializing bridge on interface 0.0.0.0:0 to multicast group 230.0.0.1:6666.
[2021.03.05-18.51.47:171][  0]SourceControl: Source control is disabled
[2021.03.05-18.51.47:172][  0]SourceControl: Source control is disabled
[2021.03.05-18.51.47:174][  0]SourceControl: Source control is disabled
[2021.03.05-18.51.47:177][  0]SourceControl: Source control is disabled
[2021.03.05-18.51.47:183][  0]SourceControl: Source control is disabled
[2021.03.05-18.51.47:196][  0]LogVSAccessor: Display: Unable to create Visual Studio setup instance: 80040154
[2021.03.05-18.51.47:197][  0]LogVSAccessor: Display: Unable to create Visual Studio setup instance: 80040154
[2021.03.05-18.51.47:487][  0]LogAndroidPermission: UAndroidPermissionCallbackProxy::GetInstance
[2021.03.05-18.51.47:517][  0]LogAudioCaptureCore: Display: No Audio Capture implementations found. Audio input will be silent.
[2021.03.05-18.51.47:517][  0]LogAudioCaptureCore: Display: No Audio Capture implementations found. Audio input will be silent.
[2021.03.05-18.51.47:594][  0]LogOcInput: OculusInput pre-init called
[2021.03.05-18.51.47:604][  0]LogWindows: Failed to load 'OVRPlugin.dll' (GetLastError=126)
[2021.03.05-18.51.47:604][  0]LogWindows: File 'OVRPlugin.dll' does not exist
[2021.03.05-18.51.48:060][  0]LogEngine: Initializing Engine...
[2021.03.05-18.51.48:403][  0]LogHMD: Failed to initialize OpenVR with code 108
[2021.03.05-18.51.48:403][  0]LogMagicLeap: Warning: VR disabled because ZI is not enabled.  To enable, in the editor, Edit -> Project Settings -> Plugins -> Magic Leap Plugin -> Enable Zero Iteration
[2021.03.05-18.51.48:404][  0]LogStats: UGameplayTagsManager::InitializeManager -  0.000 s
[2021.03.05-18.51.48:534][  0]LogInit: Initializing FReadOnlyCVARCache
[2021.03.05-18.51.48:544][  0]LogAIModule: Creating AISystem for world Untitled
[2021.03.05-18.51.48:544][  0]LogAISub: UAISubsystem::UAISubsystem EnvQueryManager (0000024609B43C00), frame # 0
[2021.03.05-18.51.48:544][  0]LogAISub: UAISubsystem::UAISubsystem AIPerceptionSystem (0000024609B4B600), frame # 0
[2021.03.05-18.51.48:562][  0]LogAudioMixer: Display: Audio Mixer Platform Settings:
[2021.03.05-18.51.48:562][  0]LogAudioMixer: Display: 	Sample Rate:						  48000
[2021.03.05-18.51.48:563][  0]LogAudioMixer: Display: 	Callback Buffer Frame Size Requested: 1024
[2021.03.05-18.51.48:563][  0]LogAudioMixer: Display: 	Callback Buffer Frame Size To Use:	  1024
[2021.03.05-18.51.48:563][  0]LogAudioMixer: Display: 	Number of buffers to queue:			  2
[2021.03.05-18.51.48:563][  0]LogAudioMixer: Display: 	Max Channels (voices):				  32
[2021.03.05-18.51.48:563][  0]LogAudioMixer: Display: 	Number of Async Source Workers:		  0
[2021.03.05-18.51.48:563][  0]LogAudio: Display: AudioDevice MaxSources: 32
[2021.03.05-18.51.48:563][  0]LogAudio: Display: Using built-in audio occlusion.
[2021.03.05-18.51.48:563][  0]LogAudioMixer: Display: Initializing audio mixer.
[2021.03.05-18.51.48:577][  0]LogAudioMixer: Display: 0: FrontLeft
[2021.03.05-18.51.48:577][  0]LogAudioMixer: Display: 1: FrontRight
[2021.03.05-18.51.48:626][  0]LogAudioMixer: Display: Using Audio Device Speakers (USB Advanced Audio Device)
[2021.03.05-18.51.48:630][  0]LogAudioMixer: Display: Initializing Sound Submixes...
[2021.03.05-18.51.48:632][  0]LogAudioMixer: Display: Creating Master Submix 'MasterSubmixDefault'
[2021.03.05-18.51.48:632][  0]LogAudioMixer: Display: Creating Master Submix 'MasterReverbSubmixDefault'
[2021.03.05-18.51.48:633][  0]LogAudioMixer: Display: Creating Master Submix 'MasterEQSubmixDefault'
[2021.03.05-18.51.48:634][  0]LogInit: FAudioDevice initialized.
[2021.03.05-18.51.48:634][  0]LogNetVersion: Set ProjectVersion to 1.0.0.0. Version Checksum will be recalculated on next use.
[2021.03.05-18.51.48:722][  0]LogDerivedDataCache: Saved boot cache 0.09s 75MB C:/Users/cbrad/AppData/Local/UnrealEngine/4.25/DerivedDataCache/Boot.ddc.
[2021.03.05-18.51.48:727][  0]LogInit: Texture streaming: Enabled
[2021.03.05-18.51.48:741][  0]LogEngineSessionManager: EngineSessionManager initialized
[2021.03.05-18.51.48:742][  0]LogEditorSessionSummary: Verbose: Initializing EditorSessionSummaryWriter for editor session tracking
[2021.03.05-18.51.48:743][  0]LogEditorSessionSummary: EditorSessionSummaryWriter initialized
[2021.03.05-18.51.48:810][  0]LogInit: Transaction tracking system initialized
[2021.03.05-18.51.48:828][  0]BlueprintLog: New page: Editor Load
[2021.03.05-18.51.48:896][  0]LocalizationService: Localization service is disabled
[2021.03.05-18.51.48:980][  0]LogVSAccessor: Display: Unable to create Visual Studio setup instance: 80040154
[2021.03.05-18.51.48:981][  0]LogVSAccessor: Display: Unable to create Visual Studio setup instance: 80040154
[2021.03.05-18.51.49:052][  0]LogCook: Display: Max memory allowance for cook 16384mb min free memory 0mb
[2021.03.05-18.51.49:052][  0]LogCook: Display: Mobile HDR setting 1
[2021.03.05-18.51.49:061][  0]LogFileCache: Scanning file cache for directory 'C:/Users/cbrad/OneDrive/Documents/GitHub/ThirdPersonHorror/ThirdPersonHorror/Content/' took 0.01s
[2021.03.05-18.51.49:435][  0]SourceControl: Source control is disabled
[2021.03.05-18.51.49:436][  0]LogUnrealEdMisc: Loading editor; pre map load, took 8.400
[2021.03.05-18.51.49:436][  0]LightingResults: New page: Lighting Build
[2021.03.05-18.51.49:437][  0]LogWorld: UWorld::CleanupWorld for Untitled, bSessionEnded=true, bCleanupResources=true
[2021.03.05-18.51.49:437][  0]LogSlate: InvalidateAllWidgets triggered.  All widgets were invalidated
[2021.03.05-18.51.49:437][  0]MapCheck: New page: Map Check
[2021.03.05-18.51.49:437][  0]LightingResults: New page: Lighting Build
[2021.03.05-18.51.49:447][  0]LogAISub: UAISubsystem::~UAISubsystem EnvQueryManager (0000024609B43C00), frame # 0
[2021.03.05-18.51.49:447][  0]LogAISub: UAISubsystem::~UAISubsystem AIPerceptionSystem (0000024609B4B600), frame # 0
[2021.03.05-18.51.49:448][  0]LogUObjectHash: Compacting FUObjectHashTables data took   0.74ms
[2021.03.05-18.51.49:508][  0]LogLinker: Warning: Asset '../../../../../../Users/cbrad/OneDrive/Documents/GitHub/ThirdPersonHorror/ThirdPersonHorror/Content/MSPresets/MSTextures/Albedo.uasset' has been saved with empty engine version. The asset will be loaded but may be incompatible.
[2021.03.05-18.51.49:977][  0]LogAIModule: Creating AISystem for world ThirdPersonExampleMap
[2021.03.05-18.51.49:977][  0]LogAISub: UAISubsystem::UAISubsystem EnvQueryManager (00000246175F1A00), frame # 0
[2021.03.05-18.51.49:977][  0]LogAISub: UAISubsystem::UAISubsystem AIPerceptionSystem (000002461788A840), frame # 0
[2021.03.05-18.51.49:995][  0]LogEditorServer: Finished looking for orphan Actors (0.000 secs)
[2021.03.05-18.51.50:008][  0]LogUObjectHash: Compacting FUObjectHashTables data took   0.93ms
[2021.03.05-18.51.50:013][  0]Cmd: MAP CHECKDEP NOCLEARLOG
[2021.03.05-18.51.50:013][  0]MapCheck: Map check complete: 0 Error(s), 0 Warning(s), took 0.233ms to complete.
[2021.03.05-18.51.50:013][  0]LogFileHelpers: Loading map 'ThirdPersonExampleMap' took 0.578
[2021.03.05-18.51.50:015][  0]LogUnrealEdMisc: Total Editor Startup Time, took 8.980
[2021.03.05-18.51.50:154][  0]LogSlate: Updating window title bar state: overlay mode, drag disabled, window buttons hidden, title bar hidden
[2021.03.05-18.51.50:161][  0]LogSlate: Updating window title bar state: overlay mode, drag disabled, window buttons hidden, title bar hidden
[2021.03.05-18.51.50:169][  0]LogSlate: Updating window title bar state: overlay mode, drag disabled, window buttons hidden, title bar hidden
[2021.03.05-18.51.50:177][  0]LogSlate: Updating window title bar state: overlay mode, drag disabled, window buttons hidden, title bar hidden
[2021.03.05-18.51.50:184][  0]LogCollectionManager: Loaded 0 collections in 0.002096 seconds
[2021.03.05-18.51.50:200][  0]LogFileCache: Scanning file cache for directory 'C:/Users/cbrad/OneDrive/Documents/GitHub/ThirdPersonHorror/ThirdPersonHorror/Saved/Collections/' took 0.00s
[2021.03.05-18.51.50:200][  0]LogFileCache: Scanning file cache for directory 'C:/Users/cbrad/OneDrive/Documents/GitHub/ThirdPersonHorror/ThirdPersonHorror/Content/Developers/cbrad/Collections/' took 0.00s
[2021.03.05-18.51.50:200][  0]LogFileCache: Scanning file cache for directory 'C:/Users/cbrad/OneDrive/Documents/GitHub/ThirdPersonHorror/ThirdPersonHorror/Content/Collections/' took 0.00s
[2021.03.05-18.51.50:200][  0]LogContentBrowser: Native class hierarchy populated in 0.0106 seconds. Added 3446 classes and 828 folders.
[2021.03.05-18.51.50:203][  0]LogContentBrowser: Native class hierarchy updated for 'WidgetCarousel' in 0.0003 seconds. Added 0 classes and 0 folders.
[2021.03.05-18.51.50:258][  0]LogContentBrowser: Native class hierarchy updated for 'AddContentDialog' in 0.0003 seconds. Added 0 classes and 0 folders.
[2021.03.05-18.51.50:260][  0]LogContentBrowser: Native class hierarchy updated for 'SceneOutliner' in 0.0003 seconds. Added 2 classes and 0 folders.
[2021.03.05-18.51.50:378][  0]LogSlate: Took 0.000219 seconds to synchronously load lazily loaded font '../../../Engine/Content/Slate/Fonts/Roboto-Regular.ttf' (155K)
[2021.03.05-18.51.50:380][  0]LogSlate: Took 0.000233 seconds to synchronously load lazily loaded font '../../../Engine/Content/Slate/Fonts/Roboto-Bold.ttf' (160K)
[2021.03.05-18.51.50:384][  0]LogSlate: Took 0.000157 seconds to synchronously load lazily loaded font '../../../Engine/Content/Editor/Slate/Fonts/FontAwesome.ttf' (139K)
[2021.03.05-18.51.50:453][  0]LogRenderer: Reallocating scene render targets to support 1344x624 Format 10 NumSamples 1 (Frame:1).
[2021.03.05-18.51.50:520][  0]LogContentBrowser: Native class hierarchy updated for 'HierarchicalLODOutliner' in 0.0003 seconds. Added 0 classes and 0 folders.
[2021.03.05-18.51.50:520][  0]LogLoad: (Engine Initialization) Total time: 9.48 seconds
[2021.03.05-18.51.50:520][  0]LogLoad: (Engine Initialization) Total Blueprint compile time: 0.00 seconds
[2021.03.05-18.51.50:564][  0]LogAssetRegistry: Asset discovery search completed in 5.7205 seconds
[2021.03.05-18.51.50:568][  0]LogCollectionManager: Fixed up redirectors for 0 collections in 0.000002 seconds (updated 0 objects)
[2021.03.05-18.51.50:570][  0]LogContentStreaming: Texture pool size now 1000 MB
[2021.03.05-18.51.50:590][  0]LogSlate: Took 0.000178 seconds to synchronously load lazily loaded font '../../../Engine/Content/Slate/Fonts/Roboto-Light.ttf' (167K)
[2021.03.05-18.51.51:569][100]LogSlate: Took 0.000200 seconds to synchronously load lazily loaded font '../../../Engine/Content/Slate/Fonts/Roboto-Light.ttf' (167K)
[2021.03.05-18.52.21:379][533]LogAssetEditorSubsystem: Opening Asset editor for Blueprint /Game/ThirdPersonBP/Blueprints/Enemytest.Enemytest
[2021.03.05-18.52.21:574][533]LogContentBrowser: Native class hierarchy updated for 'BlueprintGraph' in 0.0005 seconds. Added 125 classes and 0 folders.
[2021.03.05-18.52.22:554][533]LogSlate: Took 0.000160 seconds to synchronously load lazily loaded font '../../../Engine/Content/Slate/Fonts/Roboto-BoldCondensed.ttf' (158K)
[2021.03.05-18.52.22:627][534]LogSlate: Took 0.000196 seconds to synchronously load lazily loaded font '../../../Engine/Content/Slate/Fonts/Roboto-Italic.ttf' (157K)
[2021.03.05-19.01.51:002][406]LogUObjectHash: Compacting FUObjectHashTables data took   2.22ms
[2021.03.05-19.01.51:005][406]LogFileHelpers: Editor autosave (incl. sublevels) for '/Game/ThirdPersonBP/Maps/ThirdPersonExampleMap' took 0.029
[2021.03.05-19.01.51:005][406]OBJ SavePackage: Generating thumbnails for [1] asset(s) in package [/Game/ThirdPersonBP/Blueprints/Enemytest] ([1] browsable assets)...
[2021.03.05-19.01.51:025][406]OBJ SavePackage:     Rendered thumbnail for [Blueprint /Game/ThirdPersonBP/Blueprints/Enemytest.Enemytest]
[2021.03.05-19.01.51:025][406]OBJ SavePackage: Finished generating thumbnails for package [/Game/ThirdPersonBP/Blueprints/Enemytest]
[2021.03.05-19.01.51:068][406]LogSavePackage: Moving '../../../../../../Users/cbrad/OneDrive/Documents/GitHub/ThirdPersonHorror/ThirdPersonHorror/Saved/Enemytest_Auto117290654493A6F757A08C6B464D82305.tmp' to '../../../../../../Users/cbrad/OneDrive/Documents/GitHub/ThirdPersonHorror/ThirdPersonHorror/Saved/Autosaves/Game/ThirdPersonBP/Blueprints/Enemytest_Auto1.uasset'
[2021.03.05-19.01.51:069][406]LogFileHelpers: Auto-saving content packages took 0.064
[2021.03.05-19.08.04:262][714]LogSavePackage: Moving '../../../../../../Users/cbrad/OneDrive/Documents/GitHub/ThirdPersonHorror/ThirdPersonHorror/Saved/Enemytest42D37ED440E6656E2542C09B07BADA78.tmp' to '../../../../../../Users/cbrad/OneDrive/Documents/GitHub/ThirdPersonHorror/ThirdPersonHorror/Content/ThirdPersonBP/Blueprints/Enemytest.uasset'
[2021.03.05-19.08.04:279][714]AssetCheck: New page: Asset Save: Enemytest
[2021.03.05-19.08.04:279][714]LogContentValidation: Display: Validating Blueprint /Game/ThirdPersonBP/Blueprints/Enemytest.Enemytest
[2021.03.05-19.09.33:827][578]LogSlate: Window 'Enemytest' being destroyed
[2021.03.05-19.09.33:842][578]LogWorld: UWorld::CleanupWorld for World_3, bSessionEnded=true, bCleanupResources=true
[2021.03.05-19.09.33:842][578]LogSlate: InvalidateAllWidgets triggered.  All widgets were invalidated
[2021.03.05-19.09.53:808][831]LogAssetEditorSubsystem: Opening Asset editor for World /Game/Maps/Midterm.Midterm
[2021.03.05-19.09.53:840][831]LogUObjectHash: Compacting FUObjectHashTables data took   2.42ms
[2021.03.05-19.09.53:844][831]Cmd: MAP LOAD FILE="../../../../../../Users/cbrad/OneDrive/Documents/GitHub/ThirdPersonHorror/ThirdPersonHorror/Content/Maps/Midterm.umap" TEMPLATE=0 SHOWPROGRESS=1 FEATURELEVEL=3
[2021.03.05-19.09.53:844][831]LightingResults: New page: Lighting Build
[2021.03.05-19.09.53:844][831]LoadErrors: New page: Loading map: Midterm.umap
[2021.03.05-19.09.53:884][831]LogWorld: UWorld::CleanupWorld for ThirdPersonExampleMap, bSessionEnded=true, bCleanupResources=true
[2021.03.05-19.09.53:884][831]LogSlate: InvalidateAllWidgets triggered.  All widgets were invalidated
[2021.03.05-19.09.53:884][831]MapCheck: New page: Map Check
[2021.03.05-19.09.53:884][831]LightingResults: New page: Lighting Build
[2021.03.05-19.09.53:917][831]LogAISub: UAISubsystem::~UAISubsystem EnvQueryManager (00000246175F1A00), frame # 26831
[2021.03.05-19.09.53:917][831]LogAISub: UAISubsystem::~UAISubsystem AIPerceptionSystem (000002461788A840), frame # 26831
[2021.03.05-19.09.53:919][831]LogUObjectHash: Compacting FUObjectHashTables data took   2.34ms
[2021.03.05-19.09.54:442][831]LogEditorServer: Finished looking for orphan Actors (0.000 secs)
[2021.03.05-19.09.54:442][831]LogAIModule: Creating AISystem for world Midterm
[2021.03.05-19.09.54:442][831]LogAISub: UAISubsystem::UAISubsystem EnvQueryManager (000002468D595600), frame # 26831
[2021.03.05-19.09.54:442][831]LogAISub: UAISubsystem::UAISubsystem AIPerceptionSystem (00000246902E0A40), frame # 26831
[2021.03.05-19.09.54:535][831]LogUObjectHash: Compacting FUObjectHashTables data took   2.07ms
[2021.03.05-19.09.54:575][831]Cmd: MAP CHECKDEP NOCLEARLOG
[2021.03.05-19.09.54:575][831]MapCheck: Map check complete: 0 Error(s), 0 Warning(s), took 0.153ms to complete.
[2021.03.05-19.09.54:575][831]LogFileHelpers: Loading map 'Midterm' took 0.732
[2021.03.05-19.10.10:207][653]LogUObjectHash: Compacting FUObjectHashTables data took   0.64ms
[2021.03.05-19.10.10:458][653]LogSavePackage: Moving '../../../../../../Users/cbrad/OneDrive/Documents/GitHub/ThirdPersonHorror/ThirdPersonHorror/Saved/Midterm6C8C7CF04B458CBAE00E3CBCB229AA7A.tmp' to '../../../../../../Users/cbrad/OneDrive/Documents/GitHub/ThirdPersonHorror/ThirdPersonHorror/Content/Maps/Midterm.umap'
[2021.03.05-19.10.10:629][653]LogSavePackage: Moving '../../../../../../Users/cbrad/OneDrive/Documents/GitHub/ThirdPersonHorror/ThirdPersonHorror/Saved/Midterm_BuiltDataAE041DD74B731065F0AB30B57FAF7FFA.tmp' to '../../../../../../Users/cbrad/OneDrive/Documents/GitHub/ThirdPersonHorror/ThirdPersonHorror/Content/Maps/Midterm_BuiltData.uasset'
[2021.03.05-19.10.10:645][653]AssetCheck: New page: Asset Save: multiple assets
[2021.03.05-19.10.10:645][653]LogContentValidation: Display: Validating World /Game/Maps/Midterm.Midterm
[2021.03.05-19.10.10:645][653]LogContentValidation: Display: Validating MapBuildDataRegistry /Game/Maps/Midterm_BuiltData.Midterm_BuiltData
[2021.03.05-19.10.11:312][731]LogTemp: Repeating last play command: New Editor Window (PIE)
[2021.03.05-19.10.11:334][731]LogPlayLevel: PlayLevel: No blueprints needed recompiling
[2021.03.05-19.10.11:334][731]PIE: New page: PIE session: Midterm (Mar 5, 2021, 9:10:11 AM)
[2021.03.05-19.10.11:335][731]LogOnline: OSS: Creating online subsystem instance for: NULL
[2021.03.05-19.10.11:336][731]LogOnline: OSS: TryLoadSubsystemAndSetDefault: Loaded subsystem for module [NULL]
[2021.03.05-19.10.11:336][731]LogPlayLevel: Creating play world package: /Game/Maps/UEDPIE_0_Midterm
[2021.03.05-19.10.11:384][731]LogPlayLevel: PIE: StaticDuplicateObject took: (0.047982s)
[2021.03.05-19.10.11:385][731]LogAIModule: Creating AISystem for world Midterm
[2021.03.05-19.10.11:385][731]LogAISub: UAISubsystem::UAISubsystem EnvQueryManager (0000024625E87C00), frame # 28731
[2021.03.05-19.10.11:385][731]LogAISub: UAISubsystem::UAISubsystem AIPerceptionSystem (0000024666C76E80), frame # 28731
[2021.03.05-19.10.11:385][731]LogPlayLevel: PIE: World Init took: (0.001219s)
[2021.03.05-19.10.11:386][731]LogPlayLevel: PIE: Created PIE world by copying editor world from /Game/Maps/Midterm.Midterm to /Game/Maps/UEDPIE_0_Midterm.Midterm (0.049376s)
[2021.03.05-19.10.11:405][731]LogUObjectHash: Compacting FUObjectHashTables data took   1.69ms
[2021.03.05-19.10.11:407][731]LogAudioMixer: Display: Audio Mixer Platform Settings:
[2021.03.05-19.10.11:407][731]LogAudioMixer: Display: 	Sample Rate:						  48000
[2021.03.05-19.10.11:407][731]LogAudioMixer: Display: 	Callback Buffer Frame Size Requested: 1024
[2021.03.05-19.10.11:407][731]LogAudioMixer: Display: 	Callback Buffer Frame Size To Use:	  1024
[2021.03.05-19.10.11:407][731]LogAudioMixer: Display: 	Number of buffers to queue:			  2
[2021.03.05-19.10.11:407][731]LogAudioMixer: Display: 	Max Channels (voices):				  32
[2021.03.05-19.10.11:407][731]LogAudioMixer: Display: 	Number of Async Source Workers:		  0
[2021.03.05-19.10.11:407][731]LogAudio: Display: AudioDevice MaxSources: 32
[2021.03.05-19.10.11:408][731]LogAudio: Display: Using built-in audio occlusion.
[2021.03.05-19.10.11:408][731]LogAudioMixer: Display: Initializing audio mixer.
[2021.03.05-19.10.11:413][731]LogAudioMixer: Display: 0: FrontLeft
[2021.03.05-19.10.11:413][731]LogAudioMixer: Display: 1: FrontRight
[2021.03.05-19.10.11:434][731]LogAudioMixer: Display: Using Audio Device Speakers (USB Advanced Audio Device)
[2021.03.05-19.10.11:434][731]LogAudioMixer: Display: Initializing Sound Submixes...
[2021.03.05-19.10.11:434][731]LogAudioMixer: Display: Creating Master Submix 'MasterSubmixDefault'
[2021.03.05-19.10.11:434][731]LogAudioMixer: Display: Creating Master Submix 'MasterReverbSubmixDefault'
[2021.03.05-19.10.11:435][731]LogAudioMixer: Display: Creating Master Submix 'MasterEQSubmixDefault'
[2021.03.05-19.10.11:449][731]LogInit: FAudioDevice initialized.
[2021.03.05-19.10.11:486][731]LogSlate: Updating window title bar state: overlay mode, drag disabled, window buttons hidden, title bar hidden
[2021.03.05-19.10.11:486][731]LogLoad: Game class is 'ThirdPersonGameMode_C'
[2021.03.05-19.10.11:514][731]LogWorld: Bringing World /Game/Maps/UEDPIE_0_Midterm.Midterm up for play (max tick rate 0) at 2021.03.05-14.10.11
[2021.03.05-19.10.11:515][731]LogWorld: Bringing up level for play took: 0.027715
[2021.03.05-19.10.11:515][731]LogOnline: OSS: Creating online subsystem instance for: :Context_6
[2021.03.05-19.10.11:535][731]LogContentBrowser: Native class hierarchy updated for 'MovieSceneCapture' in 0.0004 seconds. Added 20 classes and 0 folders.
[2021.03.05-19.10.11:544][731]PIE: Server logged in
[2021.03.05-19.10.11:545][731]PIE: Play in editor total start time 0.212 seconds.
[2021.03.05-19.10.11:959][733]LogRenderer: Reallocating scene render targets to support 1344x720 Format 10 NumSamples 1 (Frame:1).
[2021.03.05-19.11.01:018][852]LogAudio: Warning: Detected orphaned looping sound '29715__glaneur-de-sons__heart-beat_Cue'.
[2021.03.05-19.11.01:049][854]LogAudio: Warning: Detected orphaned looping sound '29715__glaneur-de-sons__heart-beat_Cue'.
[2021.03.05-19.11.01:079][856]LogAudio: Warning: Detected orphaned looping sound '29715__glaneur-de-sons__heart-beat_Cue'.
[2021.03.05-19.11.01:110][858]LogAudio: Warning: Detected orphaned looping sound '29715__glaneur-de-sons__heart-beat_Cue'.
[2021.03.05-19.11.01:141][860]LogAudio: Warning: Detected orphaned looping sound '29715__glaneur-de-sons__heart-beat_Cue'.
[2021.03.05-19.11.01:171][862]LogAudio: Warning: Detected orphaned looping sound '29715__glaneur-de-sons__heart-beat_Cue'.
[2021.03.05-19.11.01:202][864]LogAudio: Warning: Detected orphaned looping sound '29715__glaneur-de-sons__heart-beat_Cue'.
[2021.03.05-19.11.01:233][866]LogAudio: Warning: Detected orphaned looping sound '29715__glaneur-de-sons__heart-beat_Cue'.
[2021.03.05-19.11.01:263][868]LogAudio: Warning: Detected orphaned looping sound '29715__glaneur-de-sons__heart-beat_Cue'.
[2021.03.05-19.11.01:294][870]LogAudio: Warning: Detected orphaned looping sound '29715__glaneur-de-sons__heart-beat_Cue'.
[2021.03.05-19.11.01:325][872]LogAudio: Warning: Detected orphaned looping sound '29715__glaneur-de-sons__heart-beat_Cue'.
[2021.03.05-19.11.01:356][874]LogAudio: Warning: Detected orphaned looping sound '29715__glaneur-de-sons__heart-beat_Cue'.
[2021.03.05-19.11.01:387][876]LogAudio: Warning: Detected orphaned looping sound '29715__glaneur-de-sons__heart-beat_Cue'.
[2021.03.05-19.11.01:417][878]LogAudio: Warning: Detected orphaned looping sound '29715__glaneur-de-sons__heart-beat_Cue'.
[2021.03.05-19.11.01:449][880]LogAudio: Warning: Detected orphaned looping sound '29715__glaneur-de-sons__heart-beat_Cue'.
[2021.03.05-19.11.01:482][882]LogAudio: Warning: Detected orphaned looping sound '29715__glaneur-de-sons__heart-beat_Cue'.
[2021.03.05-19.11.01:514][884]LogAudio: Warning: Detected orphaned looping sound '29715__glaneur-de-sons__heart-beat_Cue'.
[2021.03.05-19.11.01:547][886]LogAudio: Warning: Detected orphaned looping sound '29715__glaneur-de-sons__heart-beat_Cue'.
[2021.03.05-19.11.01:582][888]LogAudio: Warning: Detected orphaned looping sound '29715__glaneur-de-sons__heart-beat_Cue'.
[2021.03.05-19.11.01:615][890]LogAudio: Warning: Detected orphaned looping sound '29715__glaneur-de-sons__heart-beat_Cue'.
[2021.03.05-19.11.01:650][892]LogAudio: Warning: Detected orphaned looping sound '29715__glaneur-de-sons__heart-beat_Cue'.
[2021.03.05-19.11.01:684][894]LogAudio: Warning: Detected orphaned looping sound '29715__glaneur-de-sons__heart-beat_Cue'.
[2021.03.05-19.11.01:717][896]LogAudio: Warning: Detected orphaned looping sound '29715__glaneur-de-sons__heart-beat_Cue'.
[2021.03.05-19.11.01:751][898]LogAudio: Warning: Detected orphaned looping sound '29715__glaneur-de-sons__heart-beat_Cue'.
[2021.03.05-19.11.01:787][900]LogAudio: Warning: Detected orphaned looping sound '29715__glaneur-de-sons__heart-beat_Cue'.
[2021.03.05-19.11.01:822][902]LogAudio: Warning: Detected orphaned looping sound '29715__glaneur-de-sons__heart-beat_Cue'.
[2021.03.05-19.11.01:857][904]LogAudio: Warning: Detected orphaned looping sound '29715__glaneur-de-sons__heart-beat_Cue'.
[2021.03.05-19.11.01:893][906]LogAudio: Warning: Detected orphaned looping sound '29715__glaneur-de-sons__heart-beat_Cue'.
[2021.03.05-19.11.01:930][908]LogAudio: Warning: Detected orphaned looping sound '29715__glaneur-de-sons__heart-beat_Cue'.
[2021.03.05-19.11.01:966][910]LogAudio: Warning: Detected orphaned looping sound '29715__glaneur-de-sons__heart-beat_Cue'.
[2021.03.05-19.11.02:003][912]LogAudio: Warning: Detected orphaned looping sound '29715__glaneur-de-sons__heart-beat_Cue'.
[2021.03.05-19.11.02:038][914]LogAudio: Warning: Detected orphaned looping sound '29715__glaneur-de-sons__heart-beat_Cue'.
[2021.03.05-19.11.02:075][916]LogAudio: Warning: Detected orphaned looping sound '29715__glaneur-de-sons__heart-beat_Cue'.
[2021.03.05-19.11.02:109][918]LogAudio: Warning: Detected orphaned looping sound '29715__glaneur-de-sons__heart-beat_Cue'.
[2021.03.05-19.11.02:146][920]LogAudio: Warning: Detected orphaned looping sound '29715__glaneur-de-sons__heart-beat_Cue'.
[2021.03.05-19.11.02:183][922]LogAudio: Warning: Detected orphaned looping sound '29715__glaneur-de-sons__heart-beat_Cue'.
[2021.03.05-19.11.02:220][924]LogAudio: Warning: Detected orphaned looping sound '29715__glaneur-de-sons__heart-beat_Cue'.
[2021.03.05-19.11.02:345][931]LogAudio: Warning: Detected orphaned looping sound '29715__glaneur-de-sons__heart-beat_Cue'.
[2021.03.05-19.11.02:380][933]LogAudio: Warning: Detected orphaned looping sound '29715__glaneur-de-sons__heart-beat_Cue'.
[2021.03.05-19.11.02:416][935]LogAudio: Warning: Detected orphaned looping sound '29715__glaneur-de-sons__heart-beat_Cue'.
[2021.03.05-19.11.02:451][937]LogAudio: Warning: Detected orphaned looping sound '29715__glaneur-de-sons__heart-beat_Cue'.
[2021.03.05-19.11.02:486][939]LogAudio: Warning: Detected orphaned looping sound '29715__glaneur-de-sons__heart-beat_Cue'.
[2021.03.05-19.11.02:521][941]LogAudio: Warning: Detected orphaned looping sound '29715__glaneur-de-sons__heart-beat_Cue'.
[2021.03.05-19.11.02:557][943]LogAudio: Warning: Detected orphaned looping sound '29715__glaneur-de-sons__heart-beat_Cue'.
[2021.03.05-19.11.02:593][945]LogAudio: Warning: Detected orphaned looping sound '29715__glaneur-de-sons__heart-beat_Cue'.
[2021.03.05-19.11.02:630][947]LogAudio: Warning: Detected orphaned looping sound '29715__glaneur-de-sons__heart-beat_Cue'.
[2021.03.05-19.11.02:667][949]LogAudio: Warning: Detected orphaned looping sound '29715__glaneur-de-sons__heart-beat_Cue'.
[2021.03.05-19.11.02:705][951]LogAudio: Warning: Detected orphaned looping sound '29715__glaneur-de-sons__heart-beat_Cue'.
[2021.03.05-19.11.02:746][953]LogAudio: Warning: Detected orphaned looping sound '29715__glaneur-de-sons__heart-beat_Cue'.
[2021.03.05-19.11.02:784][955]LogAudio: Warning: Detected orphaned looping sound '29715__glaneur-de-sons__heart-beat_Cue'.
[2021.03.05-19.11.02:817][957]LogAudio: Warning: Detected orphaned looping sound '29715__glaneur-de-sons__heart-beat_Cue'.
[2021.03.05-19.11.02:849][959]LogAudio: Warning: Detected orphaned looping sound '29715__glaneur-de-sons__heart-beat_Cue'.
[2021.03.05-19.11.02:882][961]LogAudio: Warning: Detected orphaned looping sound '29715__glaneur-de-sons__heart-beat_Cue'.
[2021.03.05-19.11.02:915][963]LogAudio: Warning: Detected orphaned looping sound '29715__glaneur-de-sons__heart-beat_Cue'.
[2021.03.05-19.11.02:947][965]LogAudio: Warning: Detected orphaned looping sound '29715__glaneur-de-sons__heart-beat_Cue'.
[2021.03.05-19.11.02:981][967]LogAudio: Warning: Detected orphaned looping sound '29715__glaneur-de-sons__heart-beat_Cue'.
[2021.03.05-19.11.03:013][969]LogAudio: Warning: Detected orphaned looping sound '29715__glaneur-de-sons__heart-beat_Cue'.
[2021.03.05-19.11.03:047][971]LogAudio: Warning: Detected orphaned looping sound '29715__glaneur-de-sons__heart-beat_Cue'.
[2021.03.05-19.11.03:080][973]LogAudio: Warning: Detected orphaned looping sound '29715__glaneur-de-sons__heart-beat_Cue'.
[2021.03.05-19.11.03:113][975]LogAudio: Warning: Detected orphaned looping sound '29715__glaneur-de-sons__heart-beat_Cue'.
[2021.03.05-19.11.03:146][977]LogAudio: Warning: Detected orphaned looping sound '29715__glaneur-de-sons__heart-beat_Cue'.
[2021.03.05-19.11.03:179][979]LogAudio: Warning: Detected orphaned looping sound '29715__glaneur-de-sons__heart-beat_Cue'.
[2021.03.05-19.11.03:211][981]LogAudio: Warning: Detected orphaned looping sound '29715__glaneur-de-sons__heart-beat_Cue'.
[2021.03.05-19.11.03:242][983]LogScript: Warning: Attempted to access AudioComponent_4 via property breathingsound, but AudioComponent_4 is pending kill
	ThirdPersonCharacter_C /Game/Maps/UEDPIE_0_Midterm.Midterm:PersistentLevel.ThirdPersonCharacter_C_0
	Function /Game/ThirdPersonBP/Blueprints/ThirdPersonCharacter.ThirdPersonCharacter_C:ExecuteUbergraph_ThirdPersonCharacter:030C
[2021.03.05-19.11.03:242][983]PIE: Error: Blueprint Runtime Error: "Attempted to access AudioComponent_4 via property breathingsound, but AudioComponent_4 is pending kill". Blueprint:  ThirdPersonCharacter Function:  Execute Ubergraph Third Person Character Graph:  EventGraph Node:  Stop
[2021.03.05-19.11.03:244][983]LogAudio: Warning: Detected orphaned looping sound '29715__glaneur-de-sons__heart-beat_Cue'.
[2021.03.05-19.11.03:275][985]LogAudio: Warning: Detected orphaned looping sound '29715__glaneur-de-sons__heart-beat_Cue'.
[2021.03.05-19.11.03:306][987]LogAudio: Warning: Detected orphaned looping sound '29715__glaneur-de-sons__heart-beat_Cue'.
[2021.03.05-19.11.03:336][989]LogAudio: Warning: Detected orphaned looping sound '29715__glaneur-de-sons__heart-beat_Cue'.
[2021.03.05-19.11.03:367][991]LogAudio: Warning: Detected orphaned looping sound '29715__glaneur-de-sons__heart-beat_Cue'.
[2021.03.05-19.11.03:399][993]LogAudio: Warning: Detected orphaned looping sound '29715__glaneur-de-sons__heart-beat_Cue'.
[2021.03.05-19.11.03:429][995]LogAudio: Warning: Detected orphaned looping sound '29715__glaneur-de-sons__heart-beat_Cue'.
[2021.03.05-19.11.03:459][997]LogAudio: Warning: Detected orphaned looping sound '29715__glaneur-de-sons__heart-beat_Cue'.
[2021.03.05-19.11.03:491][999]LogAudio: Warning: Detected orphaned looping sound '29715__glaneur-de-sons__heart-beat_Cue'.
[2021.03.05-19.11.03:520][  1]LogAudio: Warning: Detected orphaned looping sound '29715__glaneur-de-sons__heart-beat_Cue'.
[2021.03.05-19.11.03:549][  3]LogAudio: Warning: Detected orphaned looping sound '29715__glaneur-de-sons__heart-beat_Cue'.
[2021.03.05-19.11.03:577][  5]LogAudio: Warning: Detected orphaned looping sound '29715__glaneur-de-sons__heart-beat_Cue'.
[2021.03.05-19.11.03:606][  7]LogAudio: Warning: Detected orphaned looping sound '29715__glaneur-de-sons__heart-beat_Cue'.
[2021.03.05-19.11.03:635][  9]LogAudio: Warning: Detected orphaned looping sound '29715__glaneur-de-sons__heart-beat_Cue'.
[2021.03.05-19.11.03:664][ 11]LogAudio: Warning: Detected orphaned looping sound '29715__glaneur-de-sons__heart-beat_Cue'.
[2021.03.05-19.11.03:693][ 13]LogAudio: Warning: Detected orphaned looping sound '29715__glaneur-de-sons__heart-beat_Cue'.
[2021.03.05-19.11.06:746][212]LogAudio: Warning: Detected orphaned looping sound '29715__glaneur-de-sons__heart-beat_Cue'.
[2021.03.05-19.11.23:983][ 28]LogCharacterMovement: Enemytest_2 is stuck and failed to move! Velocity: X=-2.34 Y=7.13 Z=0.00 Location: X=-4820.60 Y=-1107.01 Z=228.15 Normal: X=-0.79 Y=-0.62 Z=-0.00 PenetrationDepth:3.111 Actor:ThirdPersonCharacter_C_0 Component:CharacterMesh0 BoneName:foot_l (0 other events since notify)
[2021.03.05-19.11.24:930][130]LogSlate: Updating window title bar state: overlay mode, drag disabled, window buttons hidden, title bar hidden
[2021.03.05-19.11.24:930][130]LogWorld: BeginTearingDown for /Game/Maps/UEDPIE_0_Midterm
[2021.03.05-19.11.24:931][130]LogSlate: Window 'ThirdPersonHorror Preview [NetMode: Standalone] (64-bit/Windows) ' being destroyed
[2021.03.05-19.11.24:938][130]LogWorld: UWorld::CleanupWorld for Midterm, bSessionEnded=true, bCleanupResources=true
[2021.03.05-19.11.24:971][130]LogSlate: InvalidateAllWidgets triggered.  All widgets were invalidated
[2021.03.05-19.11.24:981][130]LogPlayLevel: Display: Shutting down PIE online subsystems
[2021.03.05-19.11.24:987][130]LogSlate: InvalidateAllWidgets triggered.  All widgets were invalidated
[2021.03.05-19.11.25:043][130]LogAISub: UAISubsystem::~UAISubsystem AIPerceptionSystem (0000024666C76E80), frame # 35130
[2021.03.05-19.11.25:043][130]LogAISub: UAISubsystem::~UAISubsystem EnvQueryManager (0000024625E87C00), frame # 35130
[2021.03.05-19.11.25:065][130]LogUObjectHash: Compacting FUObjectHashTables data took   4.22ms
[2021.03.05-19.11.25:225][130]LogSlate: Took 0.024717 seconds to synchronously load lazily loaded font '../../../Engine/Content/Slate/Fonts/DroidSansMono.ttf' (77K)
[2021.03.05-19.11.25:236][131]LogPlayLevel: Display: Destroying online subsystem :Context_6
[2021.03.05-19.11.26:615][283]LogSlate: Window 'Message Log' being destroyed
[2021.03.05-19.11.26:621][283]LogSlate: Window 'Message Log' being destroyed
[2021.03.05-19.11.28:321][477]LogTemp: Repeating last play command: New Editor Window (PIE)
[2021.03.05-19.11.28:344][477]LogPlayLevel: PlayLevel: No blueprints needed recompiling
[2021.03.05-19.11.28:344][477]PIE: New page: PIE session: Midterm (Mar 5, 2021, 9:11:28 AM)
[2021.03.05-19.11.28:344][477]LogPlayLevel: Creating play world package: /Game/Maps/UEDPIE_0_Midterm
[2021.03.05-19.11.28:392][477]LogPlayLevel: PIE: StaticDuplicateObject took: (0.047550s)
[2021.03.05-19.11.28:393][477]LogAIModule: Creating AISystem for world Midterm
[2021.03.05-19.11.28:393][477]LogAISub: UAISubsystem::UAISubsystem EnvQueryManager (0000024696C89600), frame # 35477
[2021.03.05-19.11.28:393][477]LogAISub: UAISubsystem::UAISubsystem AIPerceptionSystem (000002469817FC40), frame # 35477
[2021.03.05-19.11.28:393][477]LogPlayLevel: PIE: World Init took: (0.001753s)
[2021.03.05-19.11.28:394][477]LogPlayLevel: PIE: Created PIE world by copying editor world from /Game/Maps/Midterm.Midterm to /Game/Maps/UEDPIE_0_Midterm.Midterm (0.049455s)
[2021.03.05-19.11.28:413][477]LogUObjectHash: Compacting FUObjectHashTables data took   1.66ms
[2021.03.05-19.11.28:415][477]LogAudioMixer: Display: Audio Mixer Platform Settings:
[2021.03.05-19.11.28:415][477]LogAudioMixer: Display: 	Sample Rate:						  48000
[2021.03.05-19.11.28:415][477]LogAudioMixer: Display: 	Callback Buffer Frame Size Requested: 1024
[2021.03.05-19.11.28:415][477]LogAudioMixer: Display: 	Callback Buffer Frame Size To Use:	  1024
[2021.03.05-19.11.28:415][477]LogAudioMixer: Display: 	Number of buffers to queue:			  2
[2021.03.05-19.11.28:415][477]LogAudioMixer: Display: 	Max Channels (voices):				  32
[2021.03.05-19.11.28:415][477]LogAudioMixer: Display: 	Number of Async Source Workers:		  0
[2021.03.05-19.11.28:416][477]LogAudio: Display: AudioDevice MaxSources: 32
[2021.03.05-19.11.28:416][477]LogAudio: Display: Using built-in audio occlusion.
[2021.03.05-19.11.28:416][477]LogAudioMixer: Display: Initializing audio mixer.
[2021.03.05-19.11.28:421][477]LogAudioMixer: Display: 0: FrontLeft
[2021.03.05-19.11.28:421][477]LogAudioMixer: Display: 1: FrontRight
[2021.03.05-19.11.28:440][477]LogAudioMixer: Display: Using Audio Device Speakers (USB Advanced Audio Device)
[2021.03.05-19.11.28:440][477]LogAudioMixer: Display: Initializing Sound Submixes...
[2021.03.05-19.11.28:440][477]LogAudioMixer: Display: Creating Master Submix 'MasterSubmixDefault'
[2021.03.05-19.11.28:440][477]LogAudioMixer: Display: Creating Master Submix 'MasterReverbSubmixDefault'
[2021.03.05-19.11.28:440][477]LogAudioMixer: Display: Creating Master Submix 'MasterEQSubmixDefault'
[2021.03.05-19.11.28:454][477]LogInit: FAudioDevice initialized.
[2021.03.05-19.11.28:498][477]LogSlate: Updating window title bar state: overlay mode, drag disabled, window buttons hidden, title bar hidden
[2021.03.05-19.11.28:498][477]LogLoad: Game class is 'ThirdPersonGameMode_C'
[2021.03.05-19.11.28:526][477]LogWorld: Bringing World /Game/Maps/UEDPIE_0_Midterm.Midterm up for play (max tick rate 0) at 2021.03.05-14.11.28
[2021.03.05-19.11.28:527][477]LogWorld: Bringing up level for play took: 0.028478
[2021.03.05-19.11.28:527][477]LogOnline: OSS: Creating online subsystem instance for: :Context_7
[2021.03.05-19.11.28:538][477]PIE: Server logged in
[2021.03.05-19.11.28:539][477]PIE: Play in editor total start time 0.197 seconds.
[2021.03.05-19.11.39:609][205]LogSlate: Updating window title bar state: overlay mode, drag disabled, window buttons hidden, title bar hidden
[2021.03.05-19.11.39:609][205]LogWorld: BeginTearingDown for /Game/Maps/UEDPIE_0_Midterm
[2021.03.05-19.11.39:609][205]LogSlate: Window 'ThirdPersonHorror Preview [NetMode: Standalone] (64-bit/Windows) ' being destroyed
[2021.03.05-19.11.39:613][205]LogWorld: UWorld::CleanupWorld for Midterm, bSessionEnded=true, bCleanupResources=true
[2021.03.05-19.11.39:626][205]LogSlate: InvalidateAllWidgets triggered.  All widgets were invalidated
[2021.03.05-19.11.39:632][205]LogPlayLevel: Display: Shutting down PIE online subsystems
[2021.03.05-19.11.39:635][205]LogSlate: InvalidateAllWidgets triggered.  All widgets were invalidated
[2021.03.05-19.11.39:677][205]LogAISub: UAISubsystem::~UAISubsystem AIPerceptionSystem (000002469817FC40), frame # 36205
[2021.03.05-19.11.39:677][205]LogAISub: UAISubsystem::~UAISubsystem EnvQueryManager (0000024696C89600), frame # 36205
[2021.03.05-19.11.39:681][205]LogUObjectHash: Compacting FUObjectHashTables data took   2.13ms
[2021.03.05-19.11.39:721][206]LogPlayLevel: Display: Destroying online subsystem :Context_7
[2021.03.05-19.11.45:685][835]LogAssetEditorSubsystem: Opening Asset editor for Blueprint /Game/Blueprints/BP_Door.BP_Door
[2021.03.05-19.21.35:279][931]LogUObjectHash: Compacting FUObjectHashTables data took   2.18ms
[2021.03.05-19.21.35:283][931]LogFileHelpers: Editor autosave (incl. sublevels) for '/Game/Maps/Midterm' took 0.029
[2021.03.05-19.21.35:284][931]OBJ SavePackage: Generating thumbnails for [1] asset(s) in package [/Game/Blueprints/BP_Door] ([1] browsable assets)...
[2021.03.05-19.21.35:303][931]OBJ SavePackage:     Rendered thumbnail for [Blueprint /Game/Blueprints/BP_Door.BP_Door]
[2021.03.05-19.21.35:303][931]OBJ SavePackage: Finished generating thumbnails for package [/Game/Blueprints/BP_Door]
[2021.03.05-19.21.35:341][931]LogSavePackage: Moving '../../../../../../Users/cbrad/OneDrive/Documents/GitHub/ThirdPersonHorror/ThirdPersonHorror/Saved/BP_Door_Auto2B70E45DB482E5731DA3125A56AD79EA3.tmp' to '../../../../../../Users/cbrad/OneDrive/Documents/GitHub/ThirdPersonHorror/ThirdPersonHorror/Saved/Autosaves/Game/Blueprints/BP_Door_Auto2.uasset'
[2021.03.05-19.21.35:343][931]LogFileHelpers: Auto-saving content packages took 0.059
