Log file open, 04/27/21 18:45:17
LogInit: Display: Running engine for game: ThirdPersonHorror
LogPlatformFile: Not using cached read wrapper
LogTaskGraph: Started task graph with 5 named threads and 14 total threads with 3 sets of task threads.
LogStats: Stats thread started at 2.914998
LogD3D11RHI: Loaded GFSDK_Aftermath_Lib.x64.dll
LogICUInternationalization: ICU TimeZone Detection - Raw Offset: -5:00, Platform Override: ''
LogPluginManager: Mounting plugin Paper2D
LogPluginManager: Mounting plugin AISupport
LogPluginManager: Mounting plugin LightPropagationVolume
LogPluginManager: Mounting plugin CameraShakePreviewer
LogPluginManager: Mounting plugin ActorLayerUtilities
LogPluginManager: Mounting plugin AnimationSharing
LogPluginManager: Mounting plugin CLionSourceCodeAccess
LogPluginManager: Mounting plugin CodeLiteSourceCodeAccess
LogPluginManager: Mounting plugin GitSourceControl
LogPluginManager: Mounting plugin KDevelopSourceCodeAccess
LogPluginManager: Mounting plugin NullSourceCodeAccess
LogPluginManager: Mounting plugin PerforceSourceControl
LogPluginManager: Mounting plugin PlasticSourceControl
LogPluginManager: Mounting plugin RiderSourceCodeAccess
LogPluginManager: Mounting plugin SubversionSourceControl
LogPluginManager: Mounting plugin UObjectPlugin
LogPluginManager: Mounting plugin VisualStudioCodeSourceCodeAccess
LogPluginManager: Mounting plugin VisualStudioSourceCodeAccess
LogPluginManager: Mounting plugin XCodeSourceCodeAccess
LogPluginManager: Mounting plugin AssetManagerEditor
LogPluginManager: Mounting plugin CryptoKeys
LogPluginManager: Mounting plugin CurveEditorTools
LogPluginManager: Mounting plugin DataValidation
LogPluginManager: Mounting plugin EditorScriptingUtilities
LogPluginManager: Mounting plugin FacialAnimation
LogPluginManager: Mounting plugin GameplayTagsEditor
LogPluginManager: Mounting plugin GeometryMode
LogPluginManager: Mounting plugin MacGraphicsSwitching
LogPluginManager: Mounting plugin MaterialAnalyzer
LogPluginManager: Mounting plugin MobileLauncherProfileWizard
LogPluginManager: Mounting plugin PluginBrowser
LogPluginManager: Mounting plugin SpeedTreeImporter
LogPluginManager: Mounting plugin DatasmithContent
LogPluginManager: Mounting plugin VariantManagerContent
LogPluginManager: Mounting plugin AlembicImporter
LogPluginManager: Mounting plugin AutomationUtils
LogPluginManager: Mounting plugin BackChannel
LogPluginManager: Mounting plugin ChaosCloth
LogPluginManager: Mounting plugin ChaosClothEditor
LogPluginManager: Mounting plugin ChaosEditor
LogPluginManager: Mounting plugin ChaosNiagara
LogPluginManager: Mounting plugin ChaosSolverPlugin
LogPluginManager: Mounting plugin CharacterAI
LogPluginManager: Mounting plugin GeometryCache
LogPluginManager: Mounting plugin GeometryCollectionPlugin
LogPluginManager: Mounting plugin GeometryProcessing
LogPluginManager: Mounting plugin PlanarCut
LogPluginManager: Mounting plugin PlatformCrypto
LogPluginManager: Mounting plugin ProxyLODPlugin
LogPluginManager: Mounting plugin PythonScriptPlugin
LogPluginManager: Mounting plugin SkeletalReduction
LogPluginManager: Mounting plugin Niagara
LogPluginManager: Mounting plugin MagicLeap
LogPluginManager: Mounting plugin MagicLeapLightEstimation
LogPluginManager: Mounting plugin MagicLeapMedia
LogPluginManager: Mounting plugin MagicLeapPassableWorld
LogPluginManager: Mounting plugin MLSDK
LogPluginManager: Mounting plugin AndroidMedia
LogPluginManager: Mounting plugin AvfMedia
LogPluginManager: Mounting plugin ImgMedia
LogPluginManager: Mounting plugin MediaCompositing
LogPluginManager: Mounting plugin MediaPlayerEditor
LogPluginManager: Mounting plugin WebMMedia
LogPluginManager: Mounting plugin WmfMedia
LogPluginManager: Mounting plugin MegascansPlugin
LogPluginManager: Mounting plugin MeshPainting
LogPluginManager: Mounting plugin TcpMessaging
LogPluginManager: Mounting plugin UdpMessaging
LogPluginManager: Mounting plugin ActorSequence
LogPluginManager: Mounting plugin LevelSequenceEditor
LogPluginManager: Mounting plugin MatineeToLevelSequence
LogPluginManager: Mounting plugin MovieRenderPipeline
LogPluginManager: Mounting plugin TemplateSequence
LogPluginManager: Mounting plugin NetcodeUnitTest
LogPluginManager: Mounting plugin NUTUnrealEngine4
LogPluginManager: Mounting plugin OnlineSubsystemGooglePlay
LogPluginManager: Mounting plugin OnlineSubsystemIOS
LogPluginManager: Mounting plugin OnlineSubsystem
LogPluginManager: Mounting plugin OnlineSubsystemNull
LogPluginManager: Mounting plugin OnlineSubsystemUtils
LogPluginManager: Mounting plugin LauncherChunkInstaller
LogPluginManager: Mounting plugin AndroidDeviceProfileSelector
LogPluginManager: Mounting plugin AndroidMoviePlayer
LogPluginManager: Mounting plugin AndroidPermission
LogPluginManager: Mounting plugin AppleImageUtils
LogPluginManager: Mounting plugin AppleMoviePlayer
LogPluginManager: Mounting plugin ArchVisCharacter
LogPluginManager: Mounting plugin AssetTags
LogPluginManager: Mounting plugin AudioCapture
LogPluginManager: Mounting plugin CableComponent
LogPluginManager: Mounting plugin CustomMeshComponent
LogPluginManager: Mounting plugin DatabaseSupport
LogPluginManager: Mounting plugin SQLiteCore
LogPluginManager: Mounting plugin SQLiteSupport
LogPluginManager: Mounting plugin EditableMesh
LogPluginManager: Mounting plugin ExampleDeviceProfileSelector
LogPluginManager: Mounting plugin GoogleCloudMessaging
LogPluginManager: Mounting plugin GooglePAD
LogPluginManager: Mounting plugin IOSDeviceProfileSelector
LogPluginManager: Mounting plugin LinuxDeviceProfileSelector
LogPluginManager: Mounting plugin LocationServicesBPLibrary
LogPluginManager: Mounting plugin MobilePatchingUtils
LogPluginManager: Mounting plugin OculusVR
LogPluginManager: Mounting plugin PhysXVehicles
LogPluginManager: Mounting plugin PostSplashScreen
LogPluginManager: Mounting plugin ProceduralMeshComponent
LogPluginManager: Mounting plugin RuntimePhysXCooking
LogPluginManager: Mounting plugin SignificanceManager
LogPluginManager: Mounting plugin SoundFields
LogPluginManager: Mounting plugin Synthesis
LogPluginManager: Mounting plugin WebMMoviePlayer
LogPluginManager: Mounting plugin WindowsMoviePlayer
LogPluginManager: Mounting plugin ScreenshotTools
LogInit: Using libcurl 7.55.1-DEV
LogInit:  - built for x86_64-pc-win32
LogInit:  - supports SSL with OpenSSL/1.1.1
LogInit:  - supports HTTP deflate (compression) using libz 1.2.8
LogInit:  - other features:
LogInit:      CURL_VERSION_SSL
LogInit:      CURL_VERSION_LIBZ
LogInit:      CURL_VERSION_IPV6
LogInit:      CURL_VERSION_ASYNCHDNS
LogInit:      CURL_VERSION_LARGEFILE
LogInit:      CURL_VERSION_IDN
LogInit:  CurlRequestOptions (configurable via config and command line):
LogInit:  - bVerifyPeer = true  - Libcurl will verify peer certificate
LogInit:  - bUseHttpProxy = false  - Libcurl will NOT use HTTP proxy
LogInit:  - bDontReuseConnections = false  - Libcurl will reuse connections
LogInit:  - MaxHostConnections = 16  - Libcurl will limit the number of connections to a host
LogInit:  - LocalHostAddr = Default
LogInit:  - BufferSize = 65536
LogOnline: OSS: Creating online subsystem instance for: NULL
LogInit: WinSock: version 1.1 (2.2), MaxSocks=32767, MaxUdp=65467
LogOnline: OSS: TryLoadSubsystemAndSetDefault: Loaded subsystem for module [NULL]
LogInit: Build: ++UE4+Release-4.25-CL-14469661
LogInit: Engine Version: 4.25.4-14469661+++UE4+Release-4.25
LogInit: Compatible Engine Version: 4.25.0-13144385+++UE4+Release-4.25
LogInit: Net CL: 13144385
LogInit: OS: Windows 10 (Release 2009) (), CPU: Intel(R) Core(TM) i5-7400 CPU @ 3.00GHz, GPU: NVIDIA GeForce GTX 1060 3GB
LogInit: Compiled (64-bit): Oct 11 2020 08:10:49
LogInit: Compiled with Visual C++: 19.24.28315.00
LogInit: Build Configuration: Development
LogInit: Branch Name: ++UE4+Release-4.25
LogInit: Command Line: 
LogInit: Base Directory: C:/Program Files/Epic Games/UE_4.25/Engine/Binaries/Win64/
LogInit: Allocator: TBB
LogInit: Installed Engine Build: 1
LogDevObjectVersion: Number of dev versions registered: 26
LogDevObjectVersion:   Dev-Blueprints (B0D832E4-1F89-4F0D-ACCF-7EB736FD4AA2): 10
LogDevObjectVersion:   Dev-Build (E1C64328-A22C-4D53-A36C-8E866417BD8C): 0
LogDevObjectVersion:   Dev-Core (375EC13C-06E4-48FB-B500-84F0262A717E): 4
LogDevObjectVersion:   Dev-Editor (E4B068ED-F494-42E9-A231-DA0B2E46BB41): 38
LogDevObjectVersion:   Dev-Framework (CFFC743F-43B0-4480-9391-14DF171D2073): 37
LogDevObjectVersion:   Dev-Mobile (B02B49B5-BB20-44E9-A304-32B752E40360): 2
LogDevObjectVersion:   Dev-Networking (A4E4105C-59A1-49B5-A7C5-40C4547EDFEE): 0
LogDevObjectVersion:   Dev-Online (39C831C9-5AE6-47DC-9A44-9C173E1C8E7C): 0
LogDevObjectVersion:   Dev-Physics (78F01B33-EBEA-4F98-B9B4-84EACCB95AA2): 4
LogDevObjectVersion:   Dev-Platform (6631380F-2D4D-43E0-8009-CF276956A95A): 0
LogDevObjectVersion:   Dev-Rendering (12F88B9F-8875-4AFC-A67C-D90C383ABD29): 43
LogDevObjectVersion:   Dev-Sequencer (7B5AE74C-D270-4C10-A958-57980B212A5A): 12
LogDevObjectVersion:   Dev-VR (D7296918-1DD6-4BDD-9DE2-64A83CC13884): 3
LogDevObjectVersion:   Dev-LoadTimes (C2A15278-BFE7-4AFE-6C17-90FF531DF755): 1
LogDevObjectVersion:   Private-Geometry (6EACA3D4-40EC-4CC1-B786-8BED09428FC5): 3
LogDevObjectVersion:   Dev-AnimPhys (29E575DD-E0A3-4627-9D10-D276232CDCEA): 17
LogDevObjectVersion:   Dev-Anim (AF43A65D-7FD3-4947-9873-3E8ED9C1BB05): 7
LogDevObjectVersion:   Dev-ReflectionCapture (6B266CEC-1EC7-4B8F-A30B-E4D90942FC07): 1
LogDevObjectVersion:   Dev-Automation (0DF73D61-A23F-47EA-B727-89E90C41499A): 1
LogDevObjectVersion:   FortniteMain (601D1886-AC64-4F84-AA16-D3DE0DEAC7D6): 31
LogDevObjectVersion:   Dev-Enterprise (9DFFBCD6-494F-0158-E221-12823C92A888): 10
LogDevObjectVersion:   Dev-Niagara (F2AED0AC-9AFE-416F-8664-AA7FFA26D6FC): 1
LogDevObjectVersion:   Dev-Destruction (174F1F0B-B4C6-45A5-B13F-2EE8D0FB917D): 10
LogDevObjectVersion:   Dev-Physics-Ext (35F94A83-E258-406C-A318-09F59610247C): 37
LogDevObjectVersion:   Dev-PhysicsMaterial-Chaos (B68FC16E-8B1B-42E2-B453-215C058844FE): 1
LogDevObjectVersion:   Dev-CineCamera (B2E18506-4273-CFC2-A54E-F4BB758BBA07): 1
LogInit: Presizing for max 25165824 objects, including 0 objects not considered by GC, pre-allocating 0 bytes for permanent pool.
LogConfig: Applying CVar settings from Section [/Script/Engine.StreamingSettings] File [C:/Users/cbrad/OneDrive/Documents/GitHub/ThirdPersonHorror/ThirdPersonHorror/Saved/Config/Windows/Engine.ini]
LogConfig: Setting CVar [[s.MinBulkDataSizeForAsyncLoading:131072]]
LogConfig: Setting CVar [[s.AsyncLoadingThreadEnabled:0]]
LogConfig: Setting CVar [[s.EventDrivenLoaderEnabled:1]]
LogConfig: Setting CVar [[s.WarnIfTimeLimitExceeded:0]]
LogConfig: Setting CVar [[s.TimeLimitExceededMultiplier:1.5]]
LogConfig: Setting CVar [[s.TimeLimitExceededMinTime:0.005]]
LogConfig: Setting CVar [[s.UseBackgroundLevelStreaming:1]]
LogConfig: Setting CVar [[s.PriorityAsyncLoadingExtraTime:15.0]]
LogConfig: Setting CVar [[s.LevelStreamingActorsUpdateTimeLimit:5.0]]
LogConfig: Setting CVar [[s.PriorityLevelStreamingActorsUpdateExtraTime:5.0]]
LogConfig: Setting CVar [[s.LevelStreamingComponentsRegistrationGranularity:10]]
LogConfig: Setting CVar [[s.UnregisterComponentsTimeLimit:1.0]]
LogConfig: Setting CVar [[s.LevelStreamingComponentsUnregistrationGranularity:5]]
LogConfig: Setting CVar [[s.FlushStreamingOnExit:1]]
LogInit: Object subsystem initialized
LogConfig: Setting CVar [[con.DebugEarlyDefault:1]]
LogConfig: Setting CVar [[r.setres:1280x720]]
[2021.04.27-22.45.18:527][  0]LogConfig: Setting CVar [[r.VSync:0]]
[2021.04.27-22.45.18:527][  0]LogConfig: Setting CVar [[r.RHICmdBypass:0]]
[2021.04.27-22.45.18:527][  0]LogConfig: Applying CVar settings from Section [/Script/Engine.RendererSettings] File [C:/Users/cbrad/OneDrive/Documents/GitHub/ThirdPersonHorror/ThirdPersonHorror/Saved/Config/Windows/Engine.ini]
[2021.04.27-22.45.18:527][  0]LogConfig: Setting CVar [[r.GPUCrashDebugging:0]]
[2021.04.27-22.45.18:527][  0]LogConfig: Applying CVar settings from Section [/Script/Engine.RendererOverrideSettings] File [C:/Users/cbrad/OneDrive/Documents/GitHub/ThirdPersonHorror/ThirdPersonHorror/Saved/Config/Windows/Engine.ini]
[2021.04.27-22.45.18:527][  0]LogConfig: Applying CVar settings from Section [/Script/Engine.StreamingSettings] File [C:/Users/cbrad/OneDrive/Documents/GitHub/ThirdPersonHorror/ThirdPersonHorror/Saved/Config/Windows/Engine.ini]
[2021.04.27-22.45.18:527][  0]LogConfig: Setting CVar [[s.MinBulkDataSizeForAsyncLoading:131072]]
[2021.04.27-22.45.18:527][  0]LogConfig: Setting CVar [[s.AsyncLoadingThreadEnabled:0]]
[2021.04.27-22.45.18:527][  0]LogConfig: Setting CVar [[s.EventDrivenLoaderEnabled:1]]
[2021.04.27-22.45.18:527][  0]LogConfig: Setting CVar [[s.WarnIfTimeLimitExceeded:0]]
[2021.04.27-22.45.18:527][  0]LogConfig: Setting CVar [[s.TimeLimitExceededMultiplier:1.5]]
[2021.04.27-22.45.18:527][  0]LogConfig: Setting CVar [[s.TimeLimitExceededMinTime:0.005]]
[2021.04.27-22.45.18:527][  0]LogConfig: Setting CVar [[s.UseBackgroundLevelStreaming:1]]
[2021.04.27-22.45.18:527][  0]LogConfig: Setting CVar [[s.PriorityAsyncLoadingExtraTime:15.0]]
[2021.04.27-22.45.18:527][  0]LogConfig: Setting CVar [[s.LevelStreamingActorsUpdateTimeLimit:5.0]]
[2021.04.27-22.45.18:527][  0]LogConfig: Setting CVar [[s.PriorityLevelStreamingActorsUpdateExtraTime:5.0]]
[2021.04.27-22.45.18:527][  0]LogConfig: Setting CVar [[s.LevelStreamingComponentsRegistrationGranularity:10]]
[2021.04.27-22.45.18:527][  0]LogConfig: Setting CVar [[s.UnregisterComponentsTimeLimit:1.0]]
[2021.04.27-22.45.18:527][  0]LogConfig: Setting CVar [[s.LevelStreamingComponentsUnregistrationGranularity:5]]
[2021.04.27-22.45.18:527][  0]LogConfig: Setting CVar [[s.FlushStreamingOnExit:1]]
[2021.04.27-22.45.18:527][  0]LogConfig: Applying CVar settings from Section [/Script/Engine.GarbageCollectionSettings] File [C:/Users/cbrad/OneDrive/Documents/GitHub/ThirdPersonHorror/ThirdPersonHorror/Saved/Config/Windows/Engine.ini]
[2021.04.27-22.45.18:527][  0]LogConfig: Setting CVar [[gc.MaxObjectsNotConsideredByGC:1]]
[2021.04.27-22.45.18:527][  0]LogConfig: Setting CVar [[gc.SizeOfPermanentObjectPool:0]]
[2021.04.27-22.45.18:527][  0]LogConfig: Setting CVar [[gc.FlushStreamingOnGC:0]]
[2021.04.27-22.45.18:527][  0]LogConfig: Setting CVar [[gc.NumRetriesBeforeForcingGC:10]]
[2021.04.27-22.45.18:527][  0]LogConfig: Setting CVar [[gc.AllowParallelGC:1]]
[2021.04.27-22.45.18:527][  0]LogConfig: Setting CVar [[gc.TimeBetweenPurgingPendingKillObjects:61.1]]
[2021.04.27-22.45.18:527][  0]LogConfig: Setting CVar [[gc.MaxObjectsInEditor:25165824]]
[2021.04.27-22.45.18:527][  0]LogConfig: Setting CVar [[gc.IncrementalBeginDestroyEnabled:1]]
[2021.04.27-22.45.18:527][  0]LogConfig: Setting CVar [[gc.CreateGCClusters:1]]
[2021.04.27-22.45.18:527][  0]LogConfig: Setting CVar [[gc.MinGCClusterSize:5]]
[2021.04.27-22.45.18:527][  0]LogConfig: Setting CVar [[gc.ActorClusteringEnabled:0]]
[2021.04.27-22.45.18:527][  0]LogConfig: Setting CVar [[gc.BlueprintClusteringEnabled:0]]
[2021.04.27-22.45.18:527][  0]LogConfig: Setting CVar [[gc.UseDisregardForGCOnDedicatedServers:0]]
[2021.04.27-22.45.18:527][  0]LogConfig: Applying CVar settings from Section [/Script/Engine.NetworkSettings] File [C:/Users/cbrad/OneDrive/Documents/GitHub/ThirdPersonHorror/ThirdPersonHorror/Saved/Config/Windows/Engine.ini]
[2021.04.27-22.45.18:527][  0]LogConfig: Applying CVar settings from Section [/Script/UnrealEd.CookerSettings] File [C:/Users/cbrad/OneDrive/Documents/GitHub/ThirdPersonHorror/ThirdPersonHorror/Saved/Config/Windows/Engine.ini]
[2021.04.27-22.45.18:529][  0]LogConfig: Applying CVar settings from Section [ViewDistanceQuality@3] File [C:/Users/cbrad/OneDrive/Documents/GitHub/ThirdPersonHorror/ThirdPersonHorror/Saved/Config/Windows/Scalability.ini]
[2021.04.27-22.45.18:530][  0]LogConfig: Setting CVar [[r.SkeletalMeshLODBias:0]]
[2021.04.27-22.45.18:530][  0]LogConfig: Setting CVar [[r.ViewDistanceScale:1.0]]
[2021.04.27-22.45.18:530][  0]LogConfig: Applying CVar settings from Section [AntiAliasingQuality@3] File [C:/Users/cbrad/OneDrive/Documents/GitHub/ThirdPersonHorror/ThirdPersonHorror/Saved/Config/Windows/Scalability.ini]
[2021.04.27-22.45.18:530][  0]LogConfig: Setting CVar [[r.PostProcessAAQuality:4]]
[2021.04.27-22.45.18:530][  0]LogConfig: Applying CVar settings from Section [ShadowQuality@3] File [C:/Users/cbrad/OneDrive/Documents/GitHub/ThirdPersonHorror/ThirdPersonHorror/Saved/Config/Windows/Scalability.ini]
[2021.04.27-22.45.18:530][  0]LogConfig: Setting CVar [[r.LightFunctionQuality:1]]
[2021.04.27-22.45.18:530][  0]LogConfig: Setting CVar [[r.ShadowQuality:5]]
[2021.04.27-22.45.18:530][  0]LogConfig: Setting CVar [[r.Shadow.CSM.MaxCascades:10]]
[2021.04.27-22.45.18:530][  0]LogConfig: Setting CVar [[r.Shadow.MaxResolution:2048]]
[2021.04.27-22.45.18:530][  0]LogConfig: Setting CVar [[r.Shadow.MaxCSMResolution:2048]]
[2021.04.27-22.45.18:530][  0]LogConfig: Setting CVar [[r.Shadow.RadiusThreshold:0.01]]
[2021.04.27-22.45.18:530][  0]LogConfig: Setting CVar [[r.Shadow.DistanceScale:1.0]]
[2021.04.27-22.45.18:530][  0]LogConfig: Setting CVar [[r.Shadow.CSM.TransitionScale:1.0]]
[2021.04.27-22.45.18:530][  0]LogConfig: Setting CVar [[r.Shadow.PreShadowResolutionFactor:1.0]]
[2021.04.27-22.45.18:530][  0]LogConfig: Setting CVar [[r.DistanceFieldShadowing:1]]
[2021.04.27-22.45.18:530][  0]LogConfig: Setting CVar [[r.DistanceFieldAO:1]]
[2021.04.27-22.45.18:530][  0]LogConfig: Setting CVar [[r.AOQuality:2]]
[2021.04.27-22.45.18:530][  0]LogConfig: Setting CVar [[r.VolumetricFog:1]]
[2021.04.27-22.45.18:530][  0]LogConfig: Setting CVar [[r.VolumetricFog.GridPixelSize:8]]
[2021.04.27-22.45.18:530][  0]LogConfig: Setting CVar [[r.VolumetricFog.GridSizeZ:128]]
[2021.04.27-22.45.18:530][  0]LogConfig: Setting CVar [[r.VolumetricFog.HistoryMissSupersampleCount:4]]
[2021.04.27-22.45.18:530][  0]LogConfig: Setting CVar [[r.LightMaxDrawDistanceScale:1]]
[2021.04.27-22.45.18:530][  0]LogConfig: Setting CVar [[r.CapsuleShadows:1]]
[2021.04.27-22.45.18:530][  0]LogConfig: Applying CVar settings from Section [PostProcessQuality@3] File [C:/Users/cbrad/OneDrive/Documents/GitHub/ThirdPersonHorror/ThirdPersonHorror/Saved/Config/Windows/Scalability.ini]
[2021.04.27-22.45.18:530][  0]LogConfig: Setting CVar [[r.MotionBlurQuality:4]]
[2021.04.27-22.45.18:530][  0]LogConfig: Setting CVar [[r.AmbientOcclusionMipLevelFactor:0.4]]
[2021.04.27-22.45.18:530][  0]LogConfig: Setting CVar [[r.AmbientOcclusionMaxQuality:100]]
[2021.04.27-22.45.18:530][  0]LogConfig: Setting CVar [[r.AmbientOcclusionLevels:-1]]
[2021.04.27-22.45.18:530][  0]LogConfig: Setting CVar [[r.AmbientOcclusionRadiusScale:1.0]]
[2021.04.27-22.45.18:530][  0]LogConfig: Setting CVar [[r.DepthOfFieldQuality:2]]
[2021.04.27-22.45.18:530][  0]LogConfig: Setting CVar [[r.RenderTargetPoolMin:400]]
[2021.04.27-22.45.18:530][  0]LogConfig: Setting CVar [[r.LensFlareQuality:2]]
[2021.04.27-22.45.18:530][  0]LogConfig: Setting CVar [[r.SceneColorFringeQuality:1]]
[2021.04.27-22.45.18:530][  0]LogConfig: Setting CVar [[r.EyeAdaptationQuality:2]]
[2021.04.27-22.45.18:530][  0]LogConfig: Setting CVar [[r.BloomQuality:5]]
[2021.04.27-22.45.18:530][  0]LogConfig: Setting CVar [[r.FastBlurThreshold:100]]
[2021.04.27-22.45.18:530][  0]LogConfig: Setting CVar [[r.Upscale.Quality:3]]
[2021.04.27-22.45.18:530][  0]LogConfig: Setting CVar [[r.Tonemapper.GrainQuantization:1]]
[2021.04.27-22.45.18:530][  0]LogConfig: Setting CVar [[r.LightShaftQuality:1]]
[2021.04.27-22.45.18:530][  0]LogConfig: Setting CVar [[r.Filter.SizeScale:1]]
[2021.04.27-22.45.18:530][  0]LogConfig: Setting CVar [[r.Tonemapper.Quality:5]]
[2021.04.27-22.45.18:530][  0]LogConfig: Setting CVar [[r.DOF.Gather.AccumulatorQuality:1        ; higher gathering accumulator quality]]
[2021.04.27-22.45.18:530][  0]LogConfig: Setting CVar [[r.DOF.Gather.PostfilterMethod:1          ; Median3x3 postfilering method]]
[2021.04.27-22.45.18:530][  0]LogConfig: Setting CVar [[r.DOF.Gather.EnableBokehSettings:0       ; no bokeh simulation when gathering]]
[2021.04.27-22.45.18:530][  0]LogConfig: Setting CVar [[r.DOF.Gather.RingCount:4                 ; medium number of samples when gathering]]
[2021.04.27-22.45.18:530][  0]LogConfig: Setting CVar [[r.DOF.Scatter.ForegroundCompositing:1    ; additive foreground scattering]]
[2021.04.27-22.45.18:530][  0]LogConfig: Setting CVar [[r.DOF.Scatter.BackgroundCompositing:2    ; additive background scattering]]
[2021.04.27-22.45.18:530][  0]LogConfig: Setting CVar [[r.DOF.Scatter.EnableBokehSettings:1      ; bokeh simulation when scattering]]
[2021.04.27-22.45.18:530][  0]LogConfig: Setting CVar [[r.DOF.Scatter.MaxSpriteRatio:0.1         ; only a maximum of 10% of scattered bokeh]]
[2021.04.27-22.45.18:530][  0]LogConfig: Setting CVar [[r.DOF.Recombine.Quality:1                ; cheap slight out of focus]]
[2021.04.27-22.45.18:530][  0]LogConfig: Setting CVar [[r.DOF.Recombine.EnableBokehSettings:0    ; no bokeh simulation on slight out of focus]]
[2021.04.27-22.45.18:530][  0]LogConfig: Setting CVar [[r.DOF.TemporalAAQuality:1                ; more stable temporal accumulation]]
[2021.04.27-22.45.18:530][  0]LogConfig: Setting CVar [[r.DOF.Kernel.MaxForegroundRadius:0.025]]
[2021.04.27-22.45.18:530][  0]LogConfig: Setting CVar [[r.DOF.Kernel.MaxBackgroundRadius:0.025]]
[2021.04.27-22.45.18:530][  0]LogConfig: Applying CVar settings from Section [TextureQuality@3] File [C:/Users/cbrad/OneDrive/Documents/GitHub/ThirdPersonHorror/ThirdPersonHorror/Saved/Config/Windows/Scalability.ini]
[2021.04.27-22.45.18:530][  0]LogConfig: Setting CVar [[r.Streaming.MipBias:0]]
[2021.04.27-22.45.18:530][  0]LogConfig: Setting CVar [[r.Streaming.AmortizeCPUToGPUCopy:0]]
[2021.04.27-22.45.18:530][  0]LogConfig: Setting CVar [[r.Streaming.MaxNumTexturesToStreamPerFrame:0]]
[2021.04.27-22.45.18:530][  0]LogConfig: Setting CVar [[r.Streaming.Boost:1]]
[2021.04.27-22.45.18:530][  0]LogConfig: Setting CVar [[r.MaxAnisotropy:8]]
[2021.04.27-22.45.18:530][  0]LogConfig: Setting CVar [[r.VT.MaxAnisotropy:8]]
[2021.04.27-22.45.18:530][  0]LogConfig: Setting CVar [[r.Streaming.LimitPoolSizeToVRAM:0]]
[2021.04.27-22.45.18:530][  0]LogConfig: Setting CVar [[r.Streaming.PoolSize:1000]]
[2021.04.27-22.45.18:530][  0]LogConfig: Setting CVar [[r.Streaming.MaxEffectiveScreenSize:0]]
[2021.04.27-22.45.18:530][  0]LogConfig: Applying CVar settings from Section [EffectsQuality@3] File [C:/Users/cbrad/OneDrive/Documents/GitHub/ThirdPersonHorror/ThirdPersonHorror/Saved/Config/Windows/Scalability.ini]
[2021.04.27-22.45.18:530][  0]LogConfig: Setting CVar [[r.TranslucencyLightingVolumeDim:64]]
[2021.04.27-22.45.18:530][  0]LogConfig: Setting CVar [[r.RefractionQuality:2]]
[2021.04.27-22.45.18:530][  0]LogConfig: Setting CVar [[r.SSR.Quality:3]]
[2021.04.27-22.45.18:530][  0]LogConfig: Setting CVar [[r.SSR.HalfResSceneColor:0]]
[2021.04.27-22.45.18:530][  0]LogConfig: Setting CVar [[r.SceneColorFormat:4]]
[2021.04.27-22.45.18:530][  0]LogConfig: Setting CVar [[r.DetailMode:2]]
[2021.04.27-22.45.18:531][  0]LogConfig: Setting CVar [[r.TranslucencyVolumeBlur:1]]
[2021.04.27-22.45.18:531][  0]LogConfig: Setting CVar [[r.MaterialQualityLevel:1 ; High quality]]
[2021.04.27-22.45.18:531][  0]LogConfig: Setting CVar [[r.SSS.Scale:1]]
[2021.04.27-22.45.18:531][  0]LogConfig: Setting CVar [[r.SSS.SampleSet:2]]
[2021.04.27-22.45.18:531][  0]LogConfig: Setting CVar [[r.SSS.Quality:1]]
[2021.04.27-22.45.18:531][  0]LogConfig: Setting CVar [[r.SSS.HalfRes:0]]
[2021.04.27-22.45.18:531][  0]LogConfig: Setting CVar [[r.SSGI.Quality:3]]
[2021.04.27-22.45.18:531][  0]LogConfig: Setting CVar [[r.EmitterSpawnRateScale:1.0]]
[2021.04.27-22.45.18:531][  0]LogConfig: Setting CVar [[r.ParticleLightQuality:2]]
[2021.04.27-22.45.18:531][  0]LogConfig: Setting CVar [[r.SkyAtmosphere.AerialPerspectiveLUT.FastApplyOnOpaque:1 ; Always have FastSkyLUT 1 in this case to avoid wrong sky]]
[2021.04.27-22.45.18:531][  0]LogConfig: Setting CVar [[r.SkyAtmosphere.AerialPerspectiveLUT.SampleCountPerSlice:1]]
[2021.04.27-22.45.18:531][  0]LogConfig: Setting CVar [[r.SkyAtmosphere.AerialPerspectiveLUT.DepthResolution:16.0]]
[2021.04.27-22.45.18:531][  0]LogConfig: Setting CVar [[r.SkyAtmosphere.FastSkyLUT:1]]
[2021.04.27-22.45.18:531][  0]LogConfig: Setting CVar [[r.SkyAtmosphere.FastSkyLUT.SampleCountMin:4.0]]
[2021.04.27-22.45.18:531][  0]LogConfig: Setting CVar [[r.SkyAtmosphere.FastSkyLUT.SampleCountMax:32.0]]
[2021.04.27-22.45.18:531][  0]LogConfig: Setting CVar [[r.SkyAtmosphere.SampleCountMin:4.0]]
[2021.04.27-22.45.18:531][  0]LogConfig: Setting CVar [[r.SkyAtmosphere.SampleCountMax:32.0]]
[2021.04.27-22.45.18:531][  0]LogConfig: Setting CVar [[r.SkyAtmosphere.TransmittanceLUT.UseSmallFormat:0]]
[2021.04.27-22.45.18:531][  0]LogConfig: Setting CVar [[r.SkyAtmosphere.TransmittanceLUT.SampleCount:10.0]]
[2021.04.27-22.45.18:531][  0]LogConfig: Setting CVar [[r.SkyAtmosphere.MultiScatteringLUT.SampleCount:15.0]]
[2021.04.27-22.45.18:531][  0]LogConfig: Applying CVar settings from Section [FoliageQuality@3] File [C:/Users/cbrad/OneDrive/Documents/GitHub/ThirdPersonHorror/ThirdPersonHorror/Saved/Config/Windows/Scalability.ini]
[2021.04.27-22.45.18:531][  0]LogConfig: Setting CVar [[foliage.DensityScale:1.0]]
[2021.04.27-22.45.18:531][  0]LogConfig: Setting CVar [[grass.DensityScale:1.0]]
[2021.04.27-22.45.18:531][  0]LogConfig: Applying CVar settings from Section [ShadingQuality@3] File [C:/Users/cbrad/OneDrive/Documents/GitHub/ThirdPersonHorror/ThirdPersonHorror/Saved/Config/Windows/Scalability.ini]
[2021.04.27-22.45.18:531][  0]LogConfig: Setting CVar [[r.HairStrands.SkyLighting.SampleCount:16]]
[2021.04.27-22.45.18:531][  0]LogConfig: Setting CVar [[r.HairStrands.SkyLighting.JitterIntegration:0]]
[2021.04.27-22.45.18:531][  0]LogConfig: Setting CVar [[r.HairStrands.SkyAO.SampleCount:16]]
[2021.04.27-22.45.18:531][  0]LogConfig: Setting CVar [[r.HairStrands.DeepShadow.SuperSampling:0]]
[2021.04.27-22.45.18:531][  0]LogConfig: Setting CVar [[r.HairStrands.VisibilityPPLL:0]]
[2021.04.27-22.45.18:531][  0]LogConfig: Setting CVar [[r.HairStrands.RasterizationScale:0.5]]
[2021.04.27-22.45.18:531][  0]LogConfig: Setting CVar [[r.HairStrands.VelocityRasterizationScale:1]]
[2021.04.27-22.45.18:531][  0]LogInit: Selected Device Profile: [Windows]
[2021.04.27-22.45.18:531][  0]LogInit: Applying CVar settings loaded from the selected device profile: [Windows]
[2021.04.27-22.45.18:531][  0]LogHAL: Display: Platform has ~ 8 GB [8529567744 / 8589934592 / 8], which maps to Default [LargestMinGB=32, LargerMinGB=12, DefaultMinGB=8, SmallerMinGB=6, SmallestMinGB=0)
[2021.04.27-22.45.18:531][  0]LogInit: Going up to parent DeviceProfile []
[2021.04.27-22.45.18:531][  0]LogConfig: Applying CVar settings from Section [ViewDistanceQuality@3] File [C:/Users/cbrad/OneDrive/Documents/GitHub/ThirdPersonHorror/ThirdPersonHorror/Saved/Config/Windows/Scalability.ini]
[2021.04.27-22.45.18:531][  0]LogConfig: Setting CVar [[r.SkeletalMeshLODBias:0]]
[2021.04.27-22.45.18:531][  0]LogConfig: Setting CVar [[r.ViewDistanceScale:1.0]]
[2021.04.27-22.45.18:531][  0]LogConfig: Applying CVar settings from Section [AntiAliasingQuality@3] File [C:/Users/cbrad/OneDrive/Documents/GitHub/ThirdPersonHorror/ThirdPersonHorror/Saved/Config/Windows/Scalability.ini]
[2021.04.27-22.45.18:531][  0]LogConfig: Setting CVar [[r.PostProcessAAQuality:4]]
[2021.04.27-22.45.18:531][  0]LogConfig: Applying CVar settings from Section [ShadowQuality@3] File [C:/Users/cbrad/OneDrive/Documents/GitHub/ThirdPersonHorror/ThirdPersonHorror/Saved/Config/Windows/Scalability.ini]
[2021.04.27-22.45.18:531][  0]LogConfig: Setting CVar [[r.LightFunctionQuality:1]]
[2021.04.27-22.45.18:531][  0]LogConfig: Setting CVar [[r.ShadowQuality:5]]
[2021.04.27-22.45.18:531][  0]LogConfig: Setting CVar [[r.Shadow.CSM.MaxCascades:10]]
[2021.04.27-22.45.18:531][  0]LogConfig: Setting CVar [[r.Shadow.MaxResolution:2048]]
[2021.04.27-22.45.18:531][  0]LogConfig: Setting CVar [[r.Shadow.MaxCSMResolution:2048]]
[2021.04.27-22.45.18:531][  0]LogConfig: Setting CVar [[r.Shadow.RadiusThreshold:0.01]]
[2021.04.27-22.45.18:531][  0]LogConfig: Setting CVar [[r.Shadow.DistanceScale:1.0]]
[2021.04.27-22.45.18:531][  0]LogConfig: Setting CVar [[r.Shadow.CSM.TransitionScale:1.0]]
[2021.04.27-22.45.18:531][  0]LogConfig: Setting CVar [[r.Shadow.PreShadowResolutionFactor:1.0]]
[2021.04.27-22.45.18:531][  0]LogConfig: Setting CVar [[r.DistanceFieldShadowing:1]]
[2021.04.27-22.45.18:531][  0]LogConfig: Setting CVar [[r.DistanceFieldAO:1]]
[2021.04.27-22.45.18:531][  0]LogConfig: Setting CVar [[r.AOQuality:2]]
[2021.04.27-22.45.18:532][  0]LogConfig: Setting CVar [[r.VolumetricFog:1]]
[2021.04.27-22.45.18:532][  0]LogConfig: Setting CVar [[r.VolumetricFog.GridPixelSize:8]]
[2021.04.27-22.45.18:532][  0]LogConfig: Setting CVar [[r.VolumetricFog.GridSizeZ:128]]
[2021.04.27-22.45.18:532][  0]LogConfig: Setting CVar [[r.VolumetricFog.HistoryMissSupersampleCount:4]]
[2021.04.27-22.45.18:532][  0]LogConfig: Setting CVar [[r.LightMaxDrawDistanceScale:1]]
[2021.04.27-22.45.18:532][  0]LogConfig: Setting CVar [[r.CapsuleShadows:1]]
[2021.04.27-22.45.18:532][  0]LogConfig: Applying CVar settings from Section [PostProcessQuality@3] File [C:/Users/cbrad/OneDrive/Documents/GitHub/ThirdPersonHorror/ThirdPersonHorror/Saved/Config/Windows/Scalability.ini]
[2021.04.27-22.45.18:532][  0]LogConfig: Setting CVar [[r.MotionBlurQuality:4]]
[2021.04.27-22.45.18:532][  0]LogConfig: Setting CVar [[r.AmbientOcclusionMipLevelFactor:0.4]]
[2021.04.27-22.45.18:532][  0]LogConfig: Setting CVar [[r.AmbientOcclusionMaxQuality:100]]
[2021.04.27-22.45.18:532][  0]LogConfig: Setting CVar [[r.AmbientOcclusionLevels:-1]]
[2021.04.27-22.45.18:532][  0]LogConfig: Setting CVar [[r.AmbientOcclusionRadiusScale:1.0]]
[2021.04.27-22.45.18:532][  0]LogConfig: Setting CVar [[r.DepthOfFieldQuality:2]]
[2021.04.27-22.45.18:532][  0]LogConfig: Setting CVar [[r.RenderTargetPoolMin:400]]
[2021.04.27-22.45.18:532][  0]LogConfig: Setting CVar [[r.LensFlareQuality:2]]
[2021.04.27-22.45.18:532][  0]LogConfig: Setting CVar [[r.SceneColorFringeQuality:1]]
[2021.04.27-22.45.18:532][  0]LogConfig: Setting CVar [[r.EyeAdaptationQuality:2]]
[2021.04.27-22.45.18:532][  0]LogConfig: Setting CVar [[r.BloomQuality:5]]
[2021.04.27-22.45.18:532][  0]LogConfig: Setting CVar [[r.FastBlurThreshold:100]]
[2021.04.27-22.45.18:532][  0]LogConfig: Setting CVar [[r.Upscale.Quality:3]]
[2021.04.27-22.45.18:532][  0]LogConfig: Setting CVar [[r.Tonemapper.GrainQuantization:1]]
[2021.04.27-22.45.18:532][  0]LogConfig: Setting CVar [[r.LightShaftQuality:1]]
[2021.04.27-22.45.18:532][  0]LogConfig: Setting CVar [[r.Filter.SizeScale:1]]
[2021.04.27-22.45.18:532][  0]LogConfig: Setting CVar [[r.Tonemapper.Quality:5]]
[2021.04.27-22.45.18:532][  0]LogConfig: Setting CVar [[r.DOF.Gather.AccumulatorQuality:1        ; higher gathering accumulator quality]]
[2021.04.27-22.45.18:532][  0]LogConfig: Setting CVar [[r.DOF.Gather.PostfilterMethod:1          ; Median3x3 postfilering method]]
[2021.04.27-22.45.18:532][  0]LogConfig: Setting CVar [[r.DOF.Gather.EnableBokehSettings:0       ; no bokeh simulation when gathering]]
[2021.04.27-22.45.18:532][  0]LogConfig: Setting CVar [[r.DOF.Gather.RingCount:4                 ; medium number of samples when gathering]]
[2021.04.27-22.45.18:532][  0]LogConfig: Setting CVar [[r.DOF.Scatter.ForegroundCompositing:1    ; additive foreground scattering]]
[2021.04.27-22.45.18:532][  0]LogConfig: Setting CVar [[r.DOF.Scatter.BackgroundCompositing:2    ; additive background scattering]]
[2021.04.27-22.45.18:532][  0]LogConfig: Setting CVar [[r.DOF.Scatter.EnableBokehSettings:1      ; bokeh simulation when scattering]]
[2021.04.27-22.45.18:532][  0]LogConfig: Setting CVar [[r.DOF.Scatter.MaxSpriteRatio:0.1         ; only a maximum of 10% of scattered bokeh]]
[2021.04.27-22.45.18:532][  0]LogConfig: Setting CVar [[r.DOF.Recombine.Quality:1                ; cheap slight out of focus]]
[2021.04.27-22.45.18:532][  0]LogConfig: Setting CVar [[r.DOF.Recombine.EnableBokehSettings:0    ; no bokeh simulation on slight out of focus]]
[2021.04.27-22.45.18:532][  0]LogConfig: Setting CVar [[r.DOF.TemporalAAQuality:1                ; more stable temporal accumulation]]
[2021.04.27-22.45.18:532][  0]LogConfig: Setting CVar [[r.DOF.Kernel.MaxForegroundRadius:0.025]]
[2021.04.27-22.45.18:532][  0]LogConfig: Setting CVar [[r.DOF.Kernel.MaxBackgroundRadius:0.025]]
[2021.04.27-22.45.18:532][  0]LogConfig: Applying CVar settings from Section [TextureQuality@3] File [C:/Users/cbrad/OneDrive/Documents/GitHub/ThirdPersonHorror/ThirdPersonHorror/Saved/Config/Windows/Scalability.ini]
[2021.04.27-22.45.18:532][  0]LogConfig: Setting CVar [[r.Streaming.MipBias:0]]
[2021.04.27-22.45.18:532][  0]LogConfig: Setting CVar [[r.Streaming.AmortizeCPUToGPUCopy:0]]
[2021.04.27-22.45.18:532][  0]LogConfig: Setting CVar [[r.Streaming.MaxNumTexturesToStreamPerFrame:0]]
[2021.04.27-22.45.18:532][  0]LogConfig: Setting CVar [[r.Streaming.Boost:1]]
[2021.04.27-22.45.18:532][  0]LogConfig: Setting CVar [[r.MaxAnisotropy:8]]
[2021.04.27-22.45.18:532][  0]LogConfig: Setting CVar [[r.VT.MaxAnisotropy:8]]
[2021.04.27-22.45.18:532][  0]LogConfig: Setting CVar [[r.Streaming.LimitPoolSizeToVRAM:0]]
[2021.04.27-22.45.18:532][  0]LogConfig: Setting CVar [[r.Streaming.PoolSize:1000]]
[2021.04.27-22.45.18:532][  0]LogConfig: Setting CVar [[r.Streaming.MaxEffectiveScreenSize:0]]
[2021.04.27-22.45.18:532][  0]LogConfig: Applying CVar settings from Section [EffectsQuality@3] File [C:/Users/cbrad/OneDrive/Documents/GitHub/ThirdPersonHorror/ThirdPersonHorror/Saved/Config/Windows/Scalability.ini]
[2021.04.27-22.45.18:532][  0]LogConfig: Setting CVar [[r.TranslucencyLightingVolumeDim:64]]
[2021.04.27-22.45.18:532][  0]LogConfig: Setting CVar [[r.RefractionQuality:2]]
[2021.04.27-22.45.18:532][  0]LogConfig: Setting CVar [[r.SSR.Quality:3]]
[2021.04.27-22.45.18:532][  0]LogConfig: Setting CVar [[r.SSR.HalfResSceneColor:0]]
[2021.04.27-22.45.18:532][  0]LogConfig: Setting CVar [[r.SceneColorFormat:4]]
[2021.04.27-22.45.18:532][  0]LogConfig: Setting CVar [[r.DetailMode:2]]
[2021.04.27-22.45.18:532][  0]LogConfig: Setting CVar [[r.TranslucencyVolumeBlur:1]]
[2021.04.27-22.45.18:532][  0]LogConfig: Setting CVar [[r.MaterialQualityLevel:1 ; High quality]]
[2021.04.27-22.45.18:532][  0]LogConfig: Setting CVar [[r.SSS.Scale:1]]
[2021.04.27-22.45.18:532][  0]LogConfig: Setting CVar [[r.SSS.SampleSet:2]]
[2021.04.27-22.45.18:532][  0]LogConfig: Setting CVar [[r.SSS.Quality:1]]
[2021.04.27-22.45.18:532][  0]LogConfig: Setting CVar [[r.SSS.HalfRes:0]]
[2021.04.27-22.45.18:532][  0]LogConfig: Setting CVar [[r.SSGI.Quality:3]]
[2021.04.27-22.45.18:532][  0]LogConfig: Setting CVar [[r.EmitterSpawnRateScale:1.0]]
[2021.04.27-22.45.18:532][  0]LogConfig: Setting CVar [[r.ParticleLightQuality:2]]
[2021.04.27-22.45.18:532][  0]LogConfig: Setting CVar [[r.SkyAtmosphere.AerialPerspectiveLUT.FastApplyOnOpaque:1 ; Always have FastSkyLUT 1 in this case to avoid wrong sky]]
[2021.04.27-22.45.18:532][  0]LogConfig: Setting CVar [[r.SkyAtmosphere.AerialPerspectiveLUT.SampleCountPerSlice:1]]
[2021.04.27-22.45.18:532][  0]LogConfig: Setting CVar [[r.SkyAtmosphere.AerialPerspectiveLUT.DepthResolution:16.0]]
[2021.04.27-22.45.18:532][  0]LogConfig: Setting CVar [[r.SkyAtmosphere.FastSkyLUT:1]]
[2021.04.27-22.45.18:532][  0]LogConfig: Setting CVar [[r.SkyAtmosphere.FastSkyLUT.SampleCountMin:4.0]]
[2021.04.27-22.45.18:532][  0]LogConfig: Setting CVar [[r.SkyAtmosphere.FastSkyLUT.SampleCountMax:32.0]]
[2021.04.27-22.45.18:532][  0]LogConfig: Setting CVar [[r.SkyAtmosphere.SampleCountMin:4.0]]
[2021.04.27-22.45.18:532][  0]LogConfig: Setting CVar [[r.SkyAtmosphere.SampleCountMax:32.0]]
[2021.04.27-22.45.18:532][  0]LogConfig: Setting CVar [[r.SkyAtmosphere.TransmittanceLUT.UseSmallFormat:0]]
[2021.04.27-22.45.18:532][  0]LogConfig: Setting CVar [[r.SkyAtmosphere.TransmittanceLUT.SampleCount:10.0]]
[2021.04.27-22.45.18:532][  0]LogConfig: Setting CVar [[r.SkyAtmosphere.MultiScatteringLUT.SampleCount:15.0]]
[2021.04.27-22.45.18:533][  0]LogConfig: Applying CVar settings from Section [FoliageQuality@3] File [C:/Users/cbrad/OneDrive/Documents/GitHub/ThirdPersonHorror/ThirdPersonHorror/Saved/Config/Windows/Scalability.ini]
[2021.04.27-22.45.18:533][  0]LogConfig: Setting CVar [[foliage.DensityScale:1.0]]
[2021.04.27-22.45.18:533][  0]LogConfig: Setting CVar [[grass.DensityScale:1.0]]
[2021.04.27-22.45.18:533][  0]LogConfig: Applying CVar settings from Section [ShadingQuality@3] File [C:/Users/cbrad/OneDrive/Documents/GitHub/ThirdPersonHorror/ThirdPersonHorror/Saved/Config/Windows/Scalability.ini]
[2021.04.27-22.45.18:533][  0]LogConfig: Setting CVar [[r.HairStrands.SkyLighting.SampleCount:16]]
[2021.04.27-22.45.18:533][  0]LogConfig: Setting CVar [[r.HairStrands.SkyLighting.JitterIntegration:0]]
[2021.04.27-22.45.18:533][  0]LogConfig: Setting CVar [[r.HairStrands.SkyAO.SampleCount:16]]
[2021.04.27-22.45.18:533][  0]LogConfig: Setting CVar [[r.HairStrands.DeepShadow.SuperSampling:0]]
[2021.04.27-22.45.18:533][  0]LogConfig: Setting CVar [[r.HairStrands.VisibilityPPLL:0]]
[2021.04.27-22.45.18:533][  0]LogConfig: Setting CVar [[r.HairStrands.RasterizationScale:0.5]]
[2021.04.27-22.45.18:533][  0]LogConfig: Setting CVar [[r.HairStrands.VelocityRasterizationScale:1]]
[2021.04.27-22.45.18:533][  0]LogConfig: Applying CVar settings from Section [Startup] File [../../../Engine/Config/ConsoleVariables.ini]
[2021.04.27-22.45.18:533][  0]LogConfig: Setting CVar [[net.UseAdaptiveNetUpdateFrequency:0]]
[2021.04.27-22.45.18:533][  0]LogConfig: Setting CVar [[p.chaos.AllowCreatePhysxBodies:1]]
[2021.04.27-22.45.18:533][  0]LogConfig: Setting CVar [[fx.SkipVectorVMBackendOptimizations:1]]
[2021.04.27-22.45.18:533][  0]LogConfig: Applying CVar settings from Section [ConsoleVariables] File [C:/Users/cbrad/OneDrive/Documents/GitHub/ThirdPersonHorror/ThirdPersonHorror/Saved/Config/Windows/Engine.ini]
[2021.04.27-22.45.18:533][  0]LogInit: Computer: DESKTOP-303N8E4
[2021.04.27-22.45.18:533][  0]LogInit: User: cbrad
[2021.04.27-22.45.18:533][  0]LogInit: CPU Page size=4096, Cores=4
[2021.04.27-22.45.18:534][  0]LogInit: High frequency timer resolution =10.000000 MHz
[2021.04.27-22.45.18:534][  0]LogMemory: Memory total: Physical=7.9GB (8GB approx)
[2021.04.27-22.45.18:534][  0]LogMemory: Platform Memory Stats for Windows
[2021.04.27-22.45.18:534][  0]LogMemory: Process Physical Memory: 114.35 MB used, 114.36 MB peak
[2021.04.27-22.45.18:534][  0]LogMemory: Process Virtual Memory: 111.91 MB used, 111.91 MB peak
[2021.04.27-22.45.18:534][  0]LogMemory: Physical Memory: 5111.79 MB used,  3022.64 MB free, 8134.43 MB total
[2021.04.27-22.45.18:534][  0]LogMemory: Virtual Memory: 5146.71 MB used,  134212584.00 MB free, 134217728.00 MB total
[2021.04.27-22.45.18:550][  0]LogWindows: WindowsPlatformFeatures enabled
[2021.04.27-22.45.19:023][  0]LogInit: Physics initialised using underlying interface: PhysX
[2021.04.27-22.45.19:034][  0]LogInit: Using OS detected language (en-US).
[2021.04.27-22.45.19:034][  0]LogInit: Using OS detected locale (en-US).
[2021.04.27-22.45.19:088][  0]LogTextLocalizationManager: No specific localization for 'en-US' exists, so the 'en' localization will be used.
[2021.04.27-22.45.19:571][  0]LogInit: Setting process to per monitor DPI aware
[2021.04.27-22.45.19:779][  0]LogSlate: New Slate User Created.  User Index 0, Is Virtual User: 0
[2021.04.27-22.45.19:779][  0]LogSlate: Slate User Registered.  User Index 0, Is Virtual User: 0
[2021.04.27-22.45.20:468][  0]LogD3D11RHI: D3D11 min allowed feature level: 11_0
[2021.04.27-22.45.20:468][  0]LogD3D11RHI: D3D11 max allowed feature level: 11_0
[2021.04.27-22.45.20:468][  0]LogD3D11RHI: D3D11 adapters:
[2021.04.27-22.45.20:761][  0]LogD3D11RHI:    0. 'NVIDIA GeForce GTX 1060 3GB' (Feature Level 11_0)
[2021.04.27-22.45.20:761][  0]LogD3D11RHI:       2988/0/4067 MB DedicatedVideo/DedicatedSystem/SharedSystem, Outputs:1, VendorId:0x10de
[2021.04.27-22.45.20:773][  0]LogD3D11RHI:    1. 'Microsoft Basic Render Driver' (Feature Level 11_0)
[2021.04.27-22.45.20:773][  0]LogD3D11RHI:       0/0/4067 MB DedicatedVideo/DedicatedSystem/SharedSystem, Outputs:0, VendorId:0x1414
[2021.04.27-22.45.20:773][  0]LogD3D11RHI: Chosen D3D11 Adapter: 0
[2021.04.27-22.45.20:779][  0]LogD3D11RHI: Creating new Direct3DDevice
[2021.04.27-22.45.20:779][  0]LogD3D11RHI:     GPU DeviceId: 0x1c02 (for the marketing name, search the web for "GPU Device Id")
[2021.04.27-22.45.20:779][  0]LogWindows: EnumDisplayDevices:
[2021.04.27-22.45.20:779][  0]LogWindows:    0. 'NVIDIA GeForce GTX 1060 3GB' (P:1 D:1)
[2021.04.27-22.45.20:779][  0]LogWindows:    1. 'NVIDIA GeForce GTX 1060 3GB' (P:0 D:0)
[2021.04.27-22.45.20:780][  0]LogWindows:    2. 'NVIDIA GeForce GTX 1060 3GB' (P:0 D:0)
[2021.04.27-22.45.20:780][  0]LogWindows:    3. 'NVIDIA GeForce GTX 1060 3GB' (P:0 D:0)
[2021.04.27-22.45.20:780][  0]LogWindows: DebugString: FoundDriverCount:4 
[2021.04.27-22.45.20:780][  0]LogD3D11RHI:     Adapter Name: NVIDIA GeForce GTX 1060 3GB
[2021.04.27-22.45.20:780][  0]LogD3D11RHI:   Driver Version: 465.89 (internal:27.21.14.6589, unified:465.89)
[2021.04.27-22.45.20:780][  0]LogD3D11RHI:      Driver Date: 3-25-2021
[2021.04.27-22.45.20:780][  0]LogRHI: Texture pool is 2091 MB (70% of 2988 MB)
[2021.04.27-22.45.20:863][  0]LogD3D11RHI: RHI has support for 64 bit atomics
[2021.04.27-22.45.20:864][  0]LogD3D11RHI: Async texture creation enabled
[2021.04.27-22.45.20:864][  0]LogD3D11RHI: Array index from any shader is supported
[2021.04.27-22.45.20:880][  0]LogD3D11RHI: GPU Timing Frequency: 1000.000000 (Debug: 2 1)
[2021.04.27-22.45.21:649][  0]LogTargetPlatformManager: Display: Loaded TargetPlatform 'AllDesktop'
[2021.04.27-22.45.21:688][  0]LogTargetPlatformManager: Display: Loaded TargetPlatform 'Android'
[2021.04.27-22.45.21:688][  0]LogTargetPlatformManager: Display: Loaded TargetPlatform 'Android_ASTC'
[2021.04.27-22.45.21:688][  0]LogTargetPlatformManager: Display: Loaded TargetPlatform 'Android_DXT'
[2021.04.27-22.45.21:688][  0]LogTargetPlatformManager: Display: Loaded TargetPlatform 'Android_ETC2'
[2021.04.27-22.45.21:688][  0]LogTargetPlatformManager: Display: Loaded TargetPlatform 'AndroidClient'
[2021.04.27-22.45.21:688][  0]LogTargetPlatformManager: Display: Loaded TargetPlatform 'Android_ASTCClient'
[2021.04.27-22.45.21:688][  0]LogTargetPlatformManager: Display: Loaded TargetPlatform 'Android_DXTClient'
[2021.04.27-22.45.21:688][  0]LogTargetPlatformManager: Display: Loaded TargetPlatform 'Android_ETC2Client'
[2021.04.27-22.45.21:688][  0]LogTargetPlatformManager: Display: Loaded TargetPlatform 'Android_Multi'
[2021.04.27-22.45.21:688][  0]LogTargetPlatformManager: Display: Loaded TargetPlatform 'Android_MultiClient'
[2021.04.27-22.45.21:801][  0]LogTargetPlatformManager: Display: Loaded TargetPlatform 'IOSClient'
[2021.04.27-22.45.21:801][  0]LogTargetPlatformManager: Display: Loaded TargetPlatform 'IOS'
[2021.04.27-22.45.21:837][  0]LogTargetPlatformManager: Display: Loaded TargetPlatform 'Linux'
[2021.04.27-22.45.21:859][  0]LogTargetPlatformManager: Display: Loaded TargetPlatform 'LinuxNoEditor'
[2021.04.27-22.45.21:879][  0]LogTargetPlatformManager: Display: Loaded TargetPlatform 'LinuxClient'
[2021.04.27-22.45.21:898][  0]LogTargetPlatformManager: Display: Loaded TargetPlatform 'LinuxServer'
[2021.04.27-22.45.21:918][  0]LogTargetPlatformManager: Display: Loaded TargetPlatform 'LinuxAArch64NoEditor'
[2021.04.27-22.45.21:936][  0]LogTargetPlatformManager: Display: Loaded TargetPlatform 'LinuxAArch64Client'
[2021.04.27-22.45.21:957][  0]LogTargetPlatformManager: Display: Loaded TargetPlatform 'LinuxAArch64Server'
[2021.04.27-22.45.22:000][  0]LogTargetPlatformManager: Display: Loaded TargetPlatform 'Lumin'
[2021.04.27-22.45.22:000][  0]LogTargetPlatformManager: Display: Loaded TargetPlatform 'LuminClient'
[2021.04.27-22.45.22:031][  0]LogTargetPlatformManager: Display: Loaded TargetPlatform 'TVOSClient'
[2021.04.27-22.45.22:031][  0]LogTargetPlatformManager: Display: Loaded TargetPlatform 'TVOS'
[2021.04.27-22.45.22:052][  0]LogTargetPlatformManager: Display: Loaded TargetPlatform 'WindowsNoEditor'
[2021.04.27-22.45.22:076][  0]LogTargetPlatformManager: Display: Loaded TargetPlatform 'Windows'
[2021.04.27-22.45.22:098][  0]LogTargetPlatformManager: Display: Loaded TargetPlatform 'WindowsClient'
[2021.04.27-22.45.22:121][  0]LogTargetPlatformManager: Display: Loaded TargetPlatform 'WindowsServer'
[2021.04.27-22.45.22:121][  0]LogTargetPlatformManager: Display: Building Assets For Windows
[2021.04.27-22.45.22:187][  0]LogAudioDebug: Display: Lib vorbis DLL was dynamically loaded.
[2021.04.27-22.45.22:567][  0]LogShaderCompilers: Guid format shader working directory is -45 characters bigger than the processId version (../../../../../../Users/cbrad/OneDrive/Documents/GitHub/ThirdPersonHorror/ThirdPersonHorror/Intermediate/Shaders/WorkingDirectory/8348/).
[2021.04.27-22.45.22:567][  0]LogShaderCompilers: Cleaned the shader compiler working directory 'C:/Users/cbrad/AppData/Local/Temp/UnrealShaderWorkingDir/BAA9D31E492ECC60F128B08F73F3C0D1/'.
[2021.04.27-22.45.22:582][  0]LogXGEController: Cannot use XGE Controller as Incredibuild is not installed on this machine.
[2021.04.27-22.45.22:582][  0]LogShaderCompilers: Cannot use XGE Shader Compiler as Incredibuild is not installed on this machine.
[2021.04.27-22.45.22:582][  0]LogShaderCompilers: Display: Using Local Shader Compiler.
[2021.04.27-22.45.25:669][  0]LogDerivedDataCache: Display: Max Cache Size: 512 MB
[2021.04.27-22.45.26:395][  0]LogDerivedDataCache: Loaded boot cache 0.73s 75MB C:/Users/cbrad/AppData/Local/UnrealEngine/4.25/DerivedDataCache/Boot.ddc.
[2021.04.27-22.45.26:395][  0]LogDerivedDataCache: Display: Loaded Boot cache: C:/Users/cbrad/AppData/Local/UnrealEngine/4.25/DerivedDataCache/Boot.ddc
[2021.04.27-22.45.26:395][  0]LogDerivedDataCache: FDerivedDataBackendGraph:  Pak pak cache file ../../../../../../Users/cbrad/OneDrive/Documents/GitHub/ThirdPersonHorror/ThirdPersonHorror/DerivedDataCache/DDC.ddp not found, will not use a pak cache.
[2021.04.27-22.45.26:395][  0]LogDerivedDataCache: Unable to find inner node Pak for hierarchical cache Hierarchy.
[2021.04.27-22.45.26:395][  0]LogDerivedDataCache: FDerivedDataBackendGraph:  CompressedPak pak cache file ../../../../../../Users/cbrad/OneDrive/Documents/GitHub/ThirdPersonHorror/ThirdPersonHorror/DerivedDataCache/Compressed.ddp not found, will not use a pak cache.
[2021.04.27-22.45.26:395][  0]LogDerivedDataCache: Unable to find inner node CompressedPak for hierarchical cache Hierarchy.
[2021.04.27-22.45.26:407][  0]LogDerivedDataCache: Display: Pak cache opened for reading ../../../Engine/DerivedDataCache/Compressed.ddp.
[2021.04.27-22.45.26:407][  0]LogDerivedDataCache: FDerivedDataBackendGraph:  EnterprisePak pak cache file ../../../Enterprise/DerivedDataCache/Compressed.ddp not found, will not use a pak cache.
[2021.04.27-22.45.26:407][  0]LogDerivedDataCache: Unable to find inner node EnterprisePak for hierarchical cache Hierarchy.
[2021.04.27-22.45.26:408][  0]LogDerivedDataCache: Using Local data cache path C:/Users/cbrad/AppData/Local/UnrealEngine/Common/DerivedDataCache: Writable
[2021.04.27-22.45.26:408][  0]LogDerivedDataCache: Shared data cache path not found in *engine.ini, will not use an Shared cache.
[2021.04.27-22.45.26:408][  0]LogDerivedDataCache: Unable to find inner node Shared for hierarchical cache Hierarchy.
[2021.04.27-22.45.26:461][  0]LogSlate: Using FreeType 2.10.0
[2021.04.27-22.45.26:537][  0]LogSlate: SlateFontServices - WITH_FREETYPE: 1, WITH_HARFBUZZ: 1
[2021.04.27-22.45.26:735][  0]LogAssetRegistry: FAssetRegistry took 0.0032 seconds to start up
[2021.04.27-22.45.26:999][  0]LogInit: Selected Device Profile: [Windows]
[2021.04.27-22.45.27:478][  0]LogMeshReduction: Using QuadricMeshReduction for automatic static mesh reduction
[2021.04.27-22.45.27:478][  0]LogMeshReduction: Using SimplygonMeshReduction for automatic skeletal mesh reduction
[2021.04.27-22.45.27:478][  0]LogMeshReduction: Using ProxyLODMeshReduction for automatic mesh merging
[2021.04.27-22.45.27:478][  0]LogMeshReduction: No distributed automatic mesh merging module available
[2021.04.27-22.45.27:478][  0]LogMeshMerging: No distributed automatic mesh merging module available
[2021.04.27-22.45.27:571][  0]LogNetVersion: ThirdPersonHorror 1.0.0, NetCL: 13144385, EngineNetVer: 14, GameNetVer: 0 (Checksum: 3669474764)
[2021.04.27-22.45.36:289][  0]LogAISub: UAISubsystem::UAISubsystem AISubsystem (0000029B639D2980), frame # 0
[2021.04.27-22.45.36:289][  0]LogAISub: UAISubsystem::UAISubsystem AIPerceptionSystem (0000029B6385FEC0), frame # 0
[2021.04.27-22.45.36:290][  0]LogAISub: UAISubsystem::UAISubsystem EnvQueryManager (0000029B638C5C00), frame # 0
[2021.04.27-22.45.36:361][  0]LogPackageLocalizationCache: Processed 20 localized package path(s) for 1 prioritized culture(s) in 0.064342 seconds
[2021.04.27-22.45.36:366][  0]LogUObjectArray: 15814 objects as part of root set at end of initial load.
[2021.04.27-22.45.36:366][  0]LogUObjectAllocator: 3939424 out of 0 bytes used by permanent object pool.
[2021.04.27-22.45.36:366][  0]LogUObjectArray: CloseDisregardForGC: 0/0 objects in disregard for GC pool
[2021.04.27-22.45.37:697][  0]LogPython: Using Python 2.7.14
[2021.04.27-22.45.39:606][  0]LogTcpMessaging: Initializing TcpMessaging bridge
[2021.04.27-22.45.39:616][  0]LogUdpMessaging: Initializing bridge on interface 0.0.0.0:0 to multicast group 230.0.0.1:6666.
[2021.04.27-22.45.39:998][  0]SourceControl: Source control is disabled
[2021.04.27-22.45.39:998][  0]SourceControl: Source control is disabled
[2021.04.27-22.45.40:028][  0]SourceControl: Source control is disabled
[2021.04.27-22.45.40:047][  0]SourceControl: Source control is disabled
[2021.04.27-22.45.40:074][  0]SourceControl: Source control is disabled
[2021.04.27-22.45.40:120][  0]LogVSAccessor: Display: Unable to create Visual Studio setup instance: 80040154
[2021.04.27-22.45.40:120][  0]LogVSAccessor: Display: Unable to create Visual Studio setup instance: 80040154
[2021.04.27-22.45.41:377][  0]LogAndroidPermission: UAndroidPermissionCallbackProxy::GetInstance
[2021.04.27-22.45.41:504][  0]LogAudioCaptureCore: Display: No Audio Capture implementations found. Audio input will be silent.
[2021.04.27-22.45.41:504][  0]LogAudioCaptureCore: Display: No Audio Capture implementations found. Audio input will be silent.
[2021.04.27-22.45.41:842][  0]LogOcInput: OculusInput pre-init called
[2021.04.27-22.45.41:891][  0]LogWindows: Failed to load 'OVRPlugin.dll' (GetLastError=126)
[2021.04.27-22.45.41:891][  0]LogWindows: File 'OVRPlugin.dll' does not exist
[2021.04.27-22.45.42:498][  0]LogEngine: Initializing Engine...
[2021.04.27-22.45.42:499][  0]LogMagicLeap: Warning: VR disabled because ZI is not enabled.  To enable, in the editor, Edit -> Project Settings -> Plugins -> Magic Leap Plugin -> Enable Zero Iteration
[2021.04.27-22.45.42:500][  0]LogStats: UGameplayTagsManager::InitializeManager -  0.000 s
[2021.04.27-22.45.42:630][  0]LogInit: Initializing FReadOnlyCVARCache
[2021.04.27-22.45.42:663][  0]LogAIModule: Creating AISystem for world Untitled
[2021.04.27-22.45.42:663][  0]LogAISub: UAISubsystem::UAISubsystem EnvQueryManager (0000029B73927C00), frame # 0
[2021.04.27-22.45.42:663][  0]LogAISub: UAISubsystem::UAISubsystem AIPerceptionSystem (0000029B7297AE80), frame # 0
[2021.04.27-22.45.42:715][  0]LogAudioMixer: Display: Audio Mixer Platform Settings:
[2021.04.27-22.45.42:715][  0]LogAudioMixer: Display: 	Sample Rate:						  48000
[2021.04.27-22.45.42:715][  0]LogAudioMixer: Display: 	Callback Buffer Frame Size Requested: 1024
[2021.04.27-22.45.42:715][  0]LogAudioMixer: Display: 	Callback Buffer Frame Size To Use:	  1024
[2021.04.27-22.45.42:715][  0]LogAudioMixer: Display: 	Number of buffers to queue:			  2
[2021.04.27-22.45.42:715][  0]LogAudioMixer: Display: 	Max Channels (voices):				  32
[2021.04.27-22.45.42:715][  0]LogAudioMixer: Display: 	Number of Async Source Workers:		  0
[2021.04.27-22.45.42:715][  0]LogAudio: Display: AudioDevice MaxSources: 32
[2021.04.27-22.45.42:716][  0]LogAudio: Display: Using built-in audio occlusion.
[2021.04.27-22.45.42:716][  0]LogAudioMixer: Display: Initializing audio mixer.
[2021.04.27-22.45.42:773][  0]LogAudioMixer: Display: 0: FrontLeft
[2021.04.27-22.45.42:773][  0]LogAudioMixer: Display: 1: FrontRight
[2021.04.27-22.45.42:850][  0]LogAudioMixer: Display: Using Audio Device ASUS VP247 (NVIDIA High Definition Audio)
[2021.04.27-22.45.42:852][  0]LogAudioMixer: Display: Initializing Sound Submixes...
[2021.04.27-22.45.42:854][  0]LogAudioMixer: Display: Creating Master Submix 'MasterSubmixDefault'
[2021.04.27-22.45.42:854][  0]LogAudioMixer: Display: Creating Master Submix 'MasterReverbSubmixDefault'
[2021.04.27-22.45.42:855][  0]LogAudioMixer: Display: Creating Master Submix 'MasterEQSubmixDefault'
[2021.04.27-22.45.42:856][  0]LogInit: FAudioDevice initialized.
[2021.04.27-22.45.42:856][  0]LogNetVersion: Set ProjectVersion to 1.0.0.0. Version Checksum will be recalculated on next use.
[2021.04.27-22.45.43:059][  0]LogDerivedDataCache: Saved boot cache 0.20s 75MB C:/Users/cbrad/AppData/Local/UnrealEngine/4.25/DerivedDataCache/Boot.ddc.
[2021.04.27-22.45.43:059][  0]LogInit: Texture streaming: Enabled
[2021.04.27-22.45.43:171][  0]LogEngineSessionManager: EngineSessionManager initialized
[2021.04.27-22.45.43:171][  0]LogEditorSessionSummary: Verbose: Initializing EditorSessionSummaryWriter for editor session tracking
[2021.04.27-22.45.43:172][  0]LogEditorSessionSummary: EditorSessionSummaryWriter initialized
[2021.04.27-22.45.43:434][  0]LogInit: Transaction tracking system initialized
[2021.04.27-22.45.43:644][  0]BlueprintLog: New page: Editor Load
[2021.04.27-22.45.44:139][  0]LocalizationService: Localization service is disabled
[2021.04.27-22.45.45:033][  0]LogVSAccessor: Display: Unable to create Visual Studio setup instance: 80040154
[2021.04.27-22.45.45:033][  0]LogVSAccessor: Display: Unable to create Visual Studio setup instance: 80040154
[2021.04.27-22.45.45:335][  0]LogCook: Display: Max memory allowance for cook 16384mb min free memory 0mb
[2021.04.27-22.45.45:335][  0]LogCook: Display: Mobile HDR setting 1
[2021.04.27-22.45.46:044][  0]LogFileCache: Scanning file cache for directory 'C:/Users/cbrad/OneDrive/Documents/GitHub/ThirdPersonHorror/ThirdPersonHorror/Content/' took 0.01s
[2021.04.27-22.45.47:321][  0]SourceControl: Source control is disabled
[2021.04.27-22.45.47:321][  0]LogUnrealEdMisc: Loading editor; pre map load, took 50.587
[2021.04.27-22.45.47:321][  0]LightingResults: New page: Lighting Build
[2021.04.27-22.45.47:369][  0]LogWorld: UWorld::CleanupWorld for Untitled, bSessionEnded=true, bCleanupResources=true
[2021.04.27-22.45.47:369][  0]LogSlate: InvalidateAllWidgets triggered.  All widgets were invalidated
[2021.04.27-22.45.47:369][  0]MapCheck: New page: Map Check
[2021.04.27-22.45.47:369][  0]LightingResults: New page: Lighting Build
[2021.04.27-22.45.47:379][  0]LogAISub: UAISubsystem::~UAISubsystem EnvQueryManager (0000029B73927C00), frame # 0
[2021.04.27-22.45.47:379][  0]LogAISub: UAISubsystem::~UAISubsystem AIPerceptionSystem (0000029B7297AE80), frame # 0
[2021.04.27-22.45.47:380][  0]LogUObjectHash: Compacting FUObjectHashTables data took   0.65ms
[2021.04.27-22.45.49:366][  0]LogBlueprint: Warning: [Compiler Ue4ASP_Character] InputAction Event references unknown Action 'Crouch' for  InputAction Crouch
[2021.04.27-22.45.49:745][  0]LogLinker: Warning: Asset '../../../../../../Users/cbrad/OneDrive/Documents/GitHub/ThirdPersonHorror/ThirdPersonHorror/Content/MSPresets/MSTextures/Albedo.uasset' has been saved with empty engine version. The asset will be loaded but may be incompatible.
[2021.04.27-22.45.57:949][  0]LogAIModule: Creating AISystem for world ThirdPersonExampleMap
[2021.04.27-22.45.57:949][  0]LogAISub: UAISubsystem::UAISubsystem EnvQueryManager (0000029B59960E00), frame # 0
[2021.04.27-22.45.57:949][  0]LogAISub: UAISubsystem::UAISubsystem AIPerceptionSystem (0000029B59A00E00), frame # 0
[2021.04.27-22.45.58:247][  0]LogEditorServer: Finished looking for orphan Actors (0.000 secs)
[2021.04.27-22.45.58:277][  0]LogUObjectHash: Compacting FUObjectHashTables data took   1.24ms
[2021.04.27-22.45.58:278][  0]Cmd: MAP CHECKDEP NOCLEARLOG
[2021.04.27-22.45.58:278][  0]MapCheck: Map check complete: 0 Error(s), 0 Warning(s), took 0.171ms to complete.
[2021.04.27-22.45.58:278][  0]LogFileHelpers: Loading map 'ThirdPersonExampleMap' took 10.958
[2021.04.27-22.45.58:280][  0]LogUnrealEdMisc: Total Editor Startup Time, took 61.546
[2021.04.27-22.45.58:437][  0]LogSlate: Updating window title bar state: overlay mode, drag disabled, window buttons hidden, title bar hidden
[2021.04.27-22.45.58:444][  0]LogSlate: Updating window title bar state: overlay mode, drag disabled, window buttons hidden, title bar hidden
[2021.04.27-22.45.58:452][  0]LogSlate: Updating window title bar state: overlay mode, drag disabled, window buttons hidden, title bar hidden
[2021.04.27-22.45.58:459][  0]LogSlate: Updating window title bar state: overlay mode, drag disabled, window buttons hidden, title bar hidden
[2021.04.27-22.45.58:506][  0]LogCollectionManager: Loaded 0 collections in 0.002084 seconds
[2021.04.27-22.45.58:568][  0]LogFileCache: Scanning file cache for directory 'C:/Users/cbrad/OneDrive/Documents/GitHub/ThirdPersonHorror/ThirdPersonHorror/Saved/Collections/' took 0.00s
[2021.04.27-22.45.58:568][  0]LogFileCache: Scanning file cache for directory 'C:/Users/cbrad/OneDrive/Documents/GitHub/ThirdPersonHorror/ThirdPersonHorror/Content/Developers/cbrad/Collections/' took 0.00s
[2021.04.27-22.45.58:568][  0]LogFileCache: Scanning file cache for directory 'C:/Users/cbrad/OneDrive/Documents/GitHub/ThirdPersonHorror/ThirdPersonHorror/Content/Collections/' took 0.00s
[2021.04.27-22.45.58:568][  0]LogContentBrowser: Native class hierarchy populated in 0.0090 seconds. Added 3438 classes and 821 folders.
[2021.04.27-22.45.58:593][  0]LogContentBrowser: Native class hierarchy updated for 'WidgetCarousel' in 0.0003 seconds. Added 0 classes and 0 folders.
[2021.04.27-22.45.59:556][  0]LogContentBrowser: Native class hierarchy updated for 'AddContentDialog' in 0.0003 seconds. Added 0 classes and 0 folders.
[2021.04.27-22.45.59:557][  0]LogContentBrowser: Native class hierarchy updated for 'SceneOutliner' in 0.0002 seconds. Added 2 classes and 0 folders.
[2021.04.27-22.45.59:732][  0]LogSlate: Took 0.014575 seconds to synchronously load lazily loaded font '../../../Engine/Content/Slate/Fonts/Roboto-Regular.ttf' (155K)
[2021.04.27-22.45.59:747][  0]LogSlate: Took 0.014225 seconds to synchronously load lazily loaded font '../../../Engine/Content/Slate/Fonts/Roboto-Bold.ttf' (160K)
[2021.04.27-22.45.59:763][  0]LogSlate: Took 0.012109 seconds to synchronously load lazily loaded font '../../../Engine/Content/Editor/Slate/Fonts/FontAwesome.ttf' (139K)
[2021.04.27-22.45.59:837][  0]LogRenderer: Reallocating scene render targets to support 1264x580 Format 10 NumSamples 1 (Frame:1).
[2021.04.27-22.45.59:939][  0]LogContentBrowser: Native class hierarchy updated for 'HierarchicalLODOutliner' in 0.0003 seconds. Added 0 classes and 0 folders.
[2021.04.27-22.45.59:939][  0]LogLoad: (Engine Initialization) Total time: 63.20 seconds
[2021.04.27-22.45.59:939][  0]LogLoad: (Engine Initialization) Total Blueprint compile time: 0.00 seconds
[2021.04.27-22.45.59:990][  0]LogAssetRegistry: Asset discovery search completed in 33.2574 seconds
[2021.04.27-22.46.00:021][  0]LogCollectionManager: Fixed up redirectors for 0 collections in 0.000003 seconds (updated 0 objects)
[2021.04.27-22.46.00:033][  0]LogContentStreaming: Texture pool size now 1000 MB
[2021.04.27-22.46.00:115][  0]LogSlate: Took 0.009198 seconds to synchronously load lazily loaded font '../../../Engine/Content/Slate/Fonts/Roboto-Light.ttf' (167K)
[2021.04.27-22.46.10:756][208]LogTemp: Repeating last play command: New Editor Window (PIE)
[2021.04.27-22.46.10:899][208]LogPlayLevel: PlayLevel: No blueprints needed recompiling
[2021.04.27-22.46.10:925][208]PIE: New page: PIE session: ThirdPersonExampleMap (Apr 27, 2021, 2:46:10 PM)
[2021.04.27-22.46.11:005][208]LogOnline: OSS: Creating online subsystem instance for: NULL
[2021.04.27-22.46.11:020][208]LogOnline: OSS: TryLoadSubsystemAndSetDefault: Loaded subsystem for module [NULL]
[2021.04.27-22.46.11:044][208]LogPlayLevel: Creating play world package: /Game/ThirdPersonBP/Maps/UEDPIE_0_ThirdPersonExampleMap
[2021.04.27-22.46.11:095][208]LogPlayLevel: PIE: StaticDuplicateObject took: (0.051404s)
[2021.04.27-22.46.11:096][208]LogAIModule: Creating AISystem for world ThirdPersonExampleMap
[2021.04.27-22.46.11:097][208]LogAISub: UAISubsystem::UAISubsystem EnvQueryManager (0000029B1367FE00), frame # 1208
[2021.04.27-22.46.11:097][208]LogAISub: UAISubsystem::UAISubsystem AIPerceptionSystem (0000029B59923240), frame # 1208
[2021.04.27-22.46.11:097][208]LogPlayLevel: PIE: World Init took: (0.001735s)
[2021.04.27-22.46.11:097][208]LogPlayLevel: PIE: Created PIE world by copying editor world from /Game/ThirdPersonBP/Maps/ThirdPersonExampleMap.ThirdPersonExampleMap to /Game/ThirdPersonBP/Maps/UEDPIE_0_ThirdPersonExampleMap.ThirdPersonExampleMap (0.053795s)
[2021.04.27-22.46.11:112][208]LogUObjectHash: Compacting FUObjectHashTables data took   0.89ms
[2021.04.27-22.46.11:114][208]LogAudioMixer: Display: Audio Mixer Platform Settings:
[2021.04.27-22.46.11:115][208]LogAudioMixer: Display: 	Sample Rate:						  48000
[2021.04.27-22.46.11:115][208]LogAudioMixer: Display: 	Callback Buffer Frame Size Requested: 1024
[2021.04.27-22.46.11:115][208]LogAudioMixer: Display: 	Callback Buffer Frame Size To Use:	  1024
[2021.04.27-22.46.11:115][208]LogAudioMixer: Display: 	Number of buffers to queue:			  2
[2021.04.27-22.46.11:115][208]LogAudioMixer: Display: 	Max Channels (voices):				  32
[2021.04.27-22.46.11:115][208]LogAudioMixer: Display: 	Number of Async Source Workers:		  0
[2021.04.27-22.46.11:115][208]LogAudio: Display: AudioDevice MaxSources: 32
[2021.04.27-22.46.11:115][208]LogAudio: Display: Using built-in audio occlusion.
[2021.04.27-22.46.11:115][208]LogAudioMixer: Display: Initializing audio mixer.
[2021.04.27-22.46.11:120][208]LogAudioMixer: Display: 0: FrontLeft
[2021.04.27-22.46.11:120][208]LogAudioMixer: Display: 1: FrontRight
[2021.04.27-22.46.11:137][208]LogAudioMixer: Display: Using Audio Device ASUS VP247 (NVIDIA High Definition Audio)
[2021.04.27-22.46.11:137][208]LogAudioMixer: Display: Initializing Sound Submixes...
[2021.04.27-22.46.11:137][208]LogAudioMixer: Display: Creating Master Submix 'MasterSubmixDefault'
[2021.04.27-22.46.11:137][208]LogAudioMixer: Display: Creating Master Submix 'MasterReverbSubmixDefault'
[2021.04.27-22.46.11:137][208]LogAudioMixer: Display: Creating Master Submix 'MasterEQSubmixDefault'
[2021.04.27-22.46.11:151][208]LogInit: FAudioDevice initialized.
[2021.04.27-22.46.11:203][208]LogSlate: Updating window title bar state: overlay mode, drag disabled, window buttons hidden, title bar hidden
[2021.04.27-22.46.11:255][208]LogLoad: Game class is 'ThirdPersonGameMode_C'
[2021.04.27-22.46.11:411][208]LogWorld: Bringing World /Game/ThirdPersonBP/Maps/UEDPIE_0_ThirdPersonExampleMap.ThirdPersonExampleMap up for play (max tick rate 0) at 2021.04.27-18.46.11
[2021.04.27-22.46.11:560][208]LogWorld: Bringing up level for play took: 0.157299
[2021.04.27-22.46.11:561][208]LogOnline: OSS: Creating online subsystem instance for: :Context_1
[2021.04.27-22.46.11:608][208]LogContentBrowser: Native class hierarchy updated for 'MovieSceneCapture' in 0.0005 seconds. Added 20 classes and 0 folders.
[2021.04.27-22.46.11:822][208]PIE: Server logged in
[2021.04.27-22.46.11:832][208]PIE: Play in editor total start time 1.045 seconds.
[2021.04.27-22.46.12:069][209]LogRenderer: Reallocating scene render targets to support 1280x720 Format 10 NumSamples 1 (Frame:1).
[2021.04.27-22.46.12:699][261]LogBlueprintUserMessages: Warning: PauseTimer passed a bad function (Fire Gun) or object (None)
[2021.04.27-22.46.20:966][228]LogSlate: Updating window title bar state: overlay mode, drag disabled, window buttons hidden, title bar hidden
[2021.04.27-22.46.20:966][228]LogWorld: BeginTearingDown for /Game/ThirdPersonBP/Maps/UEDPIE_0_ThirdPersonExampleMap
[2021.04.27-22.46.20:966][228]LogSlate: Window 'ThirdPersonHorror Preview [NetMode: Standalone] (64-bit/Windows) ' being destroyed
[2021.04.27-22.46.20:972][228]LogWorld: UWorld::CleanupWorld for ThirdPersonExampleMap, bSessionEnded=true, bCleanupResources=true
[2021.04.27-22.46.20:974][228]LogSlate: InvalidateAllWidgets triggered.  All widgets were invalidated
[2021.04.27-22.46.20:981][228]LogPlayLevel: Display: Shutting down PIE online subsystems
[2021.04.27-22.46.20:983][228]LogSlate: InvalidateAllWidgets triggered.  All widgets were invalidated
[2021.04.27-22.46.21:034][228]LogAISub: UAISubsystem::~UAISubsystem AIPerceptionSystem (0000029B59923240), frame # 2228
[2021.04.27-22.46.21:034][228]LogAISub: UAISubsystem::~UAISubsystem EnvQueryManager (0000029B1367FE00), frame # 2228
[2021.04.27-22.46.21:035][228]LogUObjectHash: Compacting FUObjectHashTables data took   0.73ms
[2021.04.27-22.46.21:074][229]LogPlayLevel: Display: Destroying online subsystem :Context_1
[2021.04.27-22.46.31:192][376]LogSlate: Took 0.000155 seconds to synchronously load lazily loaded font '../../../Engine/Content/Slate/Fonts/Roboto-Light.ttf' (167K)
[2021.04.27-22.46.34:711][376]LogAssetEditorSubsystem: Opening Asset editor for World /Game/Maps/FinalPrison.FinalPrison
[2021.04.27-22.46.34:744][376]LogUObjectHash: Compacting FUObjectHashTables data took   1.18ms
[2021.04.27-22.46.34:746][376]Cmd: MAP LOAD FILE="../../../../../../Users/cbrad/OneDrive/Documents/GitHub/ThirdPersonHorror/ThirdPersonHorror/Content/Maps/FinalPrison.umap" TEMPLATE=0 SHOWPROGRESS=1 FEATURELEVEL=3
[2021.04.27-22.46.34:746][376]LightingResults: New page: Lighting Build
[2021.04.27-22.46.34:746][376]LoadErrors: New page: Loading map: FinalPrison.umap
[2021.04.27-22.46.34:794][376]LogWorld: UWorld::CleanupWorld for ThirdPersonExampleMap, bSessionEnded=true, bCleanupResources=true
[2021.04.27-22.46.34:795][376]LogSlate: InvalidateAllWidgets triggered.  All widgets were invalidated
[2021.04.27-22.46.34:795][376]MapCheck: New page: Map Check
[2021.04.27-22.46.34:795][376]LightingResults: New page: Lighting Build
[2021.04.27-22.46.34:810][376]LogAISub: UAISubsystem::~UAISubsystem EnvQueryManager (0000029B59960E00), frame # 3376
[2021.04.27-22.46.34:810][376]LogAISub: UAISubsystem::~UAISubsystem AIPerceptionSystem (0000029B59A00E00), frame # 3376
[2021.04.27-22.46.34:811][376]LogUObjectHash: Compacting FUObjectHashTables data took   1.07ms
[2021.04.27-22.46.36:230][376]LogEditorServer: Finished looking for orphan Actors (0.000 secs)
[2021.04.27-22.46.36:230][376]LogAIModule: Creating AISystem for world FinalPrison
[2021.04.27-22.46.36:230][376]LogAISub: UAISubsystem::UAISubsystem EnvQueryManager (0000029B853B2A00), frame # 3376
[2021.04.27-22.46.36:230][376]LogAISub: UAISubsystem::UAISubsystem AIPerceptionSystem (0000029B15F00F40), frame # 3376
[2021.04.27-22.46.36:288][376]LogNavigationDataBuild: Display:    Building NavData:  Name Default class /Script/NavigationSystem.RecastNavMesh agent radius 35.0.
[2021.04.27-22.46.36:325][376]LogUObjectHash: Compacting FUObjectHashTables data took   0.93ms
[2021.04.27-22.46.36:362][376]Cmd: MAP CHECKDEP NOCLEARLOG
[2021.04.27-22.46.36:362][376]MapCheck: Map check complete: 0 Error(s), 0 Warning(s), took 0.151ms to complete.
[2021.04.27-22.46.36:362][376]LogFileHelpers: Loading map 'FinalPrison' took 1.616
[2021.04.27-22.46.42:464][951]LogUObjectHash: Compacting FUObjectHashTables data took   0.33ms
[2021.04.27-22.46.42:967][951]LogSavePackage: Moving '../../../../../../Users/cbrad/OneDrive/Documents/GitHub/ThirdPersonHorror/ThirdPersonHorror/Saved/FinalPrisonCD4D4BD8461E2E531AFECCAEA0F9C439.tmp' to '../../../../../../Users/cbrad/OneDrive/Documents/GitHub/ThirdPersonHorror/ThirdPersonHorror/Content/Maps/FinalPrison.umap'
[2021.04.27-22.46.43:142][951]LogSavePackage: Moving '../../../../../../Users/cbrad/OneDrive/Documents/GitHub/ThirdPersonHorror/ThirdPersonHorror/Saved/FinalPrison_BuiltDataB68F01284C99DE9F1A431A97F96DB7E2.tmp' to '../../../../../../Users/cbrad/OneDrive/Documents/GitHub/ThirdPersonHorror/ThirdPersonHorror/Content/Maps/FinalPrison_BuiltData.uasset'
[2021.04.27-22.46.43:153][951]AssetCheck: New page: Asset Save: multiple assets
[2021.04.27-22.46.43:153][951]LogContentValidation: Display: Validating World /Game/Maps/FinalPrison.FinalPrison
[2021.04.27-22.46.43:153][951]LogContentValidation: Display: Validating MapBuildDataRegistry /Game/Maps/FinalPrison_BuiltData.FinalPrison_BuiltData
[2021.04.27-22.46.43:500][992]LogTemp: Repeating last play command: New Editor Window (PIE)
[2021.04.27-22.46.43:520][992]LogPlayLevel: PlayLevel: No blueprints needed recompiling
[2021.04.27-22.46.43:521][992]PIE: New page: PIE session: FinalPrison (Apr 27, 2021, 2:46:43 PM)
[2021.04.27-22.46.43:521][992]LogPlayLevel: Creating play world package: /Game/Maps/UEDPIE_0_FinalPrison
[2021.04.27-22.46.43:573][992]LogPlayLevel: PIE: StaticDuplicateObject took: (0.052320s)
[2021.04.27-22.46.43:574][992]LogAIModule: Creating AISystem for world FinalPrison
[2021.04.27-22.46.43:574][992]LogAISub: UAISubsystem::UAISubsystem EnvQueryManager (0000029B1218D000), frame # 3992
[2021.04.27-22.46.43:574][992]LogAISub: UAISubsystem::UAISubsystem AIPerceptionSystem (0000029B21268A40), frame # 3992
[2021.04.27-22.46.43:574][992]LogPlayLevel: PIE: World Init took: (0.001027s)
[2021.04.27-22.46.43:574][992]LogPlayLevel: PIE: Created PIE world by copying editor world from /Game/Maps/FinalPrison.FinalPrison to /Game/Maps/UEDPIE_0_FinalPrison.FinalPrison (0.053519s)
[2021.04.27-22.46.43:584][992]LogUObjectHash: Compacting FUObjectHashTables data took   0.75ms
[2021.04.27-22.46.43:586][992]LogAudioMixer: Display: Audio Mixer Platform Settings:
[2021.04.27-22.46.43:586][992]LogAudioMixer: Display: 	Sample Rate:						  48000
[2021.04.27-22.46.43:586][992]LogAudioMixer: Display: 	Callback Buffer Frame Size Requested: 1024
[2021.04.27-22.46.43:586][992]LogAudioMixer: Display: 	Callback Buffer Frame Size To Use:	  1024
[2021.04.27-22.46.43:586][992]LogAudioMixer: Display: 	Number of buffers to queue:			  2
[2021.04.27-22.46.43:586][992]LogAudioMixer: Display: 	Max Channels (voices):				  32
[2021.04.27-22.46.43:586][992]LogAudioMixer: Display: 	Number of Async Source Workers:		  0
[2021.04.27-22.46.43:586][992]LogAudio: Display: AudioDevice MaxSources: 32
[2021.04.27-22.46.43:586][992]LogAudio: Display: Using built-in audio occlusion.
[2021.04.27-22.46.43:586][992]LogAudioMixer: Display: Initializing audio mixer.
[2021.04.27-22.46.43:591][992]LogAudioMixer: Display: 0: FrontLeft
[2021.04.27-22.46.43:591][992]LogAudioMixer: Display: 1: FrontRight
[2021.04.27-22.46.43:608][992]LogAudioMixer: Display: Using Audio Device ASUS VP247 (NVIDIA High Definition Audio)
[2021.04.27-22.46.43:608][992]LogAudioMixer: Display: Initializing Sound Submixes...
[2021.04.27-22.46.43:608][992]LogAudioMixer: Display: Creating Master Submix 'MasterSubmixDefault'
[2021.04.27-22.46.43:608][992]LogAudioMixer: Display: Creating Master Submix 'MasterReverbSubmixDefault'
[2021.04.27-22.46.43:608][992]LogAudioMixer: Display: Creating Master Submix 'MasterEQSubmixDefault'
[2021.04.27-22.46.43:622][992]LogInit: FAudioDevice initialized.
[2021.04.27-22.46.43:663][992]LogSlate: Updating window title bar state: overlay mode, drag disabled, window buttons hidden, title bar hidden
[2021.04.27-22.46.43:663][992]LogLoad: Game class is 'ThirdPersonGameMode_C'
[2021.04.27-22.46.43:694][992]LogWorld: Bringing World /Game/Maps/UEDPIE_0_FinalPrison.FinalPrison up for play (max tick rate 0) at 2021.04.27-18.46.43
[2021.04.27-22.46.43:694][992]LogWorld: Bringing up level for play took: 0.029925
[2021.04.27-22.46.43:750][992]LogOnline: OSS: Creating online subsystem instance for: :Context_2
[2021.04.27-22.46.43:863][992]PIE: Server logged in
[2021.04.27-22.46.43:864][992]PIE: Play in editor total start time 0.344 seconds.
[2021.04.27-22.46.44:413][  5]LogBlueprintUserMessages: Warning: PauseTimer passed a bad function (Fire Gun) or object (None)
[2021.04.27-22.46.59:748][ 52]LogSlate: Updating window title bar state: overlay mode, drag disabled, window buttons hidden, title bar hidden
[2021.04.27-22.46.59:748][ 52]LogWorld: BeginTearingDown for /Game/Maps/UEDPIE_0_FinalPrison
[2021.04.27-22.46.59:749][ 52]LogSlate: Window 'ThirdPersonHorror Preview [NetMode: Standalone] (64-bit/Windows) ' being destroyed
[2021.04.27-22.46.59:753][ 52]LogWorld: UWorld::CleanupWorld for FinalPrison, bSessionEnded=true, bCleanupResources=true
[2021.04.27-22.46.59:766][ 52]LogSlate: InvalidateAllWidgets triggered.  All widgets were invalidated
[2021.04.27-22.46.59:774][ 52]LogPlayLevel: Display: Shutting down PIE online subsystems
[2021.04.27-22.46.59:776][ 52]LogSlate: InvalidateAllWidgets triggered.  All widgets were invalidated
[2021.04.27-22.46.59:808][ 52]LogAISub: UAISubsystem::~UAISubsystem AIPerceptionSystem (0000029B21268A40), frame # 5052
[2021.04.27-22.46.59:808][ 52]LogAISub: UAISubsystem::~UAISubsystem EnvQueryManager (0000029B1218D000), frame # 5052
[2021.04.27-22.46.59:811][ 52]LogUObjectHash: Compacting FUObjectHashTables data took   0.97ms
[2021.04.27-22.46.59:851][ 53]LogPlayLevel: Display: Destroying online subsystem :Context_2
[2021.04.27-22.47.13:870][643]LogMaterial: Display: Missing cached shader map for material Decal_MasterMaterial, compiling. 
[2021.04.27-22.47.20:470][643]LogShaderCompilers: Display: Worker (1/3): shaders left to compile 93
[2021.04.27-22.47.21:025][643]LogShaderCompilers: Display: Worker (2/3): shaders left to compile 83
[2021.04.27-22.47.21:032][643]LogShaderCompilers: Display: Worker (3/3): shaders left to compile 73
[2021.04.27-22.47.21:035][643]LogTexture: Display: Building textures: sgekfhvp_8K_Opacity (AutoDXT, 8192X8192)
[2021.04.27-22.47.21:035][643]LogTexture: Display: Building textures: sgekfhvp_8K_Normal (BC5, 8192X8192)
[2021.04.27-22.47.21:035][643]LogAudioMixer: Display: Audio Buffer Underrun detected.
[2021.04.27-22.47.21:047][643]LogAudioMixer: Display: Audio Buffer Underrun detected.
[2021.04.27-22.47.21:105][643]LogAudioMixer: Display: Audio Buffer Underrun detected.
[2021.04.27-22.47.21:106][643]LogAudioMixer: Display: Audio Buffer Underrun detected.
[2021.04.27-22.47.21:106][643]LogTexture: Display: Building textures: sgekfhvp_8K_Albedo (AutoDXT, 8192X8192)
